#separator \x09
#set_separator	,
#empty_field	(empty)
#unset_field	-
#path	shuf_tranco000_tls12_2024_01_30_12h40
#open	2025-01-28-21-49-42
#fields	tls_packet_lengths_record
#types	vector[count]
197,10,72,6,2
197,10,72,6,2
197,10,72,6,2
182,10,78,7,2
184,10,78,7,2
188,10,74,6,2
178,10,87,3,2
179,10,74,6,2
179,10,74,6,2
184,10,104,6,2
188,10,76,7,2
181,10,87,3,2
183,10,74,6,2
182,10,80,6,2
187,10,76,7,2
181,10,98,4,2
181,10,76,7,2
185,10,76,7,2
187,10,82,7,2
189,10,76,7,2
200,10,82,7,2
189,10,76,7,2
187,10,68,5,2
202,10,68,5,2
202,10,68,5,2
187,10,68,5,2
183,10,76,7,2
200,10,99,6,2
200,10,99,6,2
200,10,99,6,2
200,10,99,6,2
200,10,99,6,2
196,10,104,6,2
196,10,76,7,2
196,10,76,7,2
196,10,76,7,2
196,10,76,7,2
187,10,76,7,2
187,10,76,7,2
187,10,76,7,2
187,10,76,7,2
187,10,82,7,2
187,10,82,7,2
508,11,102,4,2
187,10,82,7,2
187,10,82,7,2
187,10,82,7,2
191,10,76,7,2
191,10,76,7,2
191,10,76,7,2
191,10,76,7,2
191,10,76,7,2
191,10,76,7,2
191,10,76,7,2
192,10,108,7,2
189,10,76,7,2
183,10,74,6,2
183,10,74,6,2
187,10,74,6,2
188,10,74,6,2
186,10,74,6,2
186,10,74,6,2
189,10,74,6,2
186,10,74,6,2
186,10,74,6,2
185,10,59,4,2
186,10,74,6,2
184,10,74,6,2
184,10,74,6,2
185,10,59,4,2
185,10,74,6,2
188,10,74,6,2
188,10,74,6,2
188,10,74,6,2
187,10,74,6,2
185,10,74,6,2
184,10,74,6,2
184,10,74,6,2
184,10,74,6,2
184,10,74,6,2
184,10,74,6,2
184,10,74,6,2
185,10,74,6,2
185,10,74,6,2
185,10,74,6,2
185,10,74,6,2
185,10,74,6,2
185,10,74,6,2
187,10,80,6,2
187,10,80,6,2
187,10,80,6,2
187,10,80,6,2
187,10,80,6,2
188,10,74,6,2
183,10,97,3,2
194,10,108,7,2
182,10,76,7,2
187,10,74,6,2
191,10,76,7,2
196,10,68,5,2
182,10,92,2,2
182,10,92,2,2
187,10,76,7,2
189,10,76,7,2
194,10,76,7,2
186,10,68,5,2
189,10,76,7,2
190,10,76,7,2
190,10,76,7,2
189,10,76,7,2
188,10,76,7,2
191,10,76,7,2
187,10,76,7,2
187,10,68,5,2
210,10,76,7,2
210,10,76,7,2
188,10,76,7,2
188,10,76,7,2
196,10,76,7,2
196,10,76,7,2
184,10,104,6,2
184,10,104,6,2
196,10,68,5,2
196,10,68,5,2
176,10,68,5,2
193,10,68,5,2
199,10,68,5,2
194,10,76,7,2
186,10,74,6,2
186,10,74,6,2
184,10,74,6,2
184,10,74,6,2
184,10,74,6,2
184,10,74,6,2
186,10,74,6,2
186,10,74,6,2
184,10,74,6,2
184,10,74,6,2
184,10,74,6,2
184,10,74,6,2
185,10,68,5,2
195,10,68,5,2
200,10,68,5,2
186,10,68,5,2
191,10,98,5,2
186,10,76,7,2
191,10,98,5,2
182,10,76,7,2
182,10,80,6,2
185,10,74,6,2
186,10,76,7,2
186,10,76,7,2
190,10,76,7,2
190,10,76,7,2
191,10,74,6,2
186,10,104,6,2
189,10,76,7,2
189,10,76,7,2
190,10,95,5,2
194,10,68,5,2
196,10,76,7,2
196,10,76,7,2
207,10,104,6,2
189,10,68,5,2
183,10,102,5,2
196,10,68,5,2
188,10,108,7,2
188,10,108,7,2
199,10,68,5,2
188,10,108,7,2
188,10,108,7,2
186,10,68,5,2
185,10,68,5,2
192,10,104,6,2
185,10,80,6,2
192,10,98,4,2
191,10,98,4,2
191,10,98,4,2
188,10,68,5,2
193,10,74,6,2
201,10,76,7,2
196,10,68,5,2
196,10,68,5,2
188,10,76,7,2
192,10,98,4,2
196,10,68,5,2
196,10,68,5,2
192,10,80,6,2
183,10,85,2,2
213,10,108,7,2
189,10,76,7,2
213,10,108,7,2
189,10,76,7,2
189,10,76,7,2
189,10,76,7,2
213,10,108,7,2
189,10,76,7,2
213,10,108,7,2
213,10,108,7,2
213,10,108,7,2
213,10,108,7,2
213,10,108,7,2
189,10,76,7,2
213,10,108,7,2
213,10,108,7,2
189,10,76,7,2
189,10,76,7,2
189,10,76,7,2
189,10,76,7,2
213,10,108,7,2
213,10,108,7,2
196,10,74,6,2
196,10,74,6,2
184,10,98,5,2
186,10,74,6,2
196,10,74,6,2
196,10,74,6,2
184,10,98,5,2
186,10,74,6,2
187,10,104,6,2
187,10,104,6,2
188,10,68,5,2
191,10,98,5,2
191,10,98,5,2
192,10,76,7,2
195,10,108,7,2
180,10,76,7,2
184,10,76,7,2
183,10,104,6,2
196,10,76,7,2
189,10,76,7,2
189,10,76,7,2
196,10,76,7,2
189,10,76,7,2
189,10,76,7,2
196,10,76,7,2
196,10,76,7,2
196,10,76,7,2
188,10,76,7,2
188,10,76,7,2
192,10,76,7,2
192,10,76,7,2
189,10,68,5,2
189,10,68,5,2
189,10,68,5,2
192,10,68,5,2
189,10,68,5,2
189,10,68,5,2
196,10,76,7,2
196,10,68,5,2
196,10,76,7,2
192,10,108,7,2
197,10,76,7,2
225,10,76,7,2
225,10,76,7,2
197,10,108,7,2
195,10,108,7,2
197,10,108,7,2
184,10,87,3,2
185,10,68,5,2
189,10,68,5,2
189,10,68,5,2
187,10,68,5,2
187,10,68,5,2
187,10,68,5,2
187,10,68,5,2
178,10,104,6,2
191,10,76,7,2
191,10,76,7,2
183,10,94,4,2
181,10,68,5,2
185,10,68,5,2
187,10,80,6,2
191,10,74,6,2
189,10,74,6,2
189,10,74,6,2
193,10,74,6,2
195,10,74,6,2
189,10,74,6,2
191,10,74,6,2
193,10,68,5,2
187,10,74,6,2
196,10,68,5,2
187,10,80,6,2
196,10,108,7,2
190,10,74,6,2
200,10,68,5,2
190,10,74,6,2
190,10,74,6,2
197,10,74,6,2
197,10,74,6,2
196,10,68,5,2
188,10,102,6,2
192,10,74,6,2
189,10,74,6,2
215,10,74,6,2
200,10,74,6,2
190,10,80,6,2
195,10,106,6,2
182,10,106,6,2
203,10,80,6,2
203,10,80,6,2
203,10,80,6,2
189,10,74,6,2
189,10,74,6,2
182,10,106,6,2
182,10,106,6,2
192,10,106,6,2
191,10,74,6,2
189,10,94,4,2
186,10,74,6,2
205,10,94,4,2
205,10,94,4,2
205,10,94,4,2
185,10,74,6,2
195,10,78,7,2
187,10,102,5,2
198,10,76,7,2
191,10,68,5,2
192,10,68,5,2
189,10,68,5,2
196,10,68,5,2
203,10,108,7,2
203,10,108,7,2
203,10,108,7,2
203,10,108,7,2
201,10,108,7,2
196,10,108,7,2
196,10,108,7,2
196,10,108,7,2
196,10,108,7,2
200,10,68,5,2
195,10,68,5,2
196,10,104,6,2
192,10,76,7,2
192,10,76,7,2
194,10,76,7,2
196,10,68,5,2
186,10,68,5,2
200,10,68,5,2
195,10,68,5,2
196,10,104,6,2
194,10,76,7,2
191,10,104,6,2
192,10,76,7,2
192,10,76,7,2
196,10,68,5,2
186,10,68,5,2
188,10,80,6,2
191,10,104,6,2
188,10,80,6,2
181,10,55,3,2
181,10,55,3,2
185,10,76,7,2
193,10,76,7,2
189,10,76,7,2
190,10,76,7,2
190,10,76,7,2
190,10,76,7,2
190,10,76,7,2
190,10,76,7,2
190,10,76,7,2
190,10,76,7,2
190,10,76,7,2
190,10,76,7,2
201,10,76,7,2
190,10,76,7,2
190,10,76,7,2
190,10,76,7,2
196,10,68,5,2
185,10,76,7,2
202,10,68,5,2
183,10,76,7,2
191,10,74,6,2
188,10,68,5,2
189,10,76,7,2
196,10,76,7,2
181,10,76,7,2
200,10,68,5,2
179,10,87,3,2
183,10,74,6,2
193,10,76,7,2
188,10,74,6,2
188,10,74,6,2
186,10,104,6,2
186,10,104,6,2
187,10,80,6,2
188,10,74,6,2
191,10,68,5,2
200,10,68,5,2
194,10,68,5,2
198,10,74,6,2
196,10,102,5,2
183,10,74,6,2
189,10,80,6,2
189,10,80,6,2
190,10,80,6,2
207,10,80,6,2
207,10,80,6,2
183,10,61,4,2
193,10,102,6,2
241,10,80,6,2
508,11,92,2,2
182,10,76,7,2
188,10,76,7,2
188,10,76,7,2
187,10,76,7,2
187,10,76,7,2
187,10,76,7,2
187,10,76,7,2
193,10,76,7,2
193,10,76,7,2
193,10,76,7,2
193,10,76,7,2
193,10,76,7,2
201,10,76,7,2
193,10,76,7,2
196,10,68,5,2
191,10,68,5,2
185,10,108,7,2
181,10,76,7,2
185,10,76,7,2
188,10,74,6,2
188,10,74,6,2
188,10,74,6,2
188,10,74,6,2
188,10,74,6,2
195,10,74,6,2
188,10,74,6,2
195,10,74,6,2
195,10,74,6,2
195,10,74,6,2
195,10,74,6,2
195,10,74,6,2
195,10,74,6,2
190,10,74,6,2
191,10,74,6,2
183,10,76,7,2
197,10,99,6,2
197,10,99,6,2
195,10,74,6,2
195,10,74,6,2
195,10,74,6,2
195,10,74,6,2
195,10,74,6,2
195,10,74,6,2
195,10,74,6,2
195,10,74,6,2
195,10,74,6,2
192,10,74,6,2
192,10,74,6,2
192,10,74,6,2
204,10,74,6,2
195,10,74,6,2
189,10,74,6,2
189,10,74,6,2
189,10,74,6,2
187,10,74,6,2
189,10,74,6,2
187,10,74,6,2
187,10,74,6,2
187,10,74,6,2
187,10,74,6,2
187,10,74,6,2
197,10,99,6,2
190,10,74,6,2
508,11,91,4,2
508,11,91,4,2
197,10,99,6,2
197,10,99,6,2
197,10,99,6,2
197,10,99,6,2
199,10,99,6,2
188,10,74,6,2
185,10,80,6,2
185,10,80,6,2
185,10,80,6,2
185,10,80,6,2
185,10,80,6,2
185,10,80,6,2
185,10,80,6,2
185,10,80,6,2
185,10,80,6,2
185,10,80,6,2
508,11,96,3,2
508,11,96,3,2
184,10,93,4,2
182,10,76,7,2
186,10,76,7,2
190,10,76,7,2
187,10,76,7,2
198,10,76,7,2
198,10,76,7,2
192,10,68,5,2
189,10,68,5,2
189,10,68,5,2
189,10,68,5,2
189,10,68,5,2
192,10,76,7,2
192,10,76,7,2
192,10,76,7,2
192,10,76,7,2
192,10,76,7,2
192,10,76,7,2
192,10,76,7,2
192,10,76,7,2
189,10,76,7,2
193,10,76,7,2
198,10,76,7,2
198,10,76,7,2
198,10,76,7,2
198,10,76,7,2
198,10,76,7,2
187,10,76,7,2
196,10,76,7,2
196,10,76,7,2
196,10,76,7,2
202,10,68,5,2
195,10,108,7,2
195,10,108,7,2
188,10,76,7,2
188,10,76,7,2
186,10,104,6,2
187,10,76,7,2
187,10,76,7,2
194,10,68,5,2
227,10,76,7,2
227,10,76,7,2
196,10,68,5,2
196,10,108,7,2
193,10,76,7,2
194,10,104,6,2
190,10,95,5,2
192,10,108,7,2
192,10,108,7,2
188,10,76,7,2
196,10,108,7,2
189,10,76,7,2
192,10,108,7,2
191,10,96,4,2
191,10,96,4,2
191,10,96,4,2
190,10,104,6,2
189,10,76,7,2
189,10,76,7,2
189,10,76,7,2
189,10,76,7,2
185,10,68,5,2
200,10,68,5,2
195,10,68,5,2
200,10,68,5,2
186,10,108,7,2
192,10,68,5,2
187,10,108,7,2
187,10,108,7,2
187,10,108,7,2
187,10,108,7,2
187,10,108,7,2
187,10,108,7,2
187,10,108,7,2
196,10,74,6,2
189,10,76,7,2
191,10,74,6,2
191,10,74,6,2
194,10,76,7,2
187,10,74,6,2
186,10,104,6,2
187,10,80,6,2
196,10,76,7,2
196,10,76,7,2
199,10,68,5,2
190,10,80,6,2
212,10,76,7,2
212,10,76,7,2
183,10,104,6,2
187,10,76,7,2
187,10,76,7,2
185,10,68,5,2
186,10,68,5,2
186,10,68,5,2
187,10,108,7,2
191,10,108,7,2
197,10,85,3,2
182,10,76,7,2
182,10,76,7,2
183,10,76,7,2
183,10,76,7,2
194,10,76,7,2
191,10,68,5,2
191,10,68,5,2
203,10,108,7,2
203,10,108,7,2
189,10,68,5,2
192,10,68,5,2
201,10,108,7,2
196,10,108,7,2
196,10,108,7,2
196,10,108,7,2
196,10,108,7,2
196,10,108,7,2
196,10,108,7,2
196,10,68,5,2
196,10,76,7,2
196,10,76,7,2
196,10,76,7,2
184,10,76,5,2
188,10,76,7,2
188,10,76,7,2
194,10,74,6,2
191,10,76,7,2
196,10,68,5,2
196,10,68,5,2
196,10,68,5,2
196,10,68,5,2
180,10,76,7,2
180,10,76,7,2
184,10,76,7,2
196,10,76,7,2
196,10,76,7,2
196,10,76,7,2
196,10,68,5,2
197,10,108,7,2
197,10,108,7,2
197,10,108,7,2
197,10,108,7,2
197,10,108,7,2
197,10,108,7,2
197,10,108,7,2
197,10,108,7,2
197,10,108,7,2
197,10,108,7,2
197,10,108,7,2
197,10,108,7,2
196,10,76,7,2
196,10,76,7,2
186,10,68,5,2
199,10,68,5,2
186,10,82,7,2
193,10,76,7,2
190,10,76,7,2
182,10,78,7,2
185,10,99,6,2
187,10,76,5,2
187,10,76,5,2
187,10,76,5,2
184,10,108,7,2
195,10,104,6,2
185,10,80,6,2
187,10,76,5,2
187,10,76,5,2
187,10,76,5,2
184,10,108,7,2
185,10,99,6,2
185,10,99,6,2
195,10,104,6,2
185,10,80,6,2
182,10,78,7,2
190,10,76,7,2
190,10,76,7,2
190,10,76,7,2
184,10,78,7,2
190,10,76,7,2
190,10,76,7,2
199,10,76,7,2
185,10,76,7,2
185,10,76,7,2
199,10,76,7,2
185,10,76,7,2
184,10,104,6,2
189,10,76,7,2
189,10,76,7,2
192,10,76,7,2
192,10,76,7,2
192,10,76,7,2
192,10,76,7,2
192,10,76,7,2
201,10,76,7,2
192,10,68,5,2
186,10,68,5,2
191,10,68,5,2
196,10,68,5,2
508,11,96,4,2
508,11,96,4,2
187,10,68,5,2
187,10,68,5,2
189,10,108,7,2
189,10,68,5,2
186,10,68,5,2
186,10,68,5,2
192,10,68,5,2
186,10,68,5,2
196,10,68,5,2
189,10,108,7,2
189,10,108,7,2
185,10,68,5,2
195,10,68,5,2
200,10,68,5,2
189,10,104,6,2
189,10,108,7,2
183,10,102,6,2
188,10,98,4,2
188,10,98,4,2
191,10,98,4,2
191,10,98,4,2
191,10,98,4,2
191,10,98,4,2
191,10,98,4,2
191,10,98,4,2
191,10,98,4,2
184,10,98,4,2
195,10,74,6,2
182,10,74,6,2
186,10,76,7,2
196,10,68,5,2
192,10,76,7,2
192,10,76,7,2
188,10,76,7,2
187,10,108,7,2
187,10,108,7,2
199,10,102,5,2
199,10,102,5,2
189,10,76,7,2
189,10,76,7,2
218,10,104,6,2
218,10,104,6,2
189,10,76,7,2
179,10,80,6,2
179,10,80,6,2
183,10,108,7,2
197,10,68,5,2
186,10,108,7,2
186,10,108,7,2
186,10,108,7,2
186,10,108,7,2
196,10,68,5,2
185,10,108,7,2
185,10,108,7,2
185,10,104,6,2
185,10,104,6,2
185,10,104,6,2
185,10,104,6,2
193,10,108,7,2
193,10,108,7,2
202,10,104,6,2
202,10,68,5,2
196,10,68,5,2
195,10,68,5,2
182,10,68,5,2
186,10,74,6,2
198,10,74,6,2
182,10,74,6,2
202,10,68,5,2
190,10,76,7,2
189,10,74,6,2
189,10,74,6,2
189,10,74,6,2
189,10,74,6,2
189,10,74,6,2
189,10,74,6,2
189,10,74,6,2
189,10,74,6,2
189,10,74,6,2
189,10,74,6,2
196,10,68,5,2
196,10,68,5,2
189,10,68,5,2
186,10,68,5,2
186,10,104,6,2
180,10,93,4,2
190,10,80,6,2
190,10,80,6,2
185,10,74,6,2
185,10,74,6,2
185,10,74,6,2
185,10,74,6,2
181,10,76,7,2
181,10,76,7,2
196,10,68,5,2
189,10,76,7,2
189,10,76,7,2
200,10,68,5,2
189,10,76,7,2
189,10,76,7,2
196,10,76,7,2
196,10,76,7,2
186,10,68,5,2
186,10,68,5,2
186,10,68,5,2
188,10,68,5,2
192,10,68,5,2
196,10,68,5,2
196,10,68,5,2
187,10,68,5,2
187,10,68,5,2
187,10,68,5,2
189,10,68,5,2
196,10,68,5,2
183,10,68,5,2
187,10,68,5,2
187,10,68,5,2
187,10,68,5,2
187,10,68,5,2
185,10,104,6,2
181,10,70,5,2
181,10,70,5,2
187,10,76,7,2
187,10,76,7,2
189,10,102,5,2
183,10,74,6,2
187,10,68,5,2
183,10,68,5,2
192,10,68,5,2
189,10,68,5,2
191,10,68,5,2
186,10,68,5,2
205,10,59,4,2
205,10,59,4,2
187,10,68,5,2
187,10,68,5,2
508,11,87,3,2
508,11,87,3,2
186,10,76,7,2
205,10,59,4,2
205,10,59,4,2
190,10,76,7,2
182,10,76,7,2
191,10,98,4,2
180,10,112,6,2
182,10,74,6,2
182,10,68,5,2
192,10,68,5,2
186,10,68,5,2
189,10,68,5,2
182,10,76,5,2
180,10,68,5,2
186,10,74,6,2
184,10,68,5,2
181,10,108,7,2
178,10,78,7,2
180,10,112,6,2
181,10,102,4,2
196,10,76,7,2
196,10,76,7,2
194,10,80,6,2
186,10,76,7,2
194,10,68,5,2
194,10,68,5,2
195,10,76,7,2
195,10,76,7,2
200,10,99,6,2
200,10,99,6,2
187,10,108,7,2
197,10,104,6,2
197,10,76,7,2
201,10,80,6,2
208,10,99,6,2
190,10,104,6,2
195,10,76,7,2
187,10,76,7,2
193,10,74,6,2
214,10,108,7,2
214,10,108,7,2
214,10,104,6,2
214,10,104,6,2
214,10,104,6,2
214,10,104,6,2
218,10,76,7,2
214,10,104,6,2
196,10,74,6,2
196,10,74,6,2
196,10,74,6,2
196,10,68,5,2
195,10,68,5,2
192,10,80,6,2
185,10,68,5,2
186,10,68,5,2
188,10,104,6,2
182,10,68,5,2
182,10,76,7,2
186,10,76,7,2
186,10,76,7,2
190,10,74,6,2
188,10,91,4,2
187,10,104,6,2
184,10,76,7,2
184,10,76,7,2
188,10,76,7,2
188,10,76,7,2
192,10,68,5,2
192,10,68,5,2
183,10,76,7,2
189,10,68,5,2
189,10,76,7,2
189,10,76,7,2
191,10,74,6,2
196,10,76,7,2
196,10,76,7,2
196,10,76,7,2
196,10,76,7,2
189,10,68,5,2
186,10,104,6,2
196,10,68,5,2
196,10,68,5,2
187,10,68,5,2
190,10,95,5,2
197,10,68,5,2
194,10,104,6,2
190,10,68,5,2
196,10,68,5,2
185,10,68,5,2
200,10,68,5,2
195,10,68,5,2
204,10,76,7,2
184,10,68,5,2
191,10,76,7,2
191,10,76,7,2
186,10,68,5,2
197,10,68,5,2
188,10,68,5,2
198,10,76,7,2
182,10,104,6,2
182,10,70,5,2
195,10,76,7,2
195,10,76,7,2
195,10,76,7,2
195,10,76,7,2
195,10,76,7,2
195,10,76,7,2
195,10,76,7,2
195,10,76,7,2
195,10,76,7,2
195,10,76,7,2
195,10,76,7,2
195,10,76,7,2
186,10,80,6,2
186,10,80,6,2
190,10,74,6,2
188,10,74,6,2
188,10,74,6,2
188,10,74,6,2
188,10,74,6,2
188,10,74,6,2
188,10,74,6,2
188,10,74,6,2
188,10,74,6,2
188,10,74,6,2
188,10,74,6,2
188,10,74,6,2
196,10,68,5,2
196,10,68,5,2
188,10,74,6,2
190,10,104,6,2
196,10,68,5,2
195,10,102,5,2
186,10,76,7,2
186,10,76,7,2
189,10,78,7,2
189,10,78,7,2
189,10,78,7,2
189,10,78,7,2
189,10,78,7,2
189,10,78,7,2
187,10,74,6,2
189,10,78,7,2
189,10,78,7,2
189,10,78,7,2
189,10,78,7,2
189,10,78,7,2
189,10,78,7,2
187,10,74,6,2
194,10,108,7,2
189,10,74,6,2
190,10,80,6,2
188,10,76,7,2
188,10,76,7,2
196,10,76,7,2
196,10,76,7,2
196,10,76,7,2
187,10,80,6,2
189,10,91,4,2
189,10,91,4,2
189,10,80,6,2
185,10,59,4,2
191,10,68,5,2
184,10,76,7,2
188,10,76,7,2
193,10,108,7,2
196,10,74,6,2
186,10,76,7,2
186,10,76,7,2
183,10,76,7,2
197,10,68,5,2
192,10,76,7,2
196,10,74,6,2
193,10,108,7,2
193,10,108,7,2
193,10,108,7,2
202,10,68,5,2
202,10,68,5,2
194,10,74,6,2
508,11,96,4,2
188,10,76,7,2
194,10,68,5,2
196,10,68,5,2
189,10,76,7,2
202,10,76,7,2
191,10,108,7,2
191,10,108,7,2
201,10,99,6,2
187,10,104,6,2
187,10,104,6,2
205,10,68,5,2
184,10,76,7,2
190,10,76,7,2
202,10,108,7,2
192,10,76,7,2
192,10,76,7,2
188,10,76,7,2
196,10,74,6,2
189,10,76,7,2
187,10,76,7,2
187,10,76,7,2
188,10,68,5,2
190,10,68,5,2
190,10,104,6,2
196,10,104,6,2
185,10,68,5,2
192,10,76,7,2
187,10,68,5,2
190,10,80,6,2
184,10,78,7,2
193,10,74,6,2
193,10,74,6,2
193,10,74,6,2
193,10,74,6,2
193,10,74,6,2
185,10,104,6,2
193,10,74,6,2
199,10,74,6,2
199,10,74,6,2
194,10,96,4,2
187,10,104,6,2
199,10,104,6,2
181,10,102,5,2
201,10,68,5,2
236,10,68,5,2
201,10,68,5,2
201,10,68,5,2
201,10,68,5,2
201,10,68,5,2
197,10,68,5,2
197,10,68,5,2
199,10,68,5,2
197,10,68,5,2
186,10,68,5,2
196,10,76,7,2
196,10,76,7,2
192,10,68,5,2
192,10,68,5,2
192,10,68,5,2
192,10,68,5,2
196,10,76,7,2
197,10,80,6,2
198,10,104,6,2
198,10,104,6,2
195,10,80,6,2
190,10,76,7,2
190,10,76,7,2
191,10,104,6,2
193,10,70,5,2
187,10,80,6,2
196,10,108,7,2
197,10,102,5,2
188,10,78,7,2
190,10,104,6,2
190,10,76,7,2
190,10,76,7,2
192,10,80,6,2
192,10,80,6,2
192,10,80,6,2
190,10,74,6,2
187,10,99,6,2
193,10,80,6,2
193,10,80,6,2
198,10,104,6,2
190,10,74,6,2
189,10,53,3,2
189,10,53,3,2
189,10,53,3,2
182,10,80,6,2
185,10,74,6,2
508,11,92,2,2
185,10,74,6,2
185,10,74,6,2
185,10,74,6,2
181,10,74,5,2
185,10,74,6,2
183,10,104,6,2
184,10,70,5,2
180,10,108,7,2
184,10,70,5,2
190,10,76,7,2
192,10,68,5,2
202,10,68,5,2
205,10,68,5,2
196,10,68,5,2
196,10,68,5,2
196,10,68,5,2
191,10,76,7,2
192,10,76,7,2
202,10,68,5,2
193,10,108,7,2
186,10,68,5,2
194,10,68,5,2
189,10,68,5,2
187,10,108,7,2
180,10,80,6,2
196,10,74,6,2
188,10,108,7,2
187,10,76,7,2
187,10,76,7,2
187,10,76,7,2
187,10,76,7,2
187,10,76,7,2
187,10,76,7,2
184,10,74,6,2
184,10,74,6,2
184,10,74,6,2
184,10,74,6,2
187,10,68,5,2
196,10,68,5,2
202,10,108,7,2
187,10,68,5,2
196,10,68,5,2
202,10,108,7,2
196,10,68,5,2
179,10,76,7,2
179,10,76,7,2
187,10,108,7,2
184,10,76,7,2
179,10,76,7,2
187,10,108,7,2
184,10,76,7,2
188,10,76,7,2
188,10,76,7,2
207,10,108,7,2
190,10,108,7,2
196,10,74,6,2
188,10,108,7,2
190,10,108,7,2
188,10,76,7,2
188,10,76,7,2
188,10,108,7,2
207,10,108,7,2
190,10,108,7,2
196,10,74,6,2
190,10,108,7,2
201,10,68,5,2
191,10,76,7,2
201,10,68,5,2
188,10,76,7,2
188,10,76,7,2
188,10,76,7,2
188,10,76,7,2
193,10,76,7,2
188,10,76,7,2
193,10,76,7,2
193,10,76,7,2
187,10,68,5,2
191,10,76,7,2
200,10,68,5,2
191,10,99,6,2
195,10,108,7,2
200,10,68,5,2
189,10,74,6,2
188,10,76,7,2
188,10,76,7,2
188,10,76,7,2
188,10,76,7,2
188,10,76,7,2
188,10,76,7,2
196,10,104,6,2
200,10,68,5,2
187,10,68,5,2
193,10,76,7,2
193,10,76,7,2
193,10,76,7,2
195,10,108,7,2
191,10,99,6,2
200,10,68,5,2
189,10,74,6,2
187,10,68,5,2
187,10,68,5,2
196,10,104,6,2
188,10,76,7,2
187,10,68,5,2
187,10,68,5,2
185,10,104,6,2
201,10,68,5,2
198,10,76,7,2
184,10,78,7,2
201,10,68,5,2
191,10,108,7,2
191,10,108,7,2
199,10,104,6,2
191,10,108,7,2
191,10,108,7,2
199,10,104,6,2
197,10,70,5,2
200,10,74,6,2
194,10,74,6,2
200,10,74,6,2
192,10,68,5,2
186,10,68,5,2
186,10,68,5,2
181,10,72,6,2
185,10,72,6,2
181,10,91,4,2
185,10,76,7,2
184,10,68,5,2
185,10,68,5,2
185,10,68,5,2
185,10,68,5,2
185,10,68,5,2
185,10,68,5,2
185,10,68,5,2
196,10,68,5,2
187,10,99,6,2
196,10,68,5,2
191,10,68,5,2
179,10,74,6,2
183,10,74,6,2
196,10,68,5,2
191,10,76,7,2
190,10,108,7,2
191,10,76,7,2
191,10,76,7,2
196,10,68,5,2
200,10,68,5,2
196,10,68,5,2
185,10,68,5,2
195,10,68,5,2
200,10,68,5,2
195,10,68,5,2
185,10,68,5,2
200,10,68,5,2
200,10,68,5,2
231,10,74,6,2
204,10,74,6,2
191,10,63,5,2
192,10,68,5,2
190,10,68,5,2
185,10,74,5,2
179,10,74,5,2
508,11,102,4,2
179,10,102,5,2
188,10,74,5,2
180,10,104,6,2
184,10,104,6,2
203,10,68,5,2
186,10,68,5,2
186,10,68,5,2
183,10,104,6,2
184,10,76,7,2
188,10,76,7,2
187,10,76,7,2
189,10,76,7,2
189,10,76,7,2
189,10,76,7,2
201,10,76,7,2
201,10,76,7,2
201,10,76,7,2
187,10,76,7,2
187,10,76,7,2
201,10,76,7,2
189,10,76,7,2
189,10,76,7,2
191,10,76,7,2
191,10,76,7,2
191,10,76,7,2
191,10,76,7,2
191,10,76,7,2
191,10,76,7,2
191,10,76,7,2
191,10,76,7,2
189,10,76,7,2
191,10,76,7,2
191,10,76,7,2
191,10,76,7,2
191,10,76,7,2
189,10,76,7,2
508,11,96,4,2
508,11,96,4,2
191,10,76,7,2
189,10,76,7,2
190,10,76,7,2
198,10,76,7,2
198,10,76,7,2
181,10,68,5,2
185,10,68,5,2
187,10,68,5,2
187,10,68,5,2
187,10,68,5,2
189,10,68,5,2
187,10,68,5,2
189,10,80,6,2
189,10,80,6,2
508,11,96,3,2
180,10,74,6,2
184,10,78,6,2
195,10,85,2,2
195,10,85,2,2
211,10,80,6,2
211,10,80,6,2
211,10,80,6,2
211,10,80,6,2
211,10,80,6,2
211,10,80,6,2
211,10,80,6,2
508,11,96,3,2
508,11,96,3,2
203,10,72,6,2
211,10,80,6,2
185,10,85,2,2
189,10,85,2,2
185,10,104,6,2
196,10,68,5,2
195,10,85,2,2
195,10,85,2,2
195,10,85,2,2
195,10,85,2,2
195,10,85,2,2
189,10,108,7,2
189,10,108,7,2
189,10,108,7,2
189,10,108,7,2
189,10,108,7,2
196,10,68,5,2
186,10,68,5,2
184,10,98,5,2
186,10,68,5,2
199,10,68,5,2
196,10,68,5,2
184,10,98,5,2
199,10,68,5,2
200,10,68,5,2
195,10,68,5,2
185,10,68,5,2
195,10,85,2,2
195,10,85,2,2
195,10,85,2,2
195,10,85,2,2
195,10,85,2,2
192,10,98,4,2
185,10,68,5,2
194,10,76,7,2
192,10,74,6,2
192,10,74,6,2
191,10,85,2,2
191,10,85,2,2
186,10,106,6,2
176,10,68,5,2
193,10,68,5,2
193,10,68,5,2
176,10,68,5,2
188,10,98,4,2
182,10,76,7,2
182,10,76,7,2
195,10,76,7,2
195,10,76,7,2
189,10,76,7,2
192,10,68,5,2
186,10,76,7,2
192,10,68,5,2
192,10,68,5,2
196,10,68,5,2
189,10,68,5,2
187,10,74,6,2
189,10,108,7,2
189,10,76,7,2
186,10,76,7,2
196,10,68,5,2
192,10,68,5,2
192,10,68,5,2
187,10,74,6,2
189,10,108,7,2
196,10,68,5,2
187,10,74,6,2
196,10,68,5,2
187,10,74,6,2
199,10,68,5,2
197,10,80,6,2
185,10,98,4,2
189,10,98,4,2
195,10,98,4,2
195,10,98,4,2
195,10,98,4,2
195,10,98,4,2
195,10,98,4,2
195,10,98,4,2
188,10,98,4,2
181,10,93,2,2
185,10,74,6,2
189,10,76,7,2
189,10,76,7,2
187,10,74,6,2
196,10,76,7,2
196,10,76,7,2
187,10,80,6,2
187,10,108,7,2
190,10,80,6,2
207,10,80,6,2
207,10,80,6,2
195,10,76,7,2
195,10,76,7,2
180,10,80,6,2
240,10,80,6,2
235,10,80,6,2
183,10,87,3,2
191,10,68,5,2
187,10,68,5,2
196,10,68,5,2
187,10,68,5,2
200,10,68,5,2
181,10,76,7,2
185,10,76,7,2
185,10,76,7,2
193,10,94,4,2
181,10,112,6,2
185,10,108,7,2
185,10,76,7,2
189,10,76,7,2
189,10,76,7,2
195,10,76,7,2
195,10,76,7,2
195,10,76,7,2
190,10,76,7,2
190,10,76,7,2
190,10,76,7,2
192,10,68,5,2
192,10,68,5,2
201,10,76,7,2
201,10,76,7,2
182,10,74,6,2
182,10,74,6,2
192,10,108,7,2
192,10,108,7,2
187,10,108,7,2
187,10,108,7,2
187,10,108,7,2
187,10,108,7,2
187,10,108,7,2
184,10,74,6,2
192,10,108,7,2
192,10,108,7,2
192,10,108,7,2
192,10,108,7,2
192,10,108,7,2
182,10,82,7,2
187,10,108,7,2
185,10,108,7,2
187,10,108,7,2
187,10,108,7,2
196,10,68,5,2
187,10,74,6,2
189,10,108,7,2
184,10,87,3,2
185,10,74,6,2
192,10,74,6,2
196,10,76,7,2
186,10,68,5,2
188,10,68,5,2
195,10,76,7,2
187,10,108,7,2
192,10,68,5,2
184,10,78,7,2
200,10,68,5,2
186,10,104,6,2
191,10,96,4,2
187,10,104,6,2
187,10,80,6,2
183,10,104,6,2
185,10,61,4,2
189,10,74,6,2
190,10,104,6,2
194,10,104,6,2
184,10,87,3,2
191,10,82,7,2
184,10,87,3,2
189,10,76,7,2
184,10,87,3,2
184,10,87,3,2
187,10,74,6,2
187,10,74,6,2
187,10,74,6,2
187,10,74,6,2
187,10,74,6,2
187,10,74,6,2
191,10,76,7,2
191,10,76,7,2
190,10,76,7,2
188,10,76,7,2
185,10,102,5,2
189,10,74,6,2
189,10,76,7,2
188,10,76,7,2
201,10,76,7,2
187,10,74,6,2
188,10,76,7,2
201,10,76,7,2
187,10,74,6,2
193,10,76,7,2
193,10,76,7,2
193,10,76,7,2
193,10,76,7,2
193,10,76,7,2
193,10,76,7,2
189,10,76,7,2
185,10,74,6,2
196,10,76,7,2
187,10,74,6,2
187,10,74,6,2
187,10,74,6,2
196,10,68,5,2
193,10,74,6,2
193,10,74,6,2
193,10,74,6,2
193,10,74,6,2
193,10,74,6,2
190,10,76,7,2
201,10,68,5,2
197,10,74,6,2
196,10,68,5,2
190,10,104,6,2
193,10,70,5,2
188,10,78,7,2
191,10,104,6,2
189,10,76,7,2
221,10,76,7,2
198,10,76,7,2
201,10,76,7,2
196,10,68,5,2
185,10,74,6,2
187,10,74,6,2
190,10,104,6,2
190,10,104,6,2
190,10,104,6,2
190,10,104,6,2
199,10,76,7,2
186,10,106,6,2
184,10,98,4,2
188,10,98,4,2
191,10,98,4,2
191,10,98,4,2
191,10,98,4,2
191,10,98,4,2
191,10,98,4,2
191,10,98,4,2
193,10,98,4,2
193,10,98,4,2
191,10,98,4,2
191,10,98,4,2
191,10,98,4,2
193,10,98,4,2
193,10,98,4,2
193,10,98,4,2
193,10,98,4,2
179,10,108,7,2
183,10,74,6,2
180,10,74,6,2
191,10,68,5,2
191,10,68,5,2
192,10,68,5,2
192,10,68,5,2
192,10,68,5,2
197,10,68,5,2
192,10,68,5,2
192,10,68,5,2
196,10,68,5,2
194,10,68,5,2
194,10,68,5,2
194,10,68,5,2
194,10,68,5,2
194,10,68,5,2
194,10,68,5,2
194,10,68,5,2
194,10,68,5,2
195,10,68,5,2
196,10,68,5,2
196,10,68,5,2
192,10,68,5,2
187,10,68,5,2
189,10,68,5,2
203,10,68,5,2
185,10,68,5,2
200,10,68,5,2
179,10,68,5,2
192,10,68,5,2
186,10,108,7,2
186,10,68,5,2
186,10,68,5,2
179,10,91,4,2
181,10,74,6,2
178,10,98,4,2
188,10,98,4,2
191,10,98,4,2
191,10,98,4,2
184,10,98,4,2
191,10,98,4,2
191,10,98,4,2
182,10,76,7,2
188,10,78,7,2
192,10,78,7,2
192,10,78,7,2
192,10,78,7,2
192,10,78,7,2
192,10,78,7,2
192,10,78,7,2
191,10,78,7,2
185,10,76,7,2
185,10,76,7,2
189,10,76,7,2
189,10,76,7,2
180,10,61,4,2
183,10,106,6,2
180,10,108,7,2
184,10,74,6,2
181,10,100,4,2
191,10,80,6,2
194,10,74,6,2
197,10,74,6,2
197,10,74,6,2
197,10,74,6,2
508,11,92,2,2
191,10,80,6,2
191,10,80,6,2
191,10,80,6,2
191,10,80,6,2
203,10,80,6,2
200,10,74,6,2
189,10,74,6,2
189,10,74,6,2
187,10,74,6,2
196,10,76,7,2
191,10,74,6,2
191,10,74,6,2
191,10,74,6,2
191,10,68,5,2
187,10,74,6,2
187,10,74,6,2
187,10,74,6,2
187,10,74,6,2
192,10,106,6,2
187,10,80,6,2
205,10,94,4,2
205,10,94,4,2
205,10,94,4,2
182,10,76,5,2
186,10,80,6,2
192,10,76,7,2
192,10,76,7,2
195,10,76,7,2
196,10,68,5,2
189,10,68,5,2
186,10,80,6,2
186,10,80,6,2
508,11,96,3,2
186,10,80,6,2
186,10,80,6,2
200,10,68,5,2
187,10,98,4,2
188,10,80,6,2
185,10,80,6,2
185,10,80,6,2
185,10,80,6,2
185,10,80,6,2
508,11,96,3,2
190,10,102,5,2
508,11,96,3,2
185,10,80,6,2
185,10,80,6,2
185,10,80,6,2
187,10,102,5,2
181,10,76,5,2
185,10,76,7,2
192,10,76,7,2
192,10,76,7,2
192,10,68,5,2
191,10,74,6,2
185,10,108,7,2
187,10,68,5,2
201,10,68,5,2
187,10,91,4,2
181,10,76,5,2
195,10,104,6,2
181,10,76,5,2
182,10,108,7,2
184,10,104,6,2
185,10,74,6,2
163,9,85,2,2
163,9,85,2,2
190,10,108,7,2
186,10,74,6,2
186,10,74,6,2
186,10,74,6,2
186,10,74,6,2
186,10,74,6,2
192,10,108,7,2
192,10,108,7,2
191,10,80,6,2
187,10,74,6,2
197,10,108,7,2
192,10,108,7,2
197,10,108,7,2
190,10,80,6,2
190,10,80,6,2
508,11,92,2,2
190,10,68,5,2
191,10,80,6,2
191,10,80,6,2
195,10,108,7,2
190,10,68,5,2
187,10,80,6,2
179,10,108,7,2
190,10,80,6,2
183,10,108,7,2
202,10,68,5,2
192,10,108,7,2
186,10,68,5,2
189,10,99,6,2
189,10,99,6,2
189,10,99,6,2
189,10,99,6,2
184,10,108,7,2
185,10,74,6,2
186,10,80,6,2
186,10,80,6,2
183,10,104,6,2
183,10,104,6,2
183,10,104,6,2
186,10,108,7,2
201,10,108,7,2
201,10,108,7,2
192,10,93,4,2
186,10,102,5,2
186,10,102,5,2
192,10,93,4,2
181,10,91,4,2
181,10,91,4,2
185,10,74,6,2
185,10,74,6,2
195,10,108,7,2
195,10,104,6,2
184,10,74,6,2
182,10,76,7,2
193,10,93,4,2
185,10,74,6,2
182,10,108,7,2
186,10,108,7,2
177,10,74,6,2
196,10,68,5,2
183,10,74,6,2
183,10,74,6,2
183,10,74,6,2
196,10,68,5,2
184,10,70,5,2
188,10,74,6,2
200,10,68,5,2
195,10,68,5,2
182,10,74,6,2
182,10,80,6,2
188,10,70,5,2
187,10,76,5,2
185,10,70,5,2
185,10,70,5,2
188,10,76,5,2
190,10,74,6,2
183,10,80,6,2
187,10,80,6,2
179,10,77,1,2
185,10,68,5,2
186,10,68,5,2
186,10,68,5,2
203,10,68,5,2
187,10,68,5,2
192,10,68,5,2
192,10,68,5,2
187,10,68,5,2
191,10,68,5,2
196,10,68,5,2
187,10,68,5,2
187,10,68,5,2
187,10,68,5,2
189,10,68,5,2
189,10,68,5,2
189,10,68,5,2
189,10,68,5,2
189,10,68,5,2
199,10,68,5,2
200,10,68,5,2
201,10,68,5,2
201,10,68,5,2
201,10,68,5,2
201,10,68,5,2
201,10,68,5,2
201,10,68,5,2
192,10,68,5,2
192,10,68,5,2
184,10,68,5,2
182,10,108,7,2
194,10,108,7,2
194,10,108,7,2
194,10,108,7,2
194,10,108,7,2
194,10,108,7,2
184,10,104,6,2
184,10,104,6,2
186,10,76,7,2
202,10,68,5,2
184,10,78,7,2
188,10,80,6,2
185,10,104,6,2
199,10,74,6,2
189,10,80,6,2
189,10,80,6,2
179,10,76,7,2
179,10,76,7,2
186,10,108,7,2
186,10,108,7,2
183,10,104,6,2
188,10,76,7,2
188,10,76,7,2
187,10,68,5,2
191,10,68,5,2
187,10,74,6,2
185,10,74,6,2
187,10,74,6,2
187,10,74,6,2
181,10,72,4,2
181,10,72,4,2
185,10,70,4,2
508,11,98,3,2
185,10,70,4,2
185,10,70,4,2
185,10,70,4,2
185,10,70,4,2
194,10,80,6,2
194,10,80,6,2
189,10,74,6,2
189,10,74,6,2
189,10,74,6,2
189,10,74,6,2
189,10,74,6,2
189,10,74,6,2
184,10,87,3,2
180,10,78,7,2
180,10,78,7,2
180,10,78,7,2
188,10,87,3,2
188,10,87,3,2
179,10,76,7,2
183,10,76,7,2
182,10,74,6,2
185,10,74,6,2
185,10,74,6,2
185,10,74,6,2
196,10,74,6,2
183,10,74,6,2
183,10,74,6,2
508,11,96,4,2
183,10,76,7,2
203,10,68,5,2
181,10,78,7,2
181,10,78,7,2
185,10,74,6,2
187,10,74,6,2
187,10,74,6,2
187,10,74,6,2
187,10,74,6,2
186,10,74,6,2
186,10,74,6,2
186,10,74,6,2
186,10,74,6,2
186,10,74,6,2
200,10,94,4,2
183,10,76,7,2
187,10,76,7,2
180,10,104,6,2
185,10,74,6,2
184,10,74,6,2
188,10,74,6,2
190,10,55,3,2
184,10,74,6,2
188,10,74,6,2
194,10,80,6,2
186,10,74,5,2
188,10,76,7,2
192,10,76,7,2
187,10,76,7,2
201,10,76,7,2
201,10,76,7,2
187,10,76,7,2
187,10,76,7,2
187,10,76,7,2
187,10,76,7,2
187,10,76,7,2
187,10,76,7,2
187,10,76,7,2
187,10,76,7,2
187,10,76,7,2
187,10,76,7,2
187,10,76,7,2
202,10,68,5,2
196,10,68,5,2
194,10,108,7,2
194,10,108,7,2
194,10,108,7,2
192,10,76,7,2
192,10,76,7,2
196,10,68,5,2
196,10,68,5,2
196,10,68,5,2
196,10,68,5,2
188,10,74,6,2
195,10,68,5,2
193,10,108,7,2
508,11,96,4,2
200,10,68,5,2
193,10,108,7,2
188,10,76,7,2
188,10,74,6,2
188,10,74,6,2
187,10,96,4,2
508,11,96,4,2
198,10,76,7,2
181,10,68,5,2
187,10,68,5,2
196,10,68,5,2
186,10,68,5,2
200,10,68,5,2
187,10,68,5,2
197,10,68,5,2
197,10,68,5,2
191,10,68,5,2
197,10,68,5,2
197,10,68,5,2
191,10,68,5,2
192,10,68,5,2
191,10,68,5,2
196,10,68,5,2
189,10,68,5,2
187,10,68,5,2
183,10,70,5,2
180,10,74,6,2
184,10,74,6,2
189,10,76,7,2
189,10,76,7,2
194,10,76,7,2
194,10,76,7,2
187,10,80,6,2
196,10,68,5,2
189,10,76,7,2
196,10,76,7,2
201,10,76,7,2
201,10,76,7,2
185,10,76,7,2
187,10,76,7,2
187,10,76,7,2
183,10,108,7,2
183,10,68,5,2
187,10,68,5,2
182,10,76,7,2
191,10,68,5,2
186,10,76,7,2
193,10,85,3,2
177,10,87,3,2
185,10,68,5,2
189,10,74,6,2
191,10,108,7,2
195,10,108,7,2
196,10,68,5,2
196,10,68,5,2
192,10,68,5,2
188,10,108,7,2
196,10,104,6,2
196,10,104,6,2
188,10,108,7,2
189,10,68,5,2
189,10,68,5,2
189,10,68,5,2
196,10,68,5,2
202,10,68,5,2
193,10,108,7,2
182,10,74,6,2
186,10,74,6,2
210,10,76,7,2
210,10,76,7,2
189,10,74,6,2
189,10,74,6,2
196,10,68,5,2
194,10,74,6,2
180,10,74,6,2
199,10,68,5,2
199,10,68,5,2
199,10,68,5,2
196,10,68,5,2
189,10,76,7,2
189,10,76,7,2
189,10,76,7,2
190,10,108,7,2
184,10,99,6,2
195,10,104,6,2
186,10,74,6,2
186,10,74,6,2
200,10,94,4,2
195,10,108,7,2
189,10,76,7,2
189,10,76,7,2
195,10,76,7,2
188,10,76,7,2
185,10,68,5,2
185,10,68,5,2
184,10,68,5,2
185,10,68,5,2
200,10,68,5,2
195,10,68,5,2
184,10,104,6,2
180,10,80,6,2
191,10,98,5,2
508,11,91,4,2
184,10,78,7,2
179,10,87,3,2
184,10,98,4,2
182,10,78,6,2
191,10,98,4,2
191,10,98,4,2
191,10,98,4,2
191,10,98,4,2
186,10,68,5,2
198,10,74,6,2
190,10,74,6,2
190,10,74,6,2
185,10,100,4,2
189,10,74,6,2
179,10,76,5,2
179,10,76,5,2
183,10,74,6,2
197,10,94,4,2
197,10,94,4,2
183,10,76,7,2
187,10,76,7,2
197,10,76,7,2
197,10,76,7,2
197,10,76,7,2
197,10,76,7,2
197,10,76,7,2
197,10,76,7,2
197,10,76,7,2
197,10,76,7,2
197,10,76,7,2
197,10,76,7,2
197,10,76,7,2
197,10,76,7,2
197,10,76,7,2
197,10,76,7,2
197,10,76,7,2
197,10,76,7,2
197,10,76,7,2
197,10,76,7,2
197,10,76,7,2
197,10,76,7,2
197,10,76,7,2
197,10,76,7,2
197,10,76,7,2
192,10,108,7,2
192,10,104,6,2
215,10,82,7,2
202,10,68,5,2
193,10,108,7,2
193,10,68,5,2
186,10,104,6,2
180,10,65,5,2
189,10,76,7,2
197,10,76,7,2
189,10,76,7,2
197,10,76,7,2
189,10,76,7,2
189,10,76,7,2
193,10,74,6,2
198,10,76,7,2
198,10,76,7,2
181,10,76,7,2
186,10,76,7,2
206,10,76,7,2
202,10,74,6,2
181,10,76,7,2
186,10,76,7,2
186,10,76,7,2
186,10,76,7,2
186,10,76,7,2
186,10,76,7,2
186,10,76,7,2
188,10,76,7,2
196,10,68,5,2
183,10,87,3,2
183,10,87,3,2
187,10,74,6,2
190,10,74,6,2
190,10,74,6,2
191,10,74,6,2
187,10,74,6,2
196,10,68,5,2
192,10,108,7,2
200,10,98,5,2
185,10,78,7,2
187,10,68,5,2
182,10,68,4,2
186,10,74,6,2
187,10,108,7,2
191,10,74,6,2
191,10,74,6,2
191,10,74,6,2
191,10,74,6,2
191,10,74,6,2
191,10,74,6,2
196,10,68,5,2
196,10,68,5,2
195,10,68,5,2
200,10,68,5,2
186,10,68,5,2
185,10,68,5,2
187,10,68,5,2
187,10,76,7,2
191,10,76,7,2
192,10,94,4,2
180,10,70,5,2
183,10,65,5,2
185,10,76,7,2
185,10,76,7,2
183,10,76,7,2
180,10,70,5,2
187,10,76,7,2
187,10,76,7,2
188,10,108,7,2
187,10,76,7,2
187,10,76,7,2
187,10,76,7,2
187,10,76,7,2
186,10,76,7,2
187,10,76,7,2
187,10,76,7,2
187,10,76,7,2
188,10,108,7,2
187,10,76,7,2
187,10,76,7,2
187,10,76,7,2
187,10,76,7,2
187,10,76,7,2
186,10,76,7,2
187,10,76,7,2
187,10,76,7,2
188,10,108,7,2
188,10,108,7,2
508,11,96,4,2
187,10,76,7,2
195,10,68,5,2
195,10,68,5,2
196,10,68,5,2
196,10,68,5,2
183,10,76,7,2
183,10,76,7,2
183,10,76,7,2
180,10,91,4,2
180,10,91,4,2
184,10,108,7,2
185,10,108,7,2
196,10,68,5,2
187,10,76,7,2
184,10,68,5,2
183,10,78,7,2
185,10,108,7,2
195,10,108,7,2
192,10,76,7,2
188,10,106,5,2
186,10,74,6,2
190,10,74,6,2
192,10,68,5,2
208,10,106,5,2
208,10,106,5,2
208,10,106,5,2
208,10,106,5,2
208,10,106,5,2
208,10,106,5,2
196,10,68,5,2
189,10,68,5,2
189,10,68,5,2
189,10,68,5,2
179,10,76,7,2
179,10,76,7,2
208,10,106,5,2
208,10,106,5,2
208,10,106,5,2
208,10,106,5,2
179,10,76,7,2
191,10,74,6,2
191,10,74,6,2
180,10,61,4,2
184,10,76,7,2
196,10,68,5,2
190,10,104,6,2
190,10,104,6,2
195,10,104,6,2
191,10,104,6,2
195,10,104,6,2
196,10,68,5,2
192,10,80,6,2
190,10,104,6,2
199,10,104,6,2
190,10,104,6,2
190,10,104,6,2
190,10,104,6,2
190,10,104,6,2
190,10,104,6,2
190,10,104,6,2
190,10,104,6,2
190,10,104,6,2
189,10,102,6,2
181,10,68,5,2
188,10,77,1,2
188,10,77,1,2
203,10,94,4,2
183,10,80,6,2
187,10,74,6,2
186,10,74,6,2
186,10,74,6,2
186,10,74,6,2
186,10,74,6,2
186,10,74,6,2
186,10,74,6,2
186,10,74,6,2
186,10,74,6,2
186,10,74,6,2
194,10,74,6,2
194,10,74,6,2
194,10,74,6,2
194,10,74,6,2
194,10,74,6,2
194,10,74,6,2
187,10,74,6,2
187,10,74,6,2
187,10,74,6,2
187,10,74,6,2
185,10,104,6,2
186,10,98,4,2
184,10,80,6,2
182,10,102,5,2
185,10,68,5,2
189,10,108,7,2
206,10,108,7,2
193,10,108,7,2
193,10,108,7,2
193,10,108,7,2
193,10,108,7,2
193,10,108,7,2
193,10,104,6,2
193,10,108,7,2
193,10,108,7,2
193,10,104,6,2
193,10,104,6,2
195,10,104,6,2
189,10,68,5,2
189,10,68,5,2
189,10,68,5,2
189,10,76,7,2
189,10,76,7,2
195,10,68,5,2
195,10,68,5,2
195,10,68,5,2
195,10,68,5,2
195,10,68,5,2
195,10,68,5,2
183,10,68,5,2
183,10,68,5,2
187,10,68,5,2
188,10,74,6,2
188,10,74,6,2
188,10,74,6,2
188,10,74,6,2
187,10,74,6,2
189,10,74,6,2
188,10,74,6,2
188,10,74,6,2
190,10,76,7,2
187,10,76,7,2
187,10,76,7,2
190,10,68,5,2
190,10,68,5,2
190,10,68,5,2
190,10,68,5,2
185,10,74,6,2
188,10,74,6,2
185,10,74,6,2
185,10,74,6,2
188,10,74,6,2
188,10,74,6,2
188,10,74,6,2
188,10,74,6,2
185,10,74,6,2
188,10,74,6,2
205,10,94,4,2
185,10,104,6,2
184,10,76,7,2
184,10,76,7,2
183,10,76,7,2
187,10,76,7,2
186,10,108,7,2
195,10,76,7,2
195,10,76,7,2
193,10,76,7,2
202,10,68,5,2
202,10,68,5,2
187,10,82,7,2
193,10,76,7,2
195,10,76,7,2
186,10,108,7,2
187,10,82,7,2
508,11,102,4,2
187,10,82,7,2
187,10,82,7,2
187,10,82,7,2
192,10,76,7,2
192,10,76,7,2
186,10,98,5,2
190,10,72,6,2
191,10,74,6,2
189,10,76,7,2
189,10,76,7,2
191,10,74,6,2
189,10,76,7,2
186,10,68,5,2
186,10,68,5,2
188,10,74,6,2
188,10,74,6,2
189,10,76,7,2
193,10,74,6,2
193,10,74,6,2
193,10,74,6,2
193,10,74,6,2
193,10,74,6,2
193,10,74,6,2
187,10,68,5,2
187,10,68,5,2
196,10,68,5,2
181,10,76,7,2
181,10,76,7,2
188,10,76,7,2
188,10,76,7,2
188,10,76,7,2
188,10,76,7,2
188,10,76,7,2
188,10,76,7,2
188,10,76,7,2
188,10,76,7,2
188,10,76,7,2
188,10,76,7,2
188,10,76,7,2
188,10,76,7,2
202,10,68,5,2
185,10,76,7,2
185,10,76,7,2
185,10,76,7,2
185,10,76,7,2
185,10,76,7,2
187,10,76,7,2
187,10,76,7,2
187,10,76,7,2
188,10,76,7,2
188,10,76,7,2
194,10,108,7,2
189,10,57,3,2
184,10,104,6,2
189,10,57,3,2
184,10,104,6,2
188,10,74,6,2
190,10,76,7,2
187,10,108,7,2
187,10,108,7,2
187,10,108,7,2
188,10,74,6,2
188,10,74,6,2
188,10,74,6,2
188,10,74,6,2
188,10,74,6,2
188,10,74,6,2
192,10,74,6,2
192,10,74,6,2
194,10,74,6,2
194,10,74,6,2
194,10,74,6,2
194,10,74,6,2
194,10,74,6,2
194,10,74,6,2
192,10,74,6,2
192,10,74,6,2
194,10,74,6,2
190,10,76,7,2
186,10,104,6,2
192,10,108,7,2
192,10,108,7,2
192,10,108,7,2
181,10,76,7,2
192,10,76,7,2
192,10,76,7,2
192,10,76,7,2
192,10,76,7,2
187,10,76,7,2
195,10,104,6,2
508,11,86,2,2
205,10,108,7,2
189,10,80,6,2
189,10,80,6,2
194,10,68,5,2
194,10,68,5,2
194,10,74,6,2
195,10,94,4,2
193,10,108,7,2
193,10,104,6,2
205,10,108,7,2
192,10,80,6,2
186,10,98,5,2
186,10,98,5,2
192,10,68,5,2
234,10,76,7,2
194,10,74,6,2
189,10,74,6,2
189,10,74,6,2
188,10,68,5,2
182,10,106,6,2
201,10,74,6,2
190,10,74,6,2
190,10,74,6,2
190,10,74,6,2
190,10,74,6,2
185,10,99,6,2
195,10,106,6,2
196,10,74,6,2
190,10,74,6,2
190,10,74,6,2
188,10,108,7,2
196,10,68,5,2
196,10,68,5,2
200,10,68,5,2
184,10,104,6,2
207,10,68,5,2
186,10,68,5,2
186,10,68,5,2
182,10,96,4,2
196,10,68,5,2
196,10,68,5,2
196,10,68,5,2
200,10,68,5,2
195,10,68,5,2
186,10,100,5,2
197,10,68,5,2
186,10,68,5,2
186,10,68,5,2
186,10,72,4,2
193,10,78,6,2
190,10,102,5,2
181,10,93,4,2
185,10,104,6,2
187,10,76,7,2
182,10,76,7,2
182,10,76,7,2
182,10,76,7,2
182,10,76,7,2
182,10,76,7,2
182,10,76,7,2
201,10,76,7,2
182,10,76,7,2
182,10,76,7,2
201,10,89,3,2
194,10,78,7,2
201,10,89,3,2
201,10,89,3,2
180,10,74,6,2
184,10,74,6,2
184,10,70,5,2
181,10,74,5,2
185,10,74,6,2
192,10,74,6,2
192,10,74,6,2
192,10,74,6,2
192,10,74,6,2
192,10,74,6,2
192,10,74,6,2
195,10,78,7,2
182,10,76,7,2
186,10,76,7,2
192,10,76,7,2
192,10,76,7,2
192,10,76,7,2
196,10,76,7,2
196,10,76,7,2
196,10,76,7,2
196,10,76,7,2
196,10,76,7,2
196,10,76,7,2
187,10,76,7,2
187,10,76,7,2
186,10,76,7,2
195,10,76,7,2
195,10,76,7,2
191,10,76,7,2
187,10,76,7,2
186,10,76,7,2
196,10,76,7,2
196,10,76,7,2
196,10,76,7,2
194,10,76,7,2
194,10,76,7,2
194,10,76,7,2
194,10,76,7,2
194,10,76,7,2
194,10,76,7,2
186,10,68,5,2
181,10,76,7,2
191,10,68,5,2
192,10,80,6,2
508,11,96,4,2
191,10,68,5,2
192,10,80,6,2
187,10,68,5,2
187,10,68,5,2
187,10,68,5,2
187,10,68,5,2
195,10,68,5,2
189,10,68,5,2
189,10,68,5,2
186,10,76,7,2
186,10,76,7,2
181,10,76,7,2
508,11,80,6,2
508,11,80,6,2
192,10,80,6,2
187,10,68,5,2
179,10,102,6,2
183,10,102,6,2
186,10,74,6,2
181,10,87,3,2
186,10,108,7,2
190,10,108,7,2
191,10,76,7,2
196,10,68,5,2
184,10,98,5,2
184,10,98,5,2
188,10,98,5,2
188,10,74,6,2
188,10,74,6,2
188,10,74,6,2
188,10,74,6,2
508,11,90,3,2
193,10,74,6,2
197,10,72,6,2
197,10,72,6,2
191,10,102,6,2
186,10,68,5,2
188,10,98,5,2
181,10,68,5,2
185,10,68,5,2
187,10,68,5,2
187,10,68,5,2
189,10,68,5,2
187,10,68,5,2
187,10,68,5,2
186,10,108,7,2
190,10,108,7,2
189,10,76,7,2
206,10,74,6,2
188,10,68,5,2
202,10,68,5,2
195,10,108,7,2
195,10,108,7,2
197,10,108,7,2
192,10,108,7,2
193,10,108,7,2
193,10,108,7,2
185,10,104,6,2
193,10,108,7,2
193,10,108,7,2
193,10,108,7,2
184,10,78,7,2
193,10,108,7,2
192,10,76,7,2
190,10,104,6,2
190,10,104,6,2
181,10,78,7,2
181,10,78,7,2
181,10,78,7,2
181,10,78,7,2
181,10,78,7,2
186,10,76,7,2
181,10,78,7,2
201,10,76,7,2
190,10,108,7,2
199,10,108,7,2
188,10,68,5,2
190,10,108,7,2
194,10,78,7,2
188,10,108,7,2
195,10,104,6,2
198,10,104,6,2
195,10,104,6,2
198,10,104,6,2
185,10,68,5,2
189,10,68,5,2
187,10,68,5,2
187,10,68,5,2
187,10,68,5,2
189,10,68,5,2
187,10,68,5,2
181,10,112,6,2
185,10,108,7,2
188,10,74,6,2
193,10,68,5,2
195,10,68,5,2
195,10,68,5,2
195,10,68,5,2
187,10,68,5,2
189,10,82,7,2
182,10,102,6,2
201,10,76,7,2
201,10,76,7,2
189,10,76,7,2
201,10,76,7,2
195,10,76,7,2
192,10,68,5,2
195,10,76,7,2
192,10,68,5,2
192,10,68,5,2
191,10,76,7,2
217,10,85,3,2
195,10,68,5,2
217,10,85,3,2
218,10,106,6,2
218,10,106,6,2
183,10,98,5,2
183,10,98,5,2
187,10,98,5,2
188,10,102,6,2
188,10,102,6,2
189,10,74,6,2
179,10,76,7,2
179,10,76,7,2
183,10,76,7,2
195,10,68,5,2
195,10,68,5,2
508,11,96,4,2
190,10,74,6,2
197,10,99,6,2
197,10,99,6,2
197,10,99,6,2
197,10,99,6,2
204,10,74,6,2
204,10,74,6,2
195,10,74,6,2
195,10,74,6,2
195,10,74,6,2
195,10,74,6,2
195,10,74,6,2
195,10,74,6,2
187,10,74,6,2
187,10,74,6,2
187,10,74,6,2
187,10,74,6,2
187,10,74,6,2
187,10,74,6,2
189,10,74,6,2
189,10,74,6,2
189,10,74,6,2
189,10,74,6,2
183,10,76,7,2
199,10,99,6,2
202,10,74,6,2
191,10,74,6,2
188,10,108,7,2
196,10,108,7,2
196,10,108,7,2
197,10,76,7,2
189,10,76,7,2
202,10,68,5,2
200,10,108,7,2
202,10,68,5,2
202,10,76,7,2
201,10,68,5,2
192,10,108,7,2
189,10,68,5,2
188,10,89,3,2
189,10,74,6,2
191,10,68,5,2
188,10,108,7,2
181,10,108,7,2
186,10,76,7,2
192,10,76,7,2
192,10,76,7,2
192,10,76,7,2
181,10,76,7,2
181,10,76,7,2
186,10,76,7,2
186,10,76,7,2
196,10,68,5,2
196,10,68,5,2
188,10,82,7,2
188,10,82,7,2
188,10,82,7,2
188,10,82,7,2
188,10,82,7,2
189,10,82,7,2
184,10,68,5,2
184,10,68,5,2
215,10,106,5,2
215,10,106,5,2
186,10,76,7,2
186,10,76,7,2
186,10,76,7,2
186,10,76,7,2
192,10,68,5,2
186,10,76,7,2
192,10,68,5,2
186,10,76,7,2
186,10,76,7,2
188,10,68,5,2
189,10,82,7,2
188,10,68,5,2
189,10,82,7,2
189,10,82,7,2
189,10,82,7,2
187,10,68,5,2
187,10,68,5,2
187,10,68,5,2
189,10,68,5,2
196,10,78,7,2
185,10,104,6,2
182,10,68,5,2
186,10,68,5,2
189,10,68,5,2
187,10,68,5,2
187,10,68,5,2
187,10,68,5,2
187,10,68,5,2
183,10,74,6,2
176,10,68,5,2
185,10,74,6,2
189,10,76,7,2
189,10,76,7,2
187,10,76,7,2
187,10,76,7,2
187,10,76,7,2
187,10,76,7,2
187,10,76,7,2
187,10,76,7,2
189,10,76,7,2
191,10,68,5,2
196,10,68,5,2
189,10,76,7,2
189,10,76,7,2
196,10,76,7,2
200,10,68,5,2
201,10,94,4,2
196,10,68,5,2
186,10,68,5,2
186,10,68,5,2
185,10,112,6,2
178,10,76,7,2
184,10,74,6,2
184,10,74,6,2
184,10,76,7,2
184,10,68,5,2
188,10,68,5,2
186,10,80,6,2
192,10,90,3,2
191,10,68,5,2
192,10,68,5,2
194,10,108,7,2
198,10,108,7,2
190,10,102,6,2
187,10,68,5,2
184,10,76,7,2
188,10,76,7,2
187,10,68,5,2
190,10,68,5,2
184,10,76,7,2
196,10,68,5,2
191,10,76,7,2
191,10,76,7,2
191,10,76,7,2
191,10,76,7,2
191,10,76,7,2
191,10,76,7,2
189,10,76,7,2
189,10,76,7,2
189,10,76,7,2
189,10,76,7,2
189,10,76,7,2
199,10,80,6,2
199,10,80,6,2
198,10,108,7,2
189,10,76,7,2
189,10,76,7,2
189,10,76,7,2
189,10,76,7,2
189,10,76,7,2
199,10,80,6,2
199,10,80,6,2
198,10,108,7,2
181,10,68,5,2
236,10,104,6,2
200,10,68,5,2
508,11,92,2,2
508,11,92,2,2
199,10,80,6,2
199,10,80,6,2
199,10,80,6,2
199,10,80,6,2
199,10,80,6,2
199,10,80,6,2
199,10,80,6,2
199,10,80,6,2
190,10,68,5,2
190,10,68,5,2
194,10,104,6,2
194,10,104,6,2
190,10,104,6,2
184,10,65,5,2
182,10,76,7,2
186,10,76,7,2
181,10,68,5,2
185,10,68,5,2
186,10,102,6,2
185,10,68,5,2
183,10,68,5,2
183,10,68,5,2
187,10,68,5,2
182,10,74,6,2
182,10,76,7,2
183,10,74,6,2
187,10,74,6,2
181,10,80,6,2
187,10,108,7,2
190,10,108,7,2
190,10,76,7,2
190,10,76,7,2
190,10,76,7,2
190,10,76,7,2
190,10,76,7,2
190,10,76,7,2
190,10,76,7,2
190,10,76,7,2
190,10,76,7,2
190,10,76,7,2
190,10,76,7,2
203,10,108,7,2
203,10,108,7,2
189,10,104,6,2
191,10,112,6,2
188,10,112,6,2
188,10,112,6,2
184,10,78,7,2
188,10,108,7,2
194,10,80,6,2
187,10,108,7,2
188,10,98,4,2
192,10,98,4,2
192,10,98,4,2
196,10,68,5,2
188,10,108,7,2
188,10,108,7,2
192,10,108,7,2
187,10,108,7,2
201,10,99,6,2
186,10,95,5,2
189,10,99,6,2
189,10,76,7,2
189,10,76,7,2
189,10,99,6,2
189,10,76,7,2
196,10,108,7,2
196,10,108,7,2
188,10,68,5,2
188,10,96,4,2
188,10,68,5,2
196,10,108,7,2
196,10,108,7,2
196,10,68,5,2
189,10,68,5,2
188,10,96,4,2
196,10,108,7,2
196,10,68,5,2
191,10,99,6,2
185,10,76,7,2
188,10,68,5,2
188,10,68,5,2
188,10,68,5,2
200,10,68,5,2
196,10,108,7,2
192,10,108,7,2
193,10,76,7,2
193,10,76,7,2
187,10,82,7,2
194,10,68,5,2
185,10,98,5,2
189,10,74,6,2
179,10,76,7,2
187,10,82,7,2
508,11,102,4,2
508,11,87,3,2
189,10,76,7,2
183,10,108,7,2
183,10,108,7,2
183,10,108,7,2
183,10,108,7,2
183,10,108,7,2
183,10,108,7,2
183,10,108,7,2
183,10,108,7,2
183,10,108,7,2
183,10,108,7,2
183,10,108,7,2
183,10,108,7,2
183,10,108,7,2
183,10,108,7,2
183,10,108,7,2
183,10,108,7,2
183,10,108,7,2
187,10,108,7,2
186,10,68,5,2
195,10,68,5,2
179,10,91,4,2
179,10,91,4,2
183,10,76,7,2
194,10,68,5,2
194,10,68,5,2
192,10,108,7,2
194,10,68,5,2
194,10,68,5,2
194,10,68,5,2
194,10,68,5,2
192,10,108,7,2
192,10,108,7,2
194,10,68,5,2
194,10,68,5,2
192,10,108,7,2
192,10,108,7,2
192,10,108,7,2
192,10,108,7,2
184,10,104,6,2
192,10,108,7,2
192,10,108,7,2
192,10,108,7,2
192,10,108,7,2
192,10,108,7,2
184,10,104,6,2
192,10,108,7,2
192,10,108,7,2
198,10,68,5,2
198,10,68,5,2
198,10,68,5,2
198,10,68,5,2
184,10,104,6,2
184,10,104,6,2
184,10,104,6,2
184,10,104,6,2
190,10,68,5,2
190,10,68,5,2
194,10,76,7,2
182,10,70,5,2
183,10,74,6,2
182,10,76,7,2
182,10,76,7,2
186,10,76,7,2
186,10,76,7,2
192,10,68,5,2
192,10,68,5,2
192,10,68,5,2
179,10,80,6,2
194,10,80,6,2
183,10,80,6,2
508,11,96,3,2
191,10,80,6,2
187,10,80,6,2
191,10,80,6,2
179,10,80,6,2
191,10,70,5,2
191,10,70,5,2
191,10,70,5,2
191,10,70,5,2
179,10,80,6,2
191,10,70,5,2
191,10,70,5,2
191,10,70,5,2
191,10,70,5,2
192,10,74,6,2
192,10,74,6,2
192,10,74,6,2
192,10,74,6,2
181,10,70,5,2
184,10,70,5,2
188,10,74,6,2
184,10,70,5,2
182,10,74,6,2
184,10,74,6,2
508,11,96,3,2
508,11,96,3,2
191,10,80,6,2
184,10,74,6,2
191,10,80,6,2
191,10,80,6,2
191,10,80,6,2
184,10,74,6,2
185,10,70,5,2
185,10,70,5,2
185,10,70,5,2
184,10,74,6,2
185,10,70,5,2
185,10,70,5,2
185,10,70,5,2
183,10,80,6,2
184,10,74,6,2
183,10,80,6,2
186,10,76,5,2
193,10,76,5,2
186,10,76,5,2
193,10,76,5,2
194,10,74,6,2
182,10,87,3,2
180,10,68,5,2
180,10,68,5,2
182,10,87,3,2
187,10,68,5,2
183,10,68,5,2
192,10,68,5,2
189,10,68,5,2
191,10,68,5,2
187,10,68,5,2
205,10,59,4,2
205,10,59,4,2
186,10,68,5,2
508,11,87,3,2
508,11,87,3,2
205,10,59,4,2
205,10,59,4,2
178,10,80,6,2
182,10,80,6,2
182,10,80,6,2
182,10,80,6,2
181,10,76,7,2
186,10,80,6,2
184,10,76,7,2
189,10,80,6,2
196,10,68,5,2
183,10,76,7,2
183,10,76,7,2
183,10,76,7,2
183,10,76,7,2
187,10,108,7,2
187,10,104,6,2
201,10,108,7,2
194,10,76,7,2
191,10,68,5,2
192,10,98,4,2
187,10,76,7,2
187,10,76,7,2
188,10,68,5,2
196,10,108,7,2
190,10,68,5,2
202,10,68,5,2
182,10,68,5,2
182,10,68,5,2
183,10,76,7,2
185,10,76,7,2
196,10,68,5,2
198,10,108,7,2
198,10,108,7,2
200,10,68,5,2
200,10,68,5,2
188,10,98,4,2
183,10,76,7,2
183,10,76,7,2
183,10,76,7,2
183,10,76,7,2
183,10,76,7,2
183,10,76,7,2
205,10,68,5,2
184,10,76,7,2
184,10,76,7,2
191,10,68,5,2
184,10,76,7,2
191,10,68,5,2
196,10,68,5,2
196,10,68,5,2
183,10,76,7,2
183,10,76,7,2
191,10,76,7,2
191,10,76,7,2
192,10,98,4,2
187,10,76,7,2
187,10,76,7,2
187,10,68,5,2
186,10,76,7,2
186,10,76,7,2
188,10,76,7,2
196,10,68,5,2
196,10,76,7,2
196,10,68,5,2
196,10,68,5,2
195,10,68,5,2
196,10,68,5,2
201,10,76,7,2
195,10,70,5,2
185,10,74,6,2
193,10,102,5,2
193,10,102,5,2
185,10,76,7,2
185,10,76,7,2
186,10,68,5,2
187,10,68,5,2
187,10,74,6,2
196,10,68,5,2
196,10,68,5,2
191,10,68,5,2
187,10,74,6,2
195,10,76,7,2
195,10,76,7,2
186,10,80,6,2
195,10,80,6,2
181,10,74,6,2
185,10,78,7,2
186,10,81,2,2
189,10,81,2,2
182,10,78,7,2
182,10,78,7,2
182,10,78,7,2
182,10,78,7,2
189,10,81,2,2
178,10,68,5,2
184,10,76,7,2
184,10,76,7,2
188,10,76,7,2
188,10,76,7,2
192,10,76,7,2
192,10,76,7,2
197,10,76,7,2
191,10,74,6,2
191,10,74,6,2
192,10,76,7,2
192,10,68,5,2
183,10,80,6,2
183,10,80,6,2
189,10,74,6,2
192,10,80,6,2
189,10,74,6,2
189,10,74,6,2
189,10,74,6,2
190,10,74,6,2
189,10,68,5,2
189,10,68,5,2
189,10,68,5,2
189,10,68,5,2
182,10,76,7,2
186,10,76,7,2
190,10,76,7,2
190,10,76,7,2
190,10,76,7,2
190,10,76,7,2
187,10,76,7,2
192,10,108,7,2
187,10,76,7,2
187,10,76,7,2
187,10,76,7,2
187,10,76,7,2
187,10,76,7,2
187,10,76,7,2
192,10,68,5,2
191,10,76,7,2
194,10,76,7,2
508,11,96,4,2
187,10,76,7,2
187,10,76,7,2
187,10,76,7,2
187,10,76,7,2
508,11,96,4,2
191,10,76,7,2
191,10,76,7,2
183,10,68,5,2
187,10,68,5,2
183,10,74,6,2
187,10,74,6,2
179,10,61,4,2
182,10,76,7,2
178,10,74,6,2
188,10,98,4,2
191,10,98,4,2
191,10,98,4,2
191,10,98,4,2
191,10,98,4,2
191,10,98,4,2
191,10,98,4,2
191,10,98,4,2
183,10,61,4,2
179,10,70,5,2
179,10,70,5,2
187,10,74,6,2
181,10,70,5,2
188,10,70,5,2
188,10,70,5,2
188,10,70,5,2
188,10,70,5,2
188,10,70,5,2
188,10,70,5,2
188,10,70,5,2
188,10,74,6,2
189,10,74,6,2
187,10,74,6,2
182,10,74,6,2
183,10,74,6,2
183,10,74,6,2
183,10,74,6,2
182,10,74,6,2
182,10,74,6,2
182,10,74,6,2
182,10,74,6,2
182,10,74,6,2
182,10,74,6,2
182,10,74,6,2
182,10,74,6,2
186,10,74,6,2
189,10,74,6,2
189,10,74,6,2
189,10,74,6,2
189,10,74,6,2
189,10,74,6,2
185,10,76,7,2
190,10,53,3,2
195,10,74,6,2
195,10,74,6,2
188,10,74,6,2
185,10,76,7,2
186,10,74,6,2
186,10,74,6,2
202,10,68,5,2
202,10,68,5,2
189,10,53,3,2
189,10,53,3,2
188,10,74,6,2
188,10,74,6,2
188,10,74,6,2
188,10,74,6,2
188,10,74,6,2
188,10,74,6,2
186,10,104,6,2
189,10,53,3,2
183,10,104,6,2
508,11,53,3,2
184,10,74,6,2
184,10,74,6,2
181,10,80,6,2
197,10,68,5,2
182,10,70,5,2
177,10,98,4,2
188,10,98,4,2
191,10,98,4,2
184,10,98,4,2
191,10,98,4,2
191,10,98,4,2
191,10,98,4,2
187,10,76,7,2
187,10,76,7,2
191,10,76,7,2
182,10,76,7,2
186,10,76,7,2
188,10,76,7,2
188,10,76,7,2
188,10,76,7,2
188,10,76,7,2
188,10,76,7,2
188,10,76,7,2
188,10,76,7,2
188,10,76,7,2
188,10,76,7,2
188,10,76,7,2
187,10,76,7,2
187,10,76,7,2
194,10,108,7,2
200,10,76,7,2
182,10,72,4,2
186,10,72,4,2
191,10,76,7,2
191,10,76,7,2
191,10,76,7,2
191,10,76,7,2
191,10,68,5,2
186,10,68,5,2
186,10,68,5,2
186,10,72,4,2
186,10,72,4,2
186,10,72,4,2
187,10,68,5,2
187,10,68,5,2
189,10,76,7,2
186,10,98,5,2
193,10,98,4,2
191,10,98,4,2
191,10,98,4,2
204,10,94,4,2
184,10,55,3,2
179,10,76,7,2
183,10,76,7,2
192,10,68,5,2
192,10,68,5,2
192,10,76,7,2
192,10,76,7,2
183,10,76,7,2
192,10,76,7,2
191,10,72,6,2
191,10,72,6,2
189,10,68,5,2
193,10,108,7,2
193,10,108,7,2
193,10,108,7,2
193,10,108,7,2
182,10,76,7,2
186,10,76,7,2
192,10,68,5,2
189,10,76,7,2
189,10,76,7,2
189,10,68,5,2
186,10,68,5,2
202,10,68,5,2
186,10,68,5,2
196,10,68,5,2
189,10,76,7,2
189,10,76,7,2
187,10,68,5,2
187,10,68,5,2
187,10,68,5,2
196,10,76,7,2
508,11,96,4,2
186,10,68,5,2
181,10,68,5,2
189,10,76,7,2
188,10,108,7,2
188,10,108,7,2
188,10,108,7,2
188,10,108,7,2
188,10,108,7,2
188,10,108,7,2
191,10,68,5,2
201,10,108,7,2
188,10,108,7,2
188,10,108,7,2
189,10,76,7,2
189,10,76,7,2
190,10,99,6,2
191,10,80,6,2
187,10,68,5,2
187,10,68,5,2
203,10,74,6,2
187,10,68,5,2
196,10,76,7,2
203,10,74,6,2
196,10,76,7,2
189,10,68,5,2
189,10,68,5,2
187,10,68,5,2
185,10,76,5,2
189,10,80,6,2
508,11,92,2,2
189,10,80,6,2
189,10,80,6,2
189,10,80,6,2
189,10,80,6,2
189,10,80,6,2
189,10,80,6,2
185,10,108,7,2
189,10,80,6,2
189,10,80,6,2
195,10,72,6,2
187,10,76,7,2
196,10,80,6,2
187,10,76,7,2
196,10,80,6,2
193,10,98,5,2
193,10,98,5,2
197,10,89,4,2
189,10,106,6,2
189,10,106,6,2
189,10,106,6,2
189,10,106,6,2
193,10,98,5,2
183,10,108,7,2
184,10,102,6,2
190,10,74,6,2
207,10,94,4,2
190,10,74,6,2
189,10,74,6,2
189,10,74,6,2
189,10,74,6,2
189,10,74,6,2
189,10,74,6,2
189,10,74,6,2
189,10,74,6,2
189,10,74,6,2
194,10,74,6,2
194,10,74,6,2
192,10,76,7,2
187,10,68,5,2
187,10,68,5,2
200,10,68,5,2
187,10,68,5,2
192,10,68,5,2
197,10,68,5,2
189,10,68,5,2
187,10,68,5,2
197,10,68,5,2
189,10,68,5,2
189,10,68,5,2
197,10,68,5,2
197,10,68,5,2
197,10,68,5,2
197,10,68,5,2
196,10,68,5,2
197,10,68,5,2
197,10,68,5,2
189,10,68,5,2
197,10,68,5,2
197,10,68,5,2
197,10,68,5,2
189,10,68,5,2
189,10,68,5,2
197,10,68,5,2
196,10,68,5,2
181,10,78,7,2
181,10,78,7,2
508,11,90,3,2
186,10,81,2,2
189,10,81,2,2
182,10,78,7,2
182,10,78,7,2
182,10,78,7,2
182,10,78,7,2
183,10,76,7,2
183,10,76,7,2
197,10,68,5,2
186,10,68,5,2
186,10,68,5,2
178,10,102,5,2
186,10,89,4,2
178,10,102,5,2
190,10,78,7,2
186,10,74,6,2
187,10,78,6,2
189,10,108,7,2
180,10,91,4,2
202,10,94,4,2
201,10,94,4,2
180,10,74,6,2
192,10,102,6,2
193,10,98,5,2
192,10,74,6,2
181,10,80,6,2
195,10,74,6,2
184,10,78,7,2
188,10,78,7,2
191,10,74,6,2
208,10,91,4,2
195,10,102,5,2
195,10,102,5,2
190,10,74,6,2
196,10,76,7,2
188,10,74,6,2
188,10,74,6,2
188,10,74,6,2
196,10,68,5,2
196,10,68,5,2
187,10,74,6,2
186,10,76,7,2
196,10,68,5,2
189,10,78,7,2
189,10,78,7,2
189,10,78,7,2
189,10,78,7,2
189,10,78,7,2
189,10,78,7,2
190,10,80,6,2
189,10,74,6,2
195,10,102,5,2
188,10,76,7,2
188,10,76,7,2
188,10,76,7,2
188,10,76,7,2
188,10,76,7,2
188,10,76,7,2
188,10,76,7,2
194,10,108,7,2
187,10,108,7,2
187,10,80,6,2
196,10,74,5,2
196,10,74,5,2
199,10,74,5,2
199,10,74,5,2
196,10,74,5,2
199,10,74,5,2
190,10,76,7,2
190,10,76,7,2
190,10,76,7,2
187,10,108,7,2
196,10,76,7,2
189,10,91,4,2
189,10,91,4,2
189,10,91,4,2
190,10,76,7,2
190,10,76,7,2
190,10,76,7,2
190,10,80,6,2
190,10,80,6,2
184,10,68,5,2
187,10,104,6,2
187,10,104,6,2
188,10,68,5,2
189,10,68,5,2
187,10,68,5,2
187,10,68,5,2
187,10,68,5,2
187,10,68,5,2
184,10,61,4,2
191,10,68,5,2
182,10,76,7,2
187,10,108,7,2
191,10,70,5,2
183,10,102,5,2
183,10,102,5,2
180,10,98,3,2
180,10,98,3,2
184,10,74,6,2
184,10,74,6,2
179,10,78,7,2
183,10,78,7,2
187,10,76,7,2
191,10,68,5,2
181,10,76,7,2
185,10,76,7,2
202,10,68,5,2
186,10,68,5,2
186,10,68,5,2
181,10,98,4,2
186,10,78,7,2
186,10,78,7,2
196,10,78,7,2
196,10,78,7,2
185,10,87,3,2
185,10,87,3,2
189,10,76,7,2
187,10,74,6,2
196,10,68,5,2
196,10,68,5,2
196,10,68,5,2
196,10,68,5,2
185,10,74,6,2
177,10,98,4,2
177,10,98,4,2
188,10,98,4,2
191,10,98,4,2
191,10,98,4,2
191,10,98,4,2
191,10,98,4,2
191,10,98,4,2
191,10,98,4,2
181,10,68,5,2
185,10,68,5,2
189,10,68,5,2
187,10,68,5,2
187,10,68,5,2
187,10,68,5,2
187,10,68,5,2
184,10,70,5,2
188,10,78,7,2
179,10,68,5,2
183,10,68,5,2
188,10,76,7,2
188,10,76,7,2
188,10,76,7,2
188,10,76,7,2
188,10,76,7,2
188,10,76,7,2
188,10,76,7,2
188,10,76,7,2
188,10,76,7,2
184,10,68,5,2
188,10,76,7,2
192,10,80,6,2
187,10,76,7,2
181,10,68,5,2
188,10,76,7,2
184,10,68,5,2
192,10,68,5,2
191,10,74,6,2
186,10,104,6,2
192,10,80,6,2
190,10,95,5,2
508,11,92,2,2
192,10,80,6,2
186,10,104,6,2
190,10,68,5,2
190,10,95,5,2
192,10,80,6,2
186,10,104,6,2
200,10,85,2,2
192,10,108,7,2
189,10,76,5,2
192,10,68,5,2
192,10,108,7,2
189,10,76,5,2
183,10,76,7,2
183,10,76,7,2
203,10,108,7,2
203,10,108,7,2
194,10,76,7,2
189,10,68,5,2
192,10,68,5,2
189,10,68,5,2
192,10,68,5,2
194,10,76,7,2
196,10,108,7,2
196,10,108,7,2
196,10,108,7,2
196,10,68,5,2
196,10,76,7,2
196,10,76,7,2
184,10,102,5,2
184,10,76,7,2
184,10,76,7,2
188,10,98,5,2
182,10,82,7,2
183,10,76,7,2
179,10,108,7,2
185,10,104,6,2
189,10,108,7,2
189,10,104,6,2
189,10,104,6,2
189,10,104,6,2
189,10,104,6,2
189,10,104,6,2
189,10,104,6,2
189,10,104,6,2
189,10,104,6,2
189,10,104,6,2
189,10,104,6,2
189,10,104,6,2
189,10,104,6,2
189,10,104,6,2
189,10,104,6,2
189,10,108,7,2
189,10,104,6,2
189,10,104,6,2
202,10,78,6,2
202,10,78,6,2
195,10,68,5,2
183,10,80,6,2
178,10,97,3,2
181,10,80,6,2
183,10,87,3,2
185,10,108,7,2
185,10,108,7,2
183,10,78,7,2
191,10,102,6,2
185,10,68,5,2
207,10,76,7,2
189,10,68,5,2
189,10,76,7,2
189,10,76,7,2
193,10,76,7,2
222,10,76,7,2
222,10,76,7,2
222,10,76,7,2
222,10,76,7,2
222,10,76,7,2
191,10,74,6,2
191,10,74,6,2
191,10,74,6,2
191,10,74,6,2
195,10,106,6,2
193,10,76,7,2
508,11,96,4,2
195,10,106,6,2
189,10,76,7,2
189,10,76,7,2
189,10,76,7,2
193,10,76,7,2
184,10,68,5,2
184,10,68,5,2
186,10,104,6,2
196,10,76,7,2
187,10,82,7,2
508,11,96,4,2
193,10,76,7,2
193,10,68,5,2
190,10,95,5,2
191,10,104,6,2
508,11,102,4,2
185,10,68,5,2
185,10,68,5,2
185,10,68,5,2
187,10,82,7,2
187,10,82,7,2
187,10,82,7,2
182,10,65,5,2
182,10,65,5,2
186,10,68,5,2
186,10,68,5,2
187,10,68,5,2
187,10,68,5,2
187,10,68,5,2
187,10,68,5,2
189,10,68,5,2
187,10,68,5,2
180,10,98,5,2
183,10,65,5,2
182,10,74,5,2
183,10,80,6,2
182,10,76,7,2
184,10,87,3,2
192,10,104,6,2
190,10,74,6,2
199,10,94,4,2
181,10,85,2,2
183,10,76,7,2
183,10,76,7,2
187,10,76,7,2
187,10,76,7,2
188,10,59,4,2
182,10,98,5,2
186,10,85,2,2
180,10,74,6,2
192,10,98,4,2
203,10,94,4,2
188,10,80,6,2
190,10,108,7,2
187,10,76,7,2
183,10,76,7,2
201,10,68,5,2
201,10,68,5,2
186,10,68,5,2
186,10,68,5,2
200,10,74,6,2
178,10,80,6,2
182,10,80,6,2
180,10,78,7,2
180,10,78,7,2
180,10,78,7,2
180,10,78,7,2
180,10,78,7,2
180,10,78,7,2
180,10,78,7,2
180,10,78,7,2
180,10,78,7,2
180,10,78,7,2
186,10,93,4,2
181,10,78,7,2
181,10,78,7,2
181,10,78,7,2
181,10,78,7,2
196,10,68,5,2
191,10,74,6,2
184,10,70,5,2
508,11,96,3,2
182,10,80,6,2
188,10,74,6,2
188,10,80,6,2
187,10,76,5,2
186,10,74,6,2
186,10,93,4,2
188,10,85,2,2
181,10,70,5,2
181,10,70,5,2
181,10,70,5,2
186,10,93,4,2
182,10,80,6,2
182,10,80,6,2
195,10,68,5,2
184,10,70,5,2
195,10,68,5,2
195,10,68,5,2
184,10,70,5,2
195,10,68,5,2
508,11,90,3,2
508,11,90,3,2
181,10,78,7,2
191,10,106,6,2
191,10,106,6,2
209,10,93,4,2
209,10,93,4,2
209,10,93,4,2
209,10,93,4,2
181,10,76,7,2
181,10,76,7,2
188,10,76,7,2
181,10,70,5,2
181,10,70,5,2
185,10,104,6,2
189,10,74,6,2
189,10,74,6,2
187,10,76,7,2
187,10,76,7,2
199,10,76,7,2
199,10,76,7,2
199,10,76,7,2
199,10,76,7,2
199,10,76,7,2
196,10,68,5,2
191,10,76,7,2
185,10,76,7,2
186,10,68,5,2
197,10,108,7,2
197,10,108,7,2
186,10,70,5,2
186,10,70,5,2
190,10,74,6,2
189,10,74,6,2
187,10,74,6,2
187,10,74,6,2
187,10,74,6,2
187,10,74,6,2
187,10,74,6,2
187,10,74,6,2
189,10,74,6,2
189,10,74,6,2
189,10,74,6,2
189,10,74,6,2
189,10,74,6,2
189,10,74,6,2
189,10,74,6,2
189,10,74,6,2
189,10,74,6,2
187,10,74,6,2
185,10,74,6,2
191,10,74,6,2
191,10,76,7,2
191,10,74,6,2
191,10,74,6,2
190,10,70,5,2
190,10,70,5,2
190,10,70,5,2
190,10,70,5,2
191,10,74,6,2
190,10,70,5,2
190,10,70,5,2
190,10,70,5,2
195,10,76,7,2
190,10,76,7,2
185,10,108,7,2
190,10,76,7,2
185,10,108,7,2
198,10,102,6,2
183,10,76,5,2
183,10,76,5,2
182,10,74,6,2
186,10,76,7,2
186,10,76,7,2
193,10,76,7,2
193,10,76,7,2
193,10,76,7,2
193,10,76,7,2
193,10,76,7,2
193,10,76,7,2
193,10,76,7,2
193,10,76,7,2
193,10,76,7,2
193,10,76,7,2
182,10,80,6,2
182,10,80,6,2
182,10,74,6,2
189,10,74,6,2
189,10,74,6,2
189,10,74,6,2
189,10,74,6,2
189,10,74,6,2
189,10,74,6,2
189,10,74,6,2
189,10,74,6,2
189,10,74,6,2
194,10,76,7,2
189,10,74,6,2
189,10,74,6,2
189,10,74,6,2
189,10,74,6,2
189,10,74,6,2
189,10,74,6,2
189,10,74,6,2
189,10,74,6,2
194,10,76,7,2
187,10,76,7,2
189,10,74,6,2
189,10,74,6,2
189,10,74,6,2
189,10,74,6,2
189,10,74,6,2
189,10,74,6,2
187,10,76,7,2
182,10,68,5,2
186,10,68,5,2
186,10,68,5,2
185,10,78,7,2
189,10,74,6,2
189,10,74,6,2
185,10,78,7,2
186,10,74,6,2
184,10,70,5,2
184,10,70,5,2
193,10,70,5,2
193,10,70,5,2
193,10,70,5,2
193,10,70,5,2
193,10,70,5,2
193,10,70,5,2
186,10,74,6,2
189,10,74,6,2
185,10,78,7,2
192,10,74,6,2
193,10,70,5,2
193,10,70,5,2
193,10,70,5,2
193,10,70,5,2
193,10,70,5,2
193,10,70,5,2
192,10,74,6,2
185,10,74,6,2
193,10,68,5,2
186,10,68,5,2
186,10,68,5,2
186,10,68,5,2
186,10,68,5,2
183,10,76,7,2
190,10,80,6,2
190,10,68,5,2
180,10,70,5,2
180,10,95,5,2
186,10,87,3,2
182,10,108,7,2
186,10,74,6,2
179,10,80,6,2
183,10,80,6,2
183,10,72,6,2
187,10,72,6,2
182,10,80,6,2
184,10,76,7,2
184,10,76,7,2
203,10,94,4,2
187,10,68,5,2
184,10,112,6,2
185,10,104,6,2
188,10,102,5,2
191,10,68,5,2
183,10,68,5,2
179,10,74,6,2
179,10,74,6,2
193,10,68,5,2
185,10,104,6,2
185,10,76,7,2
189,10,76,7,2
189,10,76,7,2
190,10,74,6,2
183,10,76,7,2
183,10,76,7,2
183,10,76,7,2
190,10,74,6,2
183,10,76,7,2
183,10,76,7,2
183,10,76,7,2
196,10,68,5,2
193,10,108,7,2
197,10,68,5,2
193,10,108,7,2
197,10,68,5,2
188,10,99,6,2
188,10,99,6,2
192,10,99,6,2
189,10,108,7,2
189,10,108,7,2
189,10,108,7,2
189,10,108,7,2
189,10,108,7,2
189,10,108,7,2
178,10,68,5,2
191,10,68,5,2
187,10,74,6,2
187,10,74,6,2
191,10,74,6,2
186,10,74,6,2
186,10,74,6,2
186,10,74,6,2
186,10,74,6,2
186,10,74,6,2
186,10,74,6,2
202,10,68,5,2
202,10,68,5,2
202,10,68,5,2
197,10,68,5,2
187,10,108,7,2
191,10,74,6,2
191,10,74,6,2
191,10,74,6,2
196,10,108,7,2
196,10,108,7,2
187,10,74,6,2
187,10,76,7,2
186,10,95,5,2
187,10,74,6,2
187,10,76,7,2
186,10,95,5,2
205,10,68,5,2
201,10,68,5,2
236,10,68,5,2
181,10,76,7,2
185,10,76,7,2
188,10,76,7,2
188,10,76,7,2
188,10,76,7,2
188,10,76,7,2
188,10,76,7,2
188,10,76,7,2
188,10,76,7,2
188,10,76,7,2
201,10,76,7,2
195,10,68,5,2
195,10,68,5,2
191,10,68,5,2
197,10,76,7,2
197,10,76,7,2
178,10,108,7,2
189,10,76,7,2
189,10,76,7,2
189,10,76,7,2
192,10,98,4,2
196,10,68,5,2
189,10,108,7,2
189,10,108,7,2
196,10,68,5,2
182,10,108,7,2
189,10,104,6,2
189,10,104,6,2
189,10,104,6,2
189,10,104,6,2
184,10,104,6,2
185,10,68,5,2
199,10,68,5,2
199,10,68,5,2
199,10,68,5,2
200,10,68,5,2
199,10,68,5,2
199,10,68,5,2
195,10,68,5,2
199,10,68,5,2
196,10,76,7,2
199,10,68,5,2
199,10,68,5,2
200,10,68,5,2
199,10,68,5,2
199,10,68,5,2
185,10,68,5,2
195,10,68,5,2
199,10,68,5,2
199,10,68,5,2
188,10,98,4,2
184,10,104,6,2
196,10,76,7,2
184,10,108,7,2
189,10,104,6,2
184,10,108,7,2
200,10,68,5,2
200,10,68,5,2
182,10,110,6,2
200,10,68,5,2
200,10,68,5,2
192,10,68,5,2
192,10,68,5,2
183,10,68,5,2
183,10,68,5,2
187,10,68,5,2
186,10,68,5,2
186,10,68,5,2
186,10,68,5,2
186,10,68,5,2
186,10,98,5,2
182,10,98,5,2
187,10,76,7,2
187,10,76,7,2
191,10,76,7,2
191,10,76,7,2
189,10,76,7,2
189,10,76,7,2
189,10,76,7,2
189,10,76,7,2
189,10,76,7,2
189,10,76,7,2
189,10,76,7,2
189,10,76,7,2
189,10,76,7,2
189,10,76,7,2
189,10,76,7,2
189,10,76,7,2
192,10,68,5,2
188,10,108,7,2
192,10,68,5,2
192,10,68,5,2
188,10,108,7,2
189,10,68,5,2
197,10,94,4,2
197,10,94,4,2
199,10,68,5,2
199,10,68,5,2
192,10,68,5,2
200,10,68,5,2
187,10,68,5,2
197,10,68,5,2
197,10,68,5,2
197,10,68,5,2
197,10,68,5,2
197,10,68,5,2
197,10,68,5,2
189,10,68,5,2
189,10,68,5,2
189,10,68,5,2
189,10,68,5,2
189,10,68,5,2
189,10,68,5,2
189,10,68,5,2
196,10,68,5,2
184,10,61,4,2
184,10,61,4,2
188,10,104,6,2
189,10,76,7,2
189,10,76,7,2
189,10,68,5,2
201,10,108,7,2
201,10,108,7,2
201,10,108,7,2
201,10,108,7,2
201,10,108,7,2
201,10,108,7,2
189,10,76,7,2
189,10,76,7,2
187,10,68,5,2
196,10,76,7,2
196,10,76,7,2
192,10,70,5,2
192,10,70,5,2
191,10,76,7,2
191,10,76,7,2
191,10,76,7,2
191,10,76,7,2
191,10,76,7,2
191,10,76,7,2
192,10,70,5,2
196,10,68,5,2
192,10,70,5,2
182,10,76,7,2
196,10,68,5,2
182,10,76,7,2
186,10,76,7,2
192,10,68,5,2
197,10,68,5,2
195,10,82,7,2
191,10,76,7,2
196,10,68,5,2
197,10,74,6,2
197,10,74,6,2
197,10,74,6,2
197,10,74,6,2
197,10,74,6,2
197,10,74,6,2
196,10,68,5,2
190,10,74,6,2
197,10,74,6,2
197,10,74,6,2
197,10,74,6,2
197,10,74,6,2
190,10,74,6,2
196,10,68,5,2
197,10,74,6,2
197,10,74,6,2
197,10,74,6,2
197,10,74,6,2
202,10,68,5,2
189,10,68,5,2
189,10,68,5,2
189,10,68,5,2
189,10,68,5,2
189,10,68,5,2
189,10,68,5,2
189,10,68,5,2
189,10,68,5,2
188,10,76,7,2
205,10,68,5,2
191,10,76,7,2
186,10,104,6,2
186,10,104,6,2
206,10,104,6,2
206,10,104,6,2
206,10,104,6,2
206,10,104,6,2
206,10,104,6,2
206,10,104,6,2
183,10,76,7,2
196,10,68,5,2
190,10,104,6,2
190,10,104,6,2
190,10,104,6,2
190,10,104,6,2
190,10,104,6,2
190,10,104,6,2
215,10,104,6,2
215,10,104,6,2
206,10,104,6,2
206,10,104,6,2
206,10,104,6,2
206,10,104,6,2
206,10,104,6,2
206,10,104,6,2
183,10,76,7,2
190,10,108,7,2
190,10,104,6,2
196,10,68,5,2
190,10,104,6,2
190,10,104,6,2
190,10,104,6,2
190,10,104,6,2
215,10,104,6,2
215,10,104,6,2
180,10,61,4,2
180,10,61,4,2
184,10,104,6,2
196,10,68,5,2
196,10,68,5,2
192,10,68,5,2
192,10,68,5,2
192,10,68,5,2
192,10,68,5,2
181,10,74,6,2
181,10,74,6,2
185,10,74,6,2
189,10,76,7,2
189,10,76,7,2
189,10,76,7,2
192,10,68,5,2
185,10,68,5,2
196,10,76,7,2
187,10,74,6,2
187,10,80,6,2
185,10,108,7,2
189,10,76,7,2
189,10,76,7,2
196,10,68,5,2
192,10,99,6,2
192,10,99,6,2
192,10,95,5,2
192,10,95,5,2
189,10,76,7,2
192,10,95,5,2
192,10,95,5,2
196,10,76,7,2
194,10,108,7,2
194,10,108,7,2
194,10,108,7,2
194,10,108,7,2
194,10,108,7,2
194,10,108,7,2
192,10,99,6,2
192,10,99,6,2
192,10,99,6,2
192,10,99,6,2
508,11,95,5,2
508,11,87,3,2
192,10,95,5,2
192,10,95,5,2
192,10,95,5,2
186,10,74,6,2
196,10,68,5,2
198,10,76,7,2
198,10,76,7,2
183,10,104,6,2
183,10,104,6,2
188,10,108,7,2
201,10,76,7,2
192,10,108,7,2
192,10,108,7,2
192,10,108,7,2
192,10,108,7,2
192,10,108,7,2
179,10,74,6,2
183,10,74,6,2
188,10,74,6,2
183,10,74,6,2
183,10,74,6,2
194,10,108,7,2
194,10,108,7,2
186,10,78,7,2
186,10,78,7,2
191,10,81,2,2
191,10,81,2,2
183,10,68,5,2
183,10,68,5,2
187,10,68,5,2
181,10,68,5,2
181,10,68,5,2
185,10,68,5,2
185,10,68,5,2
194,10,68,5,2
192,10,108,7,2
188,10,108,7,2
187,10,76,7,2
187,10,76,7,2
192,10,108,7,2
185,10,76,7,2
190,10,68,5,2
178,10,74,6,2
178,10,74,6,2
182,10,74,6,2
182,10,74,6,2
183,10,76,7,2
186,10,74,6,2
186,10,74,6,2
186,10,74,6,2
186,10,74,6,2
186,10,74,6,2
186,10,74,6,2
196,10,68,5,2
185,10,76,7,2
185,10,76,7,2
192,10,98,4,2
192,10,68,5,2
192,10,68,5,2
196,10,68,5,2
189,10,68,5,2
189,10,108,7,2
185,10,68,5,2
200,10,68,5,2
183,10,112,6,2
183,10,112,6,2
187,10,112,6,2
187,10,112,6,2
181,10,74,6,2
181,10,74,6,2
185,10,74,6,2
185,10,74,6,2
187,10,74,6,2
195,10,76,7,2
181,10,70,5,2
179,10,80,6,2
191,10,80,6,2
187,10,80,6,2
191,10,80,6,2
179,10,80,6,2
508,11,96,3,2
179,10,80,6,2
191,10,70,5,2
191,10,70,5,2
191,10,70,5,2
191,10,70,5,2
191,10,70,5,2
191,10,70,5,2
192,10,74,6,2
184,10,70,5,2
188,10,74,6,2
188,10,74,6,2
185,10,70,5,2
185,10,70,5,2
184,10,74,6,2
186,10,76,5,2
508,11,96,3,2
508,11,96,3,2
191,10,80,6,2
191,10,80,6,2
191,10,80,6,2
191,10,80,6,2
181,10,70,5,2
181,10,70,5,2
184,10,68,5,2
193,10,76,5,2
188,10,68,5,2
181,10,70,5,2
187,10,68,5,2
187,10,68,5,2
187,10,68,5,2
189,10,68,5,2
187,10,68,5,2
184,10,76,7,2
188,10,76,7,2
182,10,53,3,2
188,10,80,6,2
194,10,80,6,2
179,10,80,6,2
183,10,80,6,2
191,10,85,3,2
182,10,74,6,2
186,10,74,6,2
184,10,78,7,2
184,10,78,7,2
192,10,68,5,2
192,10,68,5,2
184,10,78,7,2
181,10,78,7,2
181,10,78,7,2
189,10,68,5,2
189,10,68,5,2
189,10,68,5,2
184,10,78,7,2
184,10,78,7,2
184,10,78,7,2
189,10,68,5,2
189,10,68,5,2
189,10,68,5,2
184,10,78,7,2
184,10,78,7,2
184,10,78,7,2
196,10,78,7,2
201,10,68,5,2
182,10,87,3,2
182,10,87,3,2
186,10,108,7,2
196,10,108,7,2
194,10,108,7,2
194,10,108,7,2
185,10,80,6,2
194,10,108,7,2
194,10,108,7,2
185,10,80,6,2
183,10,74,6,2
183,10,74,6,2
183,10,74,6,2
183,10,74,6,2
183,10,74,6,2
183,10,74,6,2
183,10,74,6,2
183,10,74,6,2
183,10,74,6,2
183,10,74,6,2
189,10,80,6,2
508,11,96,3,2
189,10,80,6,2
189,10,80,6,2
189,10,80,6,2
189,10,80,6,2
196,10,68,5,2
193,10,80,6,2
193,10,80,6,2
193,10,80,6,2
193,10,80,6,2
196,10,68,5,2
184,10,70,5,2
196,10,68,5,2
188,10,74,6,2
188,10,76,5,2
192,10,80,6,2
184,10,70,5,2
192,10,80,6,2
192,10,80,6,2
200,10,68,5,2
188,10,74,6,2
188,10,76,5,2
192,10,80,6,2
192,10,80,6,2
192,10,80,6,2
178,10,76,7,2
182,10,76,7,2
182,10,76,7,2
182,10,76,7,2
182,10,76,7,2
188,10,68,5,2
188,10,68,5,2
191,10,68,5,2
185,10,78,7,2
189,10,78,7,2
178,10,55,3,2
178,10,55,3,2
187,10,68,5,2
192,10,85,3,2
192,10,106,6,2
197,10,98,5,2
197,10,98,5,2
186,10,108,7,2
186,10,108,7,2
190,10,108,7,2
189,10,108,7,2
189,10,104,6,2
189,10,108,7,2
189,10,108,7,2
189,10,108,7,2
189,10,108,7,2
189,10,104,6,2
188,10,108,7,2
189,10,108,7,2
184,10,87,3,2
184,10,87,3,2
188,10,104,6,2
212,10,74,6,2
212,10,74,6,2
212,10,74,6,2
212,10,74,6,2
212,10,74,6,2
212,10,74,6,2
189,10,76,7,2
207,10,74,6,2
207,10,74,6,2
207,10,74,6,2
207,10,74,6,2
193,10,95,5,2
193,10,95,5,2
192,10,68,5,2
192,10,68,5,2
182,10,74,6,2
186,10,76,7,2
182,10,104,6,2
193,10,74,6,2
190,10,68,5,2
186,10,76,7,2
181,10,102,5,2
179,10,93,4,2
186,10,74,6,2
190,10,74,6,2
200,10,68,5,2
200,10,68,5,2
200,10,68,5,2
200,10,68,5,2
200,10,68,5,2
200,10,68,5,2
186,10,80,6,2
181,10,78,7,2
181,10,78,7,2
182,10,74,6,2
182,10,74,6,2
180,10,68,5,2
188,10,68,5,2
185,10,104,6,2
197,10,72,6,2
180,10,68,5,2
180,10,104,6,2
181,10,112,6,2
185,10,104,6,2
213,10,74,6,2
213,10,74,6,2
213,10,74,6,2
213,10,74,6,2
213,10,74,6,2
213,10,74,6,2
196,10,68,5,2
196,10,68,5,2
189,10,108,7,2
186,10,74,6,2
192,10,98,4,2
182,10,78,7,2
192,10,78,7,2
185,10,80,6,2
185,10,80,6,2
508,11,96,3,2
194,10,80,6,2
508,11,96,3,2
194,10,80,6,2
194,10,80,6,2
194,10,80,6,2
185,10,80,6,2
185,10,80,6,2
194,10,80,6,2
194,10,80,6,2
185,10,80,6,2
194,10,80,6,2
194,10,80,6,2
194,10,80,6,2
194,10,80,6,2
194,10,80,6,2
185,10,80,6,2
179,10,104,6,2
179,10,104,6,2
183,10,76,7,2
189,10,76,7,2
189,10,76,7,2
189,10,76,7,2
187,10,87,3,2
196,10,68,5,2
196,10,68,5,2
196,10,68,5,2
186,10,68,5,2
186,10,68,5,2
187,10,76,7,2
191,10,76,7,2
188,10,74,6,2
185,10,68,5,2
192,10,68,5,2
188,10,78,6,2
185,10,70,5,2
189,10,74,6,2
188,10,76,7,2
508,11,96,4,2
188,10,76,7,2
190,10,68,5,2
184,10,102,5,2
186,10,80,6,2
178,10,68,5,2
178,10,68,5,2
197,10,68,5,2
197,10,68,5,2
192,10,68,5,2
186,10,68,5,2
187,10,80,6,2
187,10,80,6,2
179,10,68,5,2
177,10,74,6,2
184,10,104,6,2
197,10,104,6,2
195,10,76,7,2
195,10,76,7,2
196,10,68,5,2
191,10,68,5,2
191,10,68,5,2
196,10,68,5,2
190,10,102,6,2
190,10,102,6,2
197,10,98,5,2
189,10,106,6,2
189,10,106,6,2
189,10,106,6,2
189,10,106,6,2
189,10,106,6,2
189,10,106,6,2
193,10,98,5,2
193,10,98,5,2
203,10,94,4,2
194,10,98,4,2
180,10,80,6,2
183,10,104,6,2
182,10,74,6,2
187,10,74,6,2
188,10,70,5,2
183,10,74,6,2
182,10,74,6,2
182,10,108,7,2
184,10,104,6,2
181,10,82,7,2
180,10,83,2,2
179,10,80,6,2
191,10,68,5,2
184,10,108,7,2
180,10,76,7,2
185,10,74,6,2
185,10,74,6,2
192,10,74,6,2
195,10,78,7,2
192,10,74,6,2
192,10,74,6,2
192,10,74,6,2
192,10,74,6,2
192,10,74,6,2
180,10,98,5,2
184,10,98,5,2
182,10,74,6,2
182,10,74,6,2
188,10,98,4,2
190,10,68,5,2
185,10,76,7,2
182,10,112,6,2
186,10,78,7,2
178,10,102,5,2
193,10,78,7,2
181,10,82,7,2
189,10,76,7,2
193,10,76,7,2
193,10,76,7,2
192,10,76,7,2
192,10,76,7,2
192,10,76,7,2
192,10,76,7,2
187,10,74,6,2
191,10,76,7,2
187,10,74,6,2
191,10,76,7,2
185,10,108,5,2
185,10,108,5,2
185,10,108,5,2
185,10,108,5,2
185,10,108,5,2
185,10,108,5,2
185,10,108,5,2
185,10,108,5,2
185,10,108,5,2
185,10,108,5,2
179,10,96,4,2
193,10,108,5,2
183,10,96,4,2
183,10,96,4,2
189,10,76,7,2
189,10,76,7,2
189,10,76,7,2
189,10,76,7,2
189,10,76,7,2
181,10,99,6,2
181,10,99,6,2
185,10,76,7,2
192,10,68,5,2
192,10,68,5,2
196,10,68,5,2
192,10,68,5,2
194,10,76,7,2
196,10,68,5,2
188,10,76,7,2
189,10,68,5,2
194,10,76,7,2
188,10,76,7,2
186,10,76,7,2
186,10,76,7,2
189,10,76,7,2
183,10,68,5,2
183,10,68,5,2
189,10,76,7,2
189,10,76,7,2
189,10,76,7,2
188,10,74,6,2
188,10,74,6,2
188,10,74,6,2
188,10,74,6,2
188,10,74,6,2
188,10,74,6,2
191,10,68,5,2
196,10,74,6,2
196,10,74,6,2
196,10,74,6,2
196,10,74,6,2
196,10,74,6,2
196,10,74,6,2
196,10,74,6,2
196,10,74,6,2
196,10,74,6,2
196,10,74,6,2
196,10,74,6,2
196,10,74,6,2
196,10,74,6,2
196,10,74,6,2
196,10,74,6,2
196,10,74,6,2
196,10,74,6,2
196,10,74,6,2
196,10,74,6,2
196,10,74,6,2
196,10,74,6,2
196,10,74,6,2
196,10,74,6,2
196,10,74,6,2
196,10,74,6,2
196,10,74,6,2
196,10,74,6,2
196,10,74,6,2
196,10,74,6,2
196,10,74,6,2
196,10,74,6,2
196,10,74,6,2
196,10,74,6,2
196,10,74,6,2
196,10,74,6,2
196,10,74,6,2
196,10,74,6,2
183,10,76,7,2
183,10,76,7,2
187,10,76,7,2
186,10,68,5,2
186,10,68,5,2
196,10,68,5,2
186,10,68,5,2
196,10,68,5,2
186,10,68,5,2
188,10,76,7,2
188,10,76,7,2
188,10,76,7,2
188,10,76,7,2
188,10,76,7,2
188,10,76,7,2
187,10,68,5,2
188,10,76,7,2
192,10,76,7,2
190,10,76,7,2
196,10,68,5,2
196,10,68,5,2
189,10,76,7,2
202,10,68,5,2
202,10,68,5,2
190,10,108,7,2
193,10,108,7,2
198,10,108,7,2
202,10,74,6,2
194,10,108,7,2
194,10,108,7,2
194,10,108,7,2
194,10,108,7,2
194,10,108,7,2
194,10,108,7,2
189,10,76,7,2
189,10,76,7,2
196,10,68,5,2
200,10,68,5,2
195,10,84,7,2
187,10,68,5,2
189,10,74,6,2
181,10,68,5,2
183,10,68,5,2
188,10,68,5,2
190,10,98,4,2
183,10,74,6,2
183,10,74,6,2
186,10,76,7,2
201,10,76,7,2
180,10,76,7,2
201,10,68,5,2
192,10,108,7,2
192,10,80,6,2
187,10,76,7,2
182,10,100,4,2
182,10,100,4,2
184,10,74,6,2
184,10,74,6,2
192,10,74,6,2
192,10,74,6,2
192,10,74,6,2
192,10,74,6,2
192,10,74,6,2
192,10,74,6,2
196,10,68,5,2
196,10,68,5,2
182,10,76,7,2
182,10,76,7,2
182,10,76,7,2
187,10,76,7,2
187,10,76,7,2
186,10,108,7,2
190,10,108,7,2
189,10,108,7,2
189,10,108,7,2
189,10,108,7,2
189,10,108,7,2
189,10,108,7,2
189,10,108,7,2
189,10,108,7,2
189,10,108,7,2
194,10,68,5,2
194,10,68,5,2
194,10,68,5,2
194,10,68,5,2
194,10,68,5,2
188,10,108,7,2
194,10,68,5,2
219,10,108,7,2
219,10,108,7,2
219,10,108,7,2
219,10,108,7,2
219,10,108,7,2
219,10,108,7,2
183,10,76,7,2
183,10,76,7,2
187,10,78,7,2
182,10,91,4,2
186,10,74,6,2
182,10,91,4,2
189,10,74,6,2
189,10,74,6,2
189,10,76,7,2
189,10,74,6,2
191,10,108,7,2
191,10,108,7,2
191,10,74,6,2
189,10,76,7,2
191,10,74,6,2
188,10,74,6,2
188,10,74,6,2
188,10,80,6,2
188,10,80,6,2
191,10,76,7,2
191,10,76,7,2
196,10,68,5,2
196,10,68,5,2
183,10,70,5,2
183,10,70,5,2
193,10,80,6,2
188,10,80,6,2
508,11,86,2,2
195,10,68,5,2
195,10,68,5,2
508,11,96,4,2
183,10,108,7,2
183,10,108,7,2
187,10,108,7,2
186,10,108,7,2
186,10,108,7,2
186,10,108,7,2
186,10,108,7,2
186,10,108,7,2
186,10,108,7,2
186,10,108,7,2
186,10,108,7,2
186,10,108,7,2
186,10,108,7,2
186,10,108,7,2
186,10,108,7,2
189,10,76,7,2
186,10,108,7,2
186,10,108,7,2
186,10,108,7,2
186,10,108,7,2
186,10,108,7,2
186,10,108,7,2
186,10,108,7,2
186,10,108,7,2
186,10,108,7,2
186,10,108,7,2
186,10,108,7,2
186,10,108,7,2
191,10,108,7,2
189,10,76,7,2
188,10,85,3,2
188,10,85,3,2
191,10,108,7,2
191,10,108,7,2
183,10,80,6,2
183,10,102,5,2
183,10,74,6,2
197,10,89,4,2
190,10,76,5,2
182,10,93,4,2
190,10,76,5,2
179,10,76,7,2
189,10,74,6,2
181,10,112,6,2
185,10,108,7,2
203,10,108,7,2
203,10,108,7,2
190,10,108,7,2
190,10,108,7,2
190,10,108,7,2
190,10,108,7,2
190,10,108,7,2
190,10,108,7,2
188,10,104,6,2
181,10,68,5,2
184,10,74,6,2
196,10,68,5,2
202,10,72,6,2
202,10,72,6,2
202,10,72,6,2
202,10,72,6,2
202,10,72,6,2
202,10,72,6,2
183,10,87,3,2
183,10,87,3,2
187,10,108,7,2
187,10,108,7,2
187,10,108,7,2
192,10,98,4,2
189,10,76,7,2
178,10,76,7,2
196,10,68,5,2
201,10,108,7,2
189,10,76,7,2
178,10,76,7,2
201,10,108,7,2
183,10,74,6,2
183,10,74,6,2
182,10,76,7,2
182,10,76,7,2
182,10,76,7,2
186,10,76,7,2
196,10,76,7,2
196,10,76,7,2
196,10,76,7,2
196,10,76,7,2
196,10,76,7,2
196,10,76,7,2
196,10,76,7,2
196,10,76,7,2
196,10,76,7,2
196,10,76,7,2
196,10,76,7,2
196,10,76,7,2
196,10,76,7,2
196,10,76,7,2
196,10,76,7,2
196,10,76,7,2
196,10,76,7,2
197,10,74,6,2
196,10,76,7,2
197,10,74,6,2
196,10,76,7,2
197,10,74,6,2
197,10,74,6,2
196,10,76,7,2
197,10,74,6,2
196,10,76,7,2
197,10,74,6,2
196,10,76,7,2
196,10,76,7,2
196,10,76,7,2
193,10,76,7,2
196,10,68,5,2
183,10,68,5,2
183,10,68,5,2
187,10,68,5,2
187,10,68,5,2
187,10,68,5,2
197,10,68,5,2
196,10,68,5,2
185,10,87,3,2
185,10,87,3,2
199,10,68,5,2
186,10,68,5,2
186,10,68,5,2
182,10,74,6,2
185,10,76,7,2
205,10,68,5,2
188,10,76,7,2
186,10,76,7,2
194,10,68,5,2
199,10,108,7,2
189,10,108,7,2
189,10,108,7,2
189,10,108,7,2
189,10,108,7,2
189,10,108,7,2
189,10,108,7,2
189,10,108,7,2
189,10,108,7,2
191,10,74,6,2
191,10,74,6,2
191,10,74,6,2
201,10,68,5,2
185,10,68,5,2
189,10,76,7,2
194,10,108,7,2
194,10,108,7,2
189,10,68,5,2
189,10,68,5,2
192,10,76,7,2
192,10,76,7,2
191,10,74,6,2
192,10,76,7,2
192,10,76,7,2
191,10,74,6,2
193,10,76,7,2
193,10,76,7,2
187,10,68,5,2
187,10,68,5,2
187,10,68,5,2
189,10,68,5,2
188,10,98,5,2
187,10,68,5,2
508,11,90,3,2
184,10,98,5,2
211,10,74,6,2
211,10,74,6,2
211,10,74,6,2
211,10,74,6,2
203,10,74,6,2
203,10,74,6,2
182,10,74,6,2
182,10,74,6,2
508,11,86,2,2
197,10,89,4,2
183,10,102,5,2
183,10,102,5,2
187,10,108,7,2
204,10,80,6,2
184,10,76,7,2
185,10,76,7,2
185,10,76,7,2
185,10,76,7,2
185,10,76,7,2
185,10,76,7,2
185,10,76,7,2
185,10,76,7,2
185,10,76,7,2
185,10,76,7,2
185,10,76,7,2
185,10,76,7,2
185,10,76,7,2
185,10,76,7,2
185,10,76,7,2
185,10,76,7,2
185,10,76,7,2
185,10,76,7,2
185,10,76,7,2
185,10,76,7,2
185,10,76,7,2
185,10,76,7,2
185,10,76,7,2
185,10,76,7,2
185,10,76,7,2
185,10,76,7,2
185,10,76,7,2
185,10,76,7,2
185,10,76,7,2
179,10,87,3,2
179,10,87,3,2
183,10,74,6,2
183,10,74,6,2
186,10,104,6,2
186,10,104,6,2
186,10,104,6,2
186,10,104,6,2
190,10,95,5,2
184,10,112,6,2
184,10,112,6,2
188,10,108,7,2
181,10,112,6,2
185,10,108,7,2
185,10,108,7,2
190,10,108,7,2
190,10,108,7,2
190,10,108,7,2
190,10,108,7,2
203,10,108,7,2
203,10,108,7,2
203,10,108,7,2
188,10,104,6,2
190,10,108,7,2
190,10,108,7,2
203,10,108,7,2
203,10,108,7,2
190,10,108,7,2
203,10,108,7,2
203,10,108,7,2
181,10,69,6,2
185,10,69,6,2
508,11,81,2,2
185,10,69,6,2
185,10,69,6,2
185,10,69,6,2
187,10,76,7,2
185,10,69,6,2
192,10,76,7,2
181,10,76,7,2
192,10,76,7,2
192,10,76,7,2
192,10,76,7,2
181,10,76,7,2
192,10,76,7,2
192,10,76,7,2
187,10,74,6,2
186,10,76,7,2
185,10,68,5,2
198,10,108,7,2
192,10,80,6,2
191,10,74,6,2
197,10,76,7,2
191,10,72,6,2
185,10,74,6,2
189,10,82,7,2
187,10,74,6,2
187,10,74,6,2
187,10,74,6,2
187,10,74,6,2
187,10,74,6,2
190,10,104,6,2
200,10,99,6,2
198,10,106,6,2
187,10,85,2,2
200,10,108,7,2
184,10,80,6,2
185,10,106,6,2
189,10,106,6,2
189,10,106,6,2
199,10,70,5,2
188,10,76,7,2
188,10,76,7,2
192,10,76,7,2
186,10,68,5,2
191,10,76,7,2
191,10,76,7,2
186,10,68,5,2
191,10,76,7,2
181,10,76,7,2
181,10,76,7,2
185,10,76,7,2
201,10,76,7,2
192,10,108,7,2
192,10,108,7,2
201,10,76,7,2
192,10,108,7,2
192,10,108,7,2
187,10,76,7,2
187,10,76,7,2
187,10,76,7,2
187,10,76,7,2
187,10,76,7,2
189,10,98,5,2
189,10,98,5,2
185,10,78,7,2
185,10,78,7,2
189,10,78,7,2
192,10,78,7,2
188,10,78,7,2
187,10,76,7,2
187,10,76,7,2
182,10,72,6,2
#close	2025-01-28-21-49-46
