#separator \x09
#set_separator	,
#empty_field	(empty)
#unset_field	-
#path	dump_00004_tls13
#open	2025-02-23-09-13-25
#fields	tls_packet_lengths_record
#types	vector[count]
508,17,78,7
508,17,70,5
508,17,70,5
508,17,70,5
508,17,104,6
508,17,104,6
609,17,124,3
508,17,74,6
508,17,85,2
508,17,66,4
508,17,78,7
508,17,78,7
508,17,85,2
508,17,118,2
508,17,118,2
508,17,118,2
609,17,124,3
609,17,124,3
508,17,118,2
508,17,118,2
508,17,85,2
609,17,124,3
508,17,118,2
508,17,84,2
508,17,61,4
508,17,61,4
508,17,68,5
508,17,68,5
508,17,118,2
508,17,118,2
508,17,118,2
508,17,78,7
508,17,76,7
508,17,95,5
508,17,95,5
508,17,95,5
508,17,95,5
508,17,95,5
508,17,95,5
508,17,78,7
508,17,66,4
508,17,104,6
508,17,100,5
508,17,78,7
508,17,95,5
508,17,95,5
508,17,95,5
508,17,95,5
508,17,95,5
508,17,95,5
508,17,95,5
508,17,95,5
508,17,95,5
508,17,95,5
508,17,95,5
508,17,95,5
508,17,91,4
508,17,91,4
508,17,95,5
508,17,95,5
508,17,95,5
508,17,95,5
508,17,95,5
508,17,95,5
589,17,124,3
508,17,87,3
508,17,95,5
508,17,87,3
508,17,95,5
508,17,95,5
508,17,95,5
508,17,95,5
616,17,84,2
508,17,95,5
508,17,95,5
508,17,95,5
508,17,95,5
508,17,100,5
508,17,118,2
508,17,118,2
508,17,74,6
508,17,74,6
508,17,80,6
508,17,76,5
508,17,118,2
508,17,118,2
508,17,118,2
508,17,118,2
508,17,118,2
508,17,118,2
508,17,118,2
508,18,124,3
508,17,66,4
508,17,78,7
508,17,96,4
508,17,78,7
508,17,78,7
508,17,80,6
508,17,118,2
508,17,118,2
508,17,118,2
508,17,118,2
508,17,118,2
508,17,118,2
508,17,118,2
508,17,118,2
508,17,78,7
508,17,118,2
508,17,118,2
508,17,118,2
508,17,442,8
508,17,87,3
508,17,84,7
511,16,96,3
508,17,104,6
508,17,100,5
508,17,104,6
508,17,104,6
508,17,104,6
508,17,104,6
508,17,104,6
508,17,100,5
508,17,104,6
508,17,104,6
508,17,104,6
508,17,104,6
508,17,100,5
526,16,70,5
508,17,104,6
508,17,104,6
508,17,100,5
508,17,100,5
508,17,100,5
508,17,100,5
508,17,104,6
508,17,96,4
508,17,104,6
508,17,104,6
508,17,104,6
508,17,104,6
508,17,104,6
508,16,89,3
508,17,104,6
508,17,104,6
508,17,104,6
508,17,104,6
508,17,104,6
508,17,104,6
508,17,104,6
508,17,104,6
508,17,104,6
508,17,104,6
508,17,104,6
508,18,124,3
508,17,70,5
508,17,104,6
508,17,118,2
508,17,118,2
508,17,96,4
508,17,104,6
508,17,118,2
542,17,118,2
523,16,66,4
508,17,104,6
508,17,72,4
508,17,72,4
508,17,85,2
508,17,85,2
508,17,85,2
508,17,100,5
508,17,100,5
508,17,100,5
508,17,100,5
508,17,96,4
508,17,96,4
508,17,87,3
508,17,100,5
508,17,95,5
508,17,85,2
508,17,85,2
508,17,85,2
508,17,85,2
508,17,85,2
508,17,85,2
508,17,118,2
609,17,124,3
526,16,96,4
508,17,74,6
508,17,85,2
508,17,85,2
508,17,100,5
508,17,85,2
508,17,85,2
508,17,85,2
508,17,68,5
508,17,70,5
508,17,70,5
597,17,118,2
570,17,124,3
508,17,98,4
508,17,98,4
508,17,70,1
508,17,70,1
508,17,70,1
508,17,70,1
508,17,70,1
508,17,76,5
508,17,76,5
508,17,76,5
508,17,76,5
508,17,76,5
508,17,76,5
508,17,98,4
508,17,81,2
508,17,70,5
508,17,70,5
508,17,76,5
508,17,70,5
508,17,70,5
508,17,76,5
508,17,70,1217
508,17,70,1
508,17,70,1
508,17,70,1
508,17,81,2
508,17,92,2
508,17,77,1
508,17,77,1
508,17,77,1
508,17,61,4
508,17,70,1217
508,17,70,1217
508,17,70,5
508,17,70,5
508,17,70,5
508,17,98,4
508,17,61,4
508,17,98,4
508,17,85,3
508,17,70,5
508,17,70,5
508,17,77,1
508,17,77,1
508,17,65,5
508,17,65,5
508,17,118,2
508,17,65,5
508,17,118,2
508,17,118,2
508,17,87,3
508,17,87,3
508,17,87,3
508,17,118,2
508,17,118,2
508,17,118,2
508,17,100,5
508,17,104,6
508,17,118,2
508,17,104,6
508,17,104,6
508,17,98,4
508,17,68,5
508,17,118,2
508,17,118,2
508,17,61,4
508,17,85,2
508,17,96,4
508,17,104,6
508,17,98,5
510,17,77,1
510,17,77,1
508,17,104,6
508,17,100,5
508,17,80,6
508,17,80,6
508,17,104,6
508,17,96,4
508,17,77,1
508,17,85,2
508,17,85,2
508,17,85,2
508,17,85,2
508,17,85,2
508,17,85,2
508,17,85,2
508,17,85,2
508,17,96,4
508,17,74,6
508,17,74,6
508,17,74,6
508,17,74,6
508,17,74,6
508,17,74,6
508,17,66,4
508,17,66,4
508,17,66,4
508,17,118,2
508,17,90,3
508,17,78,7
508,17,85,2
508,17,118,2
508,17,118,2
508,17,118,2
508,17,87,3
508,17,87,3
508,17,87,3
508,17,104,6
508,17,104,6
508,17,104,6
508,17,100,5
508,17,100,5
508,17,104,6
610,17,124,3
508,17,104,6
508,17,104,6
508,17,104,6
508,17,104,6
508,17,104,6
508,17,100,5
508,17,100,5
508,17,66,4
508,17,85,3
508,17,118,2
508,17,66,4
508,17,104,6
508,17,74,6
508,17,74,6
508,17,74,6
508,17,77,1
508,17,77,1
508,17,104,6
508,17,84,7
508,18,124,3
508,17,104,6
508,17,104,6
508,17,104,6
508,17,104,6
508,17,104,6
508,17,104,6
508,17,85,2
508,17,85,2
508,17,84,2
508,17,92,2
508,17,92,2
508,17,66,4
508,17,66,4
508,17,118,2
508,17,118,2
508,17,61,4
508,17,61,4
508,17,118,2
508,17,118,2
508,17,104,6
508,17,104,6
508,17,74,6
508,17,68,5
508,17,49,2
508,17,49,2
508,17,49,2
508,17,49,2
508,17,49,2
508,17,49,2
508,17,49,2
508,17,49,2
508,17,49,2
508,17,49,2
508,17,77,1
508,17,77,1
508,17,100,5
508,17,100,5
508,17,77,1
508,17,77,1
508,17,77,1
508,17,77,1
508,17,77,1
508,17,77,1
508,17,77,1
508,17,77,1
508,17,77,1
508,17,77,1
508,17,77,1
508,17,77,1
508,17,77,1
508,17,77,1
508,17,77,1
508,17,77,1
508,17,77,1
508,17,77,1
508,17,77,1
508,17,77,1
508,17,77,1
508,17,77,1
508,17,77,1
508,17,77,1
508,17,77,1
508,17,77,1
508,17,77,1
508,17,77,1
508,17,77,1
508,17,77,1
508,17,77,1
508,17,77,1
508,17,77,1
508,17,77,1
508,17,77,1
508,17,77,1
508,17,77,1
508,17,77,1
508,17,77,1
508,17,77,1
508,17,61,4
508,17,61,4
508,17,77,1
508,17,77,1
508,17,77,1
508,17,77,1
508,17,77,1
508,17,77,1
508,17,77,1
508,17,77,1
508,17,77,1
508,17,77,1
508,17,77,1
508,17,77,1
508,17,77,1
508,17,77,1
508,17,77,1
508,17,77,1
508,17,77,1
508,17,77,1
508,17,77,1
508,17,77,1
508,17,77,1
508,17,77,1
508,17,59,4
508,17,59,4
508,17,59,4
508,17,118,2
508,17,118,2
508,17,118,2
508,17,118,2
508,17,118,2
508,17,118,2
508,17,118,2
508,17,118,2
508,17,118,2
508,17,76,5
508,17,76,5
508,17,118,2
508,17,118,2
578,17,124,3
508,17,118,2
508,17,72,4
566,17,124,3
572,17,124,3
508,17,118,2
508,17,66,4
508,17,66,4
508,17,59,4
508,17,59,4
508,17,118,2
508,17,441,8
508,17,441,8
508,17,104,6
508,17,443,8
508,17,80,6
508,17,80,6
508,17,80,6
508,17,92,2
518,16,92,2
518,16,92,2
508,17,80,6
508,17,80,6
508,17,74,6
590,17,84,2
508,17,118,2
508,17,118,2
508,17,118,2
508,17,118,2
508,17,118,2
508,17,118,2
508,17,83,2
508,17,83,2
508,17,100,5
508,17,118,2
508,17,118,2
585,17,118,2
508,17,104,6
508,17,118,2
508,17,95,5
508,17,70,5
508,17,74,6
508,17,118,2
508,17,118,2
508,17,118,2
508,17,118,2
508,17,118,2
508,17,118,2
508,17,118,2
508,17,118,2
508,17,118,2
508,17,118,2
508,17,118,2
508,17,118,2
508,17,76,5
508,17,76,5
508,17,118,2
508,17,96,3
508,17,96,3
508,17,96,3
508,17,96,3
508,17,87,3
508,17,78,7
508,17,78,7
508,17,74,6
508,17,118,2
508,17,118,2
508,17,118,2
508,17,118,2
508,17,61,4
508,17,61,4
508,17,104,6
508,17,70,5
508,17,68,5
508,17,100,5
508,17,70,5
508,17,118,2
508,17,118,2
508,17,118,2
508,17,76,5
508,17,76,5
508,17,85,3
508,17,85,3
508,17,85,3
508,17,118,2
508,17,118,2
508,17,118,2
547,17,124,3
508,17,118,2
508,17,118,2
508,17,118,2
508,17,118,2
508,17,118,2
508,17,118,2
508,17,118,2
547,17,124,3
508,17,118,2
547,17,124,3
508,17,118,2
508,17,118,2
508,17,118,2
508,17,118,2
616,17,84,2
508,17,118,2
508,17,57,3
508,17,57,3
508,17,57,3
508,17,85,2
508,17,85,2
508,17,66,4
508,17,74,6
508,17,66,4
508,17,66,4
508,17,85,2
508,17,85,2
508,17,66,4
508,17,100,5
508,17,70,5
508,16,61,4
508,17,76,5
508,17,76,5
508,17,76,5
508,17,76,5
508,17,76,5
508,17,76,5
508,17,76,5
508,17,76,5
508,17,76,5
508,17,76,5
508,17,76,5
508,17,76,5
508,17,76,5
508,17,76,5
508,17,76,5
508,17,76,5
508,17,74,6
508,17,74,6
508,17,76,5
508,17,76,5
508,17,76,5
508,17,76,5
508,17,76,5
508,17,76,5
508,17,76,5
508,17,53,3
508,17,53,3
508,17,53,3
508,17,76,5
508,17,76,5
508,17,74,6
508,17,74,6
508,17,76,5
508,17,76,5
508,17,74,6
508,17,76,5
508,17,76,5
508,17,76,5
508,17,87,3
508,17,87,3
508,17,74,6
508,17,80,6
508,17,80,6
508,17,80,6
508,17,83,2
508,17,83,2
508,17,84,2
551,17,124,3
508,17,72,4
508,17,72,4
508,17,72,4
508,17,78,7
508,17,78,7
508,17,118,2
508,17,68,5
508,17,96,4
508,17,100,5
525,16,96,4
525,16,96,4
525,16,96,4
508,17,95,5
523,16,66,4
508,17,96,4
508,17,84,7
508,17,84,7
508,17,84,7
508,17,78,7
508,17,118,2
508,17,118,2
508,17,102,5
508,17,102,5
508,17,102,5
508,17,102,5
508,17,102,5
508,18,124,3
508,17,118,2
508,17,118,2
572,17,124,3
508,17,72,4
508,17,72,4
508,17,118,2
508,17,76,5
508,17,76,5
508,17,92,2
508,17,92,2
508,17,92,2
508,17,92,2
508,17,81,2
508,17,81,2
508,17,74,6
572,17,124,3
610,17,124,3
508,17,104,6
609,17,124,3
508,17,118,2
508,17,118,2
560,16,94,4
508,17,118,2
577,17,124,3
508,17,104,6
508,17,100,5
508,17,85,2
508,17,85,2
508,17,118,2
508,17,118,2
508,17,118,2
508,17,74,6
508,17,96,4
508,17,74,6
508,17,74,6
550,17,124,3
589,17,124,3
508,17,118,2
547,17,124,3
508,17,118,2
508,17,72,4
508,17,61,4
508,17,102,5
508,17,102,5
569,16,94,4
508,17,102,5
508,17,102,5
508,17,102,5
508,17,65,5
508,17,102,5
508,17,102,5
508,17,100,5
508,17,87,3
508,17,80,6
508,17,70,5
508,17,70,5
508,17,104,6
508,17,81,2
508,17,81,2
508,17,81,2
508,17,89,3
508,17,89,3
508,17,89,3
508,17,118,2
508,17,65,5
508,17,104,6
508,17,81,2
508,17,61,4
508,17,61,4
508,17,61,4
508,17,77,1
508,17,77,1
508,17,77,1
508,17,77,1
508,17,77,1
508,17,53,3
508,17,100,5
508,17,100,5
508,17,118,2
609,17,124,3
508,17,74,6
508,17,85,2
508,17,118,2
508,17,118,2
508,17,118,2
508,17,118,2
508,17,118,2
508,17,118,2
508,17,118,2
508,17,118,2
508,17,118,2
508,17,118,2
508,17,80,6
508,17,118,2
508,17,118,2
508,17,118,2
566,17,124,3
508,17,84,2
508,17,84,2
508,17,84,2
508,17,84,2
508,17,118,2
526,16,70,5
508,17,118,2
508,17,118,2
508,17,118,2
508,17,68,5
508,17,118,2
508,17,84,2
508,17,84,2
508,17,84,2
508,18,118,2
508,17,68,5
508,17,68,5
508,18,124,3
508,17,118,2
508,17,72,5
508,17,72,5
508,17,68,5
508,17,68,5
590,17,124,3
508,17,68,5
508,17,68,5
508,17,68,5
508,17,100,5
508,17,76,7
508,17,76,7
508,17,118,2
508,17,118,2
508,17,118,2
508,17,118,2
508,17,87,3
508,17,87,3
508,17,118,2
508,17,74,6
508,17,74,6
508,17,100,5
508,17,100,5
508,17,100,5
508,17,100,5
508,17,104,6
508,17,94,4
508,17,94,4
508,17,61,4
508,17,78,7
508,17,118,2
508,17,74,6
586,17,124,3
586,17,124,3
508,17,61,4
508,17,61,4
508,17,61,4
508,17,77,1
508,17,77,1
508,17,77,1
508,17,61,4
508,17,61,4
508,17,61,4
509,16,77,1
509,16,77,1
509,16,77,1
508,17,77,1
508,17,77,1
508,17,77,1
508,17,61,4
508,17,77,1
508,17,77,1
509,16,77,1
508,17,77,1
508,17,77,1
508,17,77,1
508,17,77,1
508,17,77,1
508,17,77,1
508,17,77,1
508,17,61,4
508,17,77,1
508,17,61,4
509,16,77,1
508,17,77,1
508,17,80,6
508,17,80,6
508,17,118,2
508,17,74,6
508,17,74,6
508,17,74,6
508,17,74,6
508,17,74,6
508,17,74,6
508,17,85,3
508,17,85,3
508,17,85,3
508,17,87,3
508,17,74,6
508,17,57,3
508,17,57,3
508,17,57,3
508,17,80,6
508,17,80,6
508,17,80,6
508,17,91,4
508,17,91,4
508,17,91,4
508,17,95,5
508,17,95,5
508,17,95,5
508,17,95,5
508,17,95,5
508,17,95,5
508,17,95,5
508,17,95,5
508,17,95,5
508,17,95,5
508,17,76,5
508,17,118,2
508,17,118,2
508,17,118,2
508,17,118,2
508,17,118,2
508,17,80,6
508,17,80,6
508,17,118,2
508,17,118,2
508,17,118,2
508,17,118,2
609,17,124,3
508,18,124,3
508,17,118,2
508,17,118,2
508,17,98,4
508,17,118,2
605,17,124,3
508,17,118,2
508,17,118,2
605,17,124,3
508,17,118,2
605,17,124,3
508,17,70,5
508,17,70,5
508,17,70,5
508,17,70,5
508,17,70,5
508,17,70,5
566,17,124,3
508,17,59,4
508,17,84,7
508,17,84,7
508,17,118,2
508,17,59,4
508,17,59,4
508,17,84,7
508,17,84,7
508,17,84,7
508,17,84,7
508,17,84,7
508,17,84,7
512,16,84,7
512,16,84,7
512,16,84,7
512,16,84,7
508,17,70,5
508,17,57,3
508,17,57,3
508,17,57,3
508,17,74,6
508,17,74,6
508,17,76,5
508,17,76,5
508,17,84,7
508,17,76,5
519,16,92,2
519,16,92,2
519,16,92,2
519,16,92,2
508,16,77,1
508,17,87,3
508,17,87,3
508,17,87,3
508,17,87,3
508,17,87,3
508,17,87,3
508,17,87,3
508,17,87,3
508,17,87,3
508,17,84,2
508,17,118,2
508,17,87,3
508,17,87,3
508,17,87,3
508,17,87,3
508,17,87,3
508,17,87,3
508,17,118,2
508,17,118,2
508,17,91,4
508,17,91,4
508,17,78,7
508,17,74,6
508,17,74,6
508,17,74,6
508,17,74,6
508,17,74,6
508,17,74,6
508,17,74,6
508,17,74,6
508,17,74,6
508,17,74,6
508,17,74,6
508,17,74,6
508,17,66,4
508,17,66,4
508,17,66,4
508,17,66,4
508,17,118,2
508,17,118,2
508,17,118,2
508,17,66,4
508,17,66,4
508,17,85,2
508,17,85,2
508,17,85,2
508,17,66,4
508,17,68,5
508,17,96,4
508,17,61,4
508,17,61,4
508,17,72,5
508,17,89,3
508,17,89,3
508,17,61,4
508,17,91,4
508,17,74,6
508,17,61,4
508,17,61,4
508,17,78,7
508,17,74,6
508,17,78,7
508,17,77,1
508,17,89,3
508,17,74,6
508,17,66,4
508,17,112,6
508,17,80,6
508,17,68,5
508,17,83,2
508,17,112,6
508,17,83,2
508,17,68,5
508,17,68,5
508,17,68,5
508,17,118,2
508,17,118,2
508,17,118,2
508,17,118,2
508,17,118,2
508,17,118,2
604,17,124,3
588,17,84,2
508,17,76,5
508,17,76,5
508,17,57,3
508,17,57,3
508,17,57,3
508,17,57,3
508,17,57,3
508,17,57,3
508,17,70,5
508,17,70,5
508,17,70,5
508,17,70,5
508,17,104,6
508,17,104,6
508,17,104,6
508,17,104,6
508,17,100,5
508,17,104,6
508,17,57,3
508,17,87,3
508,17,87,3
508,17,87,3
508,17,87,3
508,17,87,3
508,17,87,3
508,17,92,2
508,17,92,2
508,17,77,1
508,17,77,1
508,17,77,1
508,17,77,1
508,17,77,1
508,17,77,1
508,17,77,1
508,16,65,5
508,17,95,5
508,17,95,5
508,17,70,5
508,17,70,5
508,17,118,2
508,17,104,6
508,17,104,6
508,17,118,2
508,17,81,2
508,17,76,7
508,17,118,2
508,17,81,2
508,17,81,2
508,17,81,2
508,17,81,2
508,17,81,2
508,17,81,2
508,17,81,2
508,17,81,2
508,17,81,2
508,17,61,4
508,17,61,4
508,17,78,7
517,16,92,2
508,17,118,2
508,17,118,2
508,17,118,2
508,17,118,2
508,17,118,2
508,17,118,2
508,18,124,3
508,18,124,3
508,17,118,2
508,17,83,2
508,17,83,2
508,17,83,2
508,17,83,2
508,17,83,2
508,17,83,2
508,17,83,2
508,17,83,2
508,17,83,2
508,17,80,6
508,17,80,6
508,17,80,6
508,17,92,2
508,17,92,2
508,17,92,2
508,17,92,2
508,17,92,2
610,17,124,3
508,17,118,2
609,17,124,3
508,18,124,3
508,18,124,3
508,17,118,2
508,17,118,2
508,17,118,2
508,17,118,2
508,17,70,5
508,17,70,5
508,17,70,5
508,17,70,5
508,17,70,5
508,17,70,5
508,17,70,5
508,17,70,5
508,17,70,5
508,17,70,5
508,17,70,5
508,17,70,5
508,17,70,5
508,17,70,5
508,17,70,5
508,17,70,5
508,17,70,5
508,17,70,5
508,17,70,5
508,17,72,4
508,18,124,3
508,17,118,2
508,17,72,4
508,17,118,2
577,17,124,3
508,17,118,2
508,17,70,5
508,17,70,5
508,17,70,5
508,17,70,5
508,17,70,5
508,17,70,5
508,17,70,5
576,17,124,3
508,17,70,5
508,17,80,6
508,17,80,6
508,17,80,6
508,17,80,6
508,17,96,3
508,17,96,3
508,17,96,3
508,17,96,3
508,17,80,6
508,17,80,6
508,17,70,5
508,17,70,5
508,17,70,5
508,18,124,3
508,17,57,3
508,17,57,3
508,17,57,3
509,16,77,1
509,16,77,1
509,16,77,1
508,17,61,4
508,17,61,4
564,17,124,3
508,17,77,1
508,17,77,1
508,17,77,1
508,17,77,1
508,17,70,5
508,17,70,5
508,17,70,5
508,17,70,5
508,17,70,5
508,17,70,5
508,18,124,3
508,17,118,2
508,17,70,5
508,17,83,2
508,17,83,2
508,17,76,5
508,17,76,5
508,17,89,3
508,17,89,3
508,17,89,3
508,17,89,3
508,17,89,3
508,17,89,3
567,17,124,3
567,17,124,3
508,17,66,4
508,17,66,4
508,17,66,4
508,17,104,6
508,17,70,5
508,17,70,5
508,17,70,5
508,17,70,5
508,17,70,5
508,17,70,5
508,17,118,2
508,17,118,2
508,17,59,2
508,17,59,2
508,17,118,2
508,17,118,2
508,17,91,4
508,17,91,4
508,17,91,4
508,17,91,4
508,17,91,4
508,17,91,4
508,17,91,4
508,17,72,4
508,17,72,4
508,17,72,4
508,17,72,4
508,17,72,4
508,17,72,4
508,16,118,2
508,17,61,4
508,17,61,4
508,17,61,4
508,17,61,4
508,17,74,6
508,17,74,6
508,17,74,6
508,17,74,6
508,17,74,6
508,17,77,1
508,17,90,3
508,17,77,1
508,17,77,1
508,17,74,6
508,17,77,1
508,17,77,1
508,17,61,4
508,17,61,4
508,17,61,4
572,17,124,3
508,17,61,4
508,17,94,4
508,17,77,1
508,17,77,1
508,17,118,2
508,17,118,2
508,17,118,2
508,17,118,2
575,17,124,3
508,17,61,4
508,17,61,4
508,17,74,6
546,17,124,3
508,17,74,6
508,17,74,6
525,16,96,4
525,16,96,4
508,17,78,7
508,17,104,6
508,17,66,4
525,16,96,4
508,17,118,2
508,17,118,2
508,17,104,6
508,17,70,5
508,17,70,5
508,17,118,2
508,17,81,2
508,17,81,2
508,17,74,6
508,17,74,6
508,17,74,6
610,17,124,3
609,17,124,3
613,17,124,3
508,17,96,4
508,17,100,5
508,17,96,4
508,17,81,2
508,17,74,6
508,17,118,2
508,17,81,2
577,17,124,3
508,17,66,4
508,17,100,5
508,17,61,4
508,17,66,4
508,17,85,2
508,17,118,2
508,17,118,2
508,17,118,2
508,17,118,2
508,17,70,5
508,17,70,5
508,17,118,2
508,17,104,6
508,17,104,6
508,17,100,5
508,17,96,4
508,17,100,5
508,17,80,6
508,17,96,4
508,17,104,6
508,17,61,4
508,17,96,4
508,17,84,7
508,17,96,3
508,17,87,3
542,17,124,3
542,17,124,3
508,17,118,2
508,17,91,4
508,17,91,4
508,17,66,4
508,17,104,6
508,17,104,6
508,17,104,6
508,17,104,6
508,17,104,6
508,17,100,5
508,17,104,6
508,17,104,6
508,17,74,6
508,17,74,6
508,17,104,6
508,17,104,6
508,17,104,6
508,17,104,6
508,17,104,6
508,17,90,3
508,17,118,2
508,17,66,4
508,17,66,4
508,17,118,2
508,17,76,7
508,17,59,4
508,17,59,4
508,16,57,3
508,17,78,7
508,17,78,7
508,17,78,7
508,17,78,7
508,17,78,7
508,17,78,7
508,17,78,7
508,17,78,7
508,17,78,7
508,17,78,7
508,17,78,7
508,17,78,7
508,17,78,7
524,16,96,4
508,17,78,7
508,17,68,5
508,17,68,5
508,17,80,6
508,17,80,6
508,17,80,6
508,17,80,6
508,17,80,6
508,17,80,6
508,17,80,6
508,17,68,5
508,17,68,5
508,17,77,1
508,17,77,1
508,17,89,3
508,17,118,2
508,17,77,1
508,17,77,1
508,17,77,1
508,17,77,1
508,17,77,1
508,17,84,2
508,17,84,2
508,17,95,5
508,17,95,5
508,17,104,6
508,17,118,2
508,17,118,2
508,17,118,2
508,17,118,2
508,17,118,2
508,17,118,2
508,17,118,2
508,17,118,2
508,17,118,2
508,17,118,2
508,17,118,2
508,17,118,2
508,17,118,2
508,17,74,6
508,17,74,6
508,17,74,6
519,16,92,2
508,16,78,7
508,17,76,5
508,17,70,5
508,17,70,5
508,17,70,5
508,17,70,5
508,17,70,5
508,17,70,5
508,17,57,3
508,17,57,3
508,17,76,5
508,17,74,6
508,17,74,6
508,17,74,6
508,17,74,6
508,17,70,5
508,17,70,5
508,17,74,6
508,17,74,6
508,17,78,7
508,17,78,7
508,17,118,2
508,17,118,2
508,17,66,4
508,17,66,4
508,17,118,2
508,17,118,2
508,17,118,2
508,17,118,2
508,17,118,2
508,17,118,2
551,17,124,3
551,17,124,3
508,17,118,2
508,17,66,4
508,16,57,3
508,17,118,2
508,17,118,2
508,17,76,5
508,17,76,5
508,17,102,5
508,17,70,5
508,17,70,5
508,17,70,5
508,17,102,5
508,17,70,5
508,17,92,2
508,17,92,2
508,17,80,6
508,17,80,6
508,17,80,6
508,17,66,4
508,17,66,4
508,17,118,2
508,17,118,2
508,17,118,2
508,17,118,2
508,17,118,2
508,17,118,2
508,17,81,2
508,17,81,2
508,17,74,6
508,17,74,6
610,17,124,3
508,17,96,4
508,17,118,2
508,17,104,6
508,17,66,4
508,17,104,6
508,17,104,6
508,18,124,3
508,17,104,6
508,17,98,5
508,18,118,2
508,17,104,6
508,17,104,6
508,17,104,6
508,17,104,6
508,17,76,5
508,17,76,5
508,17,74,6
508,17,118,2
508,17,118,2
508,17,118,2
508,17,118,2
508,17,118,2
508,17,57,3
508,17,57,3
517,16,77,1
517,16,77,1
517,16,77,1
517,16,77,1
508,17,57,3
508,17,57,3
508,17,57,3
508,17,57,3
524,16,77,1
508,17,118,2
524,16,77,1
508,17,118,2
508,17,118,2
609,17,124,3
538,17,124,3
508,17,92,2
508,17,118,2
508,17,70,5
508,17,118,2
508,17,118,2
508,17,118,2
508,17,118,2
508,17,118,2
508,17,118,2
508,17,118,2
508,17,118,2
508,17,118,2
570,17,124,3
508,17,118,2
508,17,92,2
518,16,92,2
508,17,92,2
508,17,118,2
520,16,92,2
508,17,80,6
508,17,87,3
508,17,87,3
508,17,87,3
508,17,80,6
508,17,80,6
508,17,80,6
508,17,80,6
508,17,80,6
508,17,118,2
508,17,118,2
508,17,118,2
508,17,118,2
508,17,118,2
508,17,118,2
508,17,78,7
510,17,74,6
510,17,74,6
508,17,80,6
508,17,80,6
508,17,91,4
508,17,91,4
508,17,91,4
508,17,91,4
508,17,91,4
508,17,91,4
508,17,83,2
508,17,83,2
508,17,83,2
508,17,83,2
508,17,91,4
508,17,91,4
508,17,118,2
508,17,118,2
508,17,74,6
508,17,74,6
508,17,74,6
508,17,74,6
508,17,74,6
508,17,74,6
508,17,86,2
508,17,74,6
508,17,80,6
508,17,74,6
508,17,74,6
508,17,74,6
508,17,74,6
508,17,74,6
508,17,74,6
508,17,74,6
508,17,104,6
508,17,80,6
508,17,104,6
508,17,80,6
523,16,92,2
523,16,92,2
523,16,92,2
523,16,92,2
523,16,92,2
508,17,118,2
609,17,124,3
508,17,66,4
508,17,87,3
508,17,78,7
625,17,124,3
591,17,124,3
508,17,80,6
508,17,80,6
508,17,80,6
508,17,80,6
508,17,80,6
508,17,80,6
508,17,80,6
508,17,118,2
508,17,66,4
508,17,66,4
508,17,66,4
508,17,100,5
590,17,84,2
508,17,104,6
508,17,104,6
508,17,85,2
508,17,85,2
508,17,118,2
508,17,85,2
508,17,89,3
508,17,89,3
508,17,89,3
508,17,85,2
508,17,89,3
508,17,89,3
508,17,77,1
508,17,77,1
508,17,77,1
508,17,77,1
508,17,89,3
508,17,89,3
508,17,89,3
508,17,85,3
508,17,85,3
508,17,76,5
508,17,76,5
508,17,76,5
508,17,76,5
508,17,76,5
508,17,76,5
508,17,89,3
508,17,53,3
508,17,53,3
508,17,53,3
508,17,53,3
508,17,104,6
508,17,104,6
508,17,118,2
508,17,118,2
508,17,66,4
508,17,78,7
508,17,78,7
508,17,78,7
508,17,78,7
508,17,78,7
508,17,78,7
508,17,78,7
508,17,66,4
508,17,86,2
508,17,86,2
508,17,76,7
508,16,57,3
508,17,70,5
508,17,70,5
572,17,124,3
508,17,100,5
508,17,96,4
508,17,100,5
508,17,100,5
508,17,100,5
508,17,100,5
508,17,118,2
588,17,84,2
508,17,95,5
508,17,95,5
508,17,104,6
508,17,104,6
508,17,74,6
508,17,74,6
508,17,74,6
508,17,118,2
508,17,74,6
625,17,118,2
625,17,118,2
508,17,118,2
508,17,118,2
508,17,118,2
508,17,74,6
508,17,100,5
508,17,83,2
508,17,83,2
508,17,78,7
508,17,118,2
508,17,78,7
581,17,124,3
580,17,124,3
508,17,66,4
508,17,84,2
508,17,78,7
508,17,81,2
508,17,81,2
508,17,74,6
508,17,68,5
575,17,124,3
508,17,74,6
508,17,80,6
508,17,93,4
508,17,80,6
508,17,81,2
508,17,92,2
508,18,124,3
508,17,85,2
508,17,85,2
508,17,118,2
508,17,118,2
508,17,66,4
508,17,118,2
508,17,118,2
508,17,118,2
508,17,118,2
508,17,118,2
508,17,118,2
581,17,124,3
508,17,104,6
508,18,118,2
508,17,118,2
508,17,118,2
508,17,104,6
508,17,96,4
508,17,104,6
508,17,102,4
508,17,102,4
508,17,102,4
508,17,102,4
508,17,92,2
508,17,92,2
508,17,92,2
508,17,92,2
508,17,98,3
508,17,98,3
508,17,92,2
508,17,92,2
508,17,92,2
508,17,76,5
508,17,76,5
508,17,100,5
508,17,100,5
508,17,100,5
508,17,100,5
508,17,100,5
508,17,100,5
508,17,104,6
508,17,104,6
508,17,104,6
508,17,104,6
508,17,104,6
508,17,104,6
508,17,57,3
508,17,57,3
508,17,57,3
508,17,104,6
508,17,104,6
508,17,104,6
508,17,104,6
508,17,104,6
508,17,76,5
508,17,72,4
508,17,72,4
508,17,72,4
508,17,118,2
508,17,118,2
508,17,118,2
508,17,74,6
508,17,74,6
508,17,74,6
508,17,74,6
508,17,74,6
508,17,74,6
508,17,74,6
508,17,78,7
508,17,78,7
508,17,78,7
508,17,78,7
508,17,78,7
508,17,78,7
508,17,118,2
508,17,80,6
508,17,80,6
508,17,118,2
508,17,118,2
508,17,74,6
508,17,74,6
508,17,74,6
508,17,74,6
508,17,74,6
508,17,74,6
508,17,74,6
508,17,118,2
508,17,118,2
508,17,118,2
508,17,118,2
508,17,118,2
508,17,118,2
508,17,100,5
508,17,68,5
508,17,68,5
508,17,78,7
508,17,78,7
508,17,78,7
508,17,78,7
508,17,118,2
508,17,118,2
508,17,118,2
508,17,118,2
508,17,118,2
508,17,118,2
508,17,85,2
508,17,85,2
508,17,66,4
508,17,104,6
508,17,104,6
508,17,104,6
508,17,104,6
508,17,100,5
508,17,104,6
508,17,100,5
508,17,104,6
569,16,94,4
522,16,66,4
508,17,87,3
508,17,87,3
508,17,87,3
508,17,118,2
508,17,118,2
508,17,118,2
508,17,118,2
508,17,118,2
508,17,118,2
508,17,118,2
508,17,118,2
508,17,118,2
508,17,65,5
508,17,65,5
508,17,118,2
508,17,81,2
508,17,81,2
508,17,81,2
508,17,118,2
508,17,118,2
508,17,78,7
508,17,78,7
508,17,78,7
508,17,78,7
508,17,78,7
543,17,124,3
508,17,118,2
546,17,124,3
508,17,84,7
524,16,96,4
525,16,96,4
508,17,104,6
525,16,96,4
525,16,96,4
508,17,118,2
508,17,84,7
508,17,61,4
508,17,61,4
508,17,61,4
508,17,61,4
508,17,61,4
508,17,61,4
508,17,76,5
508,17,76,5
508,17,77,1
508,17,77,1
508,17,77,1
508,17,77,1
508,17,61,4
508,17,61,4
508,17,61,4
508,17,61,4
508,17,61,4
508,17,118,2
508,17,118,2
508,17,98,4
508,17,118,2
508,17,118,2
508,17,118,2
508,17,118,2
508,17,118,2
508,17,118,2
508,17,118,2
508,17,118,2
508,17,118,2
508,17,118,2
508,17,118,2
508,17,118,2
508,17,118,2
508,17,118,2
508,17,118,2
508,18,118,2
508,17,118,2
508,17,118,2
508,17,80,6
508,17,80,6
508,17,80,6
508,17,80,6
508,17,80,6
508,17,80,6
508,17,80,6
508,17,80,6
508,17,80,6
508,17,80,6
508,17,80,6
508,17,80,6
508,17,80,6
508,17,80,6
508,17,80,6
508,17,80,6
508,17,80,6
508,17,80,6
508,17,80,6
508,17,80,6
508,17,85,2
508,17,85,2
508,17,100,5
508,17,74,6
508,17,74,6
508,17,104,6
508,17,74,6
508,17,85,2
508,17,118,2
508,17,118,2
508,17,57,3
508,17,57,3
508,17,57,3
508,17,57,3
508,17,57,3
508,17,57,3
508,17,66,4
508,17,66,4
508,17,66,4
508,17,80,6
508,17,80,6
508,16,78,7
508,16,78,7
508,16,78,7
508,16,78,7
508,17,80,6
508,17,118,2
508,17,118,2
508,17,80,6
508,17,72,4
508,17,72,4
508,17,118,2
508,17,118,2
508,17,118,2
508,17,80,6
508,17,80,6
508,17,85,2
508,17,85,2
508,17,85,2
508,17,85,2
508,17,85,2
508,17,85,2
508,17,85,2
508,17,81,2
508,17,100,5
508,17,85,2
508,17,118,2
508,17,95,5
508,17,95,5
508,17,95,5
508,17,70,5
508,17,70,5
508,17,118,2
508,17,118,2
508,17,118,2
508,17,104,4
508,17,104,4
508,17,104,4
508,17,104,4
508,17,76,5
508,17,57,3
508,17,61,4
508,17,104,4
508,17,104,4
508,17,118,2
508,17,118,2
508,17,118,2
508,17,118,2
508,17,118,2
508,17,118,2
538,16,77,1
508,17,78,7
508,17,78,7
508,17,98,4
508,17,98,4
508,17,98,4
508,17,98,4
508,17,118,2
508,17,118,2
508,17,118,2
508,17,74,6
508,17,74,6
550,17,124,3
508,17,81,2
550,17,124,3
589,17,124,3
508,17,92,2
508,18,124,3
508,17,87,3
508,17,87,3
508,17,118,2
602,17,124,3
602,17,124,3
508,17,118,2
586,17,124,3
586,17,124,3
508,17,118,2
508,17,118,2
508,17,118,2
508,17,118,2
508,17,118,2
508,17,84,2
610,17,124,3
508,17,85,3
508,17,118,2
508,17,118,2
508,17,68,5
591,17,124,3
508,17,81,2
508,17,81,2
508,17,81,2
508,17,81,2
508,17,81,2
508,17,81,2
508,17,80,6
508,17,65,5
508,17,65,5
508,17,66,4
508,17,118,2
508,17,118,2
508,17,118,2
508,17,118,2
508,17,118,2
508,17,118,2
590,17,124,3
508,18,124,3
508,17,57,3
508,17,57,3
508,17,57,3
508,17,118,2
508,17,118,2
508,17,118,2
508,17,74,6
508,17,80,6
508,17,104,6
508,17,85,2
554,17,124,3
508,17,118,2
508,17,118,2
589,17,124,3
508,17,104,6
508,17,78,7
508,17,78,7
508,17,78,7
508,17,78,7
508,17,84,7
508,17,76,5
508,17,78,7
508,17,65,5
577,17,124,3
508,17,61,4
508,17,61,4
508,17,61,4
508,17,77,1
508,17,77,1
508,17,77,1
508,17,77,1
508,17,77,1
508,17,77,1
508,17,77,1
508,17,77,1
508,17,77,1
508,17,61,4
508,17,61,4
516,16,77,1
516,16,77,1
508,17,68,4
508,17,118,2
536,16,92,2
516,16,77,1
516,16,77,1
508,17,74,6
508,17,104,6
591,17,124,3
508,17,61,4
516,16,77,1
508,17,118,2
193,8,85,3
508,17,95,5
508,17,95,5
508,17,95,5
508,17,95,5
508,17,87,3
508,17,87,3
581,17,124,3
508,17,104,6
508,17,100,5
508,17,100,5
508,17,100,5
508,17,100,5
508,17,100,5
508,17,118,2
508,17,66,4
508,17,102,6
508,17,80,6
508,17,76,5
508,17,76,5
508,17,80,6
508,17,80,6
508,17,80,6
508,17,86,2
508,17,118,2
508,17,118,2
508,17,118,2
508,17,118,2
508,17,118,2
508,17,118,2
508,17,100,5
508,17,68,5
508,17,68,5
508,17,100,5
508,17,68,5
508,17,68,5
508,17,68,5
508,17,85,2
508,17,85,2
508,17,85,2
508,17,85,2
508,17,85,2
508,17,85,2
508,17,95,5
508,17,95,5
508,17,91,4
508,17,91,4
508,17,95,5
508,17,87,3
508,17,91,4
508,17,104,6
508,17,95,5
508,17,95,5
508,17,104,6
508,17,104,6
508,17,70,5
508,17,104,6
508,17,118,2
508,17,74,6
508,17,118,2
508,17,118,2
508,17,118,2
508,17,80,6
508,17,96,4
508,17,118,2
508,18,118,2
508,17,81,2
508,17,81,2
508,17,118,2
508,17,118,2
508,17,118,2
508,17,118,2
508,17,118,2
508,17,68,5
567,17,124,3
508,17,118,2
508,17,118,2
508,17,118,2
508,17,68,5
560,16,98,5
508,17,66,4
508,17,66,4
508,17,91,4
508,17,87,3
508,17,87,3
508,17,87,3
508,17,87,3
508,17,87,3
508,17,106,6
508,17,106,6
508,17,106,6
508,17,106,6
508,17,106,6
508,17,106,6
508,17,74,6
508,17,74,6
508,17,84,7
508,17,96,3
542,17,124,3
508,17,78,7
508,17,78,7
508,17,78,7
508,17,78,7
508,17,78,7
508,17,78,7
508,17,78,7
508,17,78,7
508,17,78,7
508,17,118,2
508,17,118,2
508,17,78,7
581,17,124,3
508,17,74,6
508,17,74,6
508,17,118,2
508,17,118,2
508,17,118,2
508,17,118,2
508,17,118,2
508,17,74,6
508,17,74,6
508,17,74,6
508,17,74,6
508,17,74,6
508,17,74,6
508,17,74,6
508,17,74,6
508,17,74,6
508,17,74,6
508,17,61,4
508,17,118,2
508,17,74,6
508,17,74,6
508,17,118,2
508,17,118,2
508,17,104,6
508,17,104,6
508,17,104,6
508,17,104,6
508,17,104,6
567,17,124,3
508,16,61,4
508,17,442,8
508,17,442,8
508,17,118,2
547,17,124,3
589,17,124,3
508,17,68,5
508,17,442,8
508,17,72,4
508,17,78,7
508,18,124,3
508,17,78,7
508,17,72,4
508,17,92,2
508,17,61,4
508,17,61,4
508,17,61,4
508,17,96,4
508,17,74,6
508,17,78,7
508,17,84,7
508,17,84,7
508,17,84,7
508,17,78,7
508,17,78,7
508,17,68,5
508,17,104,6
508,17,104,6
508,17,100,5
508,17,100,5
508,17,68,5
508,17,68,5
508,17,70,5
508,17,77,1
508,17,77,1
508,17,118,2
606,17,124,3
606,17,124,3
508,17,118,2
508,17,118,2
508,17,118,2
508,18,118,2
508,17,66,4
508,17,104,6
508,17,104,6
508,17,104,6
508,17,104,6
508,17,104,6
508,17,104,6
508,17,104,6
508,17,61,4
508,17,70,5
508,17,70,5
508,17,104,6
508,17,104,6
508,17,104,6
508,17,104,6
508,17,100,5
508,17,104,6
508,17,84,7
508,17,96,3
542,17,124,3
508,17,96,3
508,17,96,3
508,17,78,7
508,17,104,6
508,17,118,2
508,17,118,2
508,17,104,6
508,17,104,6
508,17,104,6
508,17,104,6
508,17,104,6
508,17,85,2
508,17,85,2
508,17,80,6
508,17,80,6
508,17,80,6
508,17,74,6
508,17,78,7
508,17,74,6
508,17,96,4
508,17,78,7
508,17,74,6
508,17,104,6
508,17,74,6
532,16,96,4
508,17,118,2
508,17,100,5
508,17,100,5
508,17,100,5
508,17,96,4
508,17,100,5
508,17,100,5
508,17,78,7
508,17,78,7
508,17,78,7
508,17,78,7
508,17,83,2
508,17,91,4
508,17,91,4
508,17,91,4
508,17,70,5
508,17,70,5
508,17,74,6
508,17,74,6
508,17,74,6
508,17,74,6
508,17,78,7
568,17,124,3
508,17,118,2
508,17,118,2
508,17,118,2
577,17,124,3
508,17,118,2
609,17,124,3
609,17,124,3
508,17,118,2
508,17,118,2
508,17,118,2
508,17,89,3
508,17,89,3
508,17,80,6
508,17,80,6
508,17,80,6
508,17,80,6
508,17,80,6
508,17,74,6
508,17,74,6
508,17,93,4
508,17,89,3
508,17,118,2
508,17,118,2
508,17,94,4
508,17,94,4
508,17,94,4
508,17,84,2
508,17,84,2
508,17,72,4
508,17,72,4
508,17,72,4
508,17,72,4
508,17,84,2
508,17,89,3
508,17,72,4
508,17,89,3
508,17,61,4
508,17,61,4
508,17,98,4
508,17,98,4
508,17,98,4
508,17,89,3
508,17,89,3
508,17,84,2
508,17,118,2
508,17,118,2
508,18,118,2
508,18,124,3
508,17,104,6
508,17,104,6
508,17,104,6
508,17,74,6
508,17,74,6
508,17,80,6
508,17,80,6
508,17,80,6
508,17,80,6
508,17,80,6
508,17,80,6
508,17,80,6
508,17,78,7
508,17,78,7
508,17,78,7
508,17,90,3
508,17,90,3
508,17,80,6
508,17,90,3
524,16,96,4
508,17,81,2
508,17,81,2
508,17,81,2
508,17,118,2
508,17,118,2
508,17,118,2
508,17,118,2
508,17,66,4
508,17,118,2
519,16,86,2
508,17,70,5
508,17,70,5
508,17,70,5
508,17,70,5
508,17,70,5
508,17,74,6
508,17,74,6
508,17,118,2
508,17,118,2
508,17,96,4
508,17,74,6
508,17,74,6
508,17,100,5
508,17,96,4
527,16,96,3
527,16,96,3
508,17,118,2
508,17,118,2
508,17,118,2
508,17,85,3
508,17,85,3
508,17,104,6
508,17,94,4
508,17,85,3
508,17,85,3
508,17,104,6
508,17,100,5
508,17,100,5
508,17,100,5
508,17,104,6
508,17,84,2
508,17,100,5
508,17,87,3
508,17,104,6
508,17,100,5
508,17,118,2
508,17,104,6
508,17,104,6
508,17,85,3
508,16,118,2
508,17,85,3
508,17,85,3
508,17,81,2
508,17,81,2
599,16,124,3
508,16,61,4
508,17,118,2
508,17,118,2
508,17,118,2
508,18,118,2
508,17,118,2
508,17,118,2
508,17,118,2
508,17,118,2
508,17,118,2
508,17,118,2
508,17,118,2
508,17,118,2
508,17,118,2
508,17,118,2
508,18,124,3
508,17,92,2
508,17,92,2
508,17,74,6
508,17,84,2
508,17,84,2
508,17,84,2
508,17,84,2
508,17,74,6
508,17,74,6
508,17,84,2
508,17,92,2
508,17,92,2
508,17,92,2
508,17,92,2
508,17,74,6
508,17,92,2
508,17,92,2
508,17,92,2
508,17,92,2
508,17,92,2
508,17,74,6
508,17,76,5
508,17,76,5
508,17,76,5
508,17,76,5
508,17,76,5
511,16,92,2
508,17,76,5
508,17,76,5
508,17,70,5
508,17,70,5
508,17,104,6
508,17,100,5
508,17,104,6
508,17,104,6
508,17,104,6
508,17,104,6
508,17,100,5
508,17,104,6
508,17,100,5
508,17,100,5
508,17,92,2
508,17,92,2
508,17,100,5
508,17,70,5
566,17,124,3
564,17,124,3
508,17,118,2
508,17,118,2
508,17,78,7
508,17,78,7
508,17,78,7
508,17,78,7
508,17,78,7
508,17,78,7
590,17,124,3
508,17,74,6
508,17,74,6
508,17,104,6
569,16,94,4
560,16,90,3
508,17,118,2
508,17,118,2
508,17,118,2
508,17,84,2
508,17,84,2
508,17,118,2
508,17,118,2
508,17,95,5
585,17,124,3
591,17,124,3
508,17,66,4
508,17,118,2
593,17,84,2
508,17,80,6
508,17,80,6
508,17,74,6
508,17,70,5
508,17,70,5
508,17,70,5
508,17,70,5
508,17,70,5
508,17,70,5
508,17,74,6
508,17,90,3
508,17,100,5
508,17,91,4
524,16,96,4
508,17,91,4
530,16,96,4
508,17,57,3
508,17,118,2
508,18,124,3
508,17,57,3
508,17,100,5
508,17,91,4
508,17,118,2
508,17,118,2
508,17,91,4
508,17,66,4
508,17,66,4
508,17,87,3
508,17,87,3
508,17,87,3
508,17,87,3
508,17,87,3
508,17,87,3
508,17,87,3
508,17,87,3
508,17,87,3
508,17,83,2
508,17,83,2
508,17,83,2
508,17,83,2
508,17,83,2
508,17,83,2
508,17,83,2
508,17,83,2
508,17,118,2
508,17,118,2
508,17,118,2
508,17,85,2
508,17,87,3
508,17,85,2
508,17,87,3
508,17,87,3
508,17,80,6
508,17,80,6
508,17,80,6
508,17,80,6
508,17,80,6
508,17,80,6
508,17,80,6
508,17,80,6
508,17,74,6
508,17,74,6
508,17,74,6
508,17,70,5
508,17,118,2
508,17,118,2
508,17,118,2
508,17,118,2
508,17,118,2
508,17,118,2
508,17,70,5
508,17,70,5
508,17,104,6
508,17,100,5
508,17,72,5
508,17,66,4
508,17,66,4
508,17,118,2
508,17,118,2
508,17,118,2
508,17,118,2
508,17,118,2
508,17,118,2
508,17,100,5
508,17,84,2
508,17,76,5
508,17,76,5
508,17,76,5
508,17,76,5
508,17,61,4
508,17,91,4
508,17,76,5
508,17,61,4
508,17,61,4
508,17,85,2
508,17,85,2
508,17,65,5
508,17,65,5
508,17,118,2
508,17,118,2
508,17,80,6
508,17,80,6
508,17,84,2
508,17,84,2
508,17,84,2
508,17,118,2
508,17,118,2
575,17,124,3
508,17,61,4
508,17,118,2
508,17,89,3
508,17,72,5
508,17,118,2
508,17,118,2
508,17,118,2
508,17,118,2
519,16,77,1
508,17,61,4
508,17,118,2
508,17,118,2
508,17,118,2
508,17,118,2
580,17,124,3
508,17,77,1
508,17,77,1
514,16,77,1
514,16,77,1
514,16,77,1
514,16,77,1
514,16,77,1
508,17,58,3
508,17,118,2
508,17,118,2
508,17,118,2
508,17,118,2
508,17,118,2
508,17,118,2
508,18,124,3
508,17,85,2
508,17,85,2
508,17,104,6
508,17,104,6
508,17,104,6
508,17,104,6
508,17,104,6
508,17,104,6
508,17,104,6
508,17,104,6
508,17,104,6
508,17,104,6
508,17,66,4
508,17,68,5
508,17,104,6
508,17,104,6
508,17,92,2
508,17,92,2
508,17,104,6
508,17,118,2
508,17,104,6
508,17,118,2
508,17,104,6
508,17,104,6
596,17,124,3
508,17,70,5
508,17,70,5
508,17,78,7
508,17,90,3
508,17,74,6
508,17,74,6
508,17,74,6
508,17,66,4
508,17,66,4
508,17,76,5
510,16,92,2
510,16,92,2
508,17,76,5
510,16,92,2
515,16,92,2
515,16,92,2
510,16,92,2
508,17,76,5
508,17,66,4
508,17,78,7
508,17,78,7
508,17,78,7
508,17,78,7
508,17,78,7
508,17,78,7
508,17,78,7
578,17,124,3
508,17,57,3
508,17,57,3
508,17,100,5
590,17,124,3
526,16,70,5
560,16,90,3
590,17,124,3
508,17,72,6
508,17,72,6
508,17,72,6
508,17,72,6
508,17,72,6
508,17,72,6
508,17,72,6
508,17,72,6
508,17,72,6
508,17,72,6
508,17,72,6
508,17,72,6
508,17,72,6
508,17,72,6
508,17,72,6
508,17,65,5
508,17,65,5
508,17,81,2
508,17,81,2
508,17,81,2
508,17,81,2
508,17,118,2
508,17,81,2
508,17,118,2
508,17,118,2
508,17,81,2
508,17,96,3
508,17,96,3
508,17,118,2
566,17,124,3
508,17,65,5
508,17,118,2
508,17,118,2
508,17,118,2
508,17,118,2
508,17,118,2
603,17,124,3
603,17,124,3
508,17,118,2
508,17,118,2
508,17,70,5
508,17,70,5
508,17,70,5
508,17,70,5
508,17,70,5
508,17,70,5
518,16,86,2
508,17,72,4
508,17,76,5
508,17,76,5
508,17,70,5
508,17,70,5
508,17,76,5
508,17,76,5
508,17,76,5
508,17,76,5
508,17,76,5
508,17,92,2
508,17,92,2
508,17,76,5
508,17,118,2
508,17,118,2
508,17,74,6
508,17,74,6
508,17,61,4
508,17,80,6
508,17,100,5
508,17,100,5
508,17,100,5
508,17,104,6
508,17,100,5
508,17,104,6
508,17,100,5
508,17,95,5
508,17,100,5
508,17,100,5
508,17,100,5
508,17,100,5
508,17,100,5
508,17,100,5
508,17,100,5
508,17,100,5
508,17,87,3
508,17,84,2
508,17,104,6
508,17,95,5
508,17,100,5
508,17,104,6
508,17,100,5
508,17,100,5
508,17,100,5
508,18,124,3
508,17,76,5
508,17,66,4
508,17,66,4
508,18,124,3
508,17,76,5
508,17,76,5
508,17,92,2
508,17,92,2
508,17,92,2
508,17,92,2
508,17,70,5
508,17,70,5
508,17,70,5
508,17,70,5
508,17,70,5
508,17,76,5
508,17,76,5
508,17,76,5
508,17,76,5
508,17,70,5
508,17,76,5
508,17,76,5
508,17,76,5
508,17,76,5
508,17,76,5
508,17,76,5
508,17,76,5
508,17,118,2
508,17,76,5
508,17,118,2
508,17,66,4
508,17,66,4
508,17,100,5
508,17,118,2
508,17,118,2
508,17,100,5
508,17,80,6
508,17,104,6
508,17,104,6
508,17,104,6
508,17,92,2
508,17,118,2
520,16,92,2
508,17,118,2
508,17,61,4
508,17,61,4
508,17,81,2
508,17,81,2
508,17,81,2
508,17,74,6
508,16,78,7
508,17,80,6
508,17,81,2
508,17,57,3
508,17,57,3
508,17,70,5
508,17,80,6
508,17,80,6
508,17,80,6
508,17,80,6
508,17,80,6
508,17,80,6
508,17,100,5
508,17,100,5
508,18,118,2
508,17,104,6
508,17,100,5
508,17,85,3
508,17,104,6
508,17,104,6
508,17,104,6
508,17,104,6
508,17,74,6
508,17,74,6
508,17,74,6
538,17,124,3
508,17,74,6
508,17,118,2
508,17,72,6
508,17,72,6
508,17,70,5
508,17,118,2
508,17,72,6
508,17,72,6
508,17,72,6
508,17,118,2
508,17,118,2
508,17,118,2
610,17,124,3
508,17,118,2
508,17,118,2
508,17,118,2
508,17,118,2
508,17,118,2
508,17,118,2
508,17,118,2
508,17,118,2
508,17,84,2
550,17,124,3
581,17,124,3
508,17,78,7
508,17,118,2
589,17,124,3
508,17,104,6
508,17,90,3
508,17,78,7
508,17,104,6
508,17,104,6
508,17,104,6
508,17,104,6
508,17,104,6
508,17,104,6
508,17,80,6
508,17,66,4
508,17,104,6
508,17,104,6
508,17,104,6
508,17,100,5
508,17,100,5
508,17,100,5
508,17,100,5
508,17,104,6
508,17,96,4
508,17,85,2
508,17,85,2
508,17,85,2
508,17,74,6
508,17,85,2
508,17,85,2
508,17,85,2
508,17,104,4
508,17,104,4
508,17,104,4
508,17,104,4
508,17,84,7
508,17,100,5
508,17,78,7
508,17,78,7
508,17,78,7
508,17,78,7
508,17,78,7
508,17,78,7
508,17,78,7
508,17,78,7
508,17,78,7
508,17,92,2
508,17,95,5
508,17,92,2
508,17,92,2
508,17,118,2
508,17,85,2
508,17,104,4
508,17,85,2
508,17,76,5
508,17,76,5
508,17,76,5
508,17,76,5
508,17,76,5
610,17,124,3
508,17,92,2
508,17,92,2
508,17,92,2
508,17,92,2
508,17,70,5
508,17,100,5
508,17,104,6
508,17,74,6
508,17,74,6
508,17,74,6
508,17,74,6
508,17,118,2
508,17,118,2
508,17,118,2
508,17,118,2
508,17,118,2
508,17,118,2
508,17,74,6
508,17,80,6
508,17,118,2
508,17,118,2
508,17,91,4
508,17,91,4
508,17,76,5
520,16,92,2
508,17,118,2
527,16,80,6
508,17,118,2
508,17,80,6
508,17,118,2
508,17,72,4
508,17,72,4
508,17,72,4
508,17,70,5
508,17,70,5
508,17,104,6
508,17,104,6
508,17,104,6
508,17,104,6
508,17,104,6
508,17,104,6
508,17,104,6
508,17,100,5
526,16,90,3
508,17,104,6
508,17,70,5
508,17,76,5
508,17,70,5
508,17,77,1
508,17,77,1
508,17,77,1
508,17,74,6
582,17,124,3
508,17,80,6
577,17,124,3
508,17,118,2
508,17,77,1
520,16,92,2
508,17,104,6
508,18,124,3
508,17,66,4
508,17,118,2
508,17,118,2
508,17,118,2
508,17,118,2
508,17,84,2
508,17,104,6
508,17,104,6
508,17,80,6
508,17,80,6
508,17,80,6
508,17,80,6
508,17,80,6
508,17,80,6
577,17,124,3
508,17,118,2
508,17,84,2
508,17,66,4
508,17,118,2
508,17,104,6
508,17,80,6
508,17,80,6
524,16,92,2
508,17,80,6
524,16,92,2
524,16,92,2
524,16,92,2
524,16,92,2
564,17,124,3
508,17,65,5
508,17,65,5
508,17,65,5
508,17,118,2
508,17,118,2
508,17,72,5
508,17,72,5
508,17,72,5
508,17,72,5
508,16,96,3
508,16,96,3
508,17,70,5
508,17,70,5
508,17,70,5
508,17,91,4
508,17,91,4
508,17,91,4
508,17,91,4
508,17,91,4
508,17,91,4
508,17,91,4
508,17,91,4
508,17,91,4
508,17,61,4
508,17,61,4
508,17,70,5
508,17,70,5
508,17,77,1
508,17,77,1
508,17,91,4
508,17,91,4
508,17,91,4
508,17,91,4
508,17,91,4
508,17,91,4
508,17,91,4
508,17,91,4
508,17,91,4
508,17,91,4
508,17,66,4
508,17,66,4
508,17,66,4
508,17,66,4
508,17,66,4
508,17,66,4
508,17,91,4
508,17,87,3
508,17,91,4
508,17,91,4
508,17,87,3
508,17,91,4
508,17,91,4
508,17,91,4
508,17,91,4
508,17,87,3
508,17,87,3
508,17,83,2
508,17,83,2
508,17,83,2
508,17,83,2
508,17,83,2
508,17,83,2
508,17,83,2
508,17,83,2
508,17,70,5
508,17,70,5
508,17,70,5
508,17,70,5
508,17,70,5
508,17,70,5
509,16,70,5
508,17,61,4
508,17,61,4
508,17,118,2
508,17,118,2
508,17,72,4
508,17,74,6
508,17,74,6
508,17,74,6
547,17,124,3
547,17,124,3
508,16,86,2
508,17,78,7
508,17,78,7
508,16,86,2
508,16,86,2
508,17,83,2
508,17,83,2
508,17,74,6
508,17,118,2
610,17,124,3
508,17,76,5
508,17,104,6
508,17,104,6
508,17,104,6
508,17,84,2
508,17,86,2
508,17,104,6
508,17,76,5
508,17,118,2
508,17,86,2
508,17,70,5
508,17,70,5
508,17,81,2
508,17,81,2
508,17,95,5
508,17,87,3
508,17,95,5
508,17,95,5
508,17,104,6
508,17,104,6
508,17,104,6
508,17,104,6
508,17,104,6
508,17,104,6
508,17,100,5
508,17,95,5
508,17,85,2
508,17,85,2
508,17,95,5
508,17,87,3
508,17,87,3
508,17,78,7
508,17,95,5
508,17,118,2
508,17,118,2
508,17,118,2
508,17,102,5
508,17,102,5
609,17,124,3
508,17,102,5
508,17,102,5
508,17,102,5
508,17,85,2
508,17,87,3
508,17,118,2
508,17,85,2
508,17,102,5
508,17,104,6
508,17,118,2
591,17,78,7
508,17,104,6
508,17,85,2
508,17,85,2
508,17,118,2
508,17,118,2
508,17,118,2
508,17,76,5
508,18,118,2
508,17,118,2
566,17,124,3
564,17,124,3
508,17,118,2
508,17,118,2
609,17,124,3
508,17,118,2
520,16,92,2
508,17,80,6
533,16,96,3
533,16,96,3
508,17,57,3
508,17,80,6
508,17,80,6
508,17,68,5
508,17,83,2
508,17,83,2
508,17,118,2
508,17,118,2
508,17,74,6
508,17,118,2
508,17,74,6
508,17,81,2
508,17,80,6
508,17,118,2
508,17,66,4
508,17,66,4
508,17,66,4
508,17,66,4
508,17,74,6
508,17,74,6
508,17,74,6
508,17,66,4
508,17,66,4
508,17,118,2
508,17,118,2
508,17,118,2
508,17,118,2
508,17,118,2
508,17,86,2
508,17,66,4
508,17,57,3
508,17,72,4
508,17,72,4
508,17,118,2
508,17,118,2
508,17,118,2
508,17,118,2
508,17,76,5
508,17,76,5
508,17,76,5
508,17,76,5
508,17,76,5
508,17,57,3
508,17,118,2
508,17,118,2
508,17,118,2
508,17,118,2
508,17,61,4
508,17,61,4
508,17,61,4
508,17,77,1
508,17,77,1
508,17,77,1
508,17,77,1
508,17,77,1
508,17,104,6
508,17,57,3
508,17,57,3
508,17,57,3
508,17,57,3
508,17,57,3
508,17,57,3
508,17,118,2
508,17,118,2
508,17,118,2
508,17,118,2
508,17,118,2
508,17,118,2
508,17,57,3
508,17,57,3
508,17,57,3
508,17,57,3
508,17,77,1
508,17,118,2
508,17,104,6
508,17,104,6
508,17,78,7
508,17,78,7
508,17,78,7
508,17,78,7
508,17,84,2
508,17,78,7
508,17,104,6
508,17,96,4
508,17,104,6
508,17,70,5
508,17,118,2
508,17,118,2
508,17,118,2
508,17,118,2
508,17,118,2
508,17,118,2
508,17,118,2
508,17,104,6
610,17,124,3
508,17,118,2
508,17,100,5
508,17,118,2
508,17,104,6
508,17,96,4
508,17,70,5
508,17,70,5
508,17,70,5
508,17,66,4
508,17,66,4
508,17,61,4
508,17,61,4
508,17,61,4
575,17,124,3
508,17,118,2
508,17,92,2
508,17,92,2
508,17,92,2
508,17,92,2
508,17,118,2
508,17,118,2
508,17,118,2
508,17,118,2
508,17,118,2
508,17,87,3
508,17,118,2
508,17,92,2
508,17,92,2
508,17,92,2
508,17,118,2
508,17,118,2
508,17,118,2
508,17,118,2
508,17,118,2
508,17,118,2
508,17,118,2
508,17,118,2
508,17,78,7
508,17,57,3
508,17,57,3
508,17,57,3
508,17,76,5
508,17,76,5
508,17,76,5
508,17,76,5
508,17,76,5
508,17,76,5
508,17,76,5
508,17,76,5
508,17,76,5
508,17,76,5
508,17,76,5
508,17,76,5
508,17,76,5
508,17,76,5
508,17,76,5
510,16,77,1
510,16,77,1
508,17,76,5
508,17,76,5
508,17,76,5
508,17,100,5
508,17,100,5
536,17,124,3
508,17,95,5
508,17,96,4
508,17,80,6
508,17,118,2
508,17,92,2
508,17,92,2
508,17,118,2
577,17,124,3
508,17,80,6
508,17,74,6
508,17,74,6
576,17,124,3
576,17,124,3
508,17,118,2
508,17,74,6
508,17,76,5
508,17,118,2
508,17,76,5
508,17,100,5
508,17,100,5
508,17,100,5
508,17,85,2
508,17,76,5
508,17,118,2
508,17,76,5
508,17,80,6
508,17,84,7
508,17,92,2
508,17,84,7
508,17,80,6
508,17,98,3
508,17,98,3
508,17,98,3
508,17,100,5
508,17,100,5
508,17,96,4
508,17,100,5
508,17,61,4
508,17,61,4
508,17,74,6
508,17,74,6
508,17,118,2
508,17,118,2
508,17,118,2
508,17,118,2
508,17,70,3
508,17,70,3
508,17,70,3
508,17,70,3
508,17,70,3
508,17,70,3
508,17,70,3
508,17,70,3
508,17,70,3
508,17,70,3
508,17,70,3
508,17,70,3
508,17,70,3
508,17,70,3
508,17,70,3
508,17,70,3
508,17,70,3
508,17,70,2
508,17,70,2
508,17,70,1217
508,17,70,1217
508,17,70,1217
508,17,70,1217
508,17,70,2
508,17,70,2
508,17,70,3
508,17,70,3
508,17,70,3
508,17,70,3
508,17,70,3
508,17,70,3
508,17,70,3
508,17,70,3
508,17,70,3
508,17,70,3
508,17,70,3
508,17,70,3
508,17,70,3
508,17,70,3
508,17,70,3
508,17,70,3
508,17,70,3
508,17,70,3
508,17,70,3
508,17,70,3
508,17,70,1217
508,17,70,1217
508,17,70,1217
508,17,70,1217
508,17,70,1217
508,17,70,3
508,17,70,3
508,17,70,3
508,17,70,3
508,17,70,3
508,17,70,3
508,17,81,2
508,17,81,2
508,17,70,3
508,17,70,3
508,17,70,3
508,17,70,3
508,17,70,3
508,17,70,3
508,17,87,3
508,17,87,3
508,17,70,3
508,17,70,3
508,17,70,3
508,17,70,3
508,17,70,3
508,17,70,3
508,17,70,3
508,17,70,3
508,17,70,1217
508,17,70,1217
508,17,70,1217
508,17,70,1217
508,17,70,1217
508,17,70,1217
508,17,70,1217
508,17,70,1217
508,17,70,1217
508,17,70,1217
508,17,70,1217
508,17,70,1217
508,17,104,6
508,17,92,2
508,17,92,2
508,17,92,2
508,17,70,3
508,17,59,4
508,17,59,4
508,17,87,3
508,17,87,3
508,17,59,4
508,17,59,4
508,17,59,4
508,17,59,4
508,17,59,4
508,17,59,4
508,17,59,4
508,17,87,3
508,17,87,3
508,17,87,3
508,17,70,1217
508,17,70,1217
508,17,87,3
508,17,87,3
508,17,59,4
508,17,59,4
508,17,87,3
508,17,87,3
184,8,81,2
508,17,118,2
508,17,118,2
508,17,118,2
508,17,87,3
508,17,87,3
508,17,118,2
508,17,118,2
508,17,118,2
508,17,118,2
508,17,118,2
508,17,118,2
508,17,118,2
508,17,118,2
508,17,118,2
508,17,80,6
508,17,80,6
508,17,118,2
508,17,59,4
508,17,59,4
566,17,124,3
508,17,118,2
508,17,118,2
508,17,442,8
508,17,118,2
508,17,118,2
508,17,118,2
508,17,118,2
508,17,118,2
508,17,118,2
508,17,118,2
508,17,118,2
508,17,118,2
508,17,118,2
508,17,118,2
523,16,124,3
508,17,78,7
508,17,78,7
508,17,78,7
508,17,70,5
508,17,70,5
508,17,70,5
508,17,70,5
508,17,118,2
508,17,68,5
508,17,68,5
508,17,118,2
508,17,66,4
508,17,68,5
508,17,70,5
508,17,118,2
508,17,87,3
508,17,87,3
508,17,66,4
508,17,66,4
508,17,70,5
508,17,70,5
508,17,70,5
508,17,70,5
508,17,70,5
508,17,66,4
508,17,70,5
508,17,66,4
508,17,66,4
508,17,66,4
508,17,66,4
508,17,118,2
508,17,66,4
508,17,66,4
508,17,100,5
508,17,100,5
508,17,100,5
508,17,100,5
508,17,100,5
508,17,100,5
508,17,118,2
508,17,100,5
508,17,118,2
508,17,118,2
508,17,100,5
508,17,91,4
508,17,85,2
508,17,74,6
508,17,74,6
508,17,74,6
508,17,74,6
508,17,74,6
508,17,80,6
508,17,80,6
508,17,85,2
508,17,85,2
508,17,85,2
508,17,66,4
508,17,85,2
508,17,100,5
508,17,80,6
508,17,80,6
511,16,92,2
511,16,92,2
511,16,92,2
508,17,118,2
508,17,118,2
508,17,118,2
508,17,118,2
511,16,92,2
508,17,118,2
511,16,92,2
511,16,92,2
511,16,92,2
508,17,80,6
508,17,80,6
508,17,80,6
508,17,80,6
508,17,80,6
508,17,80,6
508,17,118,2
515,16,92,2
511,16,92,2
511,16,92,2
511,16,92,2
515,16,92,2
511,16,92,2
508,17,87,3
508,17,87,3
508,17,57,3
508,17,70,5
508,17,70,5
508,17,77,1
508,17,70,5
508,17,70,5
508,17,70,5
508,17,70,5
508,17,70,5
508,17,70,5
508,17,70,5
508,17,57,3
508,17,57,3
508,17,118,2
508,17,118,2
508,17,72,4
508,17,72,4
508,17,72,4
508,17,87,3
508,17,87,3
508,17,70,5
508,17,70,5
508,17,100,5
508,17,100,5
508,17,118,2
508,17,118,2
508,17,104,6
508,17,104,6
508,17,104,6
508,17,104,6
508,17,104,6
508,17,104,6
508,17,104,6
508,17,80,6
508,17,78,7
508,17,78,7
508,17,78,7
508,17,78,7
508,17,78,7
508,17,84,7
508,17,84,7
508,17,78,7
508,17,118,2
508,17,95,5
508,17,85,2
508,17,104,6
508,17,85,2
508,17,78,7
508,17,78,7
508,17,78,7
508,17,118,2
508,17,118,2
508,17,118,2
508,17,80,6
508,17,84,2
508,17,118,2
508,17,85,2
508,17,85,2
508,17,118,2
508,17,118,2
508,17,118,2
508,17,83,2
508,17,87,3
508,17,87,3
508,17,74,6
508,17,74,6
508,17,84,2
508,17,84,2
508,17,66,4
508,17,90,3
611,17,84,2
508,17,80,6
508,17,80,6
508,17,74,6
508,17,61,4
508,17,74,6
508,17,84,2
508,17,68,5
508,17,68,5
508,17,74,6
508,17,74,6
508,17,118,2
508,17,118,2
508,17,118,2
508,17,78,7
508,18,118,2
508,18,118,2
508,17,74,6
508,17,74,6
508,17,443,8
508,17,442,8
508,17,76,5
508,17,76,5
508,17,76,5
508,17,74,6
508,17,74,6
508,17,74,6
508,17,74,6
508,17,76,5
508,17,76,5
508,17,76,5
508,17,76,5
508,17,76,5
508,17,76,5
508,17,80,6
508,17,100,5
611,17,84,2
508,17,118,2
508,17,118,2
508,17,118,2
508,17,78,7
195,8,85,3
508,17,78,7
508,17,78,7
508,17,78,7
508,17,76,5
508,17,78,7
508,17,80,6
508,17,78,7
508,17,76,5
610,17,124,3
508,17,104,6
508,17,104,6
508,17,66,4
508,17,66,4
508,17,66,4
508,17,74,6
508,17,74,6
508,17,118,2
508,17,85,3
508,17,85,3
508,17,85,3
508,17,118,2
508,17,118,2
508,17,118,2
508,17,118,2
508,17,118,2
508,17,118,2
544,17,124,3
508,17,118,2
544,17,124,3
508,17,85,3
508,17,85,3
508,17,85,3
508,17,85,3
508,17,85,3
508,17,118,2
508,17,94,4
508,17,61,4
508,17,61,4
508,17,57,3
508,17,57,3
508,17,85,3
508,17,118,2
508,17,118,2
508,17,74,6
508,17,118,2
508,17,74,6
508,17,96,4
508,17,118,2
508,17,118,2
508,17,118,2
508,17,104,6
508,17,104,6
508,17,104,6
508,17,104,6
508,17,104,6
508,17,104,6
508,17,118,2
508,17,80,6
508,17,84,7
508,17,118,2
508,17,68,5
508,17,68,5
508,17,68,5
508,17,85,2
508,17,118,2
508,17,100,5
508,17,118,2
508,17,118,2
508,17,118,2
508,17,118,2
508,17,118,2
508,17,118,2
508,17,89,3
508,17,89,3
508,17,89,3
508,17,70,5
508,17,70,5
508,17,118,2
508,17,118,2
508,17,118,2
508,17,118,2
508,17,118,2
508,17,118,2
508,17,118,2
508,17,118,2
508,17,118,2
508,17,66,4
508,17,66,4
508,17,118,2
508,17,100,5
508,17,104,6
508,17,100,5
508,17,104,4
508,17,70,5
508,17,104,4
508,17,104,4
508,17,66,4
508,17,118,2
508,17,70,3
508,17,70,3
508,17,81,2
508,17,81,2
508,17,70,2
508,17,70,2
508,17,70,2
508,17,70,2
508,17,70,3
508,17,70,3
508,17,70,3
508,17,70,2
508,17,70,3
508,17,70,3
508,17,70,3
508,17,70,3
508,17,70,1217
508,17,70,1217
508,17,70,1217
508,17,70,1217
508,17,70,3
508,17,70,3
508,17,70,3
508,17,70,3
508,17,70,1217
508,17,81,2
508,17,70,3
508,17,70,3
508,17,70,3
508,17,70,3
508,17,70,3
508,17,81,2
508,17,70,5
508,17,70,5
508,17,70,3
508,17,70,3
508,17,70,1217
508,17,70,1217
508,17,70,1217
508,17,70,1217
508,17,70,1217
508,17,70,3
508,17,70,3
508,17,96,4
508,17,70,1217
508,17,70,1217
508,17,70,1217
508,17,70,1217
508,17,70,1217
508,17,70,1217
508,17,70,1217
508,17,59,4
508,17,59,4
572,17,124,3
508,17,70,3
508,17,70,1217
508,17,70,1217
508,17,70,3
508,17,70,3
508,17,70,3
508,17,70,1217
508,17,70,1217
508,17,70,5
508,17,70,5
508,17,70,5
508,17,70,5
508,17,70,5
508,17,70,5
508,17,70,5
508,17,70,5
508,17,70,5
508,17,70,5
508,17,70,5
508,17,70,5
508,17,70,5
508,17,70,5
508,17,70,5
508,17,70,1217
508,17,70,5
508,17,61,4
508,17,61,4
508,17,70,5
508,17,61,4
508,17,61,4
508,17,118,2
508,17,61,4
508,17,61,4
508,17,61,4
508,17,61,4
508,17,74,6
508,17,74,6
508,17,118,2
508,18,124,3
580,17,124,3
508,17,74,6
508,17,74,6
508,17,118,2
508,17,80,6
508,17,80,6
508,17,80,6
508,17,80,6
508,17,80,6
508,17,80,6
508,17,80,6
508,17,80,6
508,17,80,6
508,17,80,6
508,17,80,6
508,17,80,6
508,17,70,5
508,17,102,5
508,17,102,5
508,17,100,5
508,17,96,4
508,17,96,4
508,17,96,4
508,17,96,4
508,17,96,4
508,17,104,6
508,17,100,5
508,17,100,5
508,17,100,5
508,17,100,5
508,17,100,5
508,17,102,5
508,17,118,2
508,17,118,2
508,17,118,2
508,17,118,2
508,17,118,2
508,17,118,2
508,16,118,2
508,17,118,2
508,17,118,2
508,17,118,2
508,17,118,2
508,17,118,2
508,17,118,2
508,17,118,2
508,17,118,2
508,17,74,6
508,17,74,6
508,17,118,2
508,17,66,4
508,17,76,7
508,17,104,6
508,16,57,3
508,17,65,5
508,17,65,5
508,17,65,5
508,17,65,5
508,17,81,2
508,17,81,2
508,17,81,2
508,17,65,5
508,17,65,5
508,17,65,5
508,17,65,5
508,17,65,5
508,17,65,5
508,17,65,5
508,17,65,5
508,17,65,5
508,17,65,5
508,17,81,2
508,16,65,5
508,17,118,2
508,17,81,2
508,17,81,2
508,17,81,2
508,17,81,2
508,17,94,4
508,17,94,4
508,17,65,5
508,17,118,2
508,17,118,2
508,17,118,2
508,17,104,6
508,17,70,5
508,17,70,5
508,17,118,2
508,17,118,2
508,17,118,2
508,17,80,6
508,17,80,6
512,17,96,3
512,17,96,3
508,17,118,2
508,17,118,2
512,17,96,3
512,17,96,3
508,17,118,2
589,17,124,3
508,17,76,5
508,17,76,5
508,17,76,5
508,17,78,7
508,17,78,7
508,17,118,2
508,17,118,2
508,17,118,2
508,17,118,2
508,17,118,2
508,17,118,2
508,17,87,3
508,17,87,3
508,17,118,2
508,18,118,2
508,17,118,2
508,17,118,2
508,17,61,4
508,17,61,4
508,17,61,4
508,17,87,3
508,17,87,3
508,17,87,3
508,17,87,3
508,17,87,3
508,17,87,3
508,17,87,3
508,17,100,5
508,17,76,5
508,17,87,3
508,17,87,3
508,17,118,2
508,17,118,2
508,17,118,2
508,17,118,2
508,17,118,2
508,17,87,3
508,17,68,5
508,17,68,5
508,17,87,3
508,17,118,2
508,17,66,4
508,17,66,4
508,17,74,6
508,17,80,6
508,17,104,6
508,17,83,2
508,17,83,2
617,16,92,2
508,17,98,5
508,17,72,4
508,17,72,6
508,17,72,6
508,17,118,2
508,17,78,7
508,17,78,7
508,17,87,3
508,17,95,5
508,17,95,5
508,17,95,5
508,17,95,5
508,17,95,5
508,17,83,2
508,17,87,3
508,17,95,5
508,17,95,5
508,17,95,5
508,17,95,5
508,17,95,5
508,17,87,3
508,17,87,3
508,17,87,3
508,17,118,2
508,17,85,2
508,17,83,2
508,17,104,6
508,17,87,3
508,17,118,2
508,17,118,2
508,17,118,2
508,17,83,2
508,17,87,3
508,17,87,3
508,17,70,5
508,17,87,3
508,17,87,3
508,17,94,4
508,17,94,4
508,17,94,4
508,17,96,3
508,17,96,3
508,17,96,3
508,17,96,3
508,17,74,6
508,17,70,5
508,17,74,6
508,17,74,6
508,17,74,6
508,17,70,5
508,17,96,3
508,17,96,3
508,17,66,4
508,17,66,4
610,17,124,3
508,17,80,6
508,17,80,6
508,17,118,2
508,17,118,2
508,17,92,2
508,17,66,4
508,17,92,2
508,17,92,2
508,17,80,6
508,17,80,6
508,17,80,6
508,17,80,6
508,17,80,6
508,17,80,6
508,17,118,2
508,17,80,6
508,17,83,2
508,17,80,6
508,17,80,6
508,17,80,6
508,17,66,4
508,17,80,6
508,17,80,6
508,17,80,6
508,17,80,6
508,17,80,6
508,17,80,6
508,17,66,4
508,17,87,3
510,17,74,6
510,17,90,3
508,17,61,4
508,17,61,4
508,17,74,6
508,17,100,5
508,17,85,2
508,17,85,2
527,16,80,6
527,16,80,6
508,17,57,3
508,17,85,2
508,17,85,2
508,17,66,4
508,17,74,6
508,17,74,6
508,17,118,2
508,17,118,2
508,17,118,2
508,17,118,2
508,17,118,2
508,17,118,2
508,17,118,2
508,17,70,5
508,17,118,2
508,17,78,7
508,17,78,7
508,17,78,7
508,17,78,7
508,17,78,7
508,17,78,7
508,17,87,3
508,17,87,3
508,17,59,4
508,17,74,6
508,17,59,4
508,17,74,6
508,17,74,6
508,17,74,6
508,17,118,2
508,17,118,2
508,17,91,4
508,17,91,4
508,18,124,3
508,17,74,6
508,17,78,7
508,17,78,7
508,17,78,7
508,17,70,5
508,17,118,2
508,17,70,5
508,17,104,6
508,17,72,4
508,17,78,7
508,17,74,6
508,17,74,6
508,17,68,5
508,17,68,5
508,17,68,5
508,17,68,5
508,17,68,5
508,17,68,5
508,17,68,5
508,17,68,5
508,17,68,5
508,17,68,5
508,17,68,5
508,17,68,5
508,17,74,6
508,17,78,7
508,17,78,7
508,17,78,7
508,17,78,7
508,17,78,7
508,17,78,7
508,17,78,7
508,17,78,7
508,17,78,7
508,17,78,7
508,17,59,4
508,17,59,4
508,17,118,2
508,17,118,2
508,17,118,2
508,17,118,2
508,17,118,2
564,17,124,3
508,17,61,4
508,17,61,4
508,17,61,4
508,17,87,3
508,17,87,3
508,17,118,2
508,17,118,2
508,17,118,2
508,17,118,2
576,17,124,3
508,17,76,5
508,17,76,5
508,17,74,6
508,17,118,2
508,17,118,2
508,17,74,6
508,17,74,6
508,17,74,6
508,17,118,2
508,17,74,6
508,17,74,6
508,17,74,6
508,17,74,6
508,17,100,5
508,17,100,5
508,17,100,5
508,17,118,2
508,17,118,2
568,17,124,3
508,17,118,2
508,17,118,2
508,17,118,2
508,17,118,2
508,17,118,2
508,17,118,2
508,17,118,2
508,17,118,2
508,17,118,2
508,17,118,2
508,17,118,2
508,17,118,2
508,17,118,2
508,17,118,2
508,17,118,2
508,17,118,2
508,17,118,2
508,17,118,2
508,17,118,2
508,17,70,5
508,17,70,5
508,17,70,5
508,17,118,2
508,17,118,2
508,17,87,3
508,17,87,3
508,17,95,5
508,17,85,2
508,17,118,2
508,17,95,5
508,17,95,5
508,17,104,6
508,17,118,2
508,17,87,3
508,17,104,6
508,17,104,6
508,17,100,5
508,17,118,2
508,17,100,5
508,17,96,4
508,17,96,4
508,17,96,4
508,17,77,1
508,17,87,3
508,17,70,5
508,17,70,5
508,17,118,2
508,17,118,2
508,17,118,2
508,17,118,2
508,17,76,5
508,17,76,5
508,17,76,5
508,17,76,5
508,17,76,5
508,17,76,5
508,17,76,5
508,17,76,5
508,17,76,5
508,17,76,5
508,17,76,5
508,17,76,5
508,17,76,5
508,17,76,5
508,17,76,5
508,17,76,5
597,17,118,2
508,17,76,5
508,17,76,5
508,17,76,5
508,17,76,5
508,17,76,5
508,17,57,3
508,17,57,3
508,17,76,5
508,17,76,5
508,17,98,4
508,17,118,2
508,17,76,5
508,17,76,5
508,17,76,5
508,17,76,5
508,17,78,7
508,17,74,6
509,16,90,3
508,18,118,2
508,17,74,6
509,16,90,3
508,17,102,5
508,17,76,5
508,17,76,5
508,17,76,5
508,17,92,2
508,17,70,5
508,17,70,5
508,17,102,5
508,17,80,6
508,17,102,5
508,17,80,6
508,17,80,6
508,17,70,5
508,17,74,6
508,17,74,6
508,17,78,7
508,17,74,6
508,17,78,7
508,17,118,2
508,17,118,2
508,17,102,5
508,17,102,5
508,17,124,3
508,17,74,6
508,17,74,6
508,17,74,6
508,17,74,6
508,17,74,6
508,17,74,6
508,17,74,6
508,17,74,6
508,17,74,6
508,17,74,6
508,17,74,6
508,17,74,6
508,17,74,6
508,17,76,5
508,17,74,6
508,17,74,6
508,17,87,3
508,17,87,3
508,17,87,3
508,18,118,2
508,17,94,4
508,17,94,4
508,17,70,5
508,17,118,2
508,17,118,2
559,17,124,3
559,17,124,3
508,17,118,2
508,17,118,2
508,17,118,2
508,17,94,4
508,17,66,4
508,17,66,4
508,17,66,4
508,17,118,2
508,17,118,2
508,17,118,2
508,17,118,2
508,17,74,6
508,17,66,4
508,17,85,2
508,17,70,5
508,17,87,3
508,17,70,5
508,17,70,5
508,17,85,2
508,17,70,5
508,17,77,1
508,17,77,1
508,17,77,1
508,17,77,1
508,17,77,1
508,17,77,1
508,17,77,1
508,17,77,1
508,17,77,1
508,17,77,1
508,17,77,1
508,17,57,3
508,17,57,3
508,17,77,1
508,17,77,1
508,17,77,1
508,17,77,1
508,17,87,3
508,17,87,3
508,17,118,2
508,17,78,7
508,17,118,2
541,17,124,3
508,17,66,4
508,17,66,4
508,17,104,6
508,17,80,6
526,16,90,3
508,17,74,6
508,17,118,2
508,17,104,6
508,17,104,6
508,17,104,6
508,17,104,6
508,17,84,2
508,17,80,6
508,17,80,6
508,17,80,6
508,17,80,6
508,17,80,6
508,17,84,7
508,17,118,2
508,17,66,4
508,17,104,6
611,17,84,2
564,17,124,3
616,17,84,2
508,17,76,5
508,17,76,5
508,17,92,2
508,17,92,2
508,17,92,2
508,17,92,2
508,17,118,2
508,17,118,2
508,17,84,7
508,17,84,7
508,17,118,2
508,17,96,3
508,17,96,3
508,17,96,3
508,17,118,2
508,17,118,2
508,17,118,2
508,17,118,2
508,17,100,5
508,17,100,5
508,17,104,6
508,17,104,6
508,17,104,6
508,17,104,6
508,17,104,6
508,17,104,6
508,17,78,7
508,17,85,2
508,17,61,4
508,17,61,4
508,17,61,4
508,17,74,6
508,17,74,6
508,18,124,3
508,17,74,6
508,17,74,6
508,17,74,6
508,17,74,6
508,17,74,6
508,17,74,6
508,17,74,6
508,17,104,6
508,17,104,6
508,17,118,2
508,17,118,2
609,17,124,3
508,17,118,2
508,17,80,6
508,17,104,6
508,17,80,6
508,17,104,6
508,17,104,6
508,17,104,6
508,17,104,6
508,17,104,6
508,17,104,6
508,17,104,6
508,18,124,3
508,17,118,2
508,17,81,2
508,17,118,2
508,17,80,6
524,16,92,2
524,16,92,2
524,16,92,2
508,17,80,6
524,16,92,2
524,16,92,2
508,17,85,2
508,17,104,6
508,17,80,6
508,17,104,6
508,17,74,6
508,17,74,6
575,17,124,3
508,17,100,5
508,17,118,2
508,17,118,2
508,17,118,2
508,17,118,2
508,17,118,2
508,17,70,5
508,17,70,5
508,17,70,5
508,17,70,5
508,17,70,5
508,17,70,5
508,17,74,6
508,17,74,6
508,17,74,6
508,17,70,5
508,17,70,5
508,17,70,5
508,17,70,5
508,17,70,5
508,17,70,5
508,17,70,5
508,17,104,6
508,17,104,6
508,17,70,5
508,17,70,5
508,17,70,5
508,17,70,5
508,17,104,6
508,16,89,3
508,17,61,4
508,17,61,4
508,17,61,4
508,17,77,1
508,17,77,1
508,17,77,1
508,17,77,1
508,17,77,1
550,17,124,3
508,17,89,3
508,17,89,3
508,17,77,1
508,17,77,1
508,17,77,1
508,17,77,1
508,17,77,1
508,17,77,1
508,17,77,1
508,17,77,1
508,17,77,1
508,17,77,1
508,17,77,1
508,17,77,1
508,17,77,1
508,17,77,1
508,17,77,1
508,17,77,1
508,17,77,1
508,17,77,1
508,17,77,1
508,17,77,1
508,17,77,1
508,17,77,1
508,17,77,1
508,17,77,1
540,17,124,3
508,17,77,1
508,17,77,1
508,17,77,1
508,17,77,1
508,17,77,1
508,17,85,3
508,17,85,3
508,17,118,2
508,17,77,1
508,17,77,1
508,17,77,1
508,17,77,1
508,17,77,1
508,17,77,1
508,17,77,1
508,17,77,1
508,17,77,1
508,17,77,1
508,17,77,1
508,17,77,1
508,17,77,1
508,17,77,1
508,17,77,1
508,17,77,1
508,17,77,1
508,17,77,1
508,17,77,1
508,17,77,1
508,17,77,1
508,17,77,1
508,17,77,1
508,17,77,1
508,17,77,1
508,17,77,1
508,17,77,1
508,17,77,1
508,17,77,1
508,17,77,1
508,17,77,1
508,17,77,1
508,17,77,1
508,17,77,1
508,17,77,1
508,17,77,1
508,17,77,1
508,17,77,1
508,17,77,1
508,17,77,1
508,17,77,1
508,17,77,1
508,17,77,1
508,17,77,1
508,17,77,1
508,17,77,1
508,17,77,1
508,17,77,1
508,17,77,1
508,17,77,1
508,17,77,1
508,17,77,1
508,17,77,1
508,17,77,1
508,17,77,1
508,17,77,1
508,17,77,1
508,17,77,1
508,17,77,1
508,17,77,1
508,17,77,1
508,17,77,1
508,17,77,1
508,17,77,1
508,17,77,1
508,17,77,1
508,17,77,1
508,17,77,1
508,17,77,1
508,17,77,1
508,17,77,1
508,17,77,1
508,17,77,1
508,17,77,1
508,17,89,3
508,17,102,5
508,17,102,5
508,17,102,5
508,17,118,2
508,18,124,3
508,18,124,3
508,17,102,5
508,17,102,5
508,17,118,2
508,17,118,2
508,17,118,2
508,17,118,2
508,17,66,4
508,17,66,4
590,17,124,3
508,17,95,5
508,17,95,5
508,17,95,5
508,17,87,3
508,17,87,3
508,17,87,3
568,17,124,3
580,17,124,3
508,17,118,2
508,17,118,2
508,17,118,2
508,17,118,2
508,17,87,3
508,17,95,5
564,17,124,3
508,17,118,2
508,17,78,7
508,17,76,5
508,17,118,2
508,17,118,2
508,17,118,2
508,17,95,5
508,17,91,4
508,17,74,6
508,17,91,4
508,17,70,5
508,17,70,5
508,17,70,5
508,17,70,5
508,17,70,5
508,17,70,5
508,17,87,3
508,17,87,3
508,17,87,3
508,17,74,6
508,17,95,5
508,17,118,2
508,17,74,6
508,17,118,2
508,16,118,2
508,16,118,2
508,17,98,3
508,17,98,3
508,16,118,2
508,17,118,2
508,16,118,2
508,17,118,2
508,17,118,2
508,17,81,2
570,17,124,3
610,17,124,3
610,17,124,3
590,17,84,2
609,17,124,3
508,17,84,2
508,17,84,2
508,17,84,2
508,17,84,2
508,17,61,4
508,17,80,6
508,17,84,2
508,17,98,3
508,17,74,6
508,17,87,3
508,17,92,2
508,17,92,2
508,17,85,2
508,17,118,2
508,17,85,2
610,17,124,3
610,17,124,3
508,17,118,2
508,17,118,2
508,17,85,2
508,17,61,4
508,17,61,4
508,17,61,4
508,17,61,4
508,17,61,4
508,17,118,2
508,17,100,5
508,17,100,5
508,17,100,5
508,17,100,5
508,17,104,6
508,17,100,5
508,17,118,2
508,17,118,2
508,17,118,2
508,17,118,2
508,17,61,4
508,17,77,1
508,17,100,5
508,17,80,6
508,17,104,6
508,17,118,2
508,17,118,2
508,17,98,4
508,17,98,4
508,17,98,4
508,17,118,2
508,17,78,7
508,17,78,7
508,17,87,3
508,17,87,3
508,17,87,3
508,17,80,6
508,17,92,2
508,17,92,2
508,17,92,2
508,17,92,2
508,17,92,2
508,17,118,2
508,17,118,2
508,17,118,2
508,17,80,6
508,17,80,6
508,17,80,6
508,17,80,6
508,17,80,6
508,17,80,6
508,17,80,6
508,17,80,6
508,17,80,6
508,17,80,6
508,17,80,6
508,17,80,6
508,17,80,6
508,17,80,6
508,17,80,6
508,17,80,6
508,17,80,6
508,17,80,6
508,17,80,6
508,17,80,6
531,16,96,3
508,17,80,6
508,17,80,6
508,17,80,6
508,17,80,6
531,16,96,3
508,17,80,6
508,17,80,6
508,17,80,6
508,17,80,6
508,17,80,6
508,17,80,6
531,16,96,3
531,16,96,3
531,16,96,3
508,17,80,6
508,17,80,6
531,16,96,3
508,17,80,6
531,16,96,3
531,16,96,3
531,16,96,3
531,16,96,3
508,17,80,6
508,17,80,6
508,17,80,6
508,17,118,2
531,16,96,3
508,17,80,6
508,17,80,6
508,17,74,6
508,17,98,5
508,17,80,6
508,17,84,2
508,17,74,6
508,17,80,6
581,17,124,3
508,17,80,6
508,17,118,2
508,17,80,6
508,17,118,2
508,17,74,6
508,17,80,6
508,17,92,3
508,17,92,3
508,17,92,3
508,17,118,2
508,17,118,2
508,17,87,3
508,17,104,6
508,17,104,6
508,17,96,4
508,17,83,2
508,17,83,2
508,17,83,2
508,17,83,2
508,17,83,2
508,17,83,2
508,17,83,2
508,17,83,2
508,17,83,2
508,17,83,2
508,17,77,1
508,17,77,1
508,17,77,1
508,17,77,1
508,17,83,2
508,17,83,2
508,17,83,2
508,17,83,2
508,17,83,2
508,17,83,2
508,17,83,2
508,17,83,2
508,17,83,2
508,17,83,2
508,17,81,2
508,17,81,2
508,17,81,2
611,17,78,7
611,17,78,7
600,17,84,2
508,17,118,2
508,17,118,2
508,17,118,2
508,17,96,3
508,17,76,7
508,17,118,2
508,17,70,5
508,17,118,2
508,17,78,7
508,17,78,7
508,17,118,2
188,8,85,3
508,17,76,5
508,17,76,5
508,17,76,5
508,17,118,2
508,17,118,2
508,17,118,2
508,17,91,4
508,17,91,4
508,17,91,4
508,17,91,4
508,17,91,4
508,17,91,4
610,17,124,3
508,17,118,2
508,17,118,2
508,17,118,2
508,17,118,2
508,17,118,2
508,17,118,2
508,17,104,6
508,17,104,6
508,17,100,5
609,17,124,3
508,17,104,6
508,17,104,6
508,17,104,6
508,17,104,6
508,17,104,6
508,17,104,6
508,17,66,4
508,17,95,5
508,17,85,2
508,17,96,4
508,17,104,6
508,17,95,5
520,16,92,2
508,18,124,3
508,17,100,5
508,17,104,6
508,17,100,5
508,18,118,2
508,17,74,6
508,17,85,2
508,17,87,1
508,17,87,1
508,17,87,1
508,17,87,1
508,17,87,1
508,17,87,1
508,17,87,1
508,17,87,1
508,17,87,1
508,17,87,1
508,17,87,1
508,17,87,1
508,17,87,1
508,17,87,1
508,17,87,1
508,17,87,1
508,17,87,1
508,17,87,1
508,17,87,1
508,17,440,8
508,17,440,8
508,17,118,2
508,17,104,6
508,17,87,1
508,17,87,1
508,17,87,1
508,17,87,1
508,17,87,1
508,17,87,1
508,17,440,8
508,17,440,8
508,17,72,6
508,17,66,4
508,17,70,5
508,17,70,5
508,17,70,5
508,17,100,5
508,17,100,5
508,17,100,5
508,17,100,5
508,17,100,5
508,17,100,5
508,17,118,2
508,17,118,2
508,17,104,6
508,17,100,5
508,17,100,5
508,17,100,5
508,17,100,5
508,17,100,5
508,17,118,2
508,17,118,2
508,17,118,2
581,17,124,3
508,17,118,2
508,17,118,2
508,17,118,2
508,17,90,3
508,17,118,2
508,17,118,2
508,17,78,7
508,17,118,2
577,17,124,3
508,18,118,2
508,17,70,5
508,17,89,3
508,17,89,3
508,17,84,2
508,17,118,2
508,17,118,2
508,17,118,2
508,17,118,2
546,17,124,3
543,17,124,3
508,17,72,6
508,16,57,3
508,17,566,8
508,17,566,8
508,17,100,5
508,17,100,5
508,17,100,5
508,17,100,5
508,17,66,4
508,17,66,4
508,17,66,4
508,17,70,5
508,17,70,5
508,17,78,7
508,17,66,4
508,17,66,4
508,17,87,3
508,17,87,3
508,17,66,4
508,17,118,2
508,17,118,2
508,17,118,2
508,17,118,2
590,17,124,3
590,17,124,3
508,17,118,2
508,17,85,2
508,18,124,3
508,18,118,2
508,17,85,2
508,17,85,2
508,17,118,2
508,17,70,5
508,17,118,2
508,17,72,4
508,17,72,4
508,17,85,2
508,17,104,6
508,17,96,4
508,17,104,6
508,17,104,6
508,17,100,5
508,17,118,2
508,17,118,2
508,17,74,6
508,17,100,5
508,17,96,4
508,17,104,6
508,17,118,2
508,17,118,2
508,17,74,6
508,17,118,2
508,17,118,2
508,17,70,5
508,17,70,5
508,17,118,2
508,17,118,2
508,18,124,3
508,17,118,2
508,17,118,2
616,17,84,2
508,17,118,2
508,17,118,2
508,17,118,2
508,17,118,2
508,17,74,6
508,17,74,6
508,17,70,5
508,17,80,6
508,17,80,6
508,17,80,6
508,17,80,6
508,17,80,6
508,17,70,5
508,17,70,5
508,17,70,5
508,17,70,5
508,17,80,6
508,17,61,4
508,17,61,4
508,17,61,4
515,16,77,1
515,16,77,1
515,16,77,1
515,16,77,1
515,16,77,1
508,17,118,2
508,17,118,2
508,18,124,3
508,17,118,2
508,17,118,2
508,17,118,2
508,17,118,2
536,17,124,3
508,17,118,2
508,17,95,5
508,17,118,2
508,17,118,2
508,17,118,2
508,17,91,4
590,17,124,3
508,17,104,6
590,17,124,3
590,17,124,3
508,17,118,2
508,17,118,2
508,17,118,2
508,17,118,2
508,17,118,2
508,17,91,4
508,17,91,4
508,17,91,4
508,17,91,4
508,17,91,4
508,17,76,5
508,17,118,2
508,17,118,2
508,17,118,2
508,17,118,2
508,17,118,2
508,17,118,2
590,17,84,2
508,17,118,2
508,17,118,2
508,17,76,5
508,17,118,2
508,17,104,6
508,17,74,6
575,17,124,3
508,17,104,6
508,17,118,2
508,17,118,2
508,17,91,4
508,17,118,2
508,17,118,2
508,17,118,2
508,17,118,2
508,17,118,2
508,17,118,2
508,17,118,2
508,17,80,6
508,17,78,7
508,17,78,7
508,17,78,7
508,17,78,7
508,17,78,7
508,17,118,2
508,17,118,2
508,17,118,2
568,17,124,3
573,17,124,3
573,17,124,3
508,17,118,2
568,17,124,3
508,17,118,2
508,17,118,2
508,17,76,5
508,18,124,3
508,17,118,2
508,17,118,2
508,17,80,6
508,17,80,6
508,17,76,5
508,17,76,5
508,17,76,5
508,17,92,2
508,17,100,5
508,17,100,5
508,17,84,2
508,17,84,2
610,17,124,3
508,17,85,2
508,17,85,2
508,17,85,2
508,17,104,6
508,17,104,6
508,17,104,6
508,17,104,6
508,17,118,2
508,17,95,5
508,17,85,2
508,17,85,2
508,17,85,2
508,17,85,2
508,17,85,2
508,17,85,2
508,17,78,7
508,17,104,6
508,17,104,6
508,17,104,6
508,17,104,6
508,17,118,2
508,17,66,4
508,17,66,4
508,17,72,4
508,17,72,4
508,17,72,4
508,17,72,4
508,17,72,4
508,17,72,4
508,17,72,4
508,17,72,4
508,17,118,2
508,17,118,2
508,17,118,2
576,17,124,3
508,17,70,5
508,17,70,5
508,17,118,2
508,17,118,2
508,17,66,4
508,17,66,4
508,17,70,5
508,17,70,5
508,17,70,5
508,17,70,5
508,17,70,5
508,17,118,2
508,17,118,2
508,17,70,5
508,17,98,4
508,17,98,4
508,17,98,4
508,17,78,7
508,17,96,4
508,17,70,5
508,17,70,5
508,17,70,5
508,17,70,5
508,17,70,5
508,17,70,5
508,17,70,5
508,17,70,5
508,17,70,5
508,17,70,5
508,17,70,5
568,17,124,3
508,17,118,2
508,17,118,2
508,17,85,3
508,17,85,3
508,17,84,2
508,17,84,2
508,17,84,2
508,17,84,2
508,17,84,2
508,17,84,2
508,17,74,6
508,17,80,6
508,17,84,2
508,17,74,6
560,16,94,4
508,18,124,3
508,17,70,5
508,17,74,6
508,17,94,4
508,17,70,5
508,17,95,5
508,17,70,5
508,17,102,6
508,17,70,5
508,17,94,4
508,17,94,4
508,17,94,4
540,17,124,3
540,17,124,3
508,17,94,4
508,17,76,7
508,17,76,7
508,17,118,2
508,17,118,2
509,17,90,3
564,17,124,3
508,18,124,3
572,17,124,3
568,17,124,3
508,17,76,7
508,17,87,3
508,17,87,3
508,17,118,2
508,17,118,2
508,17,118,2
508,17,118,2
508,17,118,2
508,17,118,2
508,17,118,2
575,17,124,3
508,17,92,2
508,17,118,2
543,17,124,3
508,17,80,6
508,17,118,2
508,17,118,2
520,16,92,2
592,17,84,2
508,17,95,5
551,17,124,3
508,17,118,2
508,17,102,5
508,17,102,5
508,17,118,2
508,17,102,5
508,17,77,1
508,17,77,1
508,17,77,1
508,17,104,6
508,17,80,6
508,17,80,6
508,17,65,5
508,17,65,5
508,17,65,5
508,17,118,2
508,17,80,6
508,17,57,3
508,17,61,4
508,17,57,3
508,17,57,3
508,17,118,2
508,17,92,2
508,17,76,5
508,17,87,3
508,17,87,3
508,17,118,2
508,17,118,2
508,17,118,2
508,17,118,2
508,17,118,2
508,17,104,6
508,17,118,2
508,17,96,4
508,17,104,6
508,17,104,6
508,17,61,4
508,17,61,4
508,17,61,4
508,17,77,1
508,17,77,1
508,17,77,1
508,17,76,5
508,17,76,5
508,17,76,5
508,17,80,6
508,17,80,6
508,17,89,3
508,17,89,3
508,17,89,3
508,17,89,3
508,17,89,3
508,17,89,3
508,17,89,3
508,17,89,3
508,17,89,3
508,17,89,3
508,17,89,3
508,17,118,2
508,17,89,3
508,17,89,3
508,17,89,3
508,17,66,4
508,17,66,4
508,17,118,2
508,17,118,2
508,17,118,2
508,17,118,2
508,17,104,6
508,17,118,2
508,17,68,5
508,17,66,4
508,17,85,2
508,17,118,2
508,17,118,2
508,17,118,2
508,17,118,2
508,17,118,2
508,17,118,2
508,17,118,2
508,17,442,8
508,17,442,8
508,17,442,8
508,17,442,8
508,17,442,8
508,17,442,8
508,17,78,7
508,17,78,7
508,18,124,3
508,17,118,2
508,17,98,3
508,17,98,3
508,17,96,4
508,17,100,5
508,17,61,4
508,17,61,4
508,17,100,5
508,17,80,6
508,17,57,3
508,17,57,3
508,17,61,4
508,17,78,7
508,17,78,7
508,17,78,7
508,17,78,7
508,17,78,7
511,17,77,1
511,17,77,1
511,17,77,1
511,17,77,1
511,17,77,1
508,17,104,6
508,17,85,2
508,17,85,2
508,17,61,4
508,17,118,2
508,17,118,2
508,17,74,6
610,17,124,3
508,17,74,6
508,17,61,4
508,17,84,2
508,18,118,2
508,17,118,2
508,17,98,5
508,17,61,4
508,17,74,6
508,17,74,6
508,17,118,2
508,17,118,2
508,17,92,2
508,17,118,2
508,17,118,2
508,17,95,5
508,17,95,5
508,17,95,5
508,17,95,5
508,17,95,5
508,17,95,5
508,17,100,5
508,17,85,2
508,17,61,4
508,17,61,4
508,17,61,4
519,16,61,4
519,16,77,1
519,16,61,4
508,17,96,4
508,18,118,2
508,17,61,4
508,17,61,4
508,17,61,4
508,17,61,4
508,17,61,4
508,17,61,4
508,17,61,4
508,17,61,4
508,17,61,4
508,17,61,4
508,17,61,4
508,17,61,4
508,17,61,4
508,17,61,4
508,17,61,4
508,17,61,4
508,17,61,4
508,17,61,4
508,17,100,5
529,16,61,4
508,17,70,5
508,17,70,5
508,17,70,5
508,17,70,5
508,17,70,5
508,17,70,5
508,17,70,5
508,17,70,5
508,17,70,5
508,17,70,5
508,17,70,5
508,17,77,1
508,17,66,4
508,17,66,4
508,17,66,4
508,17,118,2
508,17,118,2
508,17,118,2
508,17,118,2
508,17,91,4
508,17,91,4
508,17,91,4
508,17,91,4
508,17,80,6
508,17,74,6
508,17,74,6
508,17,74,6
508,17,74,6
508,17,91,4
508,17,96,4
508,17,91,4
575,17,124,3
508,17,78,7
508,17,78,7
592,17,84,2
508,17,78,7
508,17,78,7
508,17,78,7
508,17,78,7
508,17,78,7
508,17,78,7
508,17,84,2
508,17,78,7
508,17,66,4
590,17,84,2
508,17,80,6
508,17,66,4
508,17,118,2
575,17,124,3
508,17,118,2
520,16,92,2
508,17,118,2
508,17,78,7
508,17,118,2
508,17,87,1
508,17,87,1
508,17,74,6
508,17,74,6
508,17,74,6
508,17,74,6
508,17,74,6
508,17,74,6
508,17,74,6
508,17,74,6
508,17,118,2
591,17,124,3
585,17,124,3
508,17,98,4
508,17,98,4
508,17,74,6
508,17,74,6
508,17,74,6
508,17,74,6
508,17,74,6
508,17,74,6
508,17,74,6
#close	2025-02-23-09-13-30
