#separator \x09
#set_separator	,
#empty_field	(empty)
#unset_field	-
#path	dump_00005_20200113142226
#open	2025-02-23-09-14-45
#fields	tls_packet_lengths_record
#types	vector[count]
508,17,70,5
508,17,70,5
508,17,70,5
508,17,118,2
508,17,118,2
508,17,118,2
508,17,77,1
508,17,77,1
508,17,80,6
508,17,80,6
508,17,80,6
508,17,118,2
508,17,118,2
508,17,95,5
508,17,87,3
508,17,87,3
508,17,87,3
508,17,118,2
508,17,66,4
508,17,118,2
576,17,118,2
508,17,118,2
611,17,124,3
508,17,92,2
508,17,96,4
508,17,85,2
508,17,83,2
508,17,57,3
508,17,85,2
508,17,87,3
515,16,57,3
571,17,124,3
508,17,93,4
508,17,96,3
572,17,124,3
508,17,53,3
515,16,74,6
508,17,85,2
508,17,81,2
508,17,104,6
508,17,93,4
508,17,81,2
508,17,81,2
508,17,118,2
508,17,118,2
508,17,96,4
508,17,104,6
508,17,70,5
508,17,118,2
508,17,104,6
508,17,118,2
508,17,100,5
508,17,98,4
508,17,85,2
508,17,118,2
508,17,70,5
508,17,53,3
606,17,124,3
606,17,124,3
508,17,53,3
508,17,70,5
508,17,70,5
508,17,68,5
508,17,118,2
508,17,118,2
508,17,53,3
508,17,98,4
508,17,85,2
508,17,61,4
508,17,85,2
508,17,85,2
508,17,85,2
508,17,85,2
508,17,85,2
508,17,85,2
508,17,118,2
508,17,118,2
508,17,61,4
508,17,80,6
508,17,76,7
508,17,104,6
508,17,104,6
508,17,85,2
508,17,104,6
531,16,74,6
508,17,98,5
508,17,74,6
508,17,78,7
508,17,118,2
508,17,104,6
508,17,100,5
508,17,66,4
508,17,104,6
510,17,77,1
510,17,77,1
508,17,80,6
508,17,66,4
508,17,66,4
508,17,100,5
508,17,100,5
508,17,100,5
508,17,104,6
508,17,66,4
508,17,49,2
508,17,96,3
508,17,104,6
508,17,87,3
517,16,66,4
520,16,92,2
606,17,118,2
509,16,80,6
508,17,66,4
508,17,80,6
508,17,74,6
508,17,66,4
508,17,66,4
508,17,61,4
508,17,100,5
508,17,74,6
519,16,70,5
508,17,100,5
508,17,80,6
508,17,92,2
508,17,70,5
508,17,70,5
579,17,118,2
508,17,66,4
508,17,77,1
508,17,74,6
508,17,58,3
508,17,85,2
508,17,85,2
508,17,85,2
508,17,85,2
508,17,85,2
508,17,85,2
508,17,85,2
508,17,85,2
508,17,72,6
508,17,74,6
508,17,74,6
508,17,74,6
508,17,74,6
508,17,74,6
508,17,74,6
508,17,95,5
508,17,66,4
508,17,66,4
508,17,66,4
508,17,118,2
508,17,78,7
508,17,78,7
508,17,78,7
508,17,78,7
508,17,78,7
508,17,78,7
508,17,78,7
508,17,85,2
508,17,118,2
508,17,118,2
508,17,118,2
508,17,87,3
508,17,87,3
508,17,87,3
508,17,104,6
508,17,104,6
508,17,104,6
508,17,118,2
508,17,118,2
508,17,118,2
508,17,74,6
508,17,74,6
508,17,74,6
508,17,74,6
508,17,74,6
508,17,74,6
508,17,76,5
508,17,53,3
508,17,118,2
508,17,118,2
508,17,118,2
508,17,118,2
508,17,53,3
508,17,53,3
508,17,53,3
508,17,118,2
508,17,72,4
508,17,72,4
508,17,118,2
508,17,118,2
508,17,118,2
508,17,85,2
508,17,66,4
569,17,124,3
572,17,124,3
508,17,118,2
508,17,104,6
508,17,100,5
508,17,104,6
508,17,100,5
508,17,68,5
508,17,100,5
508,17,100,5
508,17,100,5
508,17,100,5
508,17,96,4
508,17,96,4
610,17,124,3
508,17,95,5
508,17,87,3
508,17,66,4
508,17,85,3
508,17,96,4
573,17,124,3
508,17,66,4
508,17,118,2
508,17,66,4
508,17,66,4
508,17,92,2
508,17,66,4
508,17,86,2
508,17,85,2
508,17,96,3
508,17,104,6
508,17,74,6
508,17,74,6
577,17,124,3
508,17,96,3
508,17,96,3
508,17,77,1
508,17,77,1
508,17,104,6
539,16,96,3
508,17,104,6
508,17,104,6
508,17,104,6
508,17,104,6
508,17,104,6
508,17,104,6
508,17,118,2
508,17,118,2
508,17,85,2
508,17,72,6
508,17,85,2
508,17,118,2
508,17,85,2
508,17,100,5
508,17,84,2
508,17,66,4
508,17,80,6
508,17,80,6
508,17,104,6
520,16,92,2
520,16,92,2
508,17,96,4
593,17,84,2
508,17,118,2
508,17,78,7
508,17,85,2
508,17,85,2
508,17,85,2
508,17,76,5
508,17,80,6
508,17,80,6
508,17,118,2
508,17,66,4
508,17,66,4
508,17,74,6
508,17,65,5
508,17,76,5
508,17,66,4
508,17,96,3
508,17,61,4
508,17,74,6
508,17,74,6
508,17,80,6
508,17,80,6
508,17,80,6
508,17,80,6
508,17,80,6
508,17,80,6
508,17,80,6
510,17,96,3
508,17,80,6
508,17,61,4
508,17,66,4
508,17,84,2
508,17,100,5
508,17,96,3
508,17,118,2
508,17,86,2
514,16,96,3
508,17,85,2
508,17,70,5
508,17,80,6
508,17,80,6
508,17,118,2
508,17,80,6
508,17,61,4
508,17,64,3
508,17,85,2
508,17,83,2
508,17,96,3
508,17,83,2
508,17,85,2
508,17,118,2
508,17,83,2
508,17,92,2
508,17,66,4
508,17,80,6
587,17,118,2
508,17,80,6
508,17,118,2
508,17,85,2
508,17,61,4
508,17,77,1
625,17,84,2
518,16,92,2
508,17,66,4
508,17,66,4
508,17,66,4
508,17,66,4
508,17,66,4
508,17,66,4
508,17,66,4
508,17,64,3
508,17,96,3
508,17,96,3
508,17,65,5
508,17,81,2
508,17,66,4
508,17,64,3
508,17,64,3
508,17,64,3
508,17,64,3
508,17,64,3
508,17,64,3
518,16,92,2
508,17,85,2
508,17,118,2
508,17,64,3
508,17,80,6
508,17,96,3
508,17,68,5
508,17,83,2
508,17,83,2
520,16,92,2
508,17,92,2
508,17,66,4
508,17,76,5
508,17,74,6
508,17,85,2
508,17,85,2
508,17,85,2
508,17,85,2
512,16,80,6
508,17,104,6
517,16,76,5
508,17,85,2
509,17,65,5
508,17,81,2
508,17,74,6
508,17,96,3
508,17,83,2
517,16,76,5
508,17,104,6
517,16,86,2
508,17,80,6
508,17,92,2
508,17,85,2
519,16,70,5
508,17,49,2
508,17,49,2
508,17,87,3
508,17,104,6
508,17,104,6
508,17,70,5
508,17,87,3
508,17,74,6
508,17,77,1
508,17,83,2
508,17,76,5
508,17,65,5
508,17,76,5
518,16,92,2
508,17,100,5
508,17,100,5
508,17,87,3
508,17,68,5
508,17,66,4
508,17,49,2
508,17,49,2
508,17,49,2
508,17,49,2
508,17,96,3
508,17,83,2
508,17,85,2
509,17,81,2
508,17,78,7
508,17,118,2
508,17,89,3
508,17,118,2
508,17,96,3
516,16,90,3
508,17,98,4
509,17,81,2
508,17,85,2
508,17,89,3
508,17,96,4
508,17,68,5
508,17,66,4
508,17,77,1
508,17,77,1
508,17,66,4
508,17,66,4
508,17,66,4
517,16,86,2
508,17,66,4
508,17,77,1
508,17,66,4
508,17,49,2
508,17,49,2
508,17,49,2
508,17,49,2
508,17,49,2
508,17,49,2
508,17,66,4
508,17,57,3
508,17,57,3
521,16,96,4
508,17,57,3
508,17,57,3
508,17,57,3
508,17,57,3
508,17,49,2
508,17,85,2
508,17,77,1
508,17,85,2
508,17,93,4
572,17,124,3
508,17,77,1
508,17,87,3
573,17,124,3
508,17,57,3
508,17,80,6
519,16,86,2
578,17,124,3
508,17,96,3
508,17,77,1
508,17,77,1
508,17,77,1
508,17,77,1
508,17,87,3
508,17,118,2
508,17,80,6
508,17,70,5
508,17,118,2
508,17,61,4
515,16,74,6
508,17,49,2
508,17,85,2
508,17,87,3
508,17,98,4
508,17,98,4
508,17,98,4
508,17,98,4
606,17,118,2
508,17,87,3
508,17,80,6
535,16,80,6
508,17,118,2
508,17,84,2
508,17,74,6
508,17,57,3
513,16,94,4
525,16,86,2
508,17,96,3
508,17,92,2
508,17,96,4
512,16,96,3
508,17,53,3
518,16,92,2
508,17,49,2
508,17,61,4
508,17,49,2
508,17,74,6
508,17,118,2
508,17,87,3
577,17,124,3
576,17,124,3
567,17,124,3
566,17,124,3
508,17,61,4
508,17,61,4
508,17,61,4
508,17,61,4
508,17,61,4
508,17,61,4
508,17,61,4
508,17,77,1
508,17,77,1
508,17,77,1
508,17,61,4
508,17,77,1
508,17,77,1
508,17,61,4
508,17,61,4
508,17,61,4
508,17,77,1
508,17,77,1
508,17,61,4
508,17,77,1
508,17,61,4
508,17,77,1
508,17,77,1
508,17,90,3
508,17,77,1
508,17,83,2
508,17,59,4
508,17,59,4
508,17,118,2
577,17,124,3
508,17,118,2
508,17,118,2
508,17,118,2
508,17,118,2
508,17,118,2
508,17,118,2
508,17,96,3
508,17,100,5
570,17,124,3
508,17,76,5
569,17,124,3
508,17,76,5
508,17,66,4
508,17,118,2
508,17,118,2
508,17,118,2
508,17,118,2
570,17,124,3
508,17,70,5
508,17,70,5
508,17,118,2
508,17,118,2
508,18,124,3
508,17,78,7
508,17,118,2
508,17,118,2
508,17,118,2
508,17,96,4
508,17,87,3
508,17,72,4
580,17,124,3
520,16,92,2
508,17,118,2
508,17,118,2
508,17,118,2
508,17,118,2
508,18,124,3
508,17,118,2
508,17,100,5
508,17,53,3
508,17,59,4
508,17,59,4
581,17,124,3
508,17,85,2
508,17,85,2
508,17,86,2
508,17,118,2
508,17,80,6
508,17,80,6
568,17,124,3
568,17,124,3
508,17,441,8
508,17,441,8
530,16,96,4
508,17,118,2
508,17,104,6
560,16,98,5
508,17,53,3
508,17,85,2
538,16,77,1
508,17,74,6
538,16,77,1
508,17,443,8
508,17,104,6
572,17,124,3
508,17,80,6
508,17,96,4
508,17,80,6
508,17,80,6
508,17,92,2
518,16,92,2
518,16,92,2
508,17,80,6
508,17,80,6
508,17,74,6
508,17,92,2
590,17,84,2
508,17,118,2
508,17,118,2
508,17,118,2
508,17,118,2
508,17,118,2
508,17,118,2
508,17,104,6
508,17,83,2
508,17,83,2
508,17,118,2
508,17,92,2
508,17,100,5
508,17,91,4
508,17,118,2
508,17,100,5
508,17,118,2
508,17,118,2
508,17,68,5
508,17,118,2
508,17,76,5
508,17,72,4
508,17,118,2
508,17,118,2
508,17,85,2
508,17,68,5
518,16,74,6
508,17,85,2
610,17,124,3
508,17,85,2
508,17,70,5
591,17,124,3
508,17,85,2
508,17,72,4
508,17,68,5
508,17,74,6
575,17,124,3
508,17,74,6
508,17,74,6
508,17,80,6
508,17,68,5
508,17,68,5
508,17,118,2
508,17,72,4
508,17,85,2
508,17,87,3
508,17,74,6
508,17,80,6
508,17,80,6
508,17,118,2
508,17,118,2
508,17,118,2
508,17,118,2
508,17,118,2
508,17,118,2
508,17,118,2
508,17,118,2
508,17,118,2
519,16,96,4
508,17,118,2
525,16,96,4
508,17,118,2
508,17,76,5
508,17,76,5
508,17,83,2
508,17,118,2
508,17,78,7
508,17,96,3
508,17,96,3
508,17,96,3
508,17,96,3
568,17,124,3
508,17,87,3
508,17,78,7
508,17,78,7
508,17,78,7
508,17,74,6
508,17,118,2
508,17,118,2
508,17,118,2
508,17,118,2
508,17,61,4
508,17,61,4
508,17,104,6
508,17,118,2
508,17,68,5
508,17,68,5
508,17,68,5
508,17,74,6
508,17,70,5
508,17,85,2
508,17,68,5
508,17,68,5
508,17,70,5
508,17,66,4
508,17,96,4
508,17,66,4
510,17,96,3
508,17,66,4
508,17,96,4
508,17,96,3
508,17,96,3
508,17,96,3
508,17,96,3
508,17,118,2
508,17,118,2
508,17,76,5
508,17,76,5
508,17,85,3
508,17,85,3
508,17,59,2
508,17,118,2
508,17,118,2
508,17,59,2
508,17,59,2
508,17,118,2
508,17,118,2
508,17,118,2
508,17,74,6
508,17,74,6
508,17,74,6
547,17,124,3
508,17,118,2
508,17,118,2
508,17,118,2
508,17,118,2
508,17,118,2
508,17,118,2
508,17,118,2
508,17,74,6
547,17,124,3
547,17,124,3
508,17,118,2
513,16,74,6
508,17,118,2
508,17,84,7
508,17,100,5
611,17,84,2
508,17,118,2
508,17,118,2
508,17,118,2
516,16,96,3
508,17,118,2
508,17,74,6
508,17,118,2
508,17,74,6
508,17,86,2
617,17,124,3
616,17,84,2
508,17,118,2
508,17,118,2
508,17,92,2
508,17,74,6
508,17,70,5
571,17,124,3
512,16,80,6
515,17,124,3
508,17,84,2
508,17,85,2
508,17,86,2
508,17,87,3
611,17,124,3
508,17,57,4
508,17,118,2
508,17,49,2
611,17,124,3
508,17,84,7
508,17,85,2
516,16,96,3
508,17,49,2
508,17,93,4
606,17,118,2
508,17,81,2
508,17,118,2
508,17,93,4
508,17,93,4
508,17,85,2
622,17,118,2
508,17,80,6
574,17,124,3
508,17,93,4
508,17,93,4
508,17,93,4
508,17,81,2
522,16,96,4
520,16,92,2
508,17,85,2
508,17,87,3
508,17,92,2
508,17,104,6
517,16,76,5
508,17,92,2
508,17,68,5
508,17,93,4
582,17,124,3
508,17,100,5
508,17,100,5
508,17,100,5
508,17,100,5
508,17,81,2
508,17,93,4
508,17,81,2
508,18,118,2
508,17,81,2
508,17,118,2
508,17,118,2
508,17,81,2
508,17,81,2
508,17,57,3
508,17,57,3
508,17,85,2
508,17,66,4
578,17,124,3
508,17,66,4
508,17,74,6
508,17,66,4
508,17,85,2
508,17,85,2
508,17,66,4
508,17,100,5
508,17,76,5
508,17,76,5
508,17,70,5
508,17,76,5
508,17,76,5
508,17,76,5
508,17,76,5
508,17,76,5
508,17,76,5
508,17,76,5
508,17,76,5
508,17,76,5
508,17,76,5
508,17,76,5
508,17,76,5
508,17,74,6
508,17,74,6
508,17,53,3
508,17,74,6
508,17,76,5
508,17,76,5
508,17,76,5
508,17,76,5
508,17,92,2
508,17,92,2
508,17,74,6
508,17,76,5
508,17,74,6
508,17,76,5
508,17,96,3
508,17,96,3
508,17,76,5
508,17,76,5
508,17,76,5
508,17,76,5
508,17,76,5
508,17,76,5
508,17,76,5
508,17,53,3
508,17,53,3
508,17,87,3
508,17,87,3
508,17,74,6
508,17,80,6
508,17,80,6
508,17,80,6
508,17,83,2
508,17,83,2
508,17,83,2
508,17,83,2
508,17,83,2
508,17,83,2
508,17,84,2
508,17,118,2
508,17,72,4
508,17,72,4
508,17,72,4
508,17,78,7
508,17,78,7
508,17,118,2
508,17,78,7
508,17,100,5
508,17,100,5
508,17,78,7
508,17,68,5
508,17,118,2
508,17,96,3
510,17,96,3
510,17,96,3
510,17,96,3
510,17,96,3
546,17,124,3
508,17,96,4
508,17,104,6
508,17,104,6
508,17,66,4
508,17,96,4
508,17,98,4
508,17,80,6
508,17,100,5
508,17,104,6
508,17,68,5
525,16,96,4
508,17,95,5
508,17,61,4
525,16,96,4
525,16,96,4
508,17,96,3
576,17,118,2
585,17,124,3
508,17,66,4
509,17,77,1
508,17,64,3
508,17,64,3
508,17,64,3
508,17,64,3
508,17,85,2
508,17,68,5
508,17,68,5
518,16,92,2
518,16,92,2
508,17,74,6
508,17,49,2
508,17,66,4
508,17,68,5
508,17,66,4
510,17,96,3
508,17,84,7
508,17,84,7
508,17,84,7
508,17,104,6
523,16,66,4
508,17,85,2
508,17,118,2
508,17,72,4
508,17,96,3
508,17,85,2
508,17,85,2
508,17,96,3
508,17,96,3
588,17,124,3
587,17,118,2
508,17,85,2
508,17,68,5
508,17,86,2
508,17,74,6
508,17,70,5
508,17,80,6
508,17,61,4
508,17,76,5
508,17,68,5
508,17,81,2
508,17,85,2
508,17,66,4
587,17,124,3
508,17,49,2
508,17,49,2
508,17,66,4
508,17,85,2
508,17,57,3
508,17,85,2
508,17,78,7
508,17,96,4
508,17,96,3
508,17,78,7
508,17,66,4
508,17,87,3
508,17,53,3
508,17,118,2
508,17,118,2
508,17,96,3
508,17,102,5
508,17,102,5
508,17,102,5
508,17,102,5
508,17,118,2
508,17,118,2
508,17,96,3
508,17,96,3
508,17,76,5
508,17,102,5
508,17,96,3
508,17,76,5
508,17,76,5
508,18,124,3
508,17,90,3
508,17,96,3
508,17,96,3
508,17,76,5
508,17,102,5
508,17,96,3
508,17,96,3
508,17,96,3
508,17,96,3
508,17,96,3
508,17,74,6
508,17,96,3
508,17,96,3
508,17,80,6
508,17,96,3
508,17,118,2
508,17,96,3
508,17,118,2
508,17,118,2
508,17,72,4
508,17,72,4
563,17,124,3
508,17,76,5
508,17,76,5
508,17,92,2
508,17,92,2
508,17,92,2
508,17,92,2
508,17,96,3
508,17,96,3
508,17,81,2
508,17,81,2
508,17,74,6
508,17,100,5
572,17,124,3
610,17,124,3
609,17,124,3
508,17,85,2
560,16,94,4
508,17,90,3
508,17,74,6
508,17,80,6
508,17,118,2
508,17,70,5
508,17,70,5
508,17,85,2
508,17,118,2
508,17,118,2
508,17,118,2
508,17,118,2
508,17,118,2
508,17,100,5
508,17,118,2
518,16,74,6
508,17,66,4
508,17,118,2
508,17,70,5
508,17,70,5
508,17,91,4
508,17,74,6
508,17,100,5
508,17,85,2
508,17,83,2
508,17,84,7
508,17,95,5
508,17,104,6
508,17,53,3
508,17,85,2
508,17,104,6
508,17,104,6
508,17,104,6
508,17,85,2
508,17,85,2
508,17,104,6
508,17,104,6
508,17,96,3
508,17,85,2
508,17,66,4
508,17,85,2
508,17,85,2
508,17,85,2
517,16,86,2
508,17,85,2
508,17,85,2
508,17,118,2
508,17,118,2
508,17,85,2
508,17,118,2
508,17,83,2
508,17,74,6
508,17,104,6
508,17,87,3
508,17,68,5
508,17,68,5
508,17,68,5
508,17,68,5
508,17,68,5
508,17,68,5
508,17,70,5
508,17,118,2
517,16,86,2
508,17,70,5
508,17,66,4
508,17,66,4
508,17,96,3
508,17,64,3
508,17,96,4
508,18,124,3
508,17,65,5
508,17,64,3
508,17,65,5
508,17,85,2
508,17,70,5
547,17,124,3
611,17,124,3
508,17,93,4
611,17,78,7
508,17,93,4
508,17,93,4
508,17,93,4
508,17,74,6
508,17,74,6
508,17,118,2
508,17,118,2
508,17,118,2
547,17,124,3
508,17,118,2
508,17,72,4
508,17,87,3
508,17,96,3
508,17,85,2
512,16,80,6
508,17,61,4
508,17,102,5
508,17,102,5
508,17,102,6
590,17,124,3
508,17,102,5
508,17,102,5
508,17,102,5
508,17,102,5
508,17,102,5
508,17,76,7
508,17,96,4
508,17,85,2
508,17,65,5
508,17,87,3
508,17,89,3
508,17,70,5
508,17,104,6
508,17,70,5
508,17,80,6
508,17,80,6
508,17,89,3
508,17,89,3
508,17,118,2
508,17,118,2
508,17,81,2
508,17,81,2
508,17,81,2
508,17,81,2
508,17,65,5
508,17,96,4
508,17,81,2
508,17,61,4
508,17,61,4
508,17,61,4
508,17,77,1
508,17,77,1
508,17,77,1
508,17,77,1
508,17,77,1
508,17,96,4
508,17,96,4
508,17,118,2
609,17,124,3
508,17,100,5
508,17,91,4
508,17,74,6
508,17,91,4
508,17,66,4
508,17,66,4
508,17,66,4
508,17,96,4
508,17,72,6
508,17,118,2
508,17,118,2
508,17,118,2
508,17,118,2
508,17,118,2
508,17,85,2
508,17,443,8
508,17,441,8
509,17,77,1
508,17,61,4
508,17,118,2
509,17,77,1
508,17,77,1
508,17,118,2
508,17,118,2
508,17,118,2
508,17,104,6
508,17,83,2
531,16,74,6
544,17,124,3
508,17,118,2
508,17,85,2
508,17,118,2
508,17,118,2
508,17,83,2
508,17,118,2
508,17,118,2
508,17,80,6
508,17,118,2
508,17,118,2
508,17,118,2
508,17,66,4
578,17,124,3
508,17,92,2
508,17,61,4
508,17,118,2
508,17,85,2
508,17,66,4
508,17,92,2
508,17,85,2
568,17,124,3
578,17,124,3
508,17,118,2
566,17,124,3
508,17,64,3
508,17,76,5
622,17,118,2
508,17,61,4
508,17,118,2
508,17,68,5
508,17,65,5
508,17,65,5
508,17,65,5
606,17,118,2
508,17,65,5
508,17,65,5
508,17,66,4
520,16,86,2
528,16,92,2
587,17,118,2
508,17,86,2
587,17,124,3
568,17,124,3
508,17,49,2
518,16,92,2
508,17,89,3
508,17,68,5
508,17,49,2
508,17,66,4
508,17,76,5
508,17,85,2
528,16,92,2
508,17,49,2
508,17,49,2
508,17,49,2
508,17,49,2
538,16,76,5
508,17,49,2
521,16,96,4
508,17,61,4
508,17,80,6
508,17,92,2
508,17,87,3
508,17,93,4
508,17,65,5
508,17,65,5
508,17,65,5
508,17,96,3
508,17,65,5
508,17,80,6
508,17,100,5
508,17,87,3
508,17,87,3
508,17,84,2
508,17,84,2
508,17,118,2
508,17,118,2
508,17,118,2
526,16,70,5
508,17,118,2
508,17,96,3
508,17,87,3
508,17,95,5
508,17,95,5
508,17,68,5
508,17,84,2
508,17,118,2
508,17,68,5
508,17,85,2
508,17,96,3
508,17,84,2
508,17,118,2
508,17,86,2
508,17,61,4
508,17,68,5
508,17,80,6
508,17,66,4
508,17,87,3
508,17,72,5
508,17,72,5
508,17,96,3
508,17,83,2
579,17,118,2
508,17,118,2
508,17,118,2
508,17,118,2
508,17,61,4
508,17,66,4
508,17,61,4
508,17,49,2
508,17,87,3
508,17,96,3
508,17,80,6
508,17,104,6
509,16,80,6
508,17,66,4
517,16,66,4
508,17,96,3
508,17,85,2
508,17,66,4
508,17,85,2
508,17,96,3
508,17,87,3
519,16,70,5
508,17,68,5
508,17,68,5
508,17,66,4
508,17,80,6
508,17,96,3
508,17,74,6
508,17,118,2
508,17,83,2
508,17,68,5
590,17,124,3
508,17,118,2
508,17,68,5
508,17,68,5
508,17,78,7
508,17,76,7
508,17,118,2
508,17,118,2
508,17,118,2
508,17,118,2
508,17,118,2
568,17,124,3
508,17,118,2
508,17,118,2
508,17,72,4
508,17,72,4
508,17,72,4
515,16,92,2
515,16,92,2
515,16,92,2
515,16,92,2
515,16,92,2
569,17,124,3
508,17,118,2
508,17,87,3
508,17,87,3
508,17,118,2
508,17,74,6
508,17,74,6
508,17,96,4
508,17,96,4
508,17,96,4
508,17,96,4
508,17,74,6
508,17,104,6
508,17,100,5
508,17,94,4
508,17,95,5
508,17,100,5
508,17,85,2
508,17,86,2
508,17,85,2
508,17,74,6
508,17,61,4
508,17,85,2
518,16,74,6
508,17,61,4
508,17,86,2
508,17,86,2
508,17,61,4
508,17,61,4
508,17,77,1
508,17,77,1
508,17,77,1
508,17,77,1
508,17,77,1
508,17,61,4
508,17,61,4
508,17,61,4
508,17,61,4
508,17,61,4
508,17,61,4
508,17,61,4
508,17,77,1
508,17,77,1
508,17,77,1
508,17,77,1
508,17,77,1
509,16,77,1
508,17,77,1
508,17,77,1
508,17,77,1
508,17,77,1
508,17,77,1
508,17,77,1
508,17,61,4
509,16,77,1
508,17,65,5
508,17,77,1
508,17,61,4
508,17,76,5
508,17,76,5
512,17,77,1
508,17,65,5
508,17,98,4
508,17,80,6
508,17,77,1
508,17,80,6
508,17,80,6
508,17,118,2
508,17,74,6
508,17,74,6
508,17,74,6
508,17,74,6
508,17,74,6
508,17,74,6
508,17,85,3
508,17,85,3
508,17,74,6
519,16,96,4
525,16,96,4
508,17,80,6
508,17,87,3
508,17,86,2
508,17,61,4
508,17,61,4
508,17,100,5
508,17,87,3
508,17,92,2
508,17,80,6
508,17,66,4
508,17,81,2
508,17,49,2
509,16,80,6
508,17,96,3
508,17,81,2
509,16,80,6
622,17,118,2
518,16,70,5
508,17,83,2
508,17,85,2
520,16,92,2
508,17,92,2
508,17,81,2
510,17,61,4
508,17,61,4
508,17,85,2
508,17,81,2
508,17,81,2
508,17,57,3
508,17,57,3
508,17,57,3
508,17,80,6
508,17,80,6
508,17,80,6
508,17,80,6
508,17,74,6
508,17,74,6
508,17,91,4
508,17,91,4
508,17,91,4
508,17,95,5
508,17,95,5
508,17,95,5
508,17,95,5
508,17,95,5
508,17,95,5
508,17,70,5
508,17,66,4
508,17,95,5
508,17,95,5
508,17,95,5
508,17,95,5
508,17,76,5
513,16,74,6
508,17,80,6
508,17,95,5
508,17,95,5
508,17,85,2
508,17,72,4
508,17,72,4
508,17,72,4
508,17,72,4
508,17,70,5
508,17,70,5
528,16,92,2
508,17,96,3
508,17,92,2
508,17,96,3
508,17,87,3
508,17,118,2
508,17,118,2
508,17,118,2
508,17,96,3
508,17,96,4
508,17,96,4
508,17,95,5
508,17,65,5
508,17,65,5
508,17,74,6
508,17,74,6
508,17,70,5
508,17,70,5
508,17,118,2
508,17,70,5
508,17,74,6
508,17,96,3
512,17,80,6
508,17,74,6
512,17,80,6
508,17,95,5
508,17,70,5
508,17,74,6
508,17,74,6
508,17,95,5
508,17,95,5
512,17,74,6
508,17,74,6
508,17,118,2
508,17,118,2
508,17,118,2
508,17,118,2
508,17,86,2
573,17,124,3
508,17,118,2
508,17,118,2
569,17,124,3
508,17,92,2
508,17,80,6
508,17,118,2
508,17,118,2
508,17,118,2
508,17,118,2
589,17,124,3
508,17,68,5
508,17,68,5
508,17,68,5
508,17,118,2
508,17,68,5
508,17,68,5
508,17,118,2
508,17,118,2
508,17,61,4
509,17,81,2
508,17,77,1
508,17,118,2
508,17,118,2
568,17,124,3
508,17,118,2
508,17,70,5
508,17,118,2
508,17,70,5
508,17,70,5
508,17,98,4
570,17,124,3
575,17,124,3
580,17,124,3
566,17,124,3
605,17,124,3
605,17,124,3
508,17,118,2
508,17,118,2
508,17,118,2
564,17,124,3
605,17,124,3
508,17,84,7
508,17,118,2
605,17,124,3
508,17,84,7
508,17,118,2
508,17,59,4
508,17,59,4
508,17,84,7
508,17,84,7
508,17,84,7
508,17,87,3
508,17,87,3
508,17,87,3
508,17,87,3
508,17,87,3
508,17,87,3
508,17,87,3
508,17,87,3
508,17,87,3
508,17,84,2
508,17,84,2
508,17,118,2
508,17,87,3
508,17,87,3
573,17,124,3
508,18,124,3
508,17,84,2
508,17,86,2
600,17,84,2
588,17,84,2
508,17,87,3
508,17,87,3
508,17,87,3
508,17,87,3
508,18,118,2
508,17,85,3
508,17,87,3
508,17,87,3
508,17,91,4
508,17,91,4
508,17,91,4
508,17,78,7
508,17,74,6
508,17,74,6
577,17,124,3
508,17,74,6
508,17,74,6
508,17,74,6
508,17,74,6
508,17,74,6
508,17,74,6
508,17,74,6
508,17,74,6
508,17,74,6
508,17,74,6
508,17,83,2
508,17,104,6
578,17,124,3
508,17,96,4
508,17,96,4
576,17,124,3
508,17,66,4
508,17,66,4
508,17,104,6
576,17,118,2
508,17,85,2
508,17,66,4
572,17,124,3
573,17,124,3
508,17,66,4
567,17,124,3
508,17,66,4
508,17,87,3
508,17,87,3
566,17,124,3
508,17,118,2
508,17,118,2
508,17,61,4
508,17,61,4
508,17,66,4
508,17,100,5
508,17,87,3
508,17,61,4
508,17,85,2
573,17,124,3
508,17,66,4
508,17,85,2
508,17,66,4
508,17,66,4
583,17,124,3
508,17,74,6
508,17,74,6
582,17,124,3
578,17,124,3
571,17,124,3
508,17,85,2
508,17,74,6
508,17,74,6
568,17,124,3
508,17,85,2
508,17,85,2
508,17,85,2
508,17,85,2
508,17,85,2
508,17,74,6
544,17,124,3
521,16,96,4
508,17,68,5
508,17,85,2
508,17,85,2
508,17,49,2
508,17,87,3
520,16,96,4
508,17,66,4
508,17,49,2
508,17,85,2
508,17,85,2
508,17,66,4
508,17,68,5
508,17,100,5
508,17,72,5
508,17,61,4
577,17,124,3
508,17,100,5
508,17,85,2
508,17,89,3
508,17,89,3
508,17,61,4
508,17,96,4
508,17,91,4
508,17,78,7
508,17,78,7
508,17,61,4
508,17,74,6
508,17,61,4
508,17,74,6
508,17,104,4
508,17,85,2
508,17,85,2
508,17,85,2
508,17,77,1
508,17,85,2
508,17,74,6
508,17,65,5
508,17,68,5
508,17,65,5
508,17,65,5
508,17,68,5
508,17,86,2
508,17,118,2
508,17,89,3
508,17,85,2
508,17,68,5
508,17,68,5
508,17,68,5
508,17,80,6
508,17,85,2
508,17,77,1
508,17,85,2
508,17,76,5
508,17,65,5
508,17,83,2
508,17,96,4
508,17,68,5
508,17,100,5
508,17,66,4
508,17,81,2
508,17,81,2
508,17,85,2
508,17,85,2
508,17,85,2
508,17,85,2
508,17,85,2
508,17,85,2
508,17,85,2
508,17,85,2
508,17,85,2
508,17,85,2
508,17,100,5
508,17,96,3
517,16,66,4
606,17,118,2
519,16,70,5
508,17,81,2
508,17,66,4
508,17,85,2
508,17,66,4
508,17,96,4
508,17,85,2
508,17,85,2
508,17,85,2
574,17,124,3
508,17,80,6
508,17,83,2
508,17,83,2
508,17,68,5
508,17,68,5
508,17,68,5
576,17,118,2
572,17,124,3
508,17,118,2
508,17,118,2
508,17,118,2
508,17,118,2
508,17,118,2
508,17,118,2
604,17,124,3
513,16,90,3
508,16,57,3
508,17,66,4
508,17,66,4
508,17,118,2
508,17,90,3
508,17,87,3
520,16,92,2
508,17,86,2
508,17,118,2
508,17,118,2
508,17,85,2
508,17,118,2
508,17,118,2
508,17,76,5
508,17,76,5
508,17,80,6
508,17,80,6
508,17,72,4
508,17,72,4
508,17,72,4
508,17,72,4
508,17,72,4
508,17,72,4
508,17,100,5
508,17,100,5
508,17,70,5
508,17,70,5
508,17,70,5
508,17,70,5
508,17,70,5
508,17,70,5
508,17,76,5
508,17,81,2
508,17,72,4
508,17,61,4
508,17,61,4
508,17,61,4
508,17,61,4
508,17,61,4
508,17,61,4
508,17,85,2
508,17,100,5
508,17,61,4
508,17,61,4
508,17,96,4
508,17,61,4
508,17,61,4
508,17,61,4
508,17,76,5
508,17,100,5
508,17,61,4
508,17,66,4
508,17,81,2
508,17,76,5
508,17,80,6
508,17,81,2
508,17,80,6
508,17,81,2
508,17,81,2
508,17,81,2
508,17,80,6
508,17,81,2
508,17,61,4
508,17,85,2
508,17,85,2
508,17,85,2
508,17,85,2
508,17,85,2
519,16,77,1
519,16,77,1
519,16,77,1
519,16,77,1
531,16,96,3
531,16,96,3
508,17,81,2
519,16,77,1
519,16,77,1
508,17,85,2
508,17,100,5
508,17,100,5
508,17,100,5
519,16,77,1
514,16,77,1
519,16,77,1
519,16,77,1
519,16,77,1
531,16,96,3
531,16,96,3
519,16,77,1
514,16,77,1
519,16,77,1
514,16,77,1
519,16,77,1
508,17,104,6
508,17,85,2
519,16,77,1
519,16,77,1
519,16,77,1
531,16,96,3
531,16,96,3
508,17,85,2
514,16,77,1
514,16,77,1
508,17,85,2
508,17,85,2
531,16,96,3
531,16,96,3
514,16,77,1
514,16,77,1
508,17,96,3
508,17,49,2
531,16,96,3
508,17,76,5
531,16,96,3
514,16,77,1
514,16,77,1
508,17,85,2
531,16,96,3
531,16,96,3
514,16,77,1
514,16,77,1
531,16,96,3
514,16,77,1
531,16,96,3
514,16,77,1
531,16,96,3
531,16,96,3
514,16,77,1
514,16,77,1
531,16,96,3
531,16,96,3
514,16,77,1
514,16,77,1
531,16,96,3
531,16,96,3
514,16,77,1
514,16,77,1
531,16,96,3
531,16,96,3
514,16,77,1
514,16,77,1
531,16,96,3
531,16,96,3
514,16,77,1
514,16,77,1
531,16,96,3
531,16,96,3
514,16,77,1
514,16,77,1
531,16,96,3
531,16,96,3
514,16,77,1
514,16,77,1
531,16,96,3
514,16,77,1
531,16,96,3
514,16,77,1
531,16,96,3
514,16,77,1
531,16,96,3
514,16,77,1
531,16,96,3
531,16,96,3
514,16,77,1
514,16,77,1
531,16,96,3
531,16,96,3
514,16,77,1
514,16,77,1
531,16,96,3
531,16,96,3
514,16,77,1
514,16,77,1
531,16,96,3
531,16,96,3
514,16,77,1
514,16,77,1
531,16,96,3
531,16,96,3
514,16,77,1
514,16,77,1
531,16,96,3
531,16,96,3
514,16,77,1
514,16,77,1
531,16,96,3
514,16,77,1
514,16,77,1
514,16,77,1
508,17,70,5
508,17,70,5
508,17,118,2
508,17,90,3
508,17,104,6
508,17,68,5
543,17,124,3
508,17,118,2
508,17,104,6
587,17,118,2
508,17,84,7
508,17,96,4
508,17,85,2
508,17,85,2
508,17,96,3
508,17,92,2
508,17,96,4
508,17,68,5
508,17,104,6
508,17,81,2
530,16,96,4
508,17,96,4
508,17,96,4
508,17,96,4
508,17,76,7
508,17,68,5
508,17,81,2
509,17,81,2
508,17,92,2
508,17,66,4
508,17,98,4
587,17,118,2
587,17,118,2
508,17,85,2
508,17,53,3
541,17,124,3
544,17,124,3
508,17,118,2
508,17,68,5
508,17,81,2
508,17,81,2
508,17,81,2
508,17,81,2
508,17,81,2
508,17,81,2
508,17,81,2
508,17,81,2
508,17,61,4
508,17,61,4
508,17,78,7
508,17,80,6
531,16,74,6
508,17,70,5
508,17,118,2
508,17,118,2
508,17,118,2
508,17,118,2
508,17,118,2
508,17,118,2
508,17,96,4
508,17,96,4
508,17,64,3
508,17,64,3
508,17,118,2
508,17,64,3
508,17,64,3
508,17,64,3
508,17,64,3
518,16,92,2
508,17,118,2
508,17,443,8
508,17,96,4
508,17,118,2
508,17,83,2
508,17,83,2
508,17,83,2
508,17,83,2
508,17,83,2
508,17,83,2
508,17,83,2
508,17,83,2
508,17,83,2
508,17,118,2
508,17,85,2
508,17,85,2
508,17,85,2
508,17,72,4
508,17,72,4
508,17,100,5
508,18,124,3
508,17,85,2
508,18,124,3
508,17,74,6
510,17,90,3
510,17,90,3
527,16,80,6
527,16,80,6
508,17,80,6
508,17,80,6
508,17,80,6
508,17,92,2
508,17,92,2
508,17,92,2
508,17,92,2
508,17,92,2
610,17,124,3
589,17,124,3
508,17,85,2
508,17,85,2
508,17,118,2
508,17,85,2
508,17,92,2
508,17,118,2
508,17,118,2
508,17,118,2
508,17,118,2
508,17,70,5
508,17,70,5
508,17,70,5
508,17,70,5
508,17,70,5
508,17,72,6
508,17,70,5
508,17,70,5
508,17,70,5
508,17,70,5
508,17,70,5
508,17,70,5
508,17,70,5
508,17,70,5
508,17,70,5
508,17,70,5
508,17,70,5
508,17,70,5
508,17,70,5
508,17,72,6
508,18,124,3
508,17,118,2
508,17,118,2
508,17,70,5
508,17,118,2
508,17,118,2
508,17,118,2
508,17,118,2
508,17,118,2
508,17,118,2
508,17,118,2
508,17,118,2
508,17,118,2
508,17,70,5
508,17,70,5
508,17,64,4
508,17,70,5
508,17,72,4
508,17,70,5
508,17,70,5
508,17,70,5
508,17,70,5
508,17,72,4
568,17,124,3
508,17,64,4
508,17,68,5
508,17,70,5
508,17,68,5
508,17,68,5
508,17,68,5
508,17,80,6
508,17,80,6
508,17,80,6
508,17,96,3
508,17,96,3
508,17,96,3
508,17,96,3
508,17,96,3
508,17,61,4
508,17,61,4
577,17,124,3
508,17,96,3
508,17,74,6
508,17,96,3
508,17,104,6
508,17,96,3
508,17,70,5
508,17,70,5
508,17,70,5
508,17,118,2
518,16,92,2
508,17,57,3
508,17,57,3
508,17,57,3
508,18,124,3
508,17,57,3
508,17,57,3
508,17,57,3
508,17,57,3
508,17,70,5
508,17,57,3
508,17,57,3
508,17,57,3
508,17,57,3
508,17,78,7
508,17,104,4
508,17,70,5
508,17,118,2
508,17,118,2
509,16,77,1
509,16,77,1
509,16,77,1
508,17,92,2
519,16,92,2
508,17,66,4
517,16,66,4
512,16,80,6
508,17,70,5
508,17,70,5
508,17,70,5
508,17,70,5
508,17,70,5
508,17,70,5
508,17,66,4
508,17,66,4
508,17,66,4
508,17,66,4
508,17,61,4
519,16,70,5
508,17,70,5
508,17,83,2
508,17,61,4
508,17,76,5
508,17,61,4
508,17,80,6
508,17,80,6
508,17,80,6
508,17,118,2
508,17,80,6
508,17,61,4
508,17,68,5
508,17,68,5
508,17,80,6
508,17,61,4
508,17,98,4
508,17,65,5
508,17,65,5
508,17,96,3
508,17,77,1
518,16,92,2
518,16,92,2
508,17,65,5
508,17,77,1
518,16,92,2
508,17,65,5
508,17,61,4
508,17,98,4
508,17,118,2
508,17,76,5
508,17,76,5
508,17,76,5
508,17,76,5
508,17,70,5
508,17,76,5
508,17,66,4
508,17,76,5
508,17,76,5
582,17,124,3
508,17,61,4
508,17,77,1
508,17,77,1
508,17,77,1
508,17,77,1
508,17,66,4
508,17,77,1
508,17,66,4
508,17,70,5
508,17,96,3
508,17,66,4
508,17,70,5
508,17,66,4
508,17,80,6
508,17,118,2
508,17,57,3
580,17,124,3
508,17,92,2
508,17,61,4
508,17,57,3
508,17,77,1
508,17,104,6
508,17,68,5
508,17,96,3
508,17,96,3
508,17,65,5
508,17,86,2
508,17,83,2
508,17,83,2
508,17,76,5
508,17,76,5
508,17,89,3
611,17,78,7
508,17,89,3
508,17,89,3
508,17,89,3
508,17,89,3
508,17,89,3
508,17,118,2
513,16,74,6
508,17,66,4
508,17,66,4
508,17,66,4
508,17,104,6
508,17,70,5
508,17,70,5
508,17,70,5
508,17,70,5
508,17,70,5
508,17,70,5
508,17,70,5
508,17,87,1
508,17,87,1
508,17,70,5
508,17,118,2
508,17,118,2
508,17,118,2
508,17,118,2
508,17,59,2
508,17,59,2
508,17,118,2
508,17,118,2
508,17,91,4
508,17,91,4
508,17,91,4
508,17,91,4
508,17,91,4
508,17,91,4
508,17,70,5
508,17,91,4
508,17,72,4
508,17,72,4
508,17,72,4
508,17,72,4
508,17,72,4
508,17,72,4
508,17,72,4
508,17,72,4
508,17,83,2
508,17,83,2
508,16,118,2
508,17,72,4
508,17,72,4
508,17,61,4
508,17,61,4
508,17,61,4
508,17,74,6
508,17,74,6
508,17,74,6
508,17,74,6
508,17,74,6
508,17,78,7
508,17,77,1
508,17,77,1
508,17,74,6
568,17,124,3
508,17,77,1
508,17,77,1
508,17,77,1
508,17,61,4
508,17,61,4
508,17,61,4
508,17,118,2
508,17,61,4
508,17,94,4
579,17,118,2
508,17,77,1
591,17,124,3
590,17,118,2
508,17,118,2
508,17,61,4
508,17,49,2
508,17,61,4
508,17,87,3
508,17,66,4
508,17,118,2
508,17,80,6
509,16,80,6
573,17,118,2
589,17,124,3
520,16,96,4
573,17,124,3
517,16,66,4
508,17,85,2
521,16,96,4
611,17,124,3
518,16,74,6
508,17,66,4
508,17,70,5
611,17,124,3
508,17,92,2
508,17,66,4
508,17,118,2
520,16,66,4
508,17,61,4
508,17,66,4
508,17,92,2
519,16,70,5
508,17,76,5
508,17,118,2
508,17,118,2
508,17,118,2
567,17,124,3
508,17,118,2
508,17,61,4
508,17,61,4
508,17,74,6
508,17,118,2
508,17,74,6
508,17,74,6
508,17,74,6
508,17,100,5
547,17,124,3
508,17,57,3
525,16,96,4
525,16,96,4
508,17,104,6
508,17,118,2
508,17,76,5
508,17,100,5
508,17,83,2
508,17,87,3
508,17,66,4
525,16,96,4
508,17,68,5
508,17,118,2
508,17,80,6
508,17,66,4
508,17,96,3
587,17,124,3
508,17,96,3
508,17,81,2
508,17,96,3
625,17,84,2
625,17,84,2
508,17,84,2
508,17,84,2
508,17,61,4
508,17,84,2
508,17,66,4
508,17,85,2
508,17,118,2
508,17,100,5
508,17,118,2
508,17,61,4
508,17,118,2
508,17,118,2
508,17,78,7
508,17,92,2
508,17,85,2
508,17,85,2
508,17,66,4
508,17,569,8
508,17,569,8
508,17,85,2
578,17,124,3
508,17,85,2
508,17,85,2
508,17,86,2
508,17,84,2
508,17,118,2
508,17,87,3
508,17,68,5
517,16,76,5
508,17,85,2
508,17,61,4
508,17,61,4
508,17,65,5
508,17,76,5
508,17,118,2
508,17,118,2
510,17,96,3
508,17,104,6
527,16,96,4
508,17,104,6
508,17,118,2
508,17,85,2
508,17,77,1
508,17,77,1
508,17,85,2
508,17,85,2
508,17,85,2
508,17,118,2
508,17,49,2
508,17,49,2
508,17,49,2
508,17,57,3
508,17,118,2
508,17,84,2
508,17,68,5
508,17,68,5
508,17,104,6
576,17,118,2
508,17,70,5
508,17,70,5
508,17,74,6
508,17,61,4
508,17,61,4
522,16,96,4
508,17,118,2
508,17,85,2
508,17,64,3
508,17,85,2
508,17,76,5
508,17,66,4
508,17,85,2
508,17,66,4
508,17,89,3
508,17,85,2
508,17,81,2
508,17,81,2
508,17,81,2
520,16,92,2
520,16,92,2
520,16,92,2
508,17,80,6
508,17,80,6
508,17,80,6
508,17,85,2
508,17,74,6
508,17,66,4
578,17,124,3
508,17,72,4
508,17,80,6
508,17,74,6
508,17,74,6
508,17,118,2
610,17,124,3
609,17,124,3
508,17,104,6
508,17,96,3
508,17,68,5
508,17,104,6
508,17,81,2
508,17,74,6
508,17,81,2
508,17,81,2
508,17,118,2
508,17,96,3
508,17,96,3
508,17,85,2
508,17,66,4
508,17,85,2
508,17,100,5
508,17,96,4
611,17,124,3
508,17,93,4
508,17,93,4
508,17,93,4
611,17,124,3
508,17,96,4
508,17,57,3
508,17,61,4
508,17,93,4
508,17,96,3
508,17,96,3
508,17,104,6
508,17,91,4
508,17,66,4
508,17,61,4
508,17,89,3
518,16,92,2
508,17,66,4
508,17,118,2
508,17,66,4
508,17,89,3
508,17,96,3
508,17,85,2
508,17,74,6
508,17,68,5
508,17,85,2
508,17,118,2
508,17,66,4
517,16,76,5
517,16,76,5
508,17,89,3
508,17,77,1
508,17,85,2
508,17,77,1
508,17,81,2
508,17,100,5
508,17,93,4
508,17,66,4
508,17,81,2
508,17,81,2
508,17,81,2
508,17,118,2
508,17,118,2
508,17,118,2
508,17,70,5
508,17,70,5
508,17,118,2
508,17,104,6
508,17,104,6
508,17,100,5
508,17,104,6
508,17,104,6
508,17,104,6
508,17,104,6
508,17,100,5
508,17,80,6
508,17,87,3
508,17,66,4
508,17,100,5
508,17,61,4
508,17,85,2
508,17,85,2
508,17,93,4
508,17,96,3
508,17,87,3
508,17,118,2
508,17,118,2
508,17,118,2
508,17,96,4
508,17,118,2
508,17,118,2
508,17,118,2
508,17,87,3
508,17,80,6
578,17,124,3
508,17,87,3
508,17,85,2
508,17,85,2
594,17,124,3
508,17,68,5
508,17,81,2
508,17,81,2
508,17,77,1
508,17,49,2
508,17,61,4
508,17,68,5
508,17,76,7
508,17,49,2
508,17,61,4
508,17,84,7
508,17,87,3
508,17,61,4
508,17,96,3
542,17,124,3
508,17,96,3
508,17,92,2
508,17,85,2
508,17,93,4
508,17,74,6
508,17,83,2
508,17,72,4
508,17,74,6
508,17,118,2
508,17,91,4
508,17,91,4
508,17,66,4
508,17,104,6
508,17,104,6
508,17,104,6
508,17,104,6
508,17,104,6
508,17,104,6
508,17,104,6
508,17,104,6
508,17,74,6
508,17,74,6
508,17,104,6
508,17,104,6
508,17,104,6
508,17,104,6
508,17,104,6
525,16,96,3
508,17,78,7
508,17,118,2
508,17,66,4
508,17,66,4
508,17,118,2
508,17,76,7
508,16,57,3
508,17,59,4
508,17,59,4
508,17,87,3
508,17,72,4
508,17,92,2
508,17,92,2
508,17,92,2
508,17,92,2
508,17,72,4
508,17,72,4
508,17,92,2
508,17,72,4
508,17,78,7
508,17,78,7
544,17,124,3
508,17,78,7
508,17,96,3
508,17,66,4
508,17,78,7
508,17,78,7
508,17,78,7
508,17,78,7
508,17,78,7
508,17,78,7
508,17,78,7
508,17,96,3
508,17,78,7
508,17,78,7
508,17,90,3
508,17,78,7
508,17,78,7
523,16,96,4
508,17,78,7
508,17,118,2
524,16,96,4
508,17,66,4
508,17,78,7
508,17,96,3
508,17,83,2
508,17,83,2
508,17,49,2
508,17,98,4
508,17,85,2
508,17,85,2
508,17,85,2
508,17,98,4
520,16,92,2
508,17,85,2
508,17,80,6
508,17,66,4
508,17,85,2
508,17,68,5
520,16,92,2
508,17,85,2
508,17,85,2
508,17,85,2
508,17,89,3
508,17,68,5
508,17,92,2
508,17,83,2
508,17,85,3
508,17,87,3
516,16,66,4
508,17,96,4
508,17,87,3
516,16,66,4
523,16,96,4
508,17,78,7
508,17,66,4
508,17,64,3
508,17,64,3
508,17,64,3
508,17,64,3
508,17,64,3
508,17,64,3
508,17,70,5
518,16,92,2
508,17,66,4
508,17,118,2
508,17,66,4
508,17,66,4
508,17,85,2
508,17,80,6
508,17,118,2
508,17,68,5
508,17,68,5
508,17,61,4
508,17,80,6
508,17,80,6
508,17,80,6
508,17,92,2
508,17,80,6
508,17,92,2
508,17,92,2
508,17,92,2
508,17,68,5
508,17,68,5
508,17,68,5
508,17,77,1
508,17,77,1
508,17,89,3
508,17,84,2
508,17,77,1
508,17,77,1
508,17,77,1
508,17,77,1
508,17,77,1
508,17,84,2
508,17,80,6
508,17,65,5
508,17,65,5
508,17,95,5
531,16,74,6
508,17,85,2
508,17,85,2
508,17,87,3
508,17,65,5
508,17,65,5
508,17,104,6
588,17,124,3
508,17,95,5
508,17,81,2
508,17,81,2
508,17,96,3
587,17,118,2
508,17,118,2
517,16,66,4
519,16,70,5
508,17,83,2
508,17,118,2
508,17,118,2
508,17,118,2
508,17,118,2
611,17,124,3
508,17,118,2
508,17,118,2
508,17,118,2
508,17,118,2
508,17,118,2
508,17,118,2
508,18,124,3
508,17,80,6
508,17,66,4
508,17,66,4
508,17,70,5
508,17,118,2
508,17,92,2
508,17,92,2
508,17,83,2
508,17,66,4
508,17,78,7
508,17,118,2
508,17,118,2
508,17,91,4
508,17,74,6
508,17,74,6
508,17,74,6
508,17,61,4
508,17,76,5
508,17,118,2
508,17,66,4
508,17,78,7
508,17,70,5
508,17,70,5
508,17,70,5
508,17,70,5
508,17,70,5
508,17,74,6
508,17,70,5
508,17,77,1
508,17,74,6
508,17,70,5
508,17,74,6
508,17,57,3
508,17,76,5
508,17,76,5
508,17,76,5
508,17,118,2
508,17,76,5
508,17,76,5
508,17,74,6
508,17,74,6
508,17,74,6
508,17,96,3
520,16,92,2
508,17,53,3
508,17,96,3
508,17,80,6
508,17,96,3
508,17,70,5
508,17,66,4
508,17,96,3
508,17,72,4
508,17,76,5
508,17,96,3
508,17,78,7
508,17,78,7
508,17,78,7
508,17,78,7
508,17,78,7
508,17,66,4
508,17,85,2
611,17,124,3
508,17,86,2
508,17,85,2
508,17,93,4
508,17,92,2
568,17,124,3
568,17,124,3
508,17,93,4
508,17,118,2
508,17,118,2
508,17,91,4
508,17,66,4
508,17,66,4
508,17,118,2
508,17,118,2
508,17,118,2
508,17,118,2
508,17,118,2
508,17,118,2
508,17,66,4
508,16,57,3
510,17,96,3
508,17,49,2
508,17,87,3
508,17,49,2
508,17,76,5
508,17,96,3
508,17,118,2
508,17,118,2
508,17,96,3
508,17,76,5
508,17,76,5
508,17,102,5
508,17,70,5
508,17,102,5
508,17,70,5
508,17,92,2
508,17,80,6
508,17,92,2
508,17,80,6
508,17,66,4
508,17,66,4
508,17,118,2
568,17,124,3
571,17,124,3
508,17,118,2
508,17,118,2
520,16,92,2
508,18,124,3
508,17,118,2
508,17,118,2
508,17,118,2
508,17,118,2
508,17,118,2
508,17,118,2
508,17,66,4
508,18,124,3
508,17,81,2
508,17,81,2
508,17,74,6
508,17,74,6
508,17,104,6
508,17,118,2
610,17,124,3
508,17,104,6
508,17,96,4
508,17,66,4
508,17,118,2
508,17,85,2
508,17,104,6
508,17,85,2
508,17,118,2
508,17,66,4
508,17,92,2
508,17,92,2
508,17,66,4
508,17,66,4
508,17,68,3
508,17,104,6
508,17,104,6
508,17,100,5
508,17,74,6
508,17,61,4
508,17,61,4
508,17,89,3
508,17,92,2
508,17,92,2
508,17,85,2
508,17,98,4
508,17,64,3
508,17,68,5
508,17,85,2
508,17,118,2
508,17,68,5
518,16,90,3
508,17,98,4
508,17,68,5
508,17,68,5
508,17,68,5
508,17,96,4
508,17,66,4
508,17,98,5
508,17,87,3
508,17,80,6
508,17,68,5
508,17,66,4
508,17,53,3
519,16,57,3
508,17,85,2
508,17,66,4
508,17,85,2
508,17,85,2
526,16,96,4
508,17,95,5
508,17,68,3
508,17,85,2
528,16,96,4
508,17,68,5
508,17,64,3
508,17,85,2
508,17,85,2
508,17,104,6
508,17,104,6
508,17,104,6
508,17,80,6
508,17,85,2
508,17,80,6
508,17,80,6
508,17,66,4
508,17,80,6
508,17,80,6
508,17,80,6
508,17,66,4
508,17,81,2
508,17,92,2
508,17,81,2
508,17,76,5
508,17,76,5
508,17,70,5
508,17,74,6
508,17,118,2
508,17,118,2
508,17,118,2
508,17,68,3
508,17,68,3
508,17,118,2
508,17,118,2
508,17,57,3
508,17,57,3
517,16,77,1
517,16,77,1
517,16,77,1
517,16,77,1
508,17,57,3
508,17,57,3
508,17,57,3
508,17,57,3
517,16,77,1
524,16,77,1
524,16,77,1
508,17,118,2
508,17,118,2
508,17,118,2
609,17,124,3
538,17,124,3
508,17,61,4
508,17,118,2
508,17,70,5
508,17,95,5
508,17,118,2
508,17,80,6
508,17,87,3
508,17,49,2
508,17,87,3
508,17,66,4
508,17,49,2
520,16,92,2
508,17,118,2
508,17,96,3
509,16,80,6
622,17,118,2
508,17,104,4
508,17,66,4
508,17,80,6
508,17,76,5
508,17,80,6
508,17,118,2
508,17,118,2
508,17,87,3
508,17,118,2
508,17,118,2
508,17,118,2
508,17,118,2
508,17,95,5
508,17,118,2
508,17,118,2
577,17,124,3
508,17,80,6
508,17,87,3
508,17,80,6
508,17,92,2
508,17,92,2
508,17,80,6
508,17,80,6
508,17,87,3
508,17,87,3
508,17,87,3
508,17,80,6
508,17,118,2
508,17,118,2
508,17,118,2
513,16,74,6
508,17,118,2
508,17,118,2
508,17,118,2
508,17,98,4
508,17,78,7
508,17,118,2
508,17,118,2
590,17,124,3
510,17,90,3
508,17,85,2
508,17,118,2
508,17,100,5
508,16,61,4
508,17,92,2
508,17,118,2
509,16,80,6
508,17,96,3
606,17,118,2
520,16,96,4
573,17,124,3
508,18,124,3
508,17,68,5
508,17,66,4
527,16,96,3
508,17,70,5
508,17,92,2
586,17,124,3
508,17,118,2
508,17,86,2
508,17,86,2
579,17,118,2
590,17,118,2
508,17,70,5
579,17,118,2
567,17,124,3
508,17,78,7
573,17,118,2
508,17,87,3
508,17,49,2
518,16,74,6
508,17,80,6
517,16,66,4
508,17,83,2
508,17,66,4
508,17,92,2
611,17,124,3
508,17,85,2
508,17,61,4
519,16,70,5
508,17,91,4
508,17,91,4
508,17,91,4
508,17,91,4
508,17,91,4
508,17,91,4
513,16,90,3
585,17,118,2
577,17,124,3
508,17,85,2
510,17,90,3
508,17,83,2
508,17,83,2
508,17,83,2
508,17,83,2
577,17,124,3
508,17,118,2
508,17,118,2
508,17,118,2
576,17,124,3
508,18,124,3
573,17,124,3
508,17,91,4
508,17,91,4
508,17,91,4
508,17,90,3
508,17,118,2
508,17,118,2
508,17,74,6
508,17,74,6
508,17,74,6
508,17,74,6
508,17,74,6
508,17,74,6
508,17,74,6
508,17,74,6
508,17,74,6
508,17,74,6
508,17,74,6
508,17,74,6
508,17,74,6
508,17,80,6
508,17,74,6
508,17,74,6
508,17,74,6
508,17,74,6
508,17,74,6
508,17,74,6
508,17,74,6
508,17,104,6
508,17,80,6
508,17,104,6
508,17,80,6
523,16,92,2
523,16,92,2
523,16,92,2
523,16,92,2
523,16,92,2
508,17,90,3
508,17,83,2
508,17,61,4
573,17,124,3
560,16,94,4
508,17,66,4
508,17,80,6
609,17,124,3
508,17,85,2
508,17,118,2
508,17,80,6
570,17,124,3
508,17,92,2
508,17,80,6
508,17,80,6
508,17,80,6
508,17,80,6
508,17,80,6
568,17,124,3
585,17,118,2
508,17,100,5
508,17,92,2
508,17,78,7
508,17,118,2
508,17,57,3
508,17,118,2
508,17,87,3
508,17,78,7
508,17,85,2
508,17,53,3
508,17,96,3
589,17,124,3
508,17,85,2
591,17,124,3
519,16,77,1
544,17,124,3
536,16,57,3
568,17,124,3
568,17,124,3
508,17,96,3
508,17,49,2
509,16,80,6
508,17,61,4
508,17,70,5
508,17,118,2
508,17,70,5
508,17,70,5
508,17,118,2
508,17,118,2
508,17,118,2
508,17,118,2
508,17,118,2
508,17,70,5
508,16,61,4
508,17,70,5
508,17,70,5
508,17,70,5
508,17,70,5
508,17,70,5
508,17,70,5
508,17,70,5
508,17,66,4
508,17,66,4
508,17,66,4
508,17,100,5
508,17,70,5
508,17,70,5
508,17,70,5
508,17,70,5
508,17,84,2
508,17,104,6
508,17,95,5
508,17,91,4
508,17,104,6
508,17,100,5
508,17,85,2
508,17,85,2
508,17,84,2
508,17,100,5
508,17,85,2
508,17,118,2
510,17,61,4
521,16,96,4
508,17,85,2
611,17,118,2
521,16,96,4
508,17,85,2
508,17,85,2
611,17,118,2
508,17,49,2
508,17,89,3
508,17,89,3
508,17,89,3
508,17,77,1
508,17,77,1
508,17,77,1
508,17,85,2
508,17,85,2
508,17,77,1
508,17,77,1
508,16,74,6
508,17,89,3
508,17,89,3
508,17,85,3
508,17,89,3
508,17,74,6
508,17,74,6
508,17,74,6
508,17,74,6
508,17,74,6
508,17,74,6
508,17,77,1
508,17,89,3
508,17,53,3
508,17,53,3
508,17,53,3
508,17,53,3
508,17,100,5
508,17,100,5
508,17,118,2
508,17,118,2
508,17,66,4
508,17,66,4
508,17,78,7
508,17,78,7
508,17,78,7
508,17,78,7
508,17,78,7
508,17,78,7
508,17,96,4
508,17,78,7
508,17,89,3
508,17,66,4
546,17,124,3
543,17,124,3
508,17,76,7
508,16,57,3
508,17,70,5
508,17,70,5
572,17,124,3
508,17,100,5
508,17,100,5
508,17,100,5
508,17,100,5
508,17,100,5
508,17,100,5
508,17,118,2
578,17,124,3
583,17,124,3
572,17,124,3
588,17,84,2
508,17,84,2
508,17,84,2
508,17,84,2
576,17,118,2
508,17,96,4
508,17,95,5
508,17,64,3
508,17,95,5
508,17,100,5
508,17,96,4
508,17,68,5
517,16,76,5
508,17,118,2
578,17,124,3
508,17,84,2
508,17,84,2
508,17,84,2
508,17,78,7
508,17,80,6
508,17,80,6
508,17,80,6
508,17,80,6
508,17,80,6
508,17,80,6
508,17,74,6
508,17,74,6
508,17,74,6
508,17,74,6
508,17,96,4
520,16,92,2
508,17,86,2
508,17,74,6
508,17,74,6
508,17,66,4
508,17,96,3
564,17,124,3
508,17,74,6
530,16,96,4
570,17,124,3
510,17,96,3
508,17,72,4
582,17,124,3
508,17,92,2
508,17,76,5
508,17,72,4
508,17,61,4
508,17,96,3
508,17,76,5
508,17,85,2
508,17,72,4
508,17,90,3
508,17,68,5
508,17,72,4
508,17,72,4
508,17,72,4
508,17,72,4
508,17,72,4
508,17,92,2
512,16,80,6
508,17,100,5
508,17,100,5
508,17,118,2
527,16,92,2
527,16,92,2
528,16,92,2
508,17,80,6
508,17,74,6
508,17,49,2
508,17,85,2
508,17,96,3
508,17,70,5
508,17,86,2
508,17,104,6
508,17,49,2
508,17,49,2
508,17,118,2
508,17,57,3
508,17,57,3
508,17,87,3
508,17,100,5
508,17,83,2
508,17,83,2
508,17,78,7
508,17,118,2
508,17,78,7
573,17,124,3
508,17,100,5
508,17,66,4
508,17,68,3
508,17,100,5
508,17,118,2
569,17,124,3
572,17,124,3
508,17,68,3
508,17,72,4
508,17,81,2
508,17,81,2
508,17,74,6
508,17,68,3
508,17,68,3
508,17,68,5
508,17,118,2
508,17,74,6
510,17,61,4
508,17,86,2
508,17,93,4
508,17,80,6
508,17,66,4
508,17,81,2
508,17,80,6
508,17,100,5
508,17,80,6
508,17,78,7
508,17,66,4
510,17,96,3
508,18,124,3
508,17,96,3
508,17,96,3
508,17,96,3
508,17,68,5
508,17,118,2
508,17,118,2
508,17,85,2
508,17,85,2
573,17,124,3
508,17,104,6
508,17,66,4
508,17,118,2
508,17,118,2
508,17,118,2
508,17,118,2
508,17,118,2
508,17,118,2
508,17,104,6
508,17,118,2
508,17,118,2
508,18,124,3
583,17,124,3
508,17,91,4
508,17,100,5
508,17,104,6
508,17,102,4
508,17,102,4
508,17,102,4
508,17,85,2
508,17,118,2
508,17,96,3
508,17,100,5
508,17,80,6
508,17,85,2
508,17,85,2
508,17,102,4
508,17,85,2
508,17,85,2
508,17,78,7
508,17,85,2
508,17,102,4
508,17,80,6
524,16,96,4
508,17,92,2
508,17,92,2
508,17,92,2
508,17,98,3
508,17,98,3
508,17,92,2
508,17,92,2
508,17,92,2
508,17,76,5
508,17,76,5
508,17,84,7
508,17,84,7
508,17,100,4
508,17,100,4
508,17,100,4
508,17,100,4
508,17,100,5
508,17,100,5
508,17,96,4
508,17,96,4
508,17,96,4
508,17,96,4
508,17,104,6
508,17,104,6
508,17,104,6
508,17,104,6
508,17,104,6
508,17,104,6
508,17,57,3
508,17,57,3
508,17,57,3
508,17,104,6
508,17,104,6
508,17,104,6
508,17,104,6
508,17,104,6
508,17,76,5
508,17,76,5
508,17,118,2
508,17,72,4
508,17,72,4
508,17,72,4
508,17,118,2
508,17,118,2
508,17,118,2
508,17,74,6
508,17,74,6
508,17,74,6
508,17,74,6
508,17,74,6
508,17,74,6
508,17,74,6
508,17,78,7
508,17,78,7
508,17,78,7
508,17,78,7
508,17,78,7
508,17,78,7
508,17,68,5
508,17,118,2
508,17,68,5
508,17,80,6
508,17,80,6
508,17,74,6
508,17,74,6
508,17,74,6
508,17,74,6
508,17,74,6
508,17,118,2
508,17,118,2
508,17,74,6
508,17,118,2
508,17,118,2
508,17,118,2
508,17,118,2
508,17,118,2
508,17,118,2
587,17,124,3
508,17,118,2
508,17,100,5
508,17,118,2
508,17,80,6
508,17,100,5
508,17,66,4
508,17,89,3
508,17,68,5
508,17,85,2
508,17,68,5
508,17,85,2
508,17,68,5
508,17,102,6
508,17,84,7
520,16,92,2
508,17,80,6
508,17,66,4
508,17,96,3
508,17,78,7
518,16,92,2
508,17,66,4
508,17,66,4
508,17,65,5
508,17,65,5
508,17,65,5
508,17,65,5
508,17,65,5
508,17,65,5
508,17,102,6
508,17,104,6
519,16,92,2
508,17,96,3
508,17,61,4
508,17,83,2
508,17,83,2
508,17,83,2
508,17,92,2
508,17,90,3
508,17,66,4
508,17,85,2
508,17,49,2
508,17,66,4
508,17,87,3
508,17,70,5
508,17,92,2
508,17,102,4
508,17,93,4
508,17,81,2
508,17,92,2
611,17,124,3
508,17,93,4
611,17,124,3
611,17,124,3
611,17,124,3
508,17,96,4
508,17,85,2
517,16,66,4
508,17,118,2
508,17,68,5
508,17,87,3
594,17,118,2
508,17,66,4
518,16,66,4
508,17,66,4
519,16,70,5
508,17,93,4
508,17,96,3
508,17,93,4
508,17,81,2
508,17,53,3
508,17,85,2
509,17,65,5
508,17,96,3
548,17,124,3
508,17,85,2
508,17,93,4
508,17,83,2
508,17,83,2
508,17,83,2
508,17,83,2
508,17,83,2
508,17,76,5
508,17,80,6
542,17,118,2
508,17,92,2
508,17,68,5
508,17,97,5
622,17,118,2
508,17,92,2
508,17,81,2
508,17,49,2
508,17,53,3
508,17,61,4
508,17,72,4
508,17,76,5
508,17,92,2
611,17,124,3
508,17,76,5
508,17,93,4
508,17,85,2
508,17,85,2
508,17,81,2
508,17,85,2
508,17,70,5
587,17,118,2
508,17,53,3
508,17,81,2
508,17,80,6
508,17,61,4
508,17,98,4
588,17,124,3
508,17,57,3
508,17,53,3
508,17,53,3
508,17,81,2
508,17,87,3
508,17,66,4
508,17,96,4
508,17,118,2
508,17,93,4
508,17,85,2
508,17,100,5
508,17,93,4
508,17,81,2
508,17,81,2
508,17,81,2
508,17,81,2
508,17,81,2
508,17,80,6
533,16,96,3
508,17,92,2
508,17,96,3
508,17,96,3
508,17,118,2
508,17,70,5
508,17,80,6
508,17,57,3
533,16,96,3
508,17,85,2
533,16,96,3
533,16,96,3
508,17,118,2
508,17,49,2
533,16,96,3
508,17,93,4
508,17,81,2
533,16,96,3
508,17,86,2
508,17,86,2
508,17,81,2
508,17,81,2
508,17,81,2
508,17,81,2
508,17,68,5
508,17,68,5
508,17,78,7
508,17,78,7
508,17,78,7
508,17,78,7
508,17,118,2
508,17,118,2
508,17,118,2
508,17,118,2
508,17,118,2
508,17,118,2
613,17,124,3
508,17,64,3
508,17,66,4
508,17,65,5
508,17,65,5
508,17,65,5
508,17,65,5
508,17,87,3
508,17,61,4
508,17,61,4
508,17,95,5
508,17,92,2
508,17,92,2
508,17,92,2
508,17,118,2
508,17,118,2
508,17,118,2
508,17,66,4
508,17,61,4
508,17,66,4
508,17,77,1
508,17,96,3
587,17,118,2
508,17,96,4
508,17,68,5
508,17,89,3
508,17,89,3
508,17,61,4
508,17,80,6
508,17,96,3
574,17,124,3
508,17,96,3
508,17,66,4
508,17,89,3
508,17,77,1
518,16,92,2
508,17,96,3
508,17,68,5
508,17,91,4
508,17,76,5
508,17,49,2
508,17,53,3
517,16,76,5
508,17,64,3
508,17,74,6
509,17,81,2
515,16,74,6
508,17,94,4
508,17,85,2
508,17,85,2
508,17,85,2
508,17,66,4
508,17,104,6
508,17,100,5
508,17,100,5
508,17,100,5
508,17,100,5
508,17,100,5
508,17,100,5
508,17,100,5
508,17,102,6
522,16,66,4
508,17,80,6
508,17,85,2
508,17,118,2
508,17,86,2
508,17,85,2
508,17,74,6
508,17,74,6
508,17,85,2
579,17,124,3
579,17,124,3
594,17,124,3
521,16,96,4
508,17,70,5
508,17,70,5
508,17,81,2
508,17,85,2
508,17,66,4
508,17,81,2
508,17,118,2
508,17,66,4
508,17,77,1
508,17,118,2
508,17,118,2
508,17,118,2
508,17,118,2
508,17,118,2
508,17,118,2
508,17,118,2
508,17,118,2
508,17,118,2
508,17,65,5
508,17,65,5
508,17,118,2
508,17,81,2
508,17,81,2
508,17,118,2
508,17,80,6
508,17,76,5
508,17,84,2
508,17,118,2
508,17,81,2
508,17,92,2
508,17,118,2
508,17,87,3
521,16,66,4
508,17,83,2
508,17,84,2
508,17,66,4
508,18,124,3
508,17,49,2
508,17,80,6
606,17,118,2
509,16,80,6
517,16,66,4
519,16,70,5
508,18,124,3
508,17,78,7
508,17,78,7
508,17,78,7
508,17,78,7
508,17,78,7
508,17,118,2
546,17,124,3
508,17,84,7
508,17,118,2
508,17,95,5
508,17,66,4
508,17,90,3
524,16,96,4
508,17,104,6
508,17,104,6
525,16,96,4
525,16,96,4
516,16,66,4
508,17,96,3
525,16,96,4
508,17,118,2
508,17,76,5
508,17,76,5
510,17,96,3
510,17,96,3
508,17,64,3
508,17,104,6
508,17,80,6
510,17,96,3
518,16,92,2
508,17,85,2
508,17,118,2
527,16,76,5
508,17,85,2
516,16,66,4
574,17,124,3
508,17,87,3
508,17,83,2
508,17,84,7
508,17,84,7
530,16,96,3
508,17,96,3
508,17,85,2
508,17,85,2
508,17,104,6
508,17,66,4
508,17,85,3
527,16,76,5
527,16,76,5
508,17,83,2
527,16,76,5
527,16,76,5
508,17,83,2
527,16,76,5
508,17,83,2
508,17,83,2
527,16,76,5
508,17,83,2
508,17,83,2
508,17,61,4
508,17,61,4
508,17,61,4
508,17,61,4
508,17,76,5
508,17,61,4
508,17,61,4
508,17,95,5
508,17,77,1
508,17,77,1
508,17,77,1
508,17,61,4
508,17,61,4
508,17,77,1
508,17,77,1
508,17,77,1
508,17,77,1
508,17,61,4
508,17,118,2
508,17,118,2
508,17,98,4
508,17,118,2
508,17,118,2
508,17,118,2
508,17,118,2
508,17,118,2
508,17,118,2
508,17,118,2
508,17,118,2
508,17,118,2
508,17,118,2
508,17,118,2
508,17,118,2
508,18,124,3
508,17,80,6
508,17,80,6
508,17,80,6
508,17,80,6
508,17,80,6
508,17,80,6
508,17,80,6
508,17,80,6
508,17,80,6
508,17,118,2
508,17,80,6
508,17,66,4
508,17,66,4
508,17,85,2
508,17,85,2
508,17,100,5
508,17,74,6
508,17,74,6
508,17,74,6
508,17,100,5
508,17,66,4
508,17,92,2
531,16,74,6
508,17,104,6
508,17,83,2
508,17,66,4
508,17,83,2
508,17,85,2
508,17,118,2
508,17,118,2
508,17,61,4
508,17,57,3
508,17,57,3
508,17,57,3
508,17,57,3
508,17,57,3
517,16,81,2
517,16,81,2
517,16,81,2
508,17,65,5
508,17,65,5
508,17,61,4
508,17,61,4
508,17,77,1
508,17,61,4
508,17,61,4
508,17,61,4
508,17,84,2
508,17,57,3
508,17,66,4
508,17,66,4
508,17,118,2
508,17,118,2
508,17,76,5
508,17,118,2
508,17,76,5
508,17,96,3
508,17,96,3
512,16,80,6
508,17,96,3
508,17,80,6
611,17,78,7
508,17,66,4
512,16,80,6
519,16,74,6
508,17,84,2
508,17,61,4
508,17,118,2
508,17,57,3
508,17,84,2
508,17,84,2
508,17,80,6
529,16,96,4
508,17,68,5
508,17,96,3
508,17,85,2
508,17,61,4
508,17,68,5
508,17,68,5
508,17,68,5
508,17,68,5
508,17,68,5
508,17,68,5
508,17,96,3
508,17,85,2
508,17,76,5
508,17,61,4
508,17,61,4
508,17,96,3
508,16,78,7
508,17,80,6
508,16,78,7
508,17,80,6
508,16,78,7
508,16,78,7
508,17,78,7
508,17,76,5
508,17,96,3
508,17,80,6
508,17,76,5
508,17,96,3
508,17,72,4
508,17,96,3
508,17,96,3
508,17,80,6
508,17,118,2
508,17,118,2
508,17,70,5
508,17,70,5
508,17,72,4
508,17,74,6
508,17,74,6
508,17,80,6
508,17,80,6
508,17,80,6
508,17,80,6
508,17,80,6
508,17,74,6
508,17,80,6
508,17,80,6
508,17,72,4
508,17,85,2
508,17,85,2
508,17,85,2
508,17,85,2
508,17,85,2
508,17,85,2
508,17,85,2
508,17,104,6
508,17,85,2
508,17,81,2
508,17,118,2
508,17,118,2
508,17,95,5
508,17,95,5
508,17,95,5
590,17,84,2
508,17,100,5
508,17,66,4
508,17,70,5
508,17,70,5
508,17,70,5
508,17,118,2
508,17,70,5
508,17,66,4
508,17,118,2
508,17,118,2
508,17,104,4
508,17,72,4
508,17,104,4
508,17,92,2
508,17,57,3
508,17,61,4
508,17,104,4
508,17,104,4
508,17,118,2
508,17,118,2
508,17,118,2
508,17,118,2
508,17,118,2
508,17,118,2
508,17,76,5
508,17,70,5
538,16,77,1
521,16,77,1
508,17,104,4
508,17,104,6
508,17,83,2
508,17,98,4
508,17,98,4
508,17,98,4
508,17,98,4
590,17,124,3
508,17,72,4
508,17,66,4
508,17,66,4
508,17,92,2
508,17,76,7
508,17,85,2
508,17,61,4
508,17,92,2
508,17,100,5
508,17,118,2
508,17,118,2
508,17,118,2
508,17,74,6
508,17,74,6
508,17,118,2
508,17,81,2
508,17,118,2
508,17,87,3
611,17,124,3
611,17,124,3
508,17,93,4
508,17,87,3
594,17,118,2
508,17,85,2
508,17,81,2
508,17,66,4
508,17,81,2
603,17,124,3
522,16,96,4
508,17,66,4
568,17,124,3
508,17,93,4
508,17,70,5
508,17,86,2
508,17,85,2
508,17,93,4
508,17,81,2
508,17,78,7
508,17,78,7
508,17,92,2
508,17,104,6
508,17,118,2
604,17,124,3
508,17,80,6
508,17,66,4
508,17,96,3
508,17,85,2
518,16,92,2
508,17,96,3
508,17,64,3
508,17,64,3
508,17,64,3
508,17,64,3
605,17,124,3
508,17,66,4
508,17,66,4
508,17,66,4
508,17,104,6
508,17,66,4
520,16,66,4
508,17,118,2
508,17,118,2
508,17,96,3
508,17,104,6
508,17,104,6
520,16,92,2
508,17,64,3
508,17,74,6
508,17,61,4
508,17,85,2
508,17,80,6
508,17,66,4
508,17,76,5
622,17,118,2
508,17,96,3
508,17,85,2
528,16,92,2
508,17,85,3
508,17,66,4
508,17,74,6
508,17,66,4
508,17,96,3
508,17,91,4
508,17,83,2
508,17,74,6
508,17,74,6
508,17,74,6
508,17,74,6
508,17,104,6
508,17,100,5
508,17,87,3
508,17,87,3
508,17,118,2
602,17,124,3
602,17,124,3
508,17,118,2
508,17,83,2
602,17,124,3
602,17,124,3
508,17,118,2
508,17,118,2
508,17,118,2
508,17,118,2
508,17,84,2
573,17,118,2
508,17,66,4
579,17,118,2
610,17,124,3
508,17,118,2
508,17,118,2
576,17,118,2
508,17,85,3
508,17,118,2
508,17,61,4
508,17,85,2
508,17,118,2
508,17,118,2
508,17,118,2
508,17,118,2
508,17,118,2
508,17,85,2
508,17,85,2
508,17,92,2
508,17,118,2
508,17,118,2
508,17,118,2
508,17,84,2
508,17,118,2
508,17,68,5
508,17,68,5
555,17,84,2
508,17,84,2
591,17,124,3
508,17,118,2
572,17,118,2
508,17,87,3
579,17,118,2
508,17,85,3
508,17,65,5
508,17,65,5
508,17,66,4
508,17,118,2
508,17,118,2
508,17,118,2
508,17,118,2
508,17,118,2
508,17,118,2
508,17,118,2
508,17,118,2
508,18,124,3
508,17,85,2
508,17,85,2
508,17,118,2
508,17,57,3
508,17,57,3
508,17,118,2
508,17,118,2
508,17,118,2
508,17,80,6
508,17,74,6
508,17,80,6
508,17,100,5
508,17,85,2
508,17,83,2
508,17,118,2
508,17,118,2
508,17,118,2
508,17,104,6
508,17,96,3
518,16,92,2
508,17,64,3
508,17,64,3
508,17,64,3
508,17,64,3
508,17,64,3
508,17,64,3
508,17,85,2
508,17,65,5
508,17,65,5
508,17,65,5
508,17,65,5
508,17,65,5
508,17,65,5
508,17,85,2
508,17,87,3
520,16,92,2
508,17,78,7
508,17,84,7
508,17,78,7
508,17,118,2
508,17,118,2
508,17,76,5
605,17,124,3
508,17,65,5
583,17,124,3
508,17,118,2
508,17,118,2
508,17,118,2
508,17,66,4
508,17,61,4
508,17,61,4
508,17,61,4
508,17,77,1
508,17,77,1
508,17,77,1
508,17,77,1
508,17,77,1
508,17,77,1
508,17,77,1
508,17,77,1
508,17,61,4
508,17,61,4
516,16,77,1
508,17,118,2
508,17,68,4
550,17,124,3
536,16,92,2
516,16,77,1
516,16,77,1
516,16,77,1
508,17,118,2
508,17,118,2
508,17,84,2
508,17,96,3
508,17,87,3
587,17,118,2
508,17,96,3
625,17,84,2
525,16,96,3
518,16,92,2
508,17,89,3
508,17,66,4
508,17,49,2
508,17,118,2
508,17,66,4
508,17,85,2
520,16,61,4
513,16,74,6
508,17,118,2
587,17,124,3
518,16,92,2
508,17,77,1
508,17,85,2
508,17,87,3
508,17,92,2
508,17,74,6
508,17,104,6
508,17,85,2
508,17,85,2
591,17,124,3
508,17,49,2
508,17,96,4
508,17,49,2
508,17,49,2
525,16,96,3
508,17,66,4
508,17,85,2
508,17,81,2
594,17,124,3
508,17,85,2
508,17,66,4
508,17,81,2
508,17,85,2
508,17,85,2
508,17,61,4
516,16,77,1
508,17,83,2
508,17,118,2
508,17,102,4
508,17,91,4
588,17,124,3
508,17,98,4
508,17,96,3
508,17,85,2
508,17,85,2
508,17,77,1
508,17,118,2
508,17,118,2
508,17,118,2
611,17,124,3
516,16,77,1
508,17,98,4
508,17,85,2
522,16,76,5
542,17,118,2
508,17,68,5
508,17,76,5
508,17,569,8
508,17,118,2
508,17,81,2
508,17,66,4
508,17,86,2
508,17,83,2
508,17,95,5
508,17,95,5
508,17,91,4
508,17,95,5
508,17,87,3
508,17,87,3
573,17,124,3
508,17,104,6
508,17,104,6
508,17,104,6
508,17,100,5
508,17,100,5
508,17,100,5
508,17,66,4
569,16,94,4
508,17,80,6
508,17,104,6
508,17,68,5
531,16,74,6
508,17,83,2
508,17,57,3
508,17,66,4
508,17,80,6
508,17,76,5
508,17,76,5
508,17,80,6
508,17,80,6
508,17,80,6
508,17,86,2
611,17,124,3
611,17,124,3
508,17,118,2
508,17,118,2
508,17,118,2
508,17,118,2
508,17,118,2
508,17,118,2
508,17,118,2
508,17,95,5
508,17,92,3
508,17,68,5
508,17,66,4
508,17,70,5
508,17,89,3
508,17,68,5
508,17,61,4
508,17,66,4
519,16,96,4
508,17,100,5
508,17,104,6
508,17,68,5
508,17,68,5
508,17,68,5
508,17,96,3
528,16,92,2
508,17,66,4
508,17,85,2
508,17,85,2
508,17,85,2
508,17,85,2
508,17,85,2
508,17,85,2
508,17,85,2
508,17,91,4
508,17,87,3
508,17,91,4
508,17,87,3
508,17,87,3
508,17,95,5
508,17,104,6
508,17,91,4
508,17,95,5
508,17,91,4
508,17,104,6
508,17,104,6
508,17,85,2
508,17,87,3
508,17,96,3
508,17,92,2
508,17,85,2
508,17,61,4
508,17,83,2
508,17,70,5
508,17,100,5
508,17,118,2
508,17,74,6
508,17,118,2
508,17,118,2
508,17,87,3
508,17,118,2
520,16,92,2
508,17,442,8
520,16,92,2
508,17,118,2
508,17,118,2
508,17,87,3
508,17,118,2
508,17,81,2
508,17,81,2
508,17,118,2
508,17,118,2
508,17,118,2
508,17,118,2
508,17,68,5
508,17,118,2
508,17,118,2
508,17,118,2
508,17,118,2
508,17,68,5
508,17,98,5
508,17,66,4
508,17,66,4
508,17,91,4
508,17,91,4
508,17,91,4
508,17,91,4
508,17,91,4
508,17,91,4
508,17,106,6
508,17,106,6
508,17,106,6
508,17,106,6
508,17,106,6
508,17,106,6
508,17,74,6
508,17,74,6
508,17,84,7
508,17,96,3
542,17,124,3
508,17,78,7
508,17,78,7
508,17,78,7
508,17,78,7
508,17,78,7
508,17,78,7
508,17,78,7
508,17,78,7
508,17,78,7
508,17,104,6
508,17,118,2
508,17,118,2
508,17,78,7
508,17,66,4
517,16,76,5
508,17,66,4
520,16,92,2
508,17,85,2
573,17,124,3
508,17,74,6
508,17,74,6
508,17,118,2
508,17,118,2
508,17,118,2
508,17,118,2
508,17,118,2
508,17,61,4
508,17,74,6
508,17,74,6
508,17,74,6
508,17,74,6
508,17,74,6
508,17,74,6
508,17,81,2
508,17,81,2
508,17,61,4
508,17,61,4
508,17,84,2
508,17,118,2
597,17,84,2
508,17,61,4
508,17,61,4
508,17,74,6
508,17,74,6
508,17,118,2
508,17,118,2
508,17,118,2
508,17,104,6
508,17,104,6
508,17,104,6
508,17,104,6
508,17,104,6
508,16,61,4
508,17,438,7
508,17,438,7
508,17,438,7
508,17,118,2
508,17,118,2
508,17,104,6
508,17,438,7
520,16,92,2
589,17,124,3
508,17,87,3
508,17,68,5
508,17,72,4
508,17,72,4
508,17,66,4
508,17,78,7
508,17,78,7
508,18,124,3
508,17,92,2
508,17,61,4
508,17,61,4
508,17,61,4
508,17,100,5
508,17,78,7
508,17,100,5
508,17,74,6
508,17,84,7
508,17,84,7
508,17,84,7
508,17,100,5
508,17,100,5
508,17,100,5
508,17,100,5
508,17,68,5
508,17,78,7
508,17,78,7
508,17,78,7
508,17,78,7
508,17,78,7
508,17,78,7
508,17,68,5
508,17,118,2
510,17,96,3
508,17,76,5
508,17,70,5
508,17,85,2
508,17,96,3
508,17,96,3
508,17,96,3
508,17,70,5
508,17,77,1
508,17,77,1
508,17,118,2
606,17,124,3
606,17,124,3
508,17,118,2
508,17,118,2
508,17,118,2
593,17,84,2
508,18,118,2
508,17,66,4
508,17,104,6
508,17,104,6
508,17,104,6
508,17,104,6
508,17,104,6
508,17,104,6
508,17,104,6
520,16,92,2
508,17,85,2
519,16,96,4
508,17,96,4
611,17,124,3
611,17,124,3
594,17,124,3
508,17,49,2
508,17,85,2
508,17,81,2
508,17,66,4
508,17,66,4
508,18,124,3
603,17,124,3
508,17,81,2
508,17,96,3
594,17,124,3
508,17,49,2
508,17,87,3
508,17,81,2
594,17,124,3
594,17,124,3
508,17,81,2
603,17,124,3
508,17,81,2
508,17,85,2
603,17,124,3
508,17,96,4
508,17,66,4
508,17,66,4
508,17,92,2
508,17,93,4
508,17,93,4
508,17,70,5
508,17,70,5
508,17,93,4
508,17,104,6
508,17,104,6
508,17,104,6
508,17,104,6
508,17,104,6
508,17,104,6
508,17,84,7
508,17,96,3
542,17,124,3
508,17,96,3
508,17,96,3
508,17,96,3
542,17,124,3
508,17,96,3
544,17,124,3
520,16,92,2
508,17,92,2
508,17,92,2
508,17,78,7
587,17,124,3
508,17,87,3
508,17,104,6
520,16,86,2
508,17,96,3
508,17,66,4
508,17,104,6
508,17,96,3
508,17,64,3
508,17,66,4
518,16,92,2
523,16,96,4
508,17,118,2
508,17,118,2
508,17,96,3
508,17,64,3
518,16,92,2
508,17,104,6
508,17,104,6
508,17,100,5
508,17,100,5
508,17,100,5
518,16,92,2
508,17,118,2
508,17,85,2
508,17,85,2
520,16,92,2
523,16,96,4
508,17,118,2
508,17,87,3
508,17,81,2
603,17,124,3
508,17,85,2
594,17,118,2
508,17,81,2
508,17,70,5
508,17,80,6
508,17,80,6
508,17,74,6
508,17,104,6
508,17,78,7
508,17,78,7
508,17,74,6
508,17,96,4
508,17,74,6
508,17,66,4
508,17,66,4
520,16,92,2
508,17,74,6
508,17,118,2
508,17,68,5
577,17,124,3
508,17,96,3
511,17,86,2
508,17,80,6
508,17,118,2
508,17,100,5
508,17,100,5
508,17,96,4
508,17,100,5
508,17,96,4
508,17,96,4
508,17,78,7
508,17,78,7
508,17,78,7
508,17,78,7
576,17,124,3
567,17,124,3
508,17,83,2
508,17,118,2
508,17,96,3
508,17,96,3
508,17,49,2
508,17,66,4
510,17,61,4
508,17,61,4
576,17,118,2
508,17,65,5
508,17,65,5
508,17,118,2
508,17,118,2
583,17,124,3
578,17,124,3
578,17,124,3
508,17,118,2
579,17,124,3
582,17,124,3
508,17,91,4
508,17,91,4
508,17,70,5
508,17,70,5
508,17,74,6
508,17,74,6
508,17,74,6
508,17,74,6
508,17,74,6
508,17,74,6
508,17,68,5
508,17,68,5
508,17,64,3
625,17,84,2
508,17,74,6
508,17,96,3
508,17,64,3
570,17,124,3
508,17,80,6
508,17,57,3
508,17,78,7
508,17,118,2
508,17,78,7
508,17,118,2
508,17,74,6
508,17,57,3
508,17,118,2
508,17,118,2
573,17,124,3
508,17,118,2
568,17,124,3
508,17,98,4
508,17,66,4
508,17,76,5
508,17,118,2
508,17,118,2
611,17,124,3
508,17,86,2
508,17,85,2
508,17,81,2
508,17,76,5
573,17,124,3
508,17,92,2
508,17,92,2
552,17,124,3
577,17,124,3
508,17,118,2
508,17,118,2
508,17,118,2
508,17,118,2
508,17,118,2
609,17,124,3
609,17,124,3
508,17,118,2
508,17,118,2
508,17,74,6
609,17,124,3
508,17,92,2
508,17,90,3
508,17,100,5
508,17,83,2
508,17,70,5
508,17,70,5
508,17,118,2
573,17,124,3
568,17,124,3
508,17,89,3
508,17,89,3
508,17,80,6
508,17,80,6
508,17,80,6
508,17,80,6
508,17,80,6
508,17,74,6
508,17,74,6
508,17,96,4
508,17,93,4
508,17,89,3
508,17,118,2
508,17,118,2
508,17,94,4
508,17,84,2
508,17,72,4
508,17,72,4
508,17,84,2
514,16,90,3
508,17,72,4
508,17,84,2
508,17,89,3
508,17,61,4
508,17,98,4
508,17,84,2
508,17,98,4
508,17,84,2
508,17,118,2
508,17,61,4
508,17,98,4
508,17,89,3
508,17,92,2
508,17,87,3
508,17,92,2
508,17,92,2
508,17,118,2
508,17,118,2
508,18,118,2
570,17,124,3
508,18,124,3
508,17,118,2
508,18,118,2
508,17,76,5
508,17,72,4
508,17,61,4
508,17,85,2
508,17,85,2
508,17,118,2
606,17,124,3
508,17,86,2
541,17,124,3
522,16,96,4
508,17,61,4
508,17,85,2
512,16,80,6
508,17,85,2
508,17,85,2
508,17,74,6
508,17,118,2
544,17,124,3
508,17,104,6
508,17,104,6
508,17,104,6
508,17,74,6
508,17,74,6
573,17,124,3
591,17,124,3
508,17,78,7
508,17,78,7
544,17,124,3
508,17,78,7
508,17,66,4
508,17,78,7
508,17,78,7
508,17,78,7
508,17,80,6
508,17,80,6
508,17,78,7
604,17,124,3
508,17,90,3
523,16,96,4
524,16,96,4
605,17,124,3
508,17,66,4
508,17,85,2
508,17,85,2
508,17,85,2
508,17,80,6
508,17,85,2
522,16,66,4
508,17,85,2
508,17,85,3
508,17,83,2
508,17,66,4
508,17,91,4
508,17,90,3
508,17,68,5
508,17,90,3
516,16,66,4
508,17,85,2
508,17,85,2
508,17,78,7
508,17,64,3
508,17,64,3
508,17,64,3
508,17,64,3
508,17,70,5
508,17,66,4
518,16,92,2
508,17,68,5
508,17,118,2
516,16,66,4
508,17,118,2
508,17,66,4
508,17,66,4
508,17,104,6
508,17,86,2
508,17,87,3
508,17,102,4
508,17,66,4
508,17,85,2
521,16,96,4
508,17,85,2
508,17,92,2
523,16,96,4
508,17,118,2
508,17,118,2
508,17,102,4
508,17,86,2
613,17,124,3
508,17,85,2
508,17,78,7
508,17,61,4
508,17,92,2
508,17,92,2
508,17,81,2
508,17,81,2
508,17,61,4
508,17,68,5
508,17,68,5
508,17,61,4
508,17,70,5
508,17,95,5
520,16,96,4
508,17,61,4
508,17,66,4
508,17,80,6
508,17,81,2
508,17,85,2
508,17,89,3
508,17,66,4
508,17,81,2
528,16,92,2
508,17,89,3
508,17,118,2
508,17,92,2
508,17,77,1
587,17,118,2
517,16,66,4
508,17,49,2
508,17,77,1
508,17,85,2
519,16,70,5
508,17,87,3
508,17,66,4
508,17,118,2
508,17,118,2
508,17,118,2
508,17,66,4
508,17,66,4
508,17,96,4
508,17,118,2
508,17,118,2
508,17,118,2
508,17,118,2
508,17,70,5
508,17,86,2
508,17,66,4
508,17,66,4
593,17,84,2
508,17,70,5
508,17,70,5
508,17,118,2
508,17,70,5
508,17,70,5
508,17,96,3
508,17,74,6
508,17,74,6
572,17,124,3
571,17,124,3
508,17,96,4
508,17,74,6
547,17,124,3
508,17,100,5
508,17,96,4
508,17,66,4
508,17,96,4
508,17,80,6
510,17,90,3
510,17,90,3
508,17,76,5
508,17,118,2
508,17,118,2
508,17,81,2
527,16,80,6
527,16,80,6
508,17,76,5
508,17,49,2
508,17,85,2
508,17,85,2
514,16,118,2
508,17,118,2
603,17,118,2
603,17,118,2
508,17,118,2
508,17,118,2
508,17,118,2
508,17,85,3
508,17,85,3
508,17,104,6
508,17,94,4
513,16,74,6
508,17,104,6
508,17,104,6
508,17,100,5
508,17,100,5
508,17,100,5
508,17,85,3
508,17,85,3
546,17,124,3
508,17,104,6
508,17,84,2
508,17,66,4
508,17,100,5
531,16,74,6
508,17,104,6
508,17,96,3
508,17,61,4
508,17,76,5
508,17,92,2
508,17,442,8
508,18,124,3
508,17,104,6
508,17,87,3
508,17,49,2
508,17,96,4
508,17,66,4
508,17,66,4
508,17,96,3
508,17,87,3
508,17,81,2
518,16,92,2
508,17,87,3
508,17,81,2
587,17,124,3
508,17,96,3
508,17,118,2
508,17,92,2
508,17,77,1
508,17,87,3
508,17,61,4
508,18,118,2
508,17,98,4
508,17,85,2
508,17,100,5
508,17,100,5
508,17,442,8
508,17,96,4
508,17,49,2
508,17,85,3
508,17,85,3
508,17,81,2
508,17,81,2
508,17,81,2
508,17,66,4
508,17,81,2
508,17,85,2
508,17,104,6
508,17,104,6
508,17,77,1
508,17,81,2
574,17,124,3
508,16,61,4
508,17,118,2
508,17,80,6
508,16,74,6
508,17,100,5
508,17,80,6
508,17,96,3
574,17,124,3
508,17,80,6
508,17,96,4
508,17,61,4
508,17,85,2
508,17,85,2
508,17,80,6
508,17,76,5
508,17,80,6
508,17,80,6
508,17,80,6
508,17,80,6
508,17,80,6
508,17,80,6
508,17,80,6
508,17,96,3
508,17,90,3
508,17,77,1
606,17,118,2
508,17,53,3
508,17,76,5
508,17,89,3
508,16,118,2
599,16,124,3
508,17,118,2
508,17,118,2
508,17,65,5
508,17,65,5
508,17,65,5
508,17,65,5
508,17,65,5
508,17,65,5
508,17,118,2
508,17,118,2
508,17,118,2
508,17,118,2
508,17,87,3
508,18,124,3
508,17,118,2
508,17,118,2
508,17,118,2
508,17,70,5
508,17,85,2
508,17,85,2
508,17,118,2
508,17,92,2
508,17,92,2
508,17,74,6
508,17,84,2
508,17,84,2
508,17,84,2
508,17,84,2
508,17,74,6
508,17,92,2
508,17,84,2
508,17,74,6
508,17,92,2
508,17,92,2
508,17,92,2
508,17,74,6
508,17,92,2
508,17,92,2
508,17,92,2
508,17,92,2
508,17,92,2
508,17,74,6
508,17,76,5
508,17,76,5
508,17,70,5
508,17,70,5
508,17,92,2
508,17,92,2
508,17,92,2
508,17,76,5
508,17,76,5
508,17,76,5
508,17,104,6
508,17,104,6
508,17,100,5
508,17,100,5
508,17,104,6
508,17,104,6
508,17,100,5
508,17,100,5
508,17,100,5
508,17,100,5
508,17,100,5
508,17,100,5
508,17,100,5
508,17,100,5
575,17,124,3
508,17,104,6
508,17,70,5
508,17,108,5
508,17,96,3
508,17,76,5
508,17,118,2
564,17,124,3
508,17,100,4
508,17,108,5
508,17,108,5
508,17,102,5
508,17,76,5
508,17,86,2
508,17,118,2
508,17,118,2
508,17,118,2
508,17,118,2
508,17,78,7
508,17,78,7
508,17,78,7
508,17,78,7
508,17,78,7
508,17,78,7
590,17,124,3
508,17,78,7
508,17,104,6
508,17,85,2
569,16,94,4
508,17,104,6
508,17,66,4
508,17,74,6
508,17,74,6
508,17,84,2
530,16,96,4
508,17,118,2
560,16,98,5
508,17,118,2
508,17,74,6
508,17,74,6
508,17,85,2
560,16,94,4
508,17,85,2
508,17,85,2
508,17,66,4
508,17,118,2
508,17,118,2
508,17,91,4
508,17,95,5
508,17,118,2
508,17,95,5
508,17,87,3
508,17,85,2
591,17,124,3
508,17,66,4
508,17,78,7
508,17,118,2
508,17,78,7
508,17,80,6
508,17,80,6
508,17,74,6
508,17,70,5
508,17,70,5
508,17,70,5
508,17,70,5
508,17,70,5
508,17,70,5
518,16,92,2
510,17,61,4
508,17,61,4
510,17,96,3
508,17,96,3
508,17,100,5
508,17,95,5
508,17,90,3
508,17,74,6
625,17,118,2
625,17,118,2
508,17,118,2
508,17,61,4
508,17,61,4
508,17,61,4
508,17,118,2
508,17,61,4
508,17,61,4
508,17,61,4
508,17,91,4
508,17,85,2
508,17,57,3
508,17,66,4
508,17,85,2
508,17,92,2
508,17,118,2
508,17,68,5
508,17,66,4
530,16,96,4
508,17,61,4
508,18,118,2
508,17,85,2
508,17,85,2
508,17,104,6
508,17,61,4
508,17,61,4
606,17,124,3
594,17,118,2
508,17,81,2
508,17,66,4
508,17,66,4
518,16,66,4
603,17,124,3
508,17,81,2
508,17,66,4
508,17,85,2
508,17,76,5
508,17,96,3
508,17,96,3
508,17,118,2
508,17,100,5
508,17,85,2
606,17,118,2
508,17,96,3
508,17,96,3
508,17,91,4
508,17,96,3
508,17,96,3
508,17,66,4
508,17,96,3
508,17,87,3
508,17,87,3
508,17,87,3
508,17,87,3
508,17,87,3
508,17,87,3
508,17,87,3
508,17,87,3
508,17,87,3
508,17,87,3
508,17,66,4
508,17,83,2
508,17,83,2
508,17,83,2
508,17,83,2
508,17,83,2
508,17,83,2
508,17,83,2
508,17,83,2
508,17,83,2
508,17,118,2
508,17,118,2
508,17,118,2
508,17,87,3
508,17,85,2
508,17,104,6
508,17,85,2
508,17,85,2
508,17,104,6
508,17,87,3
517,16,70,5
508,17,87,3
508,17,87,3
508,17,74,6
508,17,74,6
508,17,74,6
508,17,70,5
508,17,118,2
508,17,118,2
508,17,118,2
508,17,118,2
508,17,118,2
508,17,118,2
508,17,68,4
524,16,80,6
524,16,96,3
508,17,70,5
508,17,70,5
508,17,66,4
508,17,66,4
508,17,96,3
508,17,61,4
508,17,96,3
508,17,61,4
508,17,72,4
508,17,72,4
508,17,65,5
508,17,66,4
508,17,66,4
508,17,96,3
508,17,72,4
508,17,65,5
508,17,65,5
508,17,77,1
518,16,92,2
508,17,118,2
508,17,96,3
508,17,118,2
508,17,77,1
508,17,65,5
508,17,118,2
508,17,70,5
508,17,70,5
508,17,70,5
508,17,118,2
508,17,76,7
508,17,76,7
508,17,76,7
508,17,96,3
508,17,96,3
508,17,70,5
508,17,70,5
508,17,68,4
508,17,118,2
508,17,92,2
508,17,92,2
508,17,92,2
508,17,96,3
518,16,92,2
508,17,65,5
508,17,86,2
508,17,96,3
518,16,92,2
508,17,65,5
508,17,86,2
518,16,92,2
508,17,80,6
508,17,65,5
508,17,86,2
518,16,92,2
508,17,96,3
508,17,65,5
508,17,96,3
518,16,92,2
508,17,65,5
518,16,92,2
508,17,96,3
518,16,92,2
508,17,65,5
508,17,96,3
518,16,92,2
508,17,65,5
508,17,96,3
518,16,92,2
508,17,65,5
508,17,70,5
508,17,96,3
518,16,92,2
508,17,65,5
508,17,86,2
604,17,118,2
508,17,118,2
508,17,118,2
508,17,118,2
508,17,118,2
508,17,70,5
508,17,70,5
508,17,104,6
508,17,118,2
508,17,118,2
508,17,100,5
508,17,118,2
508,17,78,7
508,17,78,7
508,17,104,6
508,17,72,5
508,17,118,2
508,17,96,4
508,17,118,2
508,17,100,5
508,17,80,6
508,17,84,2
508,17,84,2
508,17,84,2
508,17,84,2
508,17,84,2
508,17,84,2
508,17,66,4
508,17,66,4
508,17,66,4
508,17,66,4
508,17,66,4
508,17,66,4
508,17,66,4
508,17,66,4
508,17,64,3
508,17,64,3
508,17,61,4
508,17,61,4
508,17,61,4
508,17,118,2
508,17,118,2
508,17,118,2
508,17,118,2
508,17,118,2
508,17,118,2
508,17,84,2
508,17,118,2
508,17,118,2
508,17,104,6
508,17,78,7
508,17,76,5
508,17,80,6
508,17,96,4
508,17,87,3
508,17,85,2
508,17,76,5
508,17,76,5
508,17,76,5
508,17,76,5
520,16,92,2
508,17,76,5
508,17,76,5
508,17,118,2
508,17,118,2
508,17,104,6
508,17,118,2
508,17,66,4
508,17,80,6
508,17,84,7
508,17,85,2
508,17,49,2
508,17,80,6
508,17,80,6
508,17,68,5
508,17,76,5
508,17,61,4
508,17,76,5
508,17,118,2
508,17,80,6
508,17,85,2
508,17,68,5
508,17,61,4
518,16,72,4
508,17,96,3
508,17,61,4
508,17,80,6
508,17,85,2
508,17,85,2
508,17,81,2
508,17,85,2
508,17,74,6
508,17,118,2
508,17,68,5
508,17,65,5
508,17,118,2
508,17,61,4
508,17,80,6
508,17,104,6
508,17,100,5
508,17,100,5
508,17,100,5
508,17,100,5
508,17,66,4
508,17,66,4
508,17,85,2
508,17,98,4
508,17,118,2
508,17,80,6
508,17,118,2
508,17,118,2
508,17,78,7
508,17,80,6
508,17,64,3
508,17,87,1
508,17,70,5
508,17,68,5
508,17,118,2
508,17,104,4
606,17,118,2
508,17,104,6
508,17,76,5
508,17,74,6
508,17,118,2
508,17,78,7
508,17,104,6
508,17,68,5
508,17,81,2
508,17,61,4
508,17,76,5
508,17,118,2
512,16,96,3
508,17,61,4
508,17,68,5
508,17,96,3
508,17,80,6
508,17,68,5
508,17,80,6
508,17,80,6
508,17,118,2
508,17,92,2
508,17,74,6
508,17,74,6
508,17,85,2
508,17,74,6
508,17,74,6
508,17,118,2
508,17,96,4
508,17,118,2
508,17,80,6
508,17,81,2
531,16,96,3
508,17,118,2
508,17,81,2
508,17,68,5
508,17,118,2
508,17,61,4
508,17,65,5
508,17,61,4
508,17,61,4
508,17,61,4
508,17,104,6
508,17,118,2
508,17,118,2
508,17,85,2
508,17,118,2
508,17,85,2
508,17,85,2
508,17,85,2
508,17,85,2
508,17,61,4
508,17,81,2
508,17,100,5
508,17,85,2
508,17,61,4
508,17,118,2
508,17,118,2
508,17,80,6
508,17,104,6
508,17,66,4
508,17,104,6
508,17,95,5
508,17,95,5
508,17,95,5
508,17,68,5
508,17,85,2
508,17,102,5
508,17,85,2
508,17,66,4
508,17,68,5
508,17,68,5
508,17,68,5
508,17,66,4
508,17,108,5
508,17,49,2
508,17,66,4
508,17,49,2
508,17,49,2
508,17,49,2
508,17,49,2
508,17,70,5
508,17,49,2
508,17,104,6
508,17,74,6
508,17,74,6
508,17,87,3
508,17,85,2
508,17,57,3
508,17,85,2
508,17,80,6
508,17,87,3
508,17,87,3
508,17,65,5
508,17,87,3
508,17,61,4
508,17,87,3
508,17,98,4
508,17,61,4
508,17,85,2
508,17,57,3
508,17,77,1
508,17,85,2
508,17,53,3
508,17,87,3
508,17,83,2
508,17,53,3
508,17,92,2
508,17,87,3
508,17,87,3
508,17,87,3
508,17,87,3
508,17,49,2
508,17,87,3
508,17,85,2
508,17,70,5
508,17,85,2
508,17,85,2
508,17,74,6
508,17,80,6
508,17,85,2
508,17,104,6
508,17,104,6
508,17,118,2
508,17,104,6
508,17,85,2
508,17,66,4
508,17,70,5
508,17,70,5
508,17,84,2
508,17,85,2
508,17,85,2
508,17,118,2
508,17,118,2
508,17,74,6
508,17,74,6
508,17,74,6
508,17,74,6
508,17,74,6
508,17,74,6
508,17,78,7
508,17,76,5
508,17,68,5
508,17,569,8
508,17,85,2
508,17,70,5
508,17,68,5
508,17,57,3
508,17,76,5
508,17,118,2
508,17,66,4
508,17,65,5
508,17,65,5
508,17,118,2
508,17,118,2
508,17,118,2
508,17,74,6
508,17,91,4
508,17,74,6
508,17,78,7
508,17,104,6
508,17,83,2
508,17,85,2
508,17,85,2
508,17,85,2
508,17,85,2
508,17,84,2
508,17,84,2
508,17,84,2
518,16,92,2
508,17,96,3
508,17,65,5
508,17,86,2
508,17,70,5
508,17,70,5
508,17,118,2
508,17,89,4
508,17,100,4
508,17,118,2
508,17,118,2
199,8,81,2
570,17,124,3
508,17,118,2
508,17,118,2
508,17,96,3
508,17,61,4
508,17,70,5
508,17,118,2
508,17,61,4
508,17,118,2
508,17,118,2
508,17,118,2
508,17,118,2
519,16,77,1
508,17,89,3
508,17,72,5
508,17,95,5
508,17,118,2
508,17,95,5
514,16,77,1
514,16,77,1
514,16,77,1
514,16,77,1
514,16,77,1
508,17,118,2
508,17,70,5
508,17,70,5
508,17,95,5
508,17,58,3
508,17,118,2
508,17,118,2
508,17,118,2
508,17,118,2
508,17,118,2
508,17,118,2
508,17,77,1
508,17,77,1
508,17,104,6
508,17,66,4
508,17,118,2
508,17,59,4
508,17,59,4
509,17,81,2
508,17,93,4
508,17,85,2
508,17,80,6
508,17,66,4
508,17,59,4
508,17,61,4
508,17,65,5
508,17,118,2
508,17,118,2
508,17,61,4
508,17,70,5
508,17,118,2
508,17,118,2
508,17,118,2
508,17,118,2
508,17,95,5
508,17,118,2
508,17,118,2
508,17,118,2
508,17,118,2
508,17,118,2
508,17,118,2
508,17,59,4
508,17,59,4
508,17,85,2
508,17,85,2
508,17,104,6
508,17,104,6
508,17,104,6
508,17,104,6
508,17,104,6
508,17,104,6
508,17,104,6
508,17,104,6
508,17,104,6
508,17,104,6
508,17,74,6
508,17,80,6
508,17,66,4
508,17,91,4
508,17,85,2
508,17,80,6
508,17,66,4
508,17,68,5
508,17,74,6
508,17,104,6
508,17,76,5
508,17,66,4
508,17,104,6
508,17,84,2
508,17,104,6
508,17,118,2
508,17,74,6
508,17,74,6
508,17,80,6
508,17,80,6
508,17,96,3
508,17,80,6
508,17,96,3
508,17,65,5
508,17,118,2
508,17,81,2
508,17,100,5
508,17,86,2
508,17,104,6
508,17,104,6
508,17,68,5
508,17,85,2
508,16,65,5
509,17,81,2
508,17,85,2
508,17,70,5
508,17,85,2
508,17,78,7
508,17,118,2
508,17,78,7
587,17,124,3
508,17,118,2
508,17,66,4
508,17,66,4
508,17,85,2
508,17,95,5
508,17,80,6
508,17,49,2
508,17,85,2
508,17,85,2
508,17,85,2
508,17,85,2
508,17,61,4
508,17,87,3
508,17,66,4
508,17,118,2
508,17,85,2
508,17,85,2
508,17,85,2
508,17,85,2
508,17,91,4
508,17,118,2
508,17,87,3
508,17,83,2
508,17,85,2
508,17,84,7
508,17,49,2
508,17,118,2
596,17,124,3
508,17,92,2
508,17,98,4
508,17,70,5
508,17,70,5
508,17,78,7
508,17,74,6
508,17,74,6
508,17,74,6
508,17,74,6
508,17,74,6
508,17,74,6
508,17,74,6
508,17,66,4
508,17,66,4
508,17,76,5
510,16,92,2
510,16,92,2
508,17,76,5
508,17,76,5
508,17,76,5
508,17,76,5
508,17,66,4
508,17,78,7
508,17,78,7
510,16,92,2
508,17,78,7
508,17,118,2
508,17,96,3
518,16,92,2
508,17,65,5
508,17,57,3
508,17,57,3
508,17,70,5
508,17,100,5
508,17,118,2
508,17,100,5
508,17,68,5
508,17,70,5
508,17,118,2
508,17,68,5
508,17,68,5
508,17,94,4
508,17,80,6
508,17,118,2
508,17,61,4
508,17,83,2
508,17,76,5
508,17,66,4
508,17,61,4
193,8,85,3
508,17,65,5
508,17,65,5
508,17,81,2
508,17,81,2
508,17,81,2
508,17,81,2
508,17,118,2
508,17,118,2
508,17,118,2
508,17,76,5
508,17,85,3
508,17,118,2
508,17,118,2
508,17,118,2
508,17,118,2
508,17,65,5
518,16,92,2
508,17,80,6
508,17,65,5
508,17,86,2
508,17,118,2
508,17,118,2
508,17,118,2
508,17,118,2
508,17,118,2
508,17,118,2
508,17,118,2
508,17,118,2
508,17,70,5
508,17,70,5
508,17,70,5
508,17,70,5
508,17,70,5
508,17,80,6
508,17,70,5
508,17,72,4
508,17,96,3
508,17,96,3
508,17,96,3
508,17,76,5
508,17,96,3
508,17,80,6
508,17,76,5
508,17,76,5
508,17,72,4
508,17,70,5
508,17,70,5
508,17,70,5
508,17,76,5
508,17,76,5
508,17,76,5
508,17,96,3
518,16,92,2
508,17,65,5
508,17,86,2
508,17,96,4
508,17,96,4
508,17,104,6
508,17,100,5
508,17,96,4
508,17,104,6
508,17,91,4
508,17,96,4
508,17,87,3
508,17,95,5
508,17,84,2
508,17,95,5
508,17,104,6
508,17,100,5
508,17,72,4
508,17,100,5
508,17,87,3
508,17,84,7
508,17,76,5
508,17,104,6
508,17,100,5
508,17,100,5
508,17,100,5
508,18,124,3
531,16,74,6
508,17,66,4
508,17,70,5
508,17,84,7
508,17,84,7
508,17,76,5
508,17,70,5
508,17,66,4
508,18,124,3
508,17,49,2
508,17,66,4
508,17,80,6
508,17,80,6
508,17,98,4
508,17,66,4
508,17,61,4
508,17,98,4
508,17,70,5
508,17,100,5
508,17,118,2
508,17,118,2
508,17,80,6
508,17,118,2
508,17,66,4
508,17,66,4
508,17,100,5
508,17,104,6
508,17,104,6
508,17,100,5
508,17,118,2
508,17,118,2
508,17,80,6
508,17,104,6
508,17,118,2
508,17,118,2
508,17,118,2
508,17,80,6
508,17,76,5
508,17,80,6
508,17,84,7
508,17,61,4
508,17,80,6
518,16,92,2
508,17,96,4
508,17,118,2
508,17,78,7
508,17,66,4
508,17,118,2
508,17,104,6
508,17,85,2
508,17,104,6
508,17,104,6
508,17,100,5
508,18,124,3
508,17,442,8
508,17,96,4
508,17,85,3
508,17,104,6
508,17,104,6
508,17,91,4
508,17,78,7
508,17,100,5
508,17,104,6
508,17,83,2
508,17,104,6
508,17,104,6
508,17,85,2
508,17,85,2
508,17,59,4
508,17,59,4
587,17,118,2
587,17,118,2
508,17,92,2
508,17,70,5
508,17,68,5
508,17,68,5
508,17,118,2
508,17,87,3
508,17,81,2
508,17,87,3
508,17,81,2
508,17,59,4
508,17,53,3
508,17,53,3
508,17,59,4
508,17,118,2
508,17,118,2
508,17,93,4
508,17,53,3
508,17,93,4
508,17,93,4
508,17,85,2
508,17,66,4
508,17,66,4
508,17,104,6
508,17,92,2
508,17,85,2
508,17,81,2
508,17,85,2
508,17,118,2
508,17,118,2
508,17,93,4
508,17,81,2
508,17,81,2
508,17,83,2
508,17,72,6
508,17,72,6
508,17,72,6
508,17,96,3
518,16,92,2
508,17,65,5
508,17,86,2
508,17,118,2
508,17,118,2
508,17,91,4
508,17,72,4
508,17,118,2
508,17,74,6
508,17,72,6
508,17,118,2
508,17,118,2
508,17,118,2
508,17,84,2
508,17,118,2
508,17,78,7
508,17,118,2
508,17,84,2
508,17,118,2
508,17,118,2
508,17,83,2
508,17,91,4
508,17,95,5
508,17,104,6
508,17,118,2
508,17,118,2
508,17,104,6
508,17,104,6
508,17,104,6
508,17,104,6
508,17,104,6
508,17,104,6
508,17,78,7
508,17,78,7
508,17,118,2
508,17,118,2
508,17,118,2
611,17,124,3
508,17,80,6
508,17,85,2
508,17,66,4
508,17,70,5
508,17,93,4
508,17,81,2
508,17,92,2
508,17,93,4
508,17,93,4
508,17,118,2
508,17,96,3
508,17,104,6
508,17,104,6
508,17,104,6
508,17,104,6
508,17,104,6
508,17,104,6
508,17,80,6
508,17,85,2
611,17,124,3
508,17,77,1
508,17,93,4
508,17,104,6
508,17,104,6
508,17,118,2
508,17,66,4
508,17,92,2
508,17,80,6
518,16,92,2
508,17,81,2
508,17,81,2
508,17,93,4
508,17,85,2
508,17,85,2
508,17,100,5
508,17,100,5
508,17,100,5
508,17,100,5
508,17,83,2
508,17,74,6
508,17,85,2
508,17,85,2
508,17,72,4
508,17,85,2
508,17,85,2
508,17,104,4
508,17,104,4
508,17,104,4
508,17,96,4
508,17,96,3
508,17,78,7
508,17,78,7
508,17,78,7
508,17,78,7
508,17,78,7
508,17,78,7
508,17,96,3
508,17,85,2
508,17,92,2
508,17,95,5
508,17,85,2
508,17,80,6
508,17,92,2
508,17,92,2
508,17,80,6
508,17,84,7
508,17,80,6
508,17,85,3
508,17,85,2
508,17,118,2
508,17,92,2
508,17,85,2
508,17,85,2
508,17,85,2
508,17,57,3
508,17,57,3
508,17,80,6
508,17,57,3
508,17,85,2
508,17,70,5
508,17,85,3
508,17,96,3
508,17,57,3
508,17,104,4
508,17,96,3
518,16,92,2
508,17,70,5
508,17,65,5
508,17,74,6
508,17,74,6
508,17,74,6
508,17,100,5
508,17,74,6
508,17,74,6
508,17,74,6
508,17,74,6
508,17,118,2
508,17,118,2
508,17,118,2
508,17,118,2
508,17,118,2
508,17,118,2
508,17,66,4
508,17,85,2
508,17,92,2
508,17,80,6
508,17,89,3
508,17,80,6
508,17,91,4
508,17,91,4
508,17,118,2
508,17,76,5
508,17,118,2
508,17,118,2
508,17,96,3
520,16,92,2
520,16,92,2
508,17,85,2
508,17,118,2
508,17,92,2
508,17,72,4
526,16,72,4
508,17,92,2
508,17,118,2
508,17,83,2
508,17,80,6
508,17,70,5
508,17,70,5
508,17,104,6
508,17,104,6
508,17,104,6
508,17,104,6
508,17,104,6
508,17,104,6
508,17,104,6
508,17,104,6
508,17,83,2
508,17,83,2
508,17,104,6
508,17,76,5
508,17,70,5
508,17,70,5
508,17,68,5
508,17,70,5
508,17,118,2
508,17,118,2
508,17,118,2
508,17,118,2
508,17,118,2
508,17,118,2
508,17,118,2
508,17,118,2
508,17,118,2
508,17,118,2
508,17,118,2
508,17,118,2
508,17,83,2
508,17,95,5
508,17,118,2
508,17,118,2
508,17,89,3
508,17,118,2
508,17,118,2
508,17,89,3
508,17,118,2
508,17,70,5
508,17,70,5
508,17,74,6
508,17,89,3
508,17,89,3
508,17,89,3
508,17,77,1
508,17,77,1
508,17,89,3
508,17,74,6
508,17,89,3
508,17,89,3
508,17,89,3
508,17,89,3
508,17,89,3
508,17,89,3
508,17,89,3
508,17,118,2
508,17,80,6
508,17,92,2
508,17,118,2
508,17,118,2
508,17,77,1
508,17,89,3
508,17,92,2
520,16,92,2
520,16,92,2
508,17,85,2
508,17,100,5
508,18,124,3
508,17,91,4
508,17,87,3
508,17,66,4
508,17,118,2
508,17,87,3
508,17,98,4
508,17,118,2
508,17,118,2
508,17,118,2
508,17,84,2
508,17,100,5
508,17,78,7
508,17,78,7
508,17,78,7
508,17,78,7
508,17,78,7
508,17,78,7
508,17,104,6
508,17,80,6
508,17,80,6
508,17,80,6
508,17,80,6
508,17,80,6
508,17,80,6
508,17,100,5
508,17,80,6
508,17,66,4
508,17,118,2
508,17,118,2
508,17,53,3
508,17,84,2
508,17,118,2
508,17,80,6
508,17,66,4
524,16,92,2
508,17,92,2
508,17,80,6
508,17,86,2
508,17,85,2
524,16,92,2
524,16,92,2
508,17,80,6
518,16,92,2
508,17,96,3
508,17,65,5
508,17,86,2
508,17,66,4
508,17,80,6
508,17,92,2
508,17,85,2
508,17,92,2
508,17,85,2
508,17,61,4
508,17,65,5
508,17,65,5
508,17,65,5
508,17,118,2
508,17,118,2
508,17,72,5
508,17,72,5
508,17,72,5
508,17,72,5
508,16,96,3
508,16,96,3
508,17,96,3
508,17,96,3
508,17,64,3
508,17,118,2
508,17,66,4
518,16,92,2
508,17,84,2
508,17,65,5
517,16,76,5
508,17,81,2
508,17,89,3
587,17,118,2
508,17,81,2
508,17,61,4
508,17,61,4
517,16,76,5
508,17,66,4
508,17,61,4
508,17,118,2
508,17,118,2
508,17,66,4
512,16,80,6
606,17,118,2
606,17,118,2
508,17,77,1
508,17,118,2
508,17,85,2
508,17,85,2
614,17,124,3
508,17,93,4
508,17,93,4
508,17,93,4
508,17,85,2
508,17,66,4
508,17,66,4
611,17,124,3
508,17,85,2
508,17,85,2
641,17,124,3
641,17,124,3
508,17,118,2
508,17,93,4
508,17,81,2
508,17,96,3
508,17,92,2
508,17,96,3
587,17,124,3
508,17,53,3
515,16,74,6
508,17,80,6
508,17,66,4
508,17,70,5
508,17,93,4
508,17,96,3
508,17,49,2
508,17,98,4
508,17,53,3
508,17,85,2
508,17,87,3
508,17,65,5
508,17,85,2
508,17,81,2
508,17,49,2
508,17,87,3
508,17,49,2
508,17,81,2
508,17,81,2
641,17,124,3
508,17,49,2
508,17,49,2
508,17,49,2
508,17,49,2
509,16,80,6
508,17,80,6
508,17,76,5
194,8,81,2
508,17,118,2
508,17,118,2
508,17,118,2
508,17,118,2
508,17,118,2
508,17,118,2
508,17,72,4
508,17,74,6
508,17,74,6
508,17,74,6
508,17,118,2
508,17,118,2
508,17,118,2
508,17,95,5
508,17,118,2
508,17,118,2
508,17,118,2
508,17,118,2
508,17,118,2
508,17,118,2
508,17,118,2
508,16,86,2
508,17,118,2
508,17,118,2
508,17,118,2
508,17,91,4
508,17,118,2
508,17,118,2
508,17,118,2
508,16,86,2
508,17,78,7
508,17,78,7
508,17,78,7
508,17,118,2
508,17,118,2
508,17,118,2
508,17,118,2
508,17,118,2
508,17,118,2
508,17,118,2
508,16,86,2
508,17,85,2
508,17,85,2
508,17,85,2
508,17,85,2
508,17,85,2
508,17,85,2
508,17,85,2
508,17,85,2
508,17,83,2
508,17,83,2
508,17,74,6
508,17,118,2
508,17,118,2
508,17,76,5
508,17,104,6
508,17,104,6
508,17,85,2
508,17,104,6
508,17,104,6
508,17,104,6
508,17,92,2
508,17,118,2
508,17,85,2
508,17,118,2
508,17,84,2
508,17,118,2
508,17,118,2
508,17,118,2
508,17,98,5
508,17,84,2
508,17,78,7
508,17,118,2
508,17,84,2
508,17,104,6
508,17,70,5
508,17,74,6
508,17,66,4
508,17,66,4
508,17,76,5
508,17,100,5
508,17,76,5
508,17,104,6
508,17,85,2
508,17,74,6
508,17,70,5
508,17,70,5
508,17,85,2
512,16,76,5
508,17,118,2
508,17,118,2
508,17,95,5
508,17,70,5
508,17,118,2
508,17,66,4
508,17,66,4
508,17,118,2
508,17,81,2
508,17,81,2
508,17,95,5
508,17,87,3
508,17,100,5
508,17,100,5
508,17,95,5
508,17,87,3
508,17,91,4
508,17,104,6
508,17,104,6
508,17,104,6
508,17,104,6
508,17,104,6
508,17,80,6
508,17,118,2
508,17,85,2
508,17,85,2
508,17,118,2
508,17,87,3
508,17,87,3
508,17,87,3
508,17,78,7
508,17,68,5
508,17,68,5
508,17,68,5
508,17,68,5
508,17,68,5
508,17,68,5
508,17,95,5
508,17,78,7
508,17,100,5
508,17,76,5
508,17,80,6
508,17,78,7
508,17,118,2
508,17,118,2
508,17,65,5
508,17,65,5
508,17,65,5
508,17,65,5
508,17,65,5
508,17,65,5
508,17,65,5
508,17,65,5
508,17,102,5
508,17,102,5
508,17,118,2
508,17,118,2
508,17,80,6
508,17,85,2
508,17,102,5
508,17,102,5
508,17,102,5
508,17,68,5
508,17,102,5
508,17,118,2
508,17,118,2
508,17,91,4
508,17,85,2
508,17,74,6
508,17,118,2
508,17,94,4
508,17,100,5
508,17,87,3
508,17,68,5
508,17,118,2
508,17,96,4
508,17,74,6
508,17,85,2
508,17,85,2
508,17,85,2
508,17,68,5
508,17,74,6
508,17,66,4
508,17,61,4
508,17,85,2
508,17,98,4
508,17,104,6
508,17,74,6
508,17,49,2
508,17,118,2
508,17,85,2
508,17,66,4
508,17,66,4
508,17,118,2
508,17,64,3
508,17,80,6
563,17,124,3
508,17,78,7
508,17,78,7
508,17,118,2
508,17,118,2
508,17,78,7
508,17,80,6
508,17,118,2
508,17,106,6
508,17,106,6
508,17,106,6
508,17,106,6
508,17,106,6
508,17,106,6
508,17,68,5
508,17,80,6
508,17,106,6
508,17,118,2
508,17,118,2
508,17,118,2
508,17,68,5
508,17,84,7
508,17,84,7
508,17,84,7
508,17,84,7
508,17,84,7
508,17,84,7
508,17,118,2
508,17,118,2
508,17,85,2
508,17,66,4
508,17,84,7
508,17,68,5
508,17,87,1
508,17,57,3
508,17,66,4
508,17,57,3
508,17,118,2
508,17,118,2
508,17,118,2
508,17,118,2
508,17,118,2
508,17,118,2
508,17,118,2
508,17,118,2
508,17,118,2
508,17,118,2
508,17,118,2
508,17,118,2
508,17,83,2
508,17,83,2
508,17,118,2
508,17,118,2
508,17,74,6
508,17,74,6
508,17,118,2
508,17,118,2
508,17,80,6
508,17,81,2
508,17,118,2
508,17,84,2
508,17,84,2
508,17,84,2
508,17,84,2
508,17,84,2
508,17,84,2
508,17,84,2
508,17,84,2
508,17,74,6
508,17,74,6
508,17,74,6
508,17,74,6
509,16,80,6
508,17,66,4
508,17,66,4
508,17,84,2
508,17,80,6
508,17,80,6
508,17,118,2
508,17,49,2
508,17,96,3
508,17,66,4
508,17,66,4
508,17,118,2
508,17,49,2
520,16,92,2
508,17,66,4
509,16,80,6
606,17,118,2
508,17,74,6
508,17,74,6
508,17,72,4
508,17,70,5
508,17,70,5
508,17,84,2
508,17,84,2
508,17,74,6
508,17,74,6
508,17,74,6
508,17,74,6
508,17,74,6
508,17,74,6
508,17,80,6
508,17,80,6
508,17,70,5
508,17,70,5
508,17,65,5
508,17,65,5
508,17,78,7
508,17,81,2
508,17,81,2
508,17,53,3
508,17,87,3
508,17,95,5
508,17,80,6
508,17,68,5
508,17,85,2
508,17,87,3
509,17,81,2
508,17,98,4
508,17,87,3
508,17,81,2
508,17,53,3
508,17,66,4
508,17,66,4
508,17,118,2
508,17,118,2
508,17,118,2
508,17,118,2
508,17,118,2
508,17,80,6
508,17,104,6
508,17,104,6
508,17,74,6
508,17,118,2
508,17,66,4
508,17,57,3
508,17,85,2
508,17,80,6
508,17,118,2
508,17,118,2
508,17,100,5
508,17,118,2
508,17,95,5
508,17,85,2
508,17,72,4
508,17,118,2
508,17,85,2
508,17,80,6
508,17,49,2
508,17,112,6
508,17,85,2
508,17,49,2
508,17,49,2
508,17,49,2
508,17,49,2
508,17,68,5
508,17,66,4
508,17,49,2
509,16,80,6
508,17,49,2
508,17,80,6
508,17,72,4
508,17,72,4
508,17,72,4
508,17,118,2
508,17,118,2
508,17,76,5
508,17,118,2
508,17,118,2
508,18,124,3
508,17,96,3
508,17,80,6
508,17,96,3
508,17,118,2
508,17,76,5
508,17,76,5
508,17,76,5
508,17,76,5
508,17,76,5
508,17,76,5
508,17,76,5
508,17,76,5
508,17,118,2
508,17,100,4
508,17,118,2
508,17,118,2
508,17,118,2
508,17,118,2
508,17,61,4
508,17,61,4
508,17,61,4
508,17,118,2
508,17,77,1
508,17,77,1
508,17,77,1
508,17,77,1
508,17,77,1
508,17,104,6
577,17,124,3
508,17,118,2
508,17,118,2
508,17,118,2
508,17,118,2
508,17,118,2
508,17,118,2
508,17,118,2
508,17,118,2
508,17,57,3
508,17,57,3
508,17,57,3
508,17,57,3
508,17,57,3
508,17,57,3
508,17,57,3
508,17,57,3
508,17,57,3
508,17,57,3
508,17,57,3
508,17,57,3
508,17,100,5
508,17,118,2
508,17,104,6
508,17,70,5
508,17,85,2
508,17,96,3
508,17,104,6
508,17,84,2
524,16,96,3
508,17,118,2
508,17,85,2
508,17,118,2
508,17,118,2
508,17,84,2
508,17,78,7
508,17,78,7
508,17,78,7
508,17,78,7
508,17,70,5
509,16,80,6
508,17,118,2
508,17,68,5
508,17,80,6
508,16,61,4
508,17,84,2
508,17,86,2
508,17,70,5
508,17,80,6
508,17,85,2
508,17,87,3
508,17,83,2
508,17,70,5
508,17,92,2
508,17,85,2
508,17,87,3
508,17,92,2
508,17,92,2
508,17,92,2
508,17,85,2
508,17,78,7
508,17,85,2
508,17,87,3
508,17,96,4
508,17,66,4
508,17,66,4
508,17,92,2
508,17,77,1
508,17,96,4
508,17,96,4
508,17,100,5
508,17,70,5
508,17,118,2
508,17,104,6
508,17,100,5
508,17,118,2
508,17,118,2
508,17,118,2
508,17,118,2
508,17,118,2
508,17,118,2
508,17,118,2
508,17,118,2
508,17,118,2
508,17,78,7
508,17,70,5
508,17,70,5
508,17,70,5
508,17,100,5
508,17,100,5
508,17,96,4
508,17,83,2
508,17,74,6
508,17,66,4
508,17,66,4
508,17,91,4
508,17,83,2
508,17,61,4
508,17,118,2
508,17,74,6
508,17,80,6
508,17,118,2
508,17,87,3
508,17,76,5
508,17,57,3
508,17,61,4
508,17,61,4
508,17,118,2
508,17,118,2
508,17,95,5
508,17,92,2
508,17,92,2
508,17,92,2
508,17,92,2
508,17,118,2
508,17,118,2
508,17,118,2
508,17,118,2
508,17,118,2
508,17,118,2
508,17,118,2
508,17,66,4
508,17,118,2
508,17,72,4
508,17,118,2
508,17,49,2
508,17,95,5
508,17,104,6
508,17,92,2
508,17,96,3
508,17,70,2
508,17,92,2
508,17,85,2
508,17,92,2
508,17,84,7
508,17,76,5
508,17,83,2
508,17,87,3
508,17,96,3
508,17,118,2
508,17,569,8
508,17,118,2
508,17,81,2
508,17,89,3
587,17,124,3
508,17,85,2
508,17,70,5
508,17,81,2
508,17,80,6
517,16,76,5
508,17,66,4
508,17,118,2
508,17,66,4
508,17,118,2
622,17,118,2
622,17,118,2
587,17,124,3
587,17,124,3
508,17,81,2
508,17,85,2
508,17,85,2
508,17,68,5
508,17,78,7
508,17,78,7
508,17,118,2
508,17,118,2
508,17,118,2
508,17,118,2
508,17,118,2
508,17,118,2
508,17,118,2
508,17,118,2
508,17,118,2
508,17,78,7
508,17,104,6
508,17,100,5
508,17,100,5
508,17,118,2
508,17,95,5
587,17,124,3
508,17,96,3
508,17,96,4
508,17,66,4
508,17,84,2
508,17,84,2
508,17,84,2
508,17,84,2
508,17,57,3
508,17,57,3
508,17,57,3
508,17,57,3
508,17,68,5
508,17,80,6
508,17,80,6
508,17,85,2
508,17,81,2
508,17,53,3
508,17,85,2
508,17,68,5
508,17,85,2
508,17,118,2
508,17,118,2
508,17,85,2
520,16,92,2
520,16,92,2
520,16,92,2
520,16,92,2
508,17,118,2
508,17,80,6
508,17,84,7
508,17,84,7
508,17,104,6
508,17,85,2
508,17,85,2
518,16,92,2
508,17,66,4
508,17,92,2
508,17,92,2
525,16,96,3
508,17,96,3
508,17,61,4
508,17,53,3
508,17,80,6
509,17,81,2
508,17,96,3
508,17,53,3
508,17,68,5
508,17,84,7
508,17,61,4
508,17,96,3
508,17,49,2
508,17,49,2
508,17,53,3
508,17,87,3
508,17,85,2
508,17,65,5
508,17,85,2
508,17,57,3
508,17,83,2
508,17,85,2
508,17,85,2
508,17,49,2
508,17,49,2
508,17,61,4
508,17,86,2
508,17,85,2
508,17,85,2
508,17,70,5
508,17,70,5
508,17,85,2
508,17,57,3
509,16,80,6
508,17,85,2
508,17,68,5
508,17,96,3
508,17,53,3
508,17,87,3
508,17,87,3
508,17,87,3
508,17,80,6
508,17,87,3
508,17,49,2
508,17,87,3
508,17,87,3
508,17,87,3
508,17,87,3
508,17,87,3
508,17,74,6
508,17,92,2
508,17,87,3
508,17,85,2
508,17,68,5
508,17,81,2
508,17,85,2
508,17,85,2
508,17,85,2
508,17,70,5
508,17,53,3
508,17,87,3
508,17,87,3
508,17,118,2
508,17,85,2
508,17,87,3
508,17,83,2
508,17,100,5
508,17,81,2
508,17,96,3
509,17,81,2
508,17,49,2
508,17,92,2
508,17,92,2
508,17,78,7
508,17,85,2
508,17,66,4
508,17,89,3
508,17,118,2
508,17,53,3
587,17,124,3
587,17,124,3
587,17,124,3
508,17,118,2
508,17,118,2
508,17,98,4
508,17,49,2
508,17,96,3
508,17,78,7
508,17,85,2
587,17,124,3
508,17,78,7
517,16,76,5
517,16,76,5
587,17,124,3
508,17,85,2
508,17,78,7
508,17,85,2
508,17,96,3
508,17,61,4
508,17,85,2
508,17,87,3
508,17,85,2
508,17,81,2
508,17,61,4
508,17,61,4
508,17,83,2
508,17,83,2
508,17,72,4
508,17,78,7
508,17,78,7
508,17,78,7
508,17,78,7
508,17,76,5
508,17,104,6
508,17,64,3
508,17,70,5
508,17,66,4
508,17,118,2
508,17,80,6
508,17,80,6
508,17,118,2
508,17,80,6
508,17,118,2
508,17,74,6
508,17,74,6
508,17,118,2
508,17,118,2
508,17,118,2
508,17,76,5
508,17,76,5
508,17,118,2
508,17,118,2
508,17,104,6
508,17,74,6
508,17,118,2
508,17,80,6
508,17,76,5
508,17,118,2
508,17,80,6
508,17,78,7
508,17,85,2
508,17,118,2
508,17,66,4
508,17,61,4
508,17,61,4
508,17,78,7
508,17,70,5
508,17,118,2
510,17,61,4
508,17,61,4
508,17,68,5
508,17,118,2
508,17,118,2
544,17,124,3
508,17,118,2
518,16,92,2
508,17,118,2
508,17,118,2
508,17,80,6
508,17,80,6
508,17,80,6
508,17,70,5
508,17,96,3
508,17,96,3
508,17,92,2
508,17,92,2
518,16,92,2
508,17,104,6
508,17,92,2
508,17,92,2
508,17,118,2
508,17,118,2
508,17,96,3
508,17,61,4
508,17,65,5
508,17,94,4
508,17,68,5
508,17,85,2
508,17,96,3
508,17,66,4
508,17,85,2
508,17,76,7
508,17,61,4
508,17,61,4
508,17,87,3
508,17,61,4
508,17,61,4
508,17,61,4
508,17,118,2
508,17,76,5
508,17,118,2
508,17,85,2
508,17,58,3
508,17,80,6
508,17,118,2
508,17,85,2
508,17,66,4
508,17,64,3
512,16,80,6
508,17,85,2
520,16,92,2
508,17,61,4
508,17,85,2
508,17,84,7
508,17,66,4
508,17,70,5
508,17,70,5
508,17,66,4
508,17,98,3
508,17,98,3
508,17,98,3
508,17,104,6
508,17,104,6
508,17,100,5
508,17,104,6
508,17,61,4
508,17,61,4
508,17,74,6
508,17,118,2
508,17,74,6
508,17,118,2
508,17,118,2
#close	2025-02-23-09-14-49
