#separator \x09
#set_separator	,
#empty_field	(empty)
#unset_field	-
#path	dump_00005_20200114153502
#open	2025-02-23-09-13-37
#fields	tls_packet_lengths_record
#types	vector[count]
508,17,118,2
508,17,118,2
508,17,118,2
508,17,118,2
508,17,94,4
508,17,94,4
508,17,94,4
508,17,86,2
508,17,80,6
555,16,86,2
508,17,74,6
508,17,95,5
508,17,95,5
508,17,118,2
508,17,118,2
508,17,84,2
508,17,118,2
508,17,118,2
508,17,118,2
508,17,118,2
508,17,118,2
508,17,118,2
508,17,118,2
508,17,118,2
508,17,118,2
508,17,118,2
508,17,118,2
508,17,118,2
508,17,118,2
508,17,78,7
508,17,78,7
603,17,124,3
603,17,124,3
508,17,118,2
508,16,81,2
508,17,118,2
508,17,118,2
508,17,118,2
508,17,118,2
508,17,118,2
508,17,118,2
540,17,124,3
540,17,124,3
508,17,85,3
508,17,85,3
508,17,76,5
508,17,76,5
508,17,118,2
508,17,118,2
508,18,118,2
508,18,124,3
508,17,80,6
508,17,80,6
509,17,96,3
509,17,96,3
509,17,96,3
509,17,96,3
508,17,61,4
508,17,61,4
508,17,61,4
508,17,85,2
609,17,124,3
508,17,74,6
508,17,74,6
508,17,74,6
508,17,74,6
508,17,74,6
508,17,74,6
508,17,74,6
508,17,74,6
508,17,74,6
508,17,104,6
508,17,104,6
508,17,104,6
508,17,85,2
508,17,104,6
508,17,100,5
508,17,104,6
508,17,78,7
508,17,74,6
508,17,74,6
508,17,85,2
508,17,85,2
508,17,118,2
508,17,118,2
508,17,74,6
508,17,74,6
508,17,74,6
508,17,74,6
508,17,74,6
508,17,74,6
508,17,74,6
508,17,74,6
508,17,118,2
508,17,118,2
508,17,102,5
508,17,118,2
508,17,118,2
508,18,124,3
508,18,118,2
508,17,118,2
508,17,118,2
508,17,118,2
508,17,87,3
508,17,87,3
508,17,87,3
508,17,87,3
508,17,87,3
508,17,87,3
508,17,87,3
508,17,87,3
508,17,104,6
572,17,124,3
508,17,106,6
508,17,106,6
508,17,106,6
508,17,106,6
508,17,106,6
508,17,106,6
508,17,106,6
508,17,106,6
508,17,80,6
508,17,80,6
508,17,80,6
508,17,84,2
508,17,84,2
508,17,80,6
508,17,84,2
508,17,74,6
508,17,74,6
508,17,74,6
508,17,78,7
508,17,78,7
508,17,78,7
508,17,78,7
508,17,118,2
508,17,78,7
566,17,124,3
508,17,118,2
508,17,118,2
508,17,76,5
508,17,65,5
508,17,65,5
508,17,65,5
508,17,65,5
508,17,65,5
508,17,65,5
567,17,124,3
508,17,65,5
508,18,118,2
508,17,65,5
508,17,65,5
508,17,65,5
508,17,65,5
508,17,65,5
597,17,118,2
508,17,118,2
508,17,118,2
508,17,118,2
508,17,118,2
508,17,118,2
508,17,118,2
508,17,118,2
508,17,84,7
508,17,84,7
508,17,66,4
508,17,80,6
508,17,80,6
508,17,80,6
553,16,92,2
553,16,92,2
553,16,92,2
508,17,80,6
508,17,80,6
508,17,80,6
508,18,124,3
508,17,118,2
508,17,118,2
508,18,124,3
508,17,118,2
508,17,118,2
508,17,118,2
508,17,118,2
508,17,118,2
508,17,118,2
508,17,118,2
508,17,118,2
508,17,118,2
508,17,118,2
508,17,66,4
508,17,118,2
508,17,78,7
508,17,85,2
508,17,66,4
564,17,124,3
508,17,118,2
508,17,95,5
508,17,78,7
508,17,70,5
508,17,70,5
508,17,118,2
508,17,118,2
508,17,118,2
508,17,118,2
508,17,74,6
508,17,118,2
508,17,74,6
508,17,76,5
508,17,70,5
508,17,70,5
508,17,118,2
508,17,118,2
508,17,118,2
508,17,118,2
560,16,94,4
508,17,102,5
508,17,102,5
589,17,124,3
508,17,80,6
508,17,78,7
508,17,78,7
508,18,124,3
508,17,70,5
508,17,70,5
508,17,70,5
568,17,124,3
508,17,74,6
508,17,74,6
508,17,74,6
508,17,74,6
508,17,70,5
508,17,70,5
508,17,118,2
508,17,80,6
508,17,80,6
508,17,80,6
508,17,80,6
508,17,80,6
508,17,80,6
508,17,118,2
508,17,78,7
508,17,78,7
508,17,78,7
508,17,78,7
508,17,70,5
508,17,70,5
520,16,92,2
508,17,70,5
508,17,70,5
508,17,70,5
508,17,70,5
508,17,70,5
508,17,70,5
508,17,70,5
508,17,70,5
508,17,70,5
508,17,76,5
508,17,76,5
508,17,76,5
508,17,76,5
603,17,124,3
508,17,118,2
508,17,76,5
508,17,118,2
508,17,98,3
508,17,98,3
508,17,118,2
508,17,78,7
508,17,78,7
508,17,78,7
575,17,124,3
508,17,118,2
590,17,84,2
508,17,84,7
508,17,84,7
591,17,124,3
508,17,77,1
508,17,77,1
508,17,74,6
508,17,74,6
508,17,74,6
508,17,76,5
508,17,92,2
508,17,92,2
508,17,92,2
508,17,92,2
508,17,92,2
570,17,124,3
508,17,100,5
508,17,100,5
508,17,78,7
508,17,104,6
508,17,84,7
508,17,80,6
508,17,80,6
508,17,92,2
508,17,92,2
508,17,92,2
509,17,96,3
509,17,96,3
508,17,76,5
508,17,78,7
508,17,76,5
508,17,66,4
508,17,104,6
508,17,100,5
508,17,91,4
508,17,85,2
508,17,85,2
508,17,100,5
508,17,85,2
508,17,76,5
508,17,76,5
508,17,76,5
508,17,96,3
508,17,96,3
508,17,96,3
508,17,61,4
508,17,61,4
508,17,61,4
508,17,61,4
508,17,80,6
508,17,80,6
515,16,96,3
515,16,96,3
515,16,96,3
515,16,96,3
508,17,442,8
508,18,118,2
508,17,61,4
508,17,61,4
508,17,61,4
508,17,61,4
508,17,61,4
508,17,61,4
508,17,57,3
508,17,57,3
508,17,104,6
508,17,80,6
508,17,80,6
508,17,80,6
508,17,80,6
508,17,61,4
508,17,61,4
508,17,96,4
508,17,96,3
508,17,61,4
508,17,61,4
508,17,80,6
508,17,80,6
508,17,96,3
508,17,61,4
508,17,61,4
508,17,61,4
508,17,61,4
508,17,80,6
524,16,77,1
508,17,76,5
508,17,97,3
508,17,97,3
508,17,74,6
508,17,78,7
508,17,78,7
592,17,84,2
508,17,80,6
522,16,66,4
508,17,78,7
508,17,78,7
508,17,78,7
508,17,78,7
577,17,124,3
508,17,78,7
508,17,80,6
508,17,78,7
508,17,78,7
508,17,78,7
508,17,95,5
508,17,68,5
508,17,96,4
508,17,98,3
508,17,98,3
508,17,85,2
508,17,68,5
508,17,118,2
508,17,118,2
508,17,85,2
530,16,96,4
508,17,66,4
508,17,66,4
508,17,74,6
575,17,124,3
508,17,85,2
508,17,74,6
508,17,74,6
508,17,74,6
508,17,74,6
508,17,74,6
508,17,74,6
508,17,74,6
508,17,77,1
609,17,124,3
508,17,118,2
508,17,74,6
508,17,68,5
508,17,96,4
508,17,84,2
508,17,118,2
575,17,124,3
609,17,124,3
508,17,85,2
508,17,86,2
508,17,86,2
508,17,83,2
508,17,83,2
508,17,83,2
508,17,118,2
508,17,83,2
508,17,83,2
508,17,83,2
508,17,83,2
508,17,96,4
508,17,83,2
508,17,104,6
508,17,83,2
508,17,83,2
508,17,83,2
508,17,83,2
508,17,83,2
508,17,83,2
508,17,83,2
508,17,118,2
508,17,118,2
508,17,118,2
508,17,118,2
508,17,104,6
508,17,100,5
508,17,118,2
508,17,118,2
508,17,118,2
508,17,118,2
508,17,100,5
508,17,104,6
508,17,118,2
508,17,118,2
508,17,118,2
508,17,66,4
508,17,85,2
508,17,80,6
508,17,78,1
508,17,104,6
508,17,80,6
508,17,118,2
508,17,118,2
508,17,118,2
543,17,78,7
508,17,74,6
508,17,70,5
508,17,70,5
508,17,70,5
508,17,70,5
508,17,74,6
508,17,83,2
508,17,74,6
508,17,74,6
508,17,118,2
508,17,80,6
508,17,80,6
508,17,118,2
508,17,118,2
508,17,74,6
508,17,118,2
508,17,81,2
508,17,81,2
508,17,81,2
508,17,70,5
609,17,124,3
590,17,124,3
508,17,74,6
508,17,85,2
508,17,118,2
508,17,118,2
508,17,118,2
508,17,66,4
508,17,66,4
550,17,124,3
508,17,66,4
508,17,104,6
508,17,104,6
508,17,104,6
508,17,104,6
508,17,104,6
508,17,104,6
508,17,104,6
508,17,104,6
508,17,118,2
508,17,74,6
508,17,104,6
550,17,124,3
508,17,118,2
508,17,118,2
508,17,66,4
547,17,124,3
508,17,87,3
508,17,66,4
508,17,74,6
508,17,74,6
508,17,74,6
508,17,118,2
508,17,118,2
508,17,74,6
508,17,118,2
508,17,118,2
508,17,118,2
508,17,61,4
508,17,61,4
508,17,61,4
508,17,74,6
508,17,74,6
508,17,74,6
508,17,74,6
508,17,74,6
508,17,74,6
508,17,118,2
508,17,118,2
508,17,118,2
508,17,87,1
508,17,87,1
508,17,78,7
508,17,78,7
508,17,78,7
508,17,78,7
508,17,78,7
508,17,78,7
508,17,78,7
508,17,78,7
508,17,78,7
508,17,78,7
508,17,90,3
508,17,72,4
508,17,72,4
508,17,118,2
508,17,118,2
508,17,118,2
508,17,92,2
508,17,87,3
508,17,118,2
508,18,118,2
509,16,90,3
509,16,90,3
597,17,118,2
597,17,118,2
508,17,72,4
508,17,76,5
508,17,76,5
508,17,118,2
508,17,76,5
508,17,76,5
508,17,76,5
508,17,72,6
508,17,72,6
508,17,118,2
550,17,124,3
508,17,449,8
508,18,124,3
508,17,100,5
508,17,100,5
508,18,124,3
508,17,72,6
508,17,87,3
508,17,87,3
508,17,118,2
508,17,118,2
610,17,118,2
508,17,104,6
508,17,104,6
508,17,118,2
508,17,80,6
508,17,72,4
508,17,102,5
508,17,102,5
508,17,118,2
508,17,118,2
522,16,66,4
508,17,65,5
508,17,65,5
508,17,74,6
508,17,84,2
508,17,72,4
508,17,72,4
508,17,72,4
508,17,72,4
508,17,72,4
508,17,72,4
508,17,104,6
508,17,72,4
508,17,72,4
595,17,84,2
508,17,84,2
521,16,96,3
521,16,96,3
521,16,96,3
508,17,61,4
508,17,74,6
508,17,118,2
508,17,118,2
508,17,74,6
508,17,80,6
508,17,74,6
508,17,74,6
508,17,74,6
508,17,74,6
508,17,74,6
508,17,74,6
572,17,124,3
508,17,74,6
508,17,118,2
577,17,124,3
508,17,74,6
508,17,74,6
508,17,80,6
508,17,80,6
508,17,66,4
508,17,104,6
508,17,100,5
508,17,100,5
508,17,100,5
508,17,118,2
508,17,118,2
508,17,84,2
508,17,96,4
508,17,100,5
508,17,100,5
508,17,98,3
508,17,80,6
508,17,74,6
508,17,70,5
508,17,74,6
508,17,98,3
508,17,86,2
508,17,70,5
508,17,87,3
508,17,78,7
508,17,70,5
508,17,100,5
508,17,70,5
508,17,98,5
508,17,83,2
508,17,84,2
508,17,84,2
508,17,90,3
609,17,118,2
508,17,104,6
508,17,100,5
508,17,100,5
508,17,100,5
508,17,100,5
508,17,104,6
508,17,118,2
508,17,100,5
508,17,74,6
508,17,85,2
508,17,118,2
508,17,100,5
508,17,104,6
508,17,78,7
508,17,90,3
508,17,100,5
508,17,74,6
508,17,74,6
508,17,74,6
508,17,118,2
508,17,118,2
508,17,118,2
508,17,118,2
508,17,118,2
508,17,118,2
508,17,118,2
508,17,118,2
508,17,118,2
508,17,118,2
508,17,100,5
508,17,118,2
508,17,118,2
624,17,124,3
508,17,100,5
508,17,96,4
508,17,100,5
508,17,118,2
508,17,74,6
508,17,74,6
508,17,74,6
508,17,74,6
508,17,74,6
508,17,96,4
508,17,72,5
508,17,74,6
508,17,74,6
508,17,74,6
508,17,74,6
508,17,74,6
508,17,74,6
508,17,74,6
508,17,74,6
576,17,124,3
508,17,66,4
532,16,96,4
508,17,66,4
508,17,118,2
508,17,74,6
508,17,59,4
508,18,118,2
508,17,72,5
508,17,118,2
508,17,95,5
572,17,124,3
508,17,61,4
508,17,87,3
508,17,61,4
508,17,61,4
508,17,100,5
508,17,100,5
508,17,118,2
508,17,61,4
508,17,77,1
508,17,61,4
508,17,118,2
508,17,118,2
508,17,118,2
508,17,112,6
510,17,74,6
527,16,80,6
527,16,80,6
527,16,80,6
527,16,80,6
527,16,80,6
527,16,80,6
508,17,80,6
508,17,80,6
508,17,118,2
508,17,96,3
508,17,96,3
508,17,96,3
508,17,96,3
508,17,102,5
508,17,102,5
508,17,80,6
566,17,124,3
564,17,124,3
508,17,74,6
508,17,74,6
508,17,74,6
508,17,74,6
508,17,74,6
508,17,74,6
508,17,70,5
508,17,70,5
508,17,70,5
508,17,70,5
508,17,70,5
508,17,70,5
508,17,70,5
508,17,70,5
508,17,70,5
508,17,70,5
508,17,70,5
508,17,70,5
508,17,70,5
508,17,70,5
508,17,53,3
508,17,92,2
508,17,100,5
518,16,77,1
518,16,77,1
518,16,77,1
508,17,74,6
508,17,74,6
508,17,76,5
508,17,76,5
508,17,76,5
508,17,76,5
518,16,77,1
518,16,77,1
508,17,66,4
508,17,66,4
508,17,66,4
508,17,118,2
508,17,118,2
508,17,118,2
508,17,118,2
508,17,74,6
508,17,74,6
508,17,74,6
508,17,74,6
508,17,74,6
508,17,74,6
508,17,74,6
508,17,118,2
572,17,124,3
572,17,124,3
569,17,124,3
508,17,85,2
575,17,124,3
508,17,61,4
508,17,61,4
508,17,85,2
508,17,70,5
508,17,70,5
508,17,70,5
508,17,61,4
508,17,61,4
508,17,118,2
508,17,80,6
508,17,80,6
508,17,80,6
508,17,80,6
508,17,80,6
508,17,80,6
508,17,74,6
508,17,74,6
508,17,74,6
508,17,74,6
508,17,74,6
508,17,74,6
508,17,100,5
508,17,86,2
508,17,80,6
508,17,86,2
522,16,92,2
508,18,124,3
508,17,118,2
508,17,118,2
508,17,442,8
508,17,442,8
549,17,124,3
508,17,118,2
508,17,118,2
508,17,118,2
508,17,442,8
508,17,442,8
508,17,442,8
508,17,442,8
508,17,78,7
586,17,124,3
508,17,70,5
508,17,70,5
508,17,70,5
508,17,92,2
590,17,118,2
508,17,102,5
508,17,102,5
508,17,118,2
508,17,102,5
590,17,118,2
508,17,102,5
508,17,118,2
508,17,118,2
508,17,102,5
508,17,118,2
508,17,118,2
508,17,118,2
508,17,104,6
508,17,90,3
508,17,118,2
508,17,118,2
508,17,80,6
508,17,80,6
508,17,80,6
508,17,80,6
510,17,96,3
510,17,96,3
508,17,80,6
508,17,61,4
508,17,61,4
508,17,61,4
508,17,104,6
508,17,80,6
508,17,80,6
508,17,96,4
508,17,66,4
508,17,83,2
508,17,100,5
508,17,104,6
508,17,100,5
508,17,100,5
508,17,49,2
508,17,49,2
508,17,49,2
508,17,70,5
508,17,70,5
508,17,70,5
508,17,70,5
508,17,70,5
508,17,70,5
508,17,61,4
508,17,83,2
508,17,104,6
508,17,74,6
508,17,100,5
508,17,87,1
508,17,87,1
508,17,87,1
508,17,118,2
508,17,118,2
508,17,118,2
508,17,80,6
508,17,80,6
508,17,87,3
508,17,87,3
508,17,80,6
508,17,92,2
508,17,92,2
508,17,92,2
508,17,92,2
508,17,92,2
610,17,124,3
508,17,84,2
508,17,118,2
508,17,72,4
508,17,72,4
508,17,72,4
508,17,72,4
508,17,72,4
508,17,72,4
508,17,72,4
508,17,72,4
508,17,72,4
508,18,124,3
508,17,118,2
508,17,72,4
508,17,72,4
508,17,77,1
508,17,77,1
508,17,118,2
508,17,118,2
508,17,118,2
508,17,118,2
508,17,118,2
508,17,118,2
508,17,118,2
592,17,84,2
508,17,70,5
508,17,100,5
508,17,68,5
508,17,68,5
508,17,70,5
508,17,66,4
508,17,65,5
508,17,81,2
508,17,70,5
508,17,70,5
508,17,118,2
508,17,118,2
508,17,118,2
508,17,118,2
508,17,118,2
508,17,118,2
508,17,118,2
508,17,72,4
508,17,70,5
508,17,70,5
508,17,70,5
508,17,70,5
508,17,72,4
508,17,70,5
508,17,70,5
508,17,92,2
508,17,118,2
508,17,118,2
508,17,72,4
576,17,124,3
508,17,92,2
508,17,92,2
508,17,92,2
508,17,92,2
508,17,92,2
508,17,61,4
508,17,61,4
508,17,78,7
508,17,66,4
508,17,72,4
508,17,72,4
508,17,72,4
508,17,96,3
508,17,78,7
508,17,78,7
508,17,78,7
508,17,72,4
508,17,72,4
508,17,72,4
508,17,72,4
508,17,72,4
508,17,72,4
508,17,72,4
508,17,104,6
508,17,118,2
508,17,66,4
508,17,68,5
508,17,104,6
508,17,118,2
508,18,118,2
508,17,74,6
508,17,74,6
609,17,124,3
508,17,80,6
508,17,85,2
508,17,85,2
585,17,118,2
508,17,85,2
560,16,98,5
508,17,100,5
508,17,118,2
508,17,100,5
508,17,118,2
508,17,74,6
508,17,85,2
585,17,124,3
508,17,85,2
508,17,118,2
508,17,118,2
590,17,124,3
508,17,104,6
508,17,118,2
508,17,118,2
508,17,118,2
508,17,118,2
590,17,124,3
508,17,78,7
508,17,98,4
508,17,98,4
508,17,98,4
508,17,104,6
508,17,100,5
508,17,100,5
508,17,100,5
508,17,100,5
508,17,100,5
508,17,100,5
508,17,98,4
508,17,98,4
508,17,98,4
508,17,98,4
508,17,98,4
508,17,98,4
508,17,70,5
508,17,70,5
508,17,118,2
508,17,118,2
508,17,118,2
508,17,74,6
508,17,74,6
508,17,118,2
508,17,118,2
508,17,70,5
508,17,70,5
508,17,77,1
508,17,77,1
508,17,78,7
508,17,78,7
508,17,78,7
508,17,68,5
508,17,78,7
508,17,100,5
508,17,85,2
508,17,85,2
508,17,85,2
508,17,85,2
508,17,85,2
508,17,85,2
508,17,85,2
508,17,85,2
508,17,84,7
508,17,74,6
508,17,78,7
508,17,78,7
508,17,118,2
508,17,68,5
508,17,85,3
508,17,85,3
508,17,74,6
508,17,68,5
508,17,84,7
508,17,78,7
508,17,66,4
508,17,118,2
508,17,86,2
508,17,118,2
508,17,118,2
508,17,442,8
508,17,118,2
508,17,118,2
508,17,118,2
508,17,118,2
572,17,124,3
508,17,65,5
508,17,65,5
508,17,118,2
508,17,118,2
508,17,95,5
567,17,124,3
508,17,74,6
603,17,124,3
603,17,124,3
508,17,118,2
508,17,118,2
508,17,95,5
536,17,124,3
508,17,118,2
508,17,84,2
508,17,95,5
508,17,87,3
603,17,124,3
508,17,87,3
508,17,118,2
508,17,118,2
508,17,118,2
508,17,87,3
508,17,87,3
508,17,87,3
508,17,100,5
508,17,100,5
508,17,104,6
508,17,100,5
508,17,100,5
508,17,100,5
508,17,85,2
508,17,80,6
508,17,66,4
508,17,66,4
508,17,70,5
508,17,70,5
508,17,78,7
508,17,78,7
508,17,78,7
508,17,78,7
508,17,78,7
508,17,78,7
508,17,78,7
508,17,78,7
508,17,78,7
508,17,78,7
508,17,118,2
508,17,118,2
508,17,118,2
508,17,118,2
508,17,118,2
508,17,118,2
508,17,118,2
508,18,118,2
508,17,112,6
508,17,112,6
508,17,112,6
508,17,112,6
508,17,118,2
508,17,118,2
508,17,76,5
508,17,108,5
508,17,108,5
508,17,108,5
508,17,108,5
508,17,108,5
508,17,108,5
508,17,108,5
508,17,108,5
508,17,108,5
508,17,108,5
508,17,108,5
508,17,108,5
508,17,108,5
508,17,108,5
508,17,108,5
508,17,70,5
508,17,70,5
508,17,70,5
508,17,76,5
508,17,112,6
508,17,80,6
508,17,80,6
508,17,112,6
508,17,112,6
508,17,112,6
508,17,112,6
508,17,112,6
508,17,112,6
508,17,70,5
508,17,70,5
508,17,70,5
508,17,118,2
508,17,118,2
508,17,118,2
508,17,118,2
508,16,65,5
508,17,100,5
508,17,96,4
508,17,100,5
508,17,104,6
508,17,104,6
508,17,104,6
508,17,104,6
508,17,100,5
508,17,100,5
508,17,104,6
508,17,70,5
508,17,96,4
508,17,77,1
508,17,77,1
508,17,77,1
508,17,72,4
508,17,72,4
508,17,72,4
508,17,72,4
508,17,72,4
508,17,72,4
508,17,72,4
508,17,72,4
508,17,96,3
508,17,96,3
508,17,72,4
508,17,72,4
508,17,72,4
508,17,96,3
508,17,96,3
508,17,96,3
508,17,96,3
508,17,80,6
508,17,96,3
508,17,96,3
508,17,80,6
508,17,96,3
508,17,96,3
508,17,96,3
508,17,100,5
508,17,72,4
508,17,72,4
508,17,85,2
508,17,85,2
508,17,85,2
508,17,85,2
508,17,85,2
508,17,85,2
508,17,85,2
508,17,85,2
508,17,85,2
508,17,104,6
508,17,104,6
508,17,74,6
508,17,85,2
508,17,104,6
508,17,85,2
508,17,85,2
508,17,85,2
508,17,85,2
508,17,85,2
508,17,85,2
508,17,85,2
508,17,104,6
508,17,438,7
508,17,438,7
508,17,118,2
508,17,118,2
508,17,438,7
572,17,124,3
616,17,84,2
508,17,85,2
508,17,85,2
508,17,85,2
508,17,104,6
508,17,104,6
508,17,104,6
508,17,104,6
508,17,104,6
508,17,76,7
508,17,104,6
508,17,85,2
508,17,85,2
508,17,78,7
508,17,84,2
508,17,84,2
508,17,84,2
508,17,66,4
588,17,84,2
508,17,74,6
508,17,74,6
508,17,74,6
508,17,76,5
508,17,76,5
508,17,76,5
508,17,66,4
508,17,66,4
508,17,118,2
581,17,124,3
508,17,49,2
508,18,124,3
508,17,118,2
560,16,98,5
508,17,49,2
508,18,124,3
508,17,118,2
508,17,49,2
508,17,49,2
508,17,87,3
508,17,87,3
508,17,118,2
508,18,124,3
508,18,124,3
508,17,118,2
508,17,118,2
508,17,118,2
508,17,118,2
508,17,68,5
508,17,68,5
508,17,68,5
508,17,68,5
508,17,85,2
508,17,118,2
508,18,124,3
508,17,118,2
508,17,118,2
508,17,68,5
508,17,80,6
508,17,80,6
508,17,80,6
508,17,118,2
508,17,76,5
508,17,76,5
508,17,76,5
508,17,76,5
508,17,76,5
508,17,76,5
508,17,76,5
508,17,76,5
508,17,76,5
508,17,76,5
508,17,76,5
508,17,92,2
508,17,92,2
508,17,92,2
508,17,92,2
508,17,92,2
508,17,92,2
508,17,92,2
508,17,92,2
508,17,70,5
508,17,61,4
508,17,61,4
508,17,61,4
508,17,61,4
508,17,92,2
508,17,78,7
508,17,78,7
508,17,118,2
508,17,118,2
508,17,66,4
508,17,90,3
508,17,78,7
508,17,118,2
508,17,78,7
508,17,78,7
508,17,118,2
508,16,57,3
508,16,77,1
508,17,118,2
508,17,95,5
508,17,66,4
508,17,66,4
508,17,66,4
508,17,66,4
508,16,57,3
508,16,57,3
508,17,100,5
508,17,100,5
508,17,100,5
508,17,100,5
508,17,104,6
508,17,84,2
508,17,84,2
508,17,85,2
508,17,85,2
508,17,84,2
508,17,85,2
508,17,78,7
508,17,100,5
508,17,86,2
508,17,100,5
508,17,100,5
508,17,100,5
508,17,100,5
508,17,100,5
508,17,100,5
508,17,100,5
508,17,108,5
508,17,108,5
508,17,61,4
508,17,61,4
508,17,61,4
508,17,61,4
508,17,61,4
508,17,61,4
508,17,104,4
508,17,72,4
508,17,92,2
508,17,92,2
508,17,108,5
508,17,108,5
508,17,108,5
508,17,108,5
508,17,61,4
508,17,92,2
508,17,92,2
508,17,92,2
508,17,92,2
508,17,92,2
508,17,72,4
508,17,118,2
508,17,118,2
508,17,118,2
508,17,74,6
508,17,118,2
564,17,124,3
508,17,84,7
508,17,84,7
508,17,84,7
508,17,84,7
508,17,84,7
508,17,84,7
508,17,74,6
570,17,124,3
508,17,84,7
508,18,124,3
508,17,118,2
508,17,118,2
508,17,118,2
508,17,118,2
508,17,118,2
508,17,118,2
508,17,65,5
508,17,65,5
508,17,65,5
512,17,81,2
512,17,81,2
568,17,124,3
512,17,81,2
508,17,57,3
508,17,57,3
508,17,57,3
508,17,66,4
508,17,66,4
508,17,66,4
508,17,100,5
508,17,100,5
508,17,100,5
508,17,100,5
508,17,100,5
508,17,100,5
508,17,100,5
508,17,100,5
508,17,106,6
508,17,106,6
508,17,106,6
603,17,124,3
597,17,118,2
508,17,78,7
508,17,78,7
508,17,78,7
508,17,78,7
508,17,78,7
508,17,78,7
508,17,106,6
508,17,106,6
508,17,106,6
508,17,57,3
508,17,57,3
508,17,57,3
508,18,124,3
508,17,118,2
508,17,118,2
508,17,80,6
508,17,80,6
566,17,124,3
572,17,124,3
508,17,80,6
508,17,80,6
508,17,80,6
508,17,80,6
508,17,80,6
508,17,80,6
508,17,80,6
508,17,80,6
508,17,80,6
508,17,80,6
508,17,80,6
508,17,80,6
508,17,80,6
508,17,80,6
508,17,80,6
508,17,80,6
508,17,80,6
508,17,80,6
508,17,80,6
508,17,80,6
508,17,80,6
508,17,80,6
508,17,80,6
508,17,80,6
508,17,80,6
508,17,80,6
508,17,80,6
508,17,80,6
508,17,80,6
508,17,80,6
508,17,80,6
508,17,80,6
508,17,80,6
508,17,78,7
508,17,78,7
508,17,78,7
508,17,78,7
508,17,106,6
603,17,124,3
508,17,91,3
508,17,91,3
508,17,91,3
508,17,95,4
508,17,95,4
508,17,95,4
508,17,95,4
508,17,95,4
508,17,95,4
508,17,95,4
508,17,95,4
508,17,81,2
508,17,81,2
508,17,87,3
508,17,95,4
508,17,95,4
508,17,87,3
508,17,118,2
508,17,118,2
508,17,78,7
508,17,68,5
579,17,124,3
508,17,118,2
508,17,78,7
508,17,78,7
508,17,68,5
508,17,68,5
508,17,70,5
508,17,70,5
508,17,70,5
508,17,118,2
508,17,118,2
508,17,118,2
508,17,70,5
508,17,70,5
508,17,118,2
508,18,124,3
508,18,124,3
508,17,118,2
508,17,49,2
508,17,49,2
508,17,74,6
610,17,124,3
508,17,118,2
508,17,118,2
508,17,118,2
508,17,118,2
508,17,118,2
508,17,83,2
508,17,83,2
508,17,118,2
508,17,118,2
508,17,84,2
508,17,92,2
508,17,64,3
508,17,118,2
508,17,85,2
508,17,85,2
508,17,85,2
508,17,100,5
508,17,100,5
508,17,76,5
508,17,76,5
508,17,76,5
508,17,76,5
508,17,76,5
508,17,76,5
508,17,118,2
508,17,118,2
508,17,94,4
508,17,94,4
508,17,118,2
508,17,76,5
508,17,76,5
508,17,72,4
508,17,80,6
508,17,72,4
508,17,118,2
508,17,118,2
508,17,80,6
508,17,94,4
508,17,118,2
508,17,118,2
508,17,118,2
508,17,118,2
508,17,118,2
508,17,118,2
579,17,124,3
628,17,124,3
579,17,124,3
628,17,124,3
508,17,118,2
508,17,118,2
508,17,78,7
508,17,78,7
508,17,78,7
508,17,78,7
508,17,78,7
508,17,78,7
508,17,78,7
508,17,78,7
508,17,78,7
508,17,78,7
508,17,78,7
508,17,78,7
577,17,124,3
508,17,80,6
508,17,78,7
508,17,78,7
508,17,78,7
508,17,78,7
550,17,124,3
520,16,80,6
508,17,66,4
508,17,78,7
508,17,66,4
508,17,100,5
508,17,92,2
508,17,118,2
508,17,118,2
508,17,74,6
577,17,124,3
508,17,118,2
508,17,118,2
508,17,118,2
508,17,118,2
508,17,118,2
508,17,118,2
508,17,118,2
508,17,76,5
508,17,96,4
508,17,76,5
508,17,443,8
508,17,94,4
508,17,94,4
508,17,102,6
508,17,84,2
508,17,84,2
508,17,84,2
508,17,84,2
508,17,84,2
508,17,85,3
508,17,118,2
508,17,118,2
508,17,118,2
508,17,118,2
508,17,118,2
508,17,118,2
508,17,118,2
508,17,118,2
508,17,118,2
508,17,118,2
508,17,80,6
508,17,80,6
508,17,80,6
508,17,80,6
508,17,80,6
508,17,96,3
508,17,96,3
508,17,80,6
508,17,80,6
508,17,80,6
508,17,96,3
508,17,76,5
508,17,76,5
508,17,76,5
508,17,76,5
508,17,61,4
508,17,61,4
508,17,70,5
508,17,70,5
508,17,77,1
508,17,77,1
508,17,77,1
508,17,77,1
547,17,124,3
508,17,100,5
508,17,100,5
508,17,104,6
570,17,124,3
508,17,104,6
508,17,104,6
508,17,100,5
508,17,104,6
508,17,100,5
508,17,104,6
508,17,104,6
508,17,66,4
508,17,100,5
508,17,100,5
508,17,104,6
508,17,104,6
508,17,118,2
508,17,118,2
508,17,118,2
508,17,118,2
508,17,118,2
508,17,118,2
508,17,118,2
508,17,118,2
508,17,118,2
508,17,118,2
508,17,118,2
508,17,118,2
508,18,124,3
508,17,81,2
508,18,124,3
508,17,118,2
508,17,118,2
508,17,80,6
508,17,80,6
508,17,118,2
508,17,118,2
508,17,64,3
508,17,64,3
508,17,64,3
508,17,68,4
508,17,68,4
508,17,68,4
508,17,87,1
508,17,87,1
508,17,87,1
508,17,118,2
508,17,91,4
508,17,91,4
508,17,91,4
508,17,91,4
508,17,91,4
508,17,91,4
508,17,91,4
508,17,91,4
508,17,91,4
508,17,91,4
508,17,91,4
508,17,91,4
508,17,94,4
576,17,124,3
508,17,91,4
508,17,78,7
508,17,78,7
508,17,78,7
508,17,118,2
508,17,78,7
508,17,78,7
508,17,78,7
508,17,78,7
508,17,78,7
508,17,78,7
508,17,118,2
524,16,96,4
508,17,104,6
508,17,104,6
508,17,118,2
508,17,118,2
508,17,118,2
508,17,90,3
508,17,90,3
508,17,90,3
508,17,118,2
508,17,90,3
508,17,118,2
508,17,95,5
508,17,118,2
508,17,100,5
508,17,66,4
508,17,72,4
508,17,76,7
508,16,57,3
508,17,66,4
508,17,66,4
508,17,104,6
508,17,104,6
508,17,104,6
508,17,104,6
508,17,100,5
508,17,100,5
508,17,100,5
508,17,104,6
508,17,104,6
508,17,68,4
508,17,68,4
575,17,124,3
508,17,118,2
508,17,118,2
508,17,68,5
508,17,118,2
508,17,118,2
508,17,68,5
508,17,78,7
508,17,78,7
508,17,118,2
508,17,118,2
508,17,96,4
508,17,118,2
508,17,118,2
508,17,118,2
508,17,81,2
508,17,81,2
508,17,81,2
508,17,118,2
610,17,124,3
508,17,118,2
508,17,66,4
508,17,118,2
508,17,118,2
508,17,94,4
508,17,84,2
508,17,84,2
508,17,84,2
508,17,84,2
508,17,70,5
508,17,118,2
508,17,118,2
508,17,118,2
508,17,70,5
508,17,70,5
508,17,70,5
508,17,70,5
508,17,118,2
508,17,118,2
508,17,118,2
568,17,124,3
508,17,76,5
508,17,118,2
508,17,118,2
508,17,118,2
508,17,118,2
508,17,70,5
508,17,96,4
522,16,66,4
580,17,124,3
508,17,72,4
508,17,100,5
508,17,76,5
508,17,100,5
508,17,100,5
508,17,118,2
508,17,53,3
508,17,53,3
508,17,80,6
508,17,92,2
564,17,124,3
508,17,80,6
508,17,80,6
508,17,80,6
508,17,80,6
508,17,80,6
508,17,80,6
523,16,92,2
508,17,70,5
508,17,70,5
508,17,70,5
508,17,77,1
508,17,77,1
508,17,77,1
508,17,81,2
609,17,124,3
508,17,66,4
508,17,66,4
508,17,66,4
508,17,81,2
508,17,81,2
508,17,81,2
508,17,81,2
508,17,81,2
508,17,81,2
508,17,85,2
508,17,81,2
508,17,81,2
508,17,81,2
508,17,81,2
508,17,81,2
508,17,81,2
508,17,91,4
508,17,91,4
508,17,74,6
508,17,61,4
508,17,72,4
508,17,72,4
508,17,61,4
508,17,72,4
508,17,118,2
508,17,74,6
575,17,124,3
508,17,93,2
508,17,72,4
508,17,85,2
508,17,85,2
508,17,85,2
508,17,85,2
508,17,87,1
508,17,68,5
508,17,118,2
508,17,66,4
508,17,66,4
508,17,65,5
508,17,65,5
508,17,93,2
508,17,65,5
508,17,61,4
508,17,61,4
508,17,61,4
508,17,61,4
508,17,61,4
508,17,61,4
508,17,61,4
508,17,81,2
508,17,81,2
508,17,70,5
508,17,65,5
508,17,65,5
508,17,65,5
508,17,61,4
508,17,61,4
508,17,61,4
508,17,61,4
508,17,77,1
508,17,77,1
508,17,77,1
508,17,77,1
508,17,61,4
508,17,61,4
508,17,77,1
508,17,77,1
508,17,61,4
508,17,61,4
508,17,61,4
508,17,61,4
508,17,61,4
508,17,61,4
508,17,61,4
508,17,61,4
508,17,61,4
508,17,61,4
508,17,61,4
508,17,61,4
508,17,61,4
508,17,61,4
508,17,61,4
508,17,61,4
508,17,61,4
508,17,61,4
508,17,61,4
508,17,61,4
508,17,61,4
508,17,77,1
508,17,61,4
508,17,77,1
508,17,77,1
508,17,77,1
508,17,61,4
508,17,61,4
508,17,61,4
597,17,118,2
508,17,61,4
508,17,61,4
508,17,61,4
508,17,61,4
508,17,118,2
508,17,118,2
508,17,61,4
508,17,61,4
508,17,118,2
508,17,68,5
508,17,68,5
508,17,68,5
508,17,68,5
508,17,68,5
508,17,68,5
508,17,78,7
508,17,84,2
508,17,78,7
508,17,78,7
508,17,84,2
566,17,124,3
564,17,124,3
599,17,84,2
508,17,66,4
547,17,124,3
508,17,118,2
508,17,118,2
508,17,118,2
508,17,118,2
508,17,104,6
508,17,118,2
508,17,118,2
508,17,118,2
508,17,118,2
508,17,118,2
508,17,118,2
508,17,118,2
508,17,68,5
577,17,124,3
508,17,68,5
508,17,85,2
508,17,85,2
508,17,118,2
508,17,85,2
508,17,85,2
508,17,85,2
508,17,85,2
508,17,85,2
508,17,74,6
508,17,74,6
508,17,74,6
508,17,74,6
508,17,74,6
508,17,74,6
508,17,74,6
508,17,74,6
508,17,74,6
508,17,74,6
508,17,74,6
508,17,74,6
508,17,74,6
508,17,74,6
508,17,70,5
508,17,70,5
508,17,70,5
508,17,74,6
508,17,74,6
508,17,74,6
508,17,74,6
508,17,74,6
508,17,74,6
508,17,74,6
512,16,90,3
512,16,90,3
508,17,74,6
508,17,92,2
508,17,98,4
508,17,80,6
508,17,80,6
508,17,74,6
508,17,74,6
508,17,118,2
508,17,118,2
508,17,80,6
508,17,80,6
508,17,80,6
508,17,80,6
508,17,95,5
508,17,118,2
508,17,118,2
541,17,124,3
508,17,118,2
508,17,118,2
508,17,118,2
508,17,118,2
508,17,118,2
508,17,118,2
613,17,118,2
508,17,66,4
508,17,85,2
508,17,104,6
510,17,90,3
508,17,93,4
508,17,93,4
508,17,93,4
508,17,93,4
508,17,93,4
508,17,93,4
508,17,93,4
508,17,93,4
508,17,93,4
508,17,81,2
508,17,118,2
508,17,66,4
508,17,66,4
508,17,66,4
508,17,66,4
508,17,70,5
508,17,93,4
508,17,93,4
508,17,66,4
508,17,70,5
518,16,86,2
508,17,66,4
508,17,66,4
508,17,118,2
508,17,74,6
508,17,74,6
508,17,74,6
508,17,74,6
508,17,74,6
508,17,86,2
524,16,86,2
605,17,124,3
508,17,61,4
508,17,61,4
508,17,61,4
508,17,74,6
508,17,74,6
508,17,74,6
508,17,74,6
508,17,74,6
508,17,74,6
508,17,74,6
508,17,74,6
508,17,74,6
610,17,124,3
508,17,74,6
508,17,74,6
508,17,74,6
508,17,74,6
508,17,118,2
508,17,74,6
522,16,66,4
508,17,96,4
508,17,74,6
508,17,118,2
508,17,68,5
508,17,68,5
508,17,118,2
508,17,68,5
508,17,80,6
508,17,80,6
508,17,118,2
508,17,76,5
508,17,76,5
508,17,76,5
508,17,76,5
508,17,118,2
508,17,118,2
508,17,76,5
508,17,118,2
508,18,124,3
508,17,118,2
508,17,118,2
508,18,118,2
508,18,124,3
508,17,85,3
508,17,85,3
508,17,85,3
508,17,94,4
508,17,84,2
609,17,124,3
508,17,74,6
508,17,74,6
508,17,74,6
508,17,74,6
508,17,74,6
508,17,74,6
508,17,74,6
508,17,74,6
508,17,85,2
508,17,118,2
508,17,118,2
508,17,118,2
508,17,70,5
508,17,118,2
508,17,118,2
508,17,118,2
589,17,118,2
508,17,118,2
508,17,118,2
508,17,78,7
508,17,78,7
508,17,80,6
590,17,124,3
508,17,80,6
508,17,80,6
508,17,80,6
508,17,80,6
508,17,118,2
508,17,118,2
508,17,78,7
508,17,104,6
508,17,104,6
508,17,118,2
508,17,118,2
508,17,118,2
508,17,118,2
508,17,118,2
590,17,124,3
508,17,104,6
508,17,104,6
508,17,104,6
576,17,124,3
508,17,118,2
508,17,118,2
508,17,118,2
508,17,118,2
508,17,104,6
560,16,90,3
508,17,104,6
508,17,118,2
508,17,104,6
508,17,104,6
508,17,85,2
508,17,95,5
508,17,91,4
614,17,124,3
610,17,124,3
508,17,80,6
508,17,87,3
508,17,95,5
508,17,87,3
508,17,92,2
508,17,80,6
508,17,85,2
508,17,61,4
508,17,84,2
508,17,80,6
508,17,87,3
508,17,118,2
508,17,65,5
508,17,65,5
508,17,65,5
508,17,65,5
508,17,80,6
570,17,124,3
508,17,74,6
508,17,74,6
508,17,74,6
508,17,74,6
508,17,74,6
508,17,74,6
508,17,74,6
508,17,74,6
508,17,74,6
508,17,74,6
508,17,74,6
508,17,74,6
508,17,74,6
508,17,65,5
508,17,65,5
508,17,80,6
508,17,65,5
508,17,74,6
508,17,106,6
508,17,106,6
508,17,61,4
508,17,61,4
508,17,77,1
508,17,77,1
508,17,77,1
508,17,77,1
508,17,118,2
508,17,87,3
508,17,87,3
508,17,87,3
508,17,87,3
508,17,87,3
508,17,87,3
508,17,87,3
508,17,87,3
590,17,124,3
508,17,118,2
508,17,118,2
590,17,124,3
508,17,100,5
508,17,100,5
508,17,100,5
508,17,104,6
508,17,100,5
508,17,100,5
508,17,100,5
508,17,68,5
508,17,74,6
508,17,80,6
576,17,124,3
508,17,92,2
508,17,68,5
508,17,92,2
508,17,78,7
508,17,89,3
508,17,74,6
508,17,89,3
508,17,89,3
508,17,89,3
508,17,84,2
508,17,61,4
508,17,89,3
508,17,61,4
508,17,77,1
508,17,85,2
508,17,85,2
564,17,124,3
508,17,61,4
508,17,61,4
508,17,118,2
508,17,76,5
508,17,76,5
508,17,118,2
508,17,118,2
508,17,118,2
508,17,118,2
508,17,118,2
508,17,118,2
566,17,124,3
508,17,65,5
508,17,100,5
508,17,66,4
508,17,66,4
508,17,70,5
508,17,68,5
508,17,68,5
508,17,70,5
508,17,70,5
508,17,70,5
508,17,74,6
508,17,74,6
508,17,74,6
508,17,74,6
597,17,124,3
588,17,124,3
508,17,70,5
508,17,118,2
508,17,118,2
508,17,118,2
508,17,108,5
508,17,118,2
508,17,118,2
508,17,96,3
508,17,118,2
508,17,100,5
508,17,100,5
508,17,104,6
508,17,91,4
508,17,118,2
508,17,76,7
508,17,100,5
508,17,118,2
508,17,118,2
508,17,118,2
508,17,118,2
508,17,118,2
508,17,118,2
508,17,118,2
508,17,118,2
508,17,118,2
508,17,118,2
508,17,118,2
508,17,118,2
508,17,118,2
508,17,118,2
508,17,118,2
508,17,118,2
508,17,118,2
508,17,118,2
508,16,61,4
508,17,118,2
508,17,118,2
508,17,118,2
508,17,118,2
508,17,118,2
508,17,118,2
508,17,118,2
508,17,118,2
508,17,118,2
508,17,118,2
508,17,118,2
508,17,118,2
508,17,118,2
508,17,118,2
508,17,118,2
508,17,118,2
508,17,118,2
508,17,118,2
508,17,118,2
508,17,118,2
508,17,118,2
508,17,83,2
508,17,83,2
508,17,83,2
508,17,83,2
508,17,83,2
508,17,61,4
508,17,61,4
508,17,61,4
508,17,61,4
508,17,61,4
508,17,61,4
508,17,61,4
508,17,61,4
508,17,61,4
508,17,61,4
520,16,77,1
520,16,77,1
520,16,77,1
520,16,77,1
523,16,77,1
523,16,77,1
508,17,61,4
508,17,118,2
508,17,118,2
508,17,96,4
508,17,100,5
508,17,72,4
508,17,74,6
508,17,74,6
508,17,84,2
508,17,84,2
508,17,78,7
508,17,78,7
508,17,78,7
508,17,118,2
508,17,118,2
508,17,78,7
508,17,78,7
508,17,78,7
508,17,78,7
508,17,78,7
508,17,78,7
508,17,78,7
508,17,78,7
508,17,78,7
508,17,78,7
508,17,78,7
508,17,78,7
508,17,78,7
508,17,78,7
508,17,78,7
508,17,78,7
508,17,78,7
508,17,78,7
508,17,118,2
508,17,118,2
508,17,118,2
508,17,118,2
508,17,118,2
508,17,118,2
508,17,65,5
508,17,65,5
508,17,72,4
508,17,72,4
508,17,72,4
508,17,72,4
508,17,72,4
508,17,118,2
508,17,65,5
508,17,96,3
577,17,124,3
508,18,118,2
508,18,118,2
508,17,87,3
508,17,87,3
508,17,95,5
508,17,83,2
508,17,100,5
508,17,100,5
508,17,87,3
508,17,95,5
508,17,83,2
508,17,83,2
508,17,92,2
560,16,94,4
508,17,100,5
508,17,77,1
508,17,77,1
508,17,77,1
508,17,77,1
508,17,77,1
508,17,77,1
508,17,104,6
508,17,104,6
508,17,104,6
508,17,104,6
508,17,104,6
508,17,104,6
508,17,104,6
508,17,104,6
508,17,96,4
508,17,80,6
508,17,80,6
508,17,80,6
508,17,74,6
547,17,124,3
508,17,100,5
508,17,118,2
508,17,84,2
508,17,66,4
508,17,74,6
508,17,118,2
508,17,118,2
508,17,72,6
508,17,72,6
508,17,72,6
508,17,72,6
508,17,72,6
508,17,72,6
508,17,72,6
508,17,72,6
508,17,72,6
508,17,118,2
508,17,118,2
508,17,118,2
508,17,118,2
508,17,118,2
508,17,118,2
508,17,118,2
508,17,87,3
576,17,124,3
580,17,124,3
508,17,95,5
575,17,124,3
508,17,76,5
508,17,76,5
508,17,76,5
508,17,92,2
508,17,92,2
508,17,92,2
508,17,92,2
508,17,92,2
508,17,72,4
508,17,72,4
508,17,72,4
508,17,72,4
508,17,72,4
508,17,72,4
508,17,72,4
508,17,72,4
508,17,72,4
508,17,72,4
508,17,72,4
508,17,72,4
508,17,76,5
508,17,74,6
508,17,74,6
510,16,86,2
508,17,563,8
508,17,563,8
508,17,440,7
508,17,440,7
508,17,440,7
508,17,95,5
508,17,440,7
508,17,440,7
508,17,440,7
508,17,85,3
508,17,118,2
508,17,118,2
508,17,95,5
508,17,87,3
508,17,91,4
508,17,87,3
508,17,83,2
508,17,118,2
508,17,104,6
508,17,85,3
508,17,104,6
554,17,124,3
508,17,118,2
508,17,96,4
518,16,90,3
520,16,90,3
508,17,66,4
508,17,66,4
508,17,66,4
508,17,66,4
508,16,57,3
508,16,57,3
508,16,57,3
508,17,81,2
508,17,81,2
508,17,81,2
508,17,96,4
508,17,118,2
508,17,81,2
508,17,81,2
508,17,118,2
508,17,81,2
508,17,81,2
508,17,81,2
508,17,97,3
508,17,97,3
508,17,87,1
567,17,124,3
508,17,87,1
508,17,104,6
508,17,61,4
508,17,61,4
508,17,61,4
508,17,118,2
610,17,124,3
508,17,80,6
508,17,80,6
508,17,118,2
508,17,118,2
508,17,118,2
508,17,80,6
508,17,83,2
508,17,118,2
508,17,83,2
508,17,83,2
508,17,70,5
508,17,70,5
508,17,70,5
508,17,70,5
508,17,118,2
508,17,77,1
508,17,77,1
508,17,77,1
508,17,77,1
508,17,77,1
508,17,77,1
508,17,77,1
508,17,77,1
508,17,95,5
508,17,95,5
508,17,91,4
508,17,118,2
508,17,563,8
508,17,563,8
508,17,560,8
508,17,560,8
508,17,560,8
508,17,560,8
508,17,560,8
508,17,118,2
508,17,118,2
508,18,118,2
508,17,78,7
508,17,78,7
592,17,84,2
508,17,100,5
508,17,100,5
508,17,100,5
508,17,92,2
508,17,118,2
508,17,118,2
508,17,118,2
508,17,104,6
508,17,104,6
508,17,104,6
508,17,104,6
508,17,100,5
508,17,100,5
508,17,78,7
508,18,118,2
508,17,70,5
508,17,95,5
508,17,87,3
508,17,61,4
508,17,61,4
508,17,70,5
508,17,70,5
508,17,70,5
508,17,70,5
508,17,70,5
508,17,70,5
508,17,70,5
508,17,70,5
508,17,70,5
508,17,70,5
508,17,70,5
508,17,70,5
508,17,70,5
508,17,70,5
508,17,70,5
508,17,84,2
508,17,84,2
508,17,84,2
508,17,84,2
508,17,81,2
508,17,81,2
508,17,80,6
508,17,92,2
508,17,92,2
508,17,92,2
508,17,92,2
508,17,92,2
508,17,84,2
508,17,80,6
508,17,83,2
508,17,83,2
508,17,80,6
508,17,80,6
508,17,80,6
518,16,92,2
518,16,92,2
508,17,84,2
518,16,92,2
518,16,92,2
518,16,92,2
585,17,118,2
508,17,85,2
508,17,104,6
508,18,124,3
508,17,70,5
508,17,70,5
508,17,100,5
590,17,124,3
508,17,118,2
590,17,124,3
508,17,96,4
609,17,124,3
518,16,66,4
520,16,86,2
508,17,66,4
508,17,118,2
508,17,66,4
519,16,86,2
518,16,66,4
508,16,57,3
508,16,57,3
508,16,57,3
508,17,91,4
508,17,91,4
508,17,61,4
508,17,61,4
508,17,87,3
508,17,100,5
508,17,91,4
508,17,96,4
508,17,96,4
508,17,96,4
508,17,104,6
508,17,100,5
508,17,78,7
508,17,96,4
508,17,87,3
508,17,91,4
508,17,91,4
508,17,91,4
508,17,87,3
508,17,91,4
508,17,87,3
508,17,100,3
508,17,87,3
508,17,87,3
508,17,87,3
508,17,87,3
508,17,87,3
508,17,91,4
508,17,118,2
508,17,87,3
508,17,76,5
508,17,76,5
508,17,72,4
508,17,72,4
508,17,72,4
508,17,76,5
508,17,76,5
508,17,96,4
508,17,96,4
508,17,96,4
508,17,96,4
508,17,96,4
508,17,118,2
508,17,91,4
508,18,124,3
520,16,92,2
508,18,124,3
508,17,118,2
518,16,92,2
508,17,118,2
508,17,118,2
568,17,124,3
508,17,118,2
508,17,104,6
508,17,104,6
508,17,104,6
508,17,76,5
508,17,118,2
508,17,118,2
508,17,84,7
508,17,80,6
508,17,80,6
546,17,124,3
508,17,118,2
508,17,118,2
508,17,118,2
508,17,118,2
524,16,96,4
526,16,96,4
508,17,90,3
508,17,87,3
508,17,118,2
508,17,78,7
508,17,78,7
536,17,124,3
508,17,78,7
508,17,100,5
610,17,124,3
508,17,78,7
508,17,78,7
508,17,78,7
508,17,104,6
508,17,85,2
508,17,85,2
525,16,96,4
508,17,118,2
525,16,96,4
508,17,84,2
525,16,96,4
508,17,78,7
508,17,78,7
508,17,118,2
508,17,87,3
508,17,118,2
508,17,118,2
508,17,118,2
508,17,68,5
508,17,68,5
508,17,72,4
508,17,72,4
508,17,72,4
508,17,72,4
508,17,72,4
508,17,72,4
508,17,72,4
508,17,68,5
508,17,66,4
508,17,66,4
508,17,68,5
508,17,68,5
508,17,72,4
508,17,72,4
508,17,72,4
508,17,72,4
508,17,72,4
508,17,72,4
508,17,83,2
508,17,83,2
508,17,83,2
508,17,83,2
508,17,83,2
508,17,83,2
508,17,83,2
508,17,83,2
508,17,118,2
508,17,118,2
508,17,83,2
508,17,83,2
508,17,81,2
508,17,81,2
508,17,118,2
608,17,124,3
608,17,124,3
508,17,118,2
609,17,124,3
508,17,72,4
508,17,72,4
508,17,74,6
508,17,72,4
508,17,78,7
508,17,96,3
508,17,96,3
508,17,96,3
508,17,66,4
508,17,84,2
508,17,78,7
508,17,76,5
508,17,76,5
508,17,76,5
508,17,76,5
508,17,76,5
508,17,118,2
508,17,118,2
508,17,118,2
508,17,118,2
581,17,124,3
508,17,118,2
508,17,84,7
508,17,84,7
508,17,104,6
508,17,72,6
508,17,84,7
508,17,118,2
508,17,85,2
508,17,74,6
508,17,74,6
508,17,118,2
508,17,118,2
508,17,76,5
508,17,76,5
508,17,118,2
508,17,118,2
508,17,118,2
508,17,118,2
543,17,124,3
544,17,124,3
544,17,124,3
546,17,124,3
508,16,65,5
508,17,76,5
508,17,76,5
508,17,118,2
508,17,118,2
508,17,118,2
508,17,118,2
508,17,118,2
508,17,118,2
508,17,74,6
508,17,118,2
508,17,118,2
508,17,118,2
508,17,118,2
508,17,118,2
508,17,118,2
508,17,118,2
508,17,118,2
508,17,118,2
508,17,118,2
508,17,118,2
508,17,118,2
508,17,118,2
508,17,118,2
508,17,118,2
508,17,76,7
508,17,76,7
508,17,118,2
508,17,118,2
508,17,118,2
604,17,124,3
604,17,124,3
508,17,118,2
508,17,118,2
508,17,118,2
508,17,76,5
585,17,124,3
508,17,78,7
590,17,124,3
508,17,118,2
508,17,98,5
508,18,124,3
577,17,124,3
508,17,104,6
508,17,118,2
590,17,124,3
508,17,104,6
508,17,70,5
508,17,76,5
508,17,70,5
508,17,70,5
508,17,70,5
575,17,124,3
508,17,65,5
508,17,65,5
508,17,74,6
508,17,84,2
508,17,72,4
508,17,72,4
508,17,72,4
508,17,72,4
508,17,72,4
508,17,72,4
508,17,72,4
508,17,72,4
508,17,104,6
517,16,96,3
508,17,84,2
508,17,74,6
521,16,96,3
521,16,96,3
521,16,96,3
508,17,72,6
508,17,72,6
508,17,118,2
508,17,70,5
508,17,118,2
508,17,72,6
508,17,118,2
508,17,118,2
508,17,118,2
508,17,118,2
508,17,118,2
508,17,118,2
508,17,118,2
508,17,76,5
508,17,76,5
508,17,80,6
508,17,72,6
508,17,72,6
508,17,78,7
508,17,72,6
508,17,78,7
508,17,72,6
508,17,72,6
508,17,72,6
508,17,72,6
610,17,124,3
512,17,80,6
512,17,80,6
512,17,80,6
512,17,80,6
512,17,80,6
508,17,85,2
508,17,66,4
508,17,66,4
508,17,80,6
508,17,76,5
508,17,76,5
508,17,74,6
508,17,74,6
508,17,74,6
508,17,78,7
508,17,80,6
508,17,104,6
508,17,104,6
508,17,104,6
508,17,100,5
508,17,104,6
508,17,104,6
508,17,104,6
508,17,104,6
508,17,100,5
508,17,118,2
508,17,104,6
508,17,96,4
508,17,104,6
522,16,66,4
522,16,86,2
508,17,104,6
508,17,104,6
508,17,104,6
508,17,104,6
508,17,104,6
508,17,100,5
508,17,65,5
508,17,65,5
508,17,66,4
508,17,66,4
508,17,80,6
508,17,118,2
508,17,118,2
508,17,118,2
508,17,118,2
508,17,118,2
508,17,118,2
508,17,118,2
508,17,118,2
508,17,118,2
508,17,118,2
508,17,118,2
508,17,118,2
508,17,118,2
508,17,118,2
508,17,84,2
617,17,84,2
592,17,84,2
508,17,66,4
508,17,66,4
508,17,78,7
609,17,124,3
508,17,66,4
508,17,70,5
508,17,104,6
508,17,104,6
508,17,104,6
508,17,104,6
508,17,95,5
508,17,85,2
508,17,66,4
508,17,66,4
508,17,66,4
508,17,66,4
508,17,66,4
508,17,66,4
508,17,104,6
508,17,104,6
508,17,104,6
508,17,70,5
508,17,70,5
508,17,70,5
508,17,70,5
508,17,70,5
508,17,70,5
508,17,70,5
597,17,118,2
597,17,118,2
508,17,70,5
508,17,70,5
508,17,70,5
508,17,70,5
508,17,66,4
508,17,70,5
508,17,70,5
508,17,70,5
508,17,70,5
508,17,98,4
508,17,100,5
508,17,100,5
508,17,104,6
508,17,104,6
508,17,104,6
508,17,104,6
508,17,104,6
508,17,100,5
508,17,100,5
508,17,95,5
508,17,118,2
508,17,100,5
508,17,118,2
508,17,92,2
508,17,118,2
508,17,89,3
508,17,89,3
508,17,104,6
508,17,104,6
508,17,89,3
508,17,85,3
508,17,85,3
508,17,77,1
508,17,77,1
508,17,77,1
508,17,85,2
508,17,77,1
508,17,89,3
508,17,77,1
508,17,61,4
508,17,61,4
508,17,61,4
508,17,61,4
508,17,74,6
508,17,74,6
508,17,85,2
508,17,84,2
508,17,84,2
508,17,84,2
508,17,84,2
508,17,84,2
508,17,84,2
508,17,84,2
508,17,118,2
508,17,118,2
508,17,118,2
508,17,118,2
508,17,118,2
508,17,118,2
508,17,104,4
508,17,104,4
508,17,104,6
508,17,100,5
508,17,100,5
508,17,100,5
508,17,100,5
508,17,66,4
508,17,66,4
508,17,100,5
508,17,100,5
508,17,100,5
508,17,104,4
508,17,118,2
508,17,118,2
508,17,92,2
508,17,74,6
550,17,124,3
508,17,76,7
508,17,76,7
589,17,124,3
508,17,118,2
508,17,76,7
508,17,80,6
508,17,80,6
508,17,80,6
508,17,66,4
508,17,104,6
508,17,104,6
508,17,104,6
508,17,96,4
508,17,84,2
508,17,104,6
508,17,66,4
508,17,85,2
508,17,91,4
508,17,95,5
508,17,95,5
508,17,91,4
508,17,95,5
508,17,95,5
508,17,91,4
508,17,95,5
508,17,95,5
508,17,91,4
508,17,95,5
508,17,95,5
508,17,95,5
508,17,95,5
508,17,95,5
508,17,95,5
508,17,95,5
508,17,95,5
508,17,95,5
508,17,95,5
508,17,95,5
508,17,91,4
508,17,95,5
508,17,95,5
520,16,92,2
508,17,118,2
508,17,118,2
508,17,118,2
508,17,118,2
508,17,118,2
547,17,124,3
508,17,72,4
508,17,72,4
508,17,76,5
508,17,91,4
508,17,76,5
508,17,104,6
508,17,104,6
508,17,104,6
508,17,95,5
566,17,124,3
572,17,124,3
508,17,104,6
508,17,104,6
508,17,104,6
508,17,104,6
508,17,104,6
508,17,104,6
508,17,118,2
508,17,118,2
508,17,118,2
508,17,118,2
508,17,118,2
508,17,118,2
508,17,118,2
508,17,118,2
508,17,118,2
508,17,70,5
508,17,118,2
508,17,104,6
508,17,87,3
508,17,87,3
508,17,87,3
508,17,87,3
508,17,118,2
508,17,76,5
508,17,76,5
508,17,76,5
508,17,84,2
508,17,84,2
508,17,84,2
508,17,74,6
508,17,74,6
508,17,74,6
546,17,124,3
508,17,74,6
508,17,74,6
508,17,74,6
508,17,74,6
508,17,74,6
508,17,74,6
508,17,84,2
527,16,90,3
527,16,74,6
543,17,124,3
508,17,74,6
508,17,80,6
508,17,80,6
508,17,74,6
508,17,74,6
508,17,76,7
508,16,57,3
508,17,61,4
508,17,61,4
508,17,61,4
508,17,61,4
508,17,77,1
508,17,77,1
508,17,61,4
508,17,61,4
508,17,61,4
508,17,77,1
508,17,61,4
508,17,61,4
508,17,61,4
508,17,61,4
508,17,77,1
508,17,61,4
508,17,77,1
508,17,61,4
508,17,77,1
508,17,61,4
508,17,77,1
508,17,61,4
508,17,61,4
508,17,77,1
508,17,61,4
508,17,77,1
508,17,84,2
508,17,84,2
508,17,74,6
508,17,84,2
508,17,84,2
508,17,84,2
508,17,84,2
508,17,84,2
508,17,84,2
508,17,84,2
508,17,84,2
508,17,78,7
508,18,118,2
508,17,78,7
508,17,98,5
508,17,118,2
508,17,118,2
508,17,118,2
579,17,124,3
508,18,118,2
508,17,118,2
508,17,118,2
508,17,118,2
508,17,118,2
508,17,118,2
508,17,118,2
550,17,124,3
508,17,118,2
508,17,118,2
508,17,118,2
508,17,61,4
508,17,61,4
508,17,66,4
508,17,118,2
508,17,118,2
508,17,118,2
508,17,70,5
508,17,118,2
508,17,100,5
508,17,118,2
508,17,104,6
508,17,104,6
508,17,96,4
508,17,100,5
508,17,104,6
508,17,104,6
508,17,118,2
508,17,92,3
523,16,86,2
508,17,66,4
508,17,77,1
508,17,77,1
508,17,85,3
590,17,124,3
508,17,85,3
508,17,85,3
508,17,85,3
508,17,85,3
508,17,85,3
508,17,118,2
572,17,124,3
508,17,85,3
508,17,85,3
590,17,124,3
508,17,85,3
508,17,85,3
508,17,85,3
508,17,80,6
508,17,104,4
508,17,104,4
508,17,104,6
508,17,104,4
508,17,100,5
508,17,66,4
508,17,104,4
508,17,61,4
508,17,61,4
508,17,61,4
610,17,124,3
508,16,77,1
508,16,77,1
508,16,77,1
508,16,77,1
508,16,77,1
508,17,118,2
508,17,61,4
508,17,61,4
508,17,61,4
508,17,61,4
508,17,61,4
508,17,61,4
508,17,61,4
508,17,61,4
508,17,61,4
508,17,61,4
508,17,61,4
508,17,118,2
508,17,118,2
508,17,92,2
508,17,118,2
508,17,118,2
508,17,118,2
508,17,118,2
587,17,84,2
508,17,61,4
508,17,118,2
508,17,76,5
592,17,118,2
508,17,118,2
508,17,118,2
508,17,118,2
508,17,118,2
508,17,118,2
508,17,118,2
508,17,118,2
508,17,118,2
508,17,74,6
508,17,74,6
508,17,74,6
508,17,80,6
520,16,92,2
508,17,74,6
508,17,74,6
508,17,100,5
508,17,100,5
508,17,118,2
508,17,118,2
508,17,118,2
508,17,118,2
508,17,118,2
508,17,118,2
508,17,70,5
508,17,118,2
508,17,118,2
508,17,118,2
508,17,100,5
508,17,100,5
508,17,100,5
508,17,104,6
508,17,104,6
508,17,100,5
508,17,70,5
508,17,70,5
508,17,70,5
508,17,70,5
508,17,70,5
610,17,124,3
508,17,80,6
508,17,80,6
508,17,98,4
508,17,98,4
508,17,98,4
508,17,98,4
508,17,98,4
508,17,98,4
508,17,80,6
508,17,76,5
508,17,70,5
508,17,118,2
610,17,124,3
508,17,118,2
618,17,124,3
543,17,124,3
508,17,70,5
508,17,70,5
508,17,70,5
508,17,100,5
560,16,90,3
508,17,70,5
508,17,104,6
508,17,118,2
508,17,118,2
508,17,104,6
508,17,84,7
508,17,78,7
508,17,68,5
508,17,78,7
508,17,68,5
508,17,80,6
508,17,80,6
508,17,118,2
610,17,124,3
508,17,100,5
508,17,118,2
508,17,118,2
508,17,95,5
508,17,91,4
508,17,87,3
508,17,87,3
508,17,87,3
508,17,87,3
508,17,118,2
639,17,124,3
639,17,124,3
508,17,118,2
508,17,118,2
508,17,118,2
639,17,124,3
508,17,118,2
508,17,87,3
508,17,61,4
508,17,61,4
508,17,90,3
508,17,61,4
508,17,61,4
508,17,84,2
508,17,84,2
508,17,104,6
508,17,104,6
508,17,59,4
508,17,59,4
508,17,118,2
508,17,118,2
508,17,74,6
550,17,124,3
508,17,61,4
508,18,124,3
508,17,90,3
508,17,70,5
508,17,70,5
568,17,124,3
575,17,124,3
508,17,70,5
508,17,76,5
508,17,76,5
508,17,118,2
508,17,118,2
508,17,118,2
508,17,118,2
508,17,118,2
508,17,78,7
508,17,118,2
508,17,118,2
508,17,118,2
508,17,118,2
508,17,118,2
508,17,118,2
508,18,118,2
508,17,118,2
508,17,66,4
508,17,84,2
508,17,118,2
508,17,100,5
508,17,96,4
508,17,104,6
508,17,118,2
508,17,80,6
508,17,68,5
508,17,68,5
508,17,96,4
508,17,104,6
508,17,68,5
508,17,118,2
508,17,118,2
508,17,104,6
508,17,104,6
508,17,118,2
508,17,118,2
508,17,85,2
508,17,118,2
508,17,118,2
508,17,118,2
508,17,118,2
508,17,118,2
508,17,118,2
508,17,118,2
508,17,104,6
508,17,104,6
508,17,104,6
508,17,104,6
508,17,104,6
508,17,118,2
508,17,118,2
508,17,87,3
508,17,118,2
508,17,118,2
508,17,118,2
508,17,118,2
508,17,76,5
508,17,72,5
508,17,104,6
508,17,104,6
508,17,104,6
508,17,104,6
508,17,104,6
508,17,104,6
508,17,89,3
508,17,118,2
508,17,61,4
508,17,61,4
508,17,118,2
508,17,118,2
508,17,78,7
508,17,118,2
508,17,118,2
508,17,118,2
508,17,76,5
508,17,80,6
508,17,70,5
508,17,70,5
508,17,70,5
508,17,66,4
508,17,118,2
577,17,124,3
508,17,104,6
508,17,104,6
508,17,104,6
508,17,104,6
508,17,104,6
508,17,104,6
508,17,104,6
508,17,104,6
508,17,100,5
508,17,100,5
508,17,100,5
508,17,104,6
508,17,100,5
508,17,66,4
508,17,66,4
508,17,66,4
520,16,92,2
508,17,66,4
508,17,61,4
508,17,104,6
508,17,74,6
508,17,66,4
508,17,66,4
508,17,74,6
508,17,61,4
508,16,65,5
508,17,118,2
508,17,118,2
508,17,84,2
508,17,118,2
508,17,118,2
508,17,118,2
508,17,90,3
508,17,74,6
508,17,74,6
508,17,74,6
508,17,74,6
508,17,74,6
508,17,78,7
560,16,94,4
508,16,57,3
508,17,118,2
508,17,66,4
508,17,66,4
508,17,118,2
508,17,118,2
508,17,118,2
508,17,118,2
508,17,76,5
508,17,76,5
508,17,76,5
518,16,92,2
518,16,92,2
518,16,92,2
518,16,92,2
508,17,96,3
508,17,84,7
508,17,76,5
508,17,57,3
508,17,57,3
508,17,118,2
508,17,118,2
508,17,95,5
508,17,95,5
508,17,95,5
508,17,95,5
508,17,100,5
610,17,124,3
508,17,84,2
508,17,95,5
508,17,91,4
592,17,84,2
508,17,100,5
508,17,118,2
508,17,85,3
551,17,124,3
508,17,66,4
508,17,118,2
508,17,118,2
609,17,124,3
508,18,124,3
538,17,124,3
508,17,118,2
508,17,118,2
610,17,124,3
610,17,124,3
508,17,118,2
508,17,85,2
508,17,85,2
550,17,124,3
508,17,104,6
508,17,100,5
508,17,100,5
508,17,104,6
508,17,104,6
508,17,61,4
508,17,96,4
508,17,118,2
508,17,76,7
508,16,57,3
508,17,85,2
508,17,74,6
508,17,74,6
508,17,78,7
508,17,70,5
508,17,70,5
610,17,124,3
508,17,70,5
508,17,70,5
508,17,70,5
508,17,70,5
508,17,70,5
508,17,70,5
508,17,68,5
508,17,118,2
564,17,124,3
508,17,87,3
508,17,118,2
508,18,124,3
508,17,76,5
508,17,80,6
508,17,76,5
508,17,80,6
508,17,76,5
508,17,80,6
508,17,76,5
508,17,76,5
508,17,76,5
508,17,76,5
508,17,80,6
508,17,76,5
508,17,76,5
508,17,76,5
508,17,76,5
508,17,76,5
508,17,80,6
508,17,76,5
508,17,80,6
508,17,76,5
508,17,76,5
508,17,74,6
508,17,76,5
508,17,76,5
583,16,92,2
583,16,92,2
508,17,80,6
580,16,92,2
580,16,92,2
580,16,92,2
580,16,92,2
580,16,92,2
508,17,80,6
508,17,76,5
582,16,92,2
582,16,92,2
581,16,92,2
581,16,92,2
581,16,92,2
581,16,92,2
581,16,92,2
508,17,80,6
508,17,80,6
508,17,76,5
508,17,76,5
508,17,76,5
508,17,76,5
508,17,80,6
508,17,76,5
563,16,92,2
508,17,76,5
508,17,76,5
508,17,80,6
508,17,76,5
508,17,76,5
508,17,76,5
508,18,124,3
508,17,80,6
508,17,76,5
563,16,92,2
563,16,92,2
563,16,80,6
508,17,76,5
508,17,76,5
508,17,76,5
508,17,76,5
508,17,80,6
508,17,80,6
508,17,76,5
508,17,76,5
508,17,76,5
508,17,76,5
628,16,76,5
508,17,76,5
508,17,76,5
508,17,76,5
508,17,76,5
508,17,76,5
508,17,76,5
508,17,80,6
508,17,76,5
508,17,80,6
508,17,76,5
508,17,76,5
508,17,76,5
508,17,76,5
508,17,76,5
508,17,80,6
508,17,76,5
508,17,80,6
508,17,76,5
508,17,76,5
508,17,80,6
508,17,76,5
508,17,76,5
508,17,76,5
508,17,76,5
508,17,76,5
508,17,76,5
508,17,76,5
508,17,80,6
585,16,92,2
578,16,76,5
508,17,80,6
508,17,76,5
586,16,80,6
508,17,76,5
508,17,80,6
508,17,76,5
508,17,76,5
508,17,76,5
508,17,76,5
508,17,74,6
582,16,92,2
580,16,80,6
589,16,92,2
562,16,92,2
602,16,96,3
584,16,92,2
508,17,76,5
508,17,80,6
508,17,76,5
508,17,76,5
508,17,76,5
508,17,76,5
508,17,76,5
508,17,76,5
508,17,76,5
508,17,80,6
563,16,92,2
562,16,92,2
562,16,80,6
508,17,76,5
589,16,92,2
562,16,80,6
508,17,76,5
578,16,76,5
578,16,76,5
508,17,76,5
562,16,92,2
562,16,80,6
508,17,76,5
508,17,80,6
508,17,76,5
508,17,76,5
508,17,76,5
558,16,92,2
582,16,80,6
508,17,76,5
584,16,92,2
588,16,92,2
508,17,76,5
582,16,92,2
508,17,76,5
580,16,92,2
508,17,80,6
508,17,76,5
600,16,76,5
561,16,92,2
508,17,70,5
508,17,70,5
586,16,92,2
508,17,76,5
508,17,76,5
508,17,76,5
582,16,92,2
508,17,80,6
508,17,76,5
508,17,76,5
508,17,76,5
561,16,92,2
508,17,76,5
558,16,92,2
508,17,76,5
563,16,80,6
508,17,118,2
508,17,76,5
508,17,76,5
508,17,76,5
575,16,76,5
584,16,92,2
584,16,80,6
508,17,80,6
602,16,96,3
598,16,76,5
602,16,76,5
602,16,76,5
588,16,92,2
508,17,76,5
589,16,92,2
508,17,76,5
508,17,80,6
582,16,92,2
596,16,76,5
508,17,76,5
508,17,76,5
584,16,92,2
508,17,76,5
508,17,76,5
580,16,92,2
508,17,76,5
508,17,76,5
600,16,96,3
561,16,92,2
561,16,92,2
588,16,80,6
588,16,92,2
588,16,92,2
581,16,92,2
558,16,80,6
508,17,70,5
572,17,124,3
570,17,124,3
508,17,76,5
508,17,61,4
508,17,118,2
508,17,70,5
508,17,118,2
597,17,118,2
508,17,57,3
508,17,118,2
508,17,70,5
516,16,77,1
508,17,78,7
508,17,86,2
508,17,118,2
508,17,118,2
508,17,92,2
508,17,92,2
508,17,76,5
508,17,87,3
508,17,95,5
508,17,76,7
508,17,118,2
508,17,70,5
508,17,74,6
508,17,74,6
508,17,74,6
508,17,74,6
508,17,74,6
508,17,74,6
508,17,86,2
508,17,86,2
508,17,74,6
508,17,74,6
508,17,74,6
508,17,74,6
508,17,74,6
508,17,74,6
508,17,74,6
508,17,70,5
508,17,70,5
508,17,74,6
508,17,74,6
508,17,118,2
508,17,118,2
508,17,118,2
508,17,118,2
508,17,118,2
508,17,74,6
508,17,100,5
508,17,96,4
508,17,84,7
508,17,85,3
508,17,74,6
508,17,74,6
609,17,124,3
508,17,85,2
508,17,96,4
508,17,85,2
508,17,74,6
508,17,76,5
508,17,76,5
508,17,76,5
508,17,118,2
533,16,96,3
533,16,96,3
533,16,96,3
533,16,96,3
533,16,96,3
508,17,85,3
508,17,85,3
508,17,76,7
508,17,83,2
590,17,124,3
508,17,118,2
508,17,118,2
508,17,96,4
590,17,124,3
508,17,118,2
508,17,76,7
508,17,76,7
508,17,83,2
508,17,68,5
508,17,118,2
508,17,83,2
544,17,124,3
508,17,72,6
508,17,72,6
508,17,442,8
508,17,442,8
508,17,442,8
508,17,442,8
508,17,91,4
585,17,124,3
508,17,118,2
508,17,118,2
508,17,102,5
508,17,102,5
508,17,118,2
508,17,96,4
508,17,118,2
508,17,118,2
508,17,118,2
572,17,124,3
572,17,124,3
508,17,118,2
508,17,118,2
508,17,118,2
508,17,118,2
508,17,118,2
508,17,118,2
508,17,76,5
508,17,76,5
508,17,78,7
508,17,78,7
508,17,95,5
508,17,68,5
508,17,80,6
575,17,124,3
508,17,68,5
508,17,68,5
521,16,96,4
508,17,102,5
508,17,102,5
508,17,102,5
508,17,78,7
508,17,74,6
508,17,74,6
508,17,74,6
508,17,74,6
508,17,76,5
508,17,57,3
508,17,57,3
508,17,74,6
508,17,74,6
508,17,74,6
508,17,74,6
508,17,74,6
508,17,118,2
508,17,118,2
508,17,61,4
508,17,61,4
508,17,80,6
508,17,80,6
508,17,80,6
508,17,80,6
508,17,80,6
508,17,80,6
508,17,80,6
508,17,80,6
508,17,80,6
508,17,80,6
508,17,80,6
508,17,80,6
508,17,80,6
508,17,80,6
508,17,102,5
508,17,108,5
508,17,108,5
508,17,108,5
508,17,108,5
508,17,118,2
508,17,78,7
508,17,84,7
508,17,78,7
508,17,96,3
508,17,96,3
542,17,124,3
508,17,96,3
508,17,96,3
508,17,96,3
508,17,96,3
508,18,118,2
508,18,118,2
508,17,118,2
508,17,118,2
508,17,118,2
508,17,118,2
508,17,118,2
508,17,118,2
600,17,84,2
508,17,57,3
508,17,57,3
508,18,124,3
508,17,77,1
508,17,57,3
508,17,57,3
508,17,57,3
508,17,57,3
508,17,57,3
508,17,118,2
508,17,118,2
508,17,118,2
508,17,118,2
508,17,118,2
508,17,118,2
508,17,118,2
508,17,118,2
508,17,118,2
508,17,100,5
508,17,100,5
508,17,100,5
508,17,100,5
508,17,100,5
508,17,100,5
508,17,100,5
508,17,104,6
508,17,104,6
508,17,104,6
508,16,89,3
508,17,118,2
508,17,118,2
508,17,118,2
508,17,118,2
508,17,118,2
508,17,118,2
508,17,118,2
508,17,118,2
508,17,118,2
589,17,124,3
508,18,124,3
508,17,77,1
508,17,77,1
508,17,74,6
609,17,124,3
508,17,74,6
508,17,74,6
508,17,66,4
508,17,74,6
508,17,74,6
508,17,74,6
508,17,74,6
508,17,74,6
508,17,74,6
508,17,74,6
508,17,104,6
508,17,61,4
508,17,61,4
508,17,61,4
508,17,61,4
508,17,61,4
508,17,61,4
508,17,61,4
508,17,61,4
508,17,61,4
508,17,92,2
508,17,92,2
508,17,92,2
508,17,92,2
546,17,124,3
525,16,96,4
525,16,96,4
508,17,85,2
525,16,96,4
508,17,61,4
508,17,80,6
508,17,80,6
508,17,80,6
508,17,80,6
508,17,80,6
508,17,76,5
508,17,76,5
508,17,76,5
508,17,76,5
508,17,76,5
508,17,76,5
508,17,118,2
508,17,118,2
508,17,118,2
570,17,124,3
508,17,118,2
508,17,118,2
508,17,85,2
508,17,77,1
508,17,77,1
508,17,118,2
508,17,92,2
508,17,95,5
508,17,95,5
508,17,104,6
508,17,118,2
508,17,118,2
508,17,118,2
508,17,104,6
508,17,104,6
508,17,95,5
508,17,100,5
508,17,92,2
508,17,104,6
508,17,80,6
508,17,104,6
508,17,95,5
508,17,91,4
508,17,118,2
508,17,93,2
508,17,104,6
508,17,104,6
508,17,85,2
508,17,76,5
508,17,76,5
508,17,76,5
508,17,96,3
508,17,74,6
508,17,74,6
508,17,74,6
508,17,74,6
508,17,74,6
508,17,74,6
508,17,90,3
508,17,90,3
508,17,90,3
508,17,92,2
508,17,92,2
508,17,77,1
508,17,77,1
508,17,74,6
508,17,80,6
508,17,80,6
508,17,74,6
508,17,76,5
508,17,104,6
508,17,104,6
508,17,104,6
508,17,442,8
508,17,442,8
508,17,442,8
508,17,70,5
508,17,104,6
508,17,104,6
508,17,70,5
508,17,104,6
508,17,104,6
508,17,104,6
508,17,70,5
508,17,70,5
508,17,100,5
508,17,96,4
508,17,70,5
508,17,70,5
508,17,104,6
576,17,124,3
508,17,104,6
508,17,104,6
508,17,104,6
508,17,104,6
508,17,104,6
508,17,104,6
508,17,104,6
508,17,70,5
508,17,70,5
508,17,106,6
508,17,70,5
508,17,100,5
594,17,124,3
508,17,118,2
594,17,124,3
508,17,118,2
508,17,66,4
508,17,77,1
508,17,98,4
508,17,66,4
508,17,66,4
508,17,84,2
508,17,84,2
508,17,84,2
508,17,118,2
590,17,124,3
508,17,81,2
508,17,81,2
508,17,81,2
508,17,81,2
508,17,81,2
508,17,81,2
508,17,81,2
508,17,81,2
508,17,118,2
508,17,118,2
508,17,66,4
590,17,124,3
508,17,118,2
508,17,61,4
508,17,61,4
508,17,81,2
508,17,81,2
508,17,81,2
508,17,81,2
508,17,118,2
508,17,118,2
508,17,96,3
508,17,96,3
508,17,118,2
508,17,118,2
508,17,118,2
508,17,118,2
508,17,118,2
508,17,80,6
508,17,80,6
508,17,118,2
508,17,118,2
508,17,78,7
508,17,118,2
508,17,118,2
508,17,118,2
508,17,118,2
577,17,124,3
508,17,118,2
508,17,118,2
508,17,118,2
508,17,118,2
508,17,61,4
508,17,61,4
508,17,100,5
508,17,72,4
508,17,72,4
508,17,72,4
508,17,72,4
508,17,72,4
508,17,72,4
508,17,74,6
508,17,74,6
508,17,74,6
508,17,74,6
508,17,74,6
508,17,74,6
508,17,74,6
508,17,74,6
508,17,74,6
508,17,74,6
508,17,74,6
508,17,74,6
508,17,74,6
508,17,74,6
508,17,74,6
508,17,74,6
508,17,74,6
508,17,74,6
508,17,74,6
508,17,74,6
508,17,74,6
508,17,83,2
508,17,83,2
508,17,83,2
508,17,77,1
508,17,77,1
508,17,53,3
508,17,53,3
508,17,53,3
508,17,53,3
508,17,53,3
508,17,53,3
508,17,53,3
508,17,53,3
508,17,53,3
508,17,53,3
508,17,53,3
508,17,53,3
508,17,53,3
508,17,53,3
508,17,53,3
508,17,53,3
514,16,77,1
508,17,118,2
508,17,118,2
508,17,118,2
508,18,118,2
508,18,124,3
508,17,118,2
546,17,124,3
613,17,124,3
508,17,85,2
508,17,118,2
508,17,76,5
508,17,76,5
508,17,76,5
508,17,118,2
508,17,118,2
508,17,66,4
508,17,70,5
610,17,124,3
508,17,104,6
591,17,124,3
508,17,118,2
532,16,96,4
508,17,61,4
508,17,61,4
508,17,61,4
508,17,104,6
508,17,100,5
508,17,118,2
508,17,66,4
508,17,104,6
508,17,98,3
508,17,104,6
508,17,118,2
508,17,118,2
508,17,442,8
508,17,118,2
508,17,118,2
508,17,92,2
508,17,118,2
508,17,118,2
508,17,90,3
508,17,90,3
526,16,96,4
508,17,70,5
526,16,96,4
508,17,118,2
508,17,118,2
508,17,118,2
508,17,118,2
508,17,118,2
508,17,118,2
508,17,118,2
508,17,118,2
508,17,118,2
508,17,87,3
508,17,87,3
508,17,72,4
508,17,72,4
508,17,72,4
508,17,72,4
508,17,72,4
508,17,92,2
508,17,92,2
508,17,92,2
508,17,92,2
508,17,70,5
508,17,70,5
508,17,70,5
508,17,65,5
508,17,65,5
508,17,65,5
508,17,84,2
508,17,84,2
508,17,84,2
508,17,84,2
508,17,84,2
508,17,84,2
508,17,61,4
508,17,61,4
508,17,61,4
508,17,61,4
508,17,118,2
508,17,118,2
508,17,70,5
508,17,118,2
508,17,57,3
508,17,57,3
508,17,74,6
508,17,74,6
508,17,74,6
508,17,118,2
508,17,74,6
508,17,74,6
508,17,76,5
508,17,81,2
508,17,81,2
508,17,70,5
508,17,70,5
508,17,70,5
508,17,70,5
508,17,70,5
508,17,70,5
508,17,70,5
508,17,70,5
508,17,70,5
508,17,70,5
508,17,70,5
508,18,118,2
508,17,70,5
508,17,87,3
508,18,124,3
508,17,104,6
508,17,118,2
508,17,118,2
508,17,118,2
508,17,92,2
508,17,118,2
508,17,70,5
508,17,66,4
518,16,86,2
508,17,118,2
508,17,442,8
508,17,118,2
508,17,118,2
508,17,118,2
508,17,118,2
508,17,118,2
508,17,442,8
508,17,442,8
508,17,442,8
508,17,442,8
508,17,85,3
508,17,85,3
508,17,85,3
508,17,118,2
508,17,118,2
508,17,118,2
508,17,118,2
616,17,84,2
508,17,74,6
508,17,74,6
508,17,74,6
508,17,74,6
508,17,74,6
508,17,74,6
508,17,94,4
523,16,86,2
508,17,74,6
508,17,74,6
508,17,74,6
508,17,74,6
508,17,74,6
508,17,74,6
508,17,74,6
508,17,74,6
508,17,74,6
508,17,74,6
508,17,66,4
508,17,66,4
508,17,66,4
508,17,100,5
508,17,100,5
508,17,78,7
508,17,118,2
508,17,118,2
508,17,118,2
568,17,124,3
508,17,78,7
508,17,80,6
508,17,80,6
508,17,96,3
508,17,96,3
508,17,96,3
508,17,96,3
508,17,65,5
508,17,65,5
508,18,124,3
508,17,65,5
508,17,65,5
509,16,94,4
508,17,76,5
509,16,90,3
508,17,76,5
508,17,61,4
597,17,118,2
597,17,118,2
508,17,91,4
508,17,91,4
508,17,91,4
508,17,74,6
508,17,74,6
508,17,91,4
508,17,91,4
508,17,91,4
508,17,104,6
508,17,104,6
508,17,91,4
508,17,91,4
508,17,91,4
508,17,91,4
508,17,91,4
508,17,91,4
508,17,104,6
508,17,78,7
508,17,68,5
508,17,91,4
508,17,91,4
508,17,70,5
508,17,84,2
508,17,84,2
508,17,84,2
508,17,74,6
508,17,84,2
508,17,84,2
508,17,84,2
508,17,84,2
508,17,84,2
508,17,84,2
508,17,84,2
508,18,118,2
508,17,84,2
508,18,118,2
508,16,57,3
508,17,77,1
508,17,77,1
508,17,74,6
508,17,74,6
508,17,74,6
508,17,74,6
508,17,74,6
508,17,74,6
508,17,74,6
508,17,74,6
508,17,74,6
508,17,74,6
508,17,74,6
508,17,74,6
508,17,74,6
508,17,77,1
508,17,77,1
508,17,70,5
508,17,70,5
508,17,70,5
508,17,74,6
508,17,74,6
508,17,74,6
508,17,74,6
508,17,74,6
508,17,74,6
508,17,74,6
508,17,74,6
508,17,74,6
508,17,74,6
508,17,74,6
508,17,118,2
508,17,68,5
508,17,68,5
508,17,81,2
508,17,81,2
508,17,81,2
508,17,76,5
508,17,76,5
508,17,76,5
508,17,118,2
508,17,96,3
508,17,96,3
508,17,118,2
508,17,72,4
508,17,76,5
508,17,118,2
508,17,118,2
508,17,96,4
508,17,118,2
508,17,118,2
508,17,118,2
508,17,118,2
508,17,118,2
508,17,118,2
508,17,118,2
508,17,118,2
508,17,85,3
508,18,124,3
508,17,74,6
508,18,124,3
508,17,65,5
508,17,65,5
508,17,65,5
517,16,72,4
517,16,72,4
517,16,72,4
517,16,72,4
517,16,72,4
517,16,72,4
521,16,72,4
508,17,65,5
517,16,96,3
595,17,84,2
521,16,96,3
521,16,96,3
521,16,96,3
508,17,81,2
508,17,65,5
508,17,65,5
508,17,81,2
508,17,81,2
508,17,65,5
508,17,72,4
508,17,68,5
508,17,68,5
592,17,84,2
508,17,78,7
508,17,68,5
508,17,68,5
508,17,68,5
508,17,68,5
551,17,124,3
590,17,84,2
508,17,94,4
508,17,118,2
508,17,98,3
508,17,118,2
508,17,78,7
590,17,84,2
508,17,53,3
508,17,53,3
508,17,53,3
610,17,124,3
570,17,124,3
508,17,77,1
508,17,53,3
508,17,53,3
508,17,53,3
508,17,53,3
508,17,72,4
508,17,53,3
508,17,53,3
508,17,53,3
508,17,53,3
508,17,118,2
508,18,124,3
508,17,53,3
508,17,104,6
508,17,100,5
508,17,53,3
508,17,61,4
508,17,76,5
516,16,92,2
516,16,92,2
516,16,92,2
516,16,92,2
516,16,92,2
522,16,66,4
582,17,124,3
508,17,53,3
508,17,100,5
508,17,100,5
508,17,84,2
508,17,80,6
564,17,124,3
508,17,96,4
508,17,80,6
508,17,80,6
508,17,80,6
508,17,80,6
508,17,80,6
508,17,80,6
508,17,100,5
508,17,100,5
508,17,100,5
508,17,80,6
508,17,92,2
508,17,92,2
508,17,92,2
508,17,92,2
508,17,92,2
508,17,80,6
508,17,80,6
508,17,80,6
508,17,80,6
508,17,61,4
508,17,61,4
508,17,118,2
508,17,118,2
508,17,118,2
508,17,80,6
572,17,124,3
508,17,93,2
508,17,93,2
508,17,93,2
508,17,80,6
508,17,80,6
508,17,80,6
508,17,80,6
508,17,80,6
508,17,74,6
508,17,74,6
508,17,92,2
528,16,74,6
508,17,80,6
508,17,80,6
508,16,92,2
508,16,92,2
508,16,92,2
508,16,92,2
508,17,80,6
508,17,80,6
510,16,92,2
510,16,92,2
510,16,92,2
510,16,92,2
508,17,80,6
512,17,92,2
512,17,92,2
512,17,92,2
512,17,92,2
512,17,92,2
508,17,92,2
508,17,92,2
508,17,74,6
508,17,74,6
508,17,74,6
508,17,74,6
508,17,92,2
508,17,74,6
508,17,74,6
508,17,92,2
508,17,92,2
508,17,74,6
508,17,74,6
508,17,74,6
508,17,74,6
508,17,74,6
508,17,92,2
508,17,92,2
508,17,92,2
508,17,92,2
508,17,92,2
508,17,74,6
508,17,92,2
508,17,118,2
508,17,92,2
508,17,92,2
508,17,74,6
508,17,76,5
508,17,76,5
508,17,76,5
508,17,76,5
508,17,76,5
511,16,92,2
508,17,76,5
508,17,118,2
508,17,118,2
589,17,124,3
508,18,118,2
508,17,118,2
508,18,124,3
508,18,124,3
600,17,84,2
508,17,118,2
508,17,118,2
508,17,61,4
508,17,61,4
508,17,61,4
508,17,118,2
508,17,104,6
508,17,100,5
508,17,100,5
508,17,100,5
508,17,100,5
508,17,100,5
508,17,92,2
508,17,118,2
508,17,118,2
508,17,118,2
508,17,118,2
508,17,118,2
508,17,118,2
508,17,118,2
508,17,61,4
508,17,118,2
508,17,118,2
508,17,87,3
508,17,70,5
508,17,70,5
508,17,70,5
508,17,87,3
508,17,96,4
508,17,92,2
508,17,53,3
508,17,118,2
522,16,66,4
508,17,118,2
508,17,118,2
508,17,118,2
508,17,87,3
508,17,87,3
508,17,87,3
508,17,80,6
508,17,80,6
508,17,80,6
508,17,80,6
508,17,80,6
508,17,92,2
508,17,80,6
508,17,80,6
508,17,80,6
508,17,80,6
508,17,80,6
508,17,80,6
508,17,80,6
508,17,80,6
508,17,80,6
508,17,92,2
508,17,92,2
508,17,92,2
508,17,92,2
508,17,80,6
508,17,92,2
508,17,92,2
508,17,80,6
508,17,92,2
508,17,80,6
508,17,80,6
508,17,80,6
508,17,118,2
508,17,118,2
508,17,104,6
508,17,118,2
508,17,92,2
508,17,72,6
508,17,74,6
508,17,100,5
508,17,96,4
508,17,100,5
508,17,100,5
508,17,77,1
508,17,77,1
508,17,57,3
508,17,57,3
508,17,57,3
508,17,57,3
508,17,57,3
508,17,57,3
508,17,57,3
508,17,57,3
508,17,57,3
508,17,118,2
508,18,118,2
508,17,76,5
508,17,76,5
508,17,76,5
508,17,76,5
508,17,118,2
508,17,118,2
508,17,118,2
508,17,118,2
547,17,124,3
508,17,118,2
508,17,77,1
508,17,77,1
508,17,118,2
508,17,80,6
508,17,74,6
508,17,74,6
508,17,74,6
508,17,74,6
508,17,74,6
508,17,74,6
508,17,74,6
508,17,68,5
508,17,96,4
508,17,84,7
508,17,74,6
508,17,96,3
542,17,124,3
508,17,70,5
532,16,96,4
508,17,96,3
508,17,96,3
508,17,96,3
508,17,96,3
508,17,96,3
508,17,70,5
508,17,104,6
508,17,118,2
508,17,85,2
508,17,85,2
508,17,74,6
508,17,87,3
508,17,70,5
508,17,70,5
508,17,70,5
508,17,61,4
508,17,70,5
508,17,70,5
508,17,80,6
508,17,92,2
508,17,92,2
508,17,92,2
508,17,92,2
508,17,66,4
508,17,66,4
508,17,100,5
508,17,72,4
508,17,104,6
508,17,80,6
508,17,104,6
508,17,104,6
508,17,104,6
508,17,104,6
508,17,104,6
508,17,104,6
508,17,72,4
508,17,95,5
508,17,66,4
508,17,72,4
508,17,72,4
508,17,72,4
508,17,72,4
508,17,72,4
508,17,72,4
508,17,72,4
508,17,72,4
580,17,124,3
508,17,66,4
508,17,104,6
508,17,61,4
508,17,61,4
508,17,61,4
508,17,74,6
508,17,118,2
508,17,74,6
508,17,118,2
508,17,80,6
508,17,74,6
508,17,118,2
508,17,100,5
508,17,80,6
508,17,80,6
508,17,80,6
508,17,80,6
508,17,80,6
508,17,80,6
508,17,74,6
508,17,66,4
508,17,66,4
508,17,92,2
508,17,66,4
575,17,124,3
508,17,66,4
508,17,74,6
508,17,104,6
508,17,100,5
508,17,100,5
508,17,100,5
508,17,74,6
508,17,81,2
508,17,81,2
508,17,118,2
508,17,85,3
508,17,118,2
508,17,118,2
508,17,118,2
508,17,118,2
508,17,118,2
508,17,118,2
508,17,84,2
508,17,104,6
577,17,124,3
508,17,85,3
508,17,118,2
508,17,85,3
508,17,81,2
508,17,104,6
508,17,100,5
508,17,100,5
508,17,100,5
508,17,100,5
508,17,100,5
508,17,100,5
508,17,87,3
508,17,95,5
508,17,96,4
508,17,96,4
508,17,96,4
508,17,96,4
508,17,96,4
508,17,96,4
508,17,100,5
508,17,100,5
508,17,100,5
508,17,100,5
508,17,100,5
508,17,118,2
508,17,118,2
508,17,91,4
508,17,87,3
508,17,87,3
508,17,91,4
508,18,124,3
570,17,124,3
508,17,118,2
508,17,118,2
576,17,124,3
508,17,118,2
508,17,118,2
508,17,118,2
508,17,72,4
508,17,72,4
508,17,95,5
508,17,74,6
508,17,74,6
508,17,74,6
597,17,118,2
508,17,78,7
508,17,78,7
508,17,78,7
508,17,78,7
508,17,78,7
566,17,124,3
572,17,124,3
508,17,95,5
508,17,95,5
508,17,95,5
508,17,87,3
508,17,118,2
508,17,118,2
508,17,84,2
508,17,78,7
508,17,96,4
589,17,124,3
508,17,118,2
508,17,104,6
508,17,96,4
508,17,104,6
508,17,104,6
508,17,100,5
508,17,104,6
508,17,104,6
508,17,61,4
508,17,118,2
508,17,89,3
508,17,100,5
508,17,87,3
508,17,118,2
570,17,124,3
579,17,124,3
508,17,100,5
508,17,77,1
508,17,118,2
508,17,118,2
508,17,118,2
508,17,118,2
589,17,124,3
564,17,124,3
508,17,74,6
508,17,118,2
508,17,118,2
508,17,118,2
589,17,124,3
508,17,118,2
508,17,118,2
570,17,124,3
508,17,118,2
508,17,118,2
508,17,118,2
508,17,118,2
508,17,118,2
508,17,118,2
508,17,118,2
508,17,118,2
508,17,118,2
508,17,118,2
508,17,118,2
508,17,118,2
508,17,118,2
508,17,118,2
508,17,72,4
508,17,118,2
508,17,118,2
508,17,65,5
508,17,65,5
508,17,98,4
508,17,118,2
508,17,61,4
508,17,78,7
508,17,78,7
508,17,118,2
508,17,118,2
570,17,124,3
508,17,118,2
508,17,118,2
508,17,118,2
603,17,124,3
603,17,124,3
508,17,118,2
508,17,61,4
508,17,61,4
508,17,61,4
508,17,74,6
508,17,80,6
508,17,80,6
508,17,80,6
508,17,96,3
508,17,70,5
508,17,96,3
508,17,70,5
508,17,96,3
508,17,70,5
508,17,70,5
508,17,70,5
508,17,80,6
508,17,80,6
508,17,80,6
508,17,80,6
508,17,80,6
508,17,80,6
508,17,80,6
508,17,70,5
508,17,70,5
508,17,70,5
508,17,70,5
508,17,80,6
508,17,76,5
508,17,76,5
508,17,118,2
508,17,118,2
508,17,118,2
508,17,118,2
508,17,94,4
508,17,83,2
508,17,83,2
508,17,83,2
508,17,83,2
508,17,83,2
508,17,83,2
508,17,83,2
508,17,83,2
508,17,83,2
610,17,124,3
508,17,83,2
508,17,83,2
508,17,118,2
508,17,118,2
508,17,83,2
508,17,84,2
508,17,83,2
508,17,83,2
508,17,83,2
508,17,83,2
508,17,83,2
508,17,83,2
508,17,83,2
508,17,83,2
508,17,83,2
508,17,83,2
508,17,83,2
508,17,83,2
508,17,83,2
508,17,83,2
508,17,83,2
508,17,83,2
508,17,83,2
508,17,78,7
508,17,78,7
508,17,78,7
508,17,78,7
520,16,92,2
508,17,72,4
508,17,72,4
508,17,102,5
508,17,102,5
508,17,102,5
570,17,124,3
508,17,102,5
508,17,102,5
508,17,85,3
508,17,85,3
508,17,85,3
508,17,80,6
508,17,80,6
508,17,80,6
508,17,80,6
508,17,80,6
508,17,80,6
508,17,85,3
508,17,85,3
508,17,74,6
508,17,74,6
508,17,74,6
508,17,100,5
508,17,66,4
508,17,66,4
508,17,66,4
508,17,66,4
508,17,66,4
508,17,66,4
508,17,66,4
508,17,66,4
508,17,66,4
508,17,72,4
508,17,72,4
508,17,72,4
508,17,72,4
508,17,72,4
508,17,72,4
508,17,118,2
508,17,118,2
508,17,118,2
508,17,118,2
508,17,118,2
625,17,124,3
625,17,124,3
508,17,118,2
508,17,118,2
508,17,118,2
508,17,118,2
508,17,118,2
508,17,118,2
508,17,87,3
508,17,87,3
508,17,87,3
508,17,66,4
508,17,66,4
508,17,118,2
508,17,118,2
508,17,118,2
508,17,118,2
508,17,118,2
508,17,118,2
508,17,118,2
508,17,118,2
508,17,118,2
508,17,118,2
508,17,118,2
508,17,118,2
508,17,118,2
508,17,66,4
508,17,74,6
508,17,74,6
508,17,90,3
508,17,118,2
508,17,118,2
508,17,118,2
508,17,118,2
508,17,118,2
508,17,118,2
508,17,118,2
508,17,78,7
508,17,74,6
508,17,118,2
508,17,118,2
508,17,118,2
508,17,118,2
603,17,124,3
508,17,118,2
508,17,118,2
508,17,61,4
508,17,61,4
508,17,96,4
508,18,118,2
508,16,77,1
508,16,77,1
508,16,77,1
508,16,77,1
508,16,77,1
508,16,77,1
508,16,77,1
508,16,77,1
508,16,77,1
508,16,77,1
508,17,61,4
508,17,61,4
508,17,61,4
508,17,61,4
508,17,61,4
508,17,61,4
508,16,77,1
508,16,77,1
508,16,77,1
508,16,77,1
508,16,77,1
508,16,77,1
508,16,77,1
508,16,77,1
508,16,77,1
508,16,77,1
508,16,77,1
508,16,77,1
508,16,77,1
508,16,77,1
508,16,77,1
508,16,77,1
508,16,77,1
508,16,77,1
508,17,61,4
508,17,61,4
508,17,61,4
508,17,61,4
508,16,77,1
508,16,77,1
508,16,77,1
508,16,77,1
508,16,77,1
508,16,77,1
508,16,77,1
508,16,77,1
508,16,77,1
508,16,77,1
508,16,77,1
508,16,77,1
508,16,77,1
508,16,77,1
508,16,77,1
508,16,77,1
508,16,77,1
508,16,77,1
508,16,77,1
508,16,77,1
508,16,77,1
508,16,77,1
508,16,77,1
508,17,61,4
508,16,77,1
508,17,118,2
508,17,118,2
508,17,118,2
508,17,118,2
508,17,118,2
508,17,118,2
508,17,118,2
508,17,118,2
508,17,74,6
508,17,74,6
508,17,80,6
508,17,66,4
508,17,118,2
508,17,80,6
508,17,80,6
508,17,80,6
508,17,80,6
508,17,80,6
508,17,80,6
508,17,74,6
508,17,84,7
508,17,104,6
508,17,66,4
508,17,118,2
508,17,66,4
508,17,74,6
508,17,104,6
508,17,100,5
508,17,70,5
508,17,70,5
508,17,78,7
508,17,104,6
508,17,100,5
508,17,100,5
508,17,104,6
508,17,100,5
508,17,100,5
508,17,80,6
508,17,80,6
508,17,104,6
508,17,104,6
508,17,104,6
508,17,100,5
508,17,100,5
508,17,100,5
508,17,85,2
508,17,85,2
508,18,118,2
576,17,124,3
508,17,104,6
508,17,118,2
508,17,118,2
508,17,118,2
508,17,118,2
597,17,118,2
508,17,118,2
508,17,70,5
508,17,74,6
508,17,74,6
508,17,74,6
508,17,118,2
508,18,118,2
508,16,78,7
508,17,74,6
508,17,80,6
508,17,80,6
508,17,80,6
508,17,80,6
508,17,118,2
508,17,118,2
508,17,80,6
508,17,80,6
508,17,80,6
508,17,80,6
508,17,80,6
508,17,80,6
508,17,80,6
508,17,80,6
508,17,118,2
508,17,70,5
508,17,70,5
508,17,95,5
508,17,92,2
508,17,118,2
508,17,118,2
508,17,118,2
508,17,57,3
508,17,118,2
508,17,104,6
508,17,70,5
508,17,70,5
508,17,70,5
508,17,76,5
508,17,76,5
508,17,76,5
508,17,76,5
508,17,76,5
508,17,78,7
508,17,78,7
508,17,74,6
508,17,74,6
508,17,74,6
508,17,74,6
508,17,74,6
508,17,74,6
508,17,74,6
508,17,74,6
508,17,74,6
508,17,74,6
508,17,74,6
508,17,74,6
508,17,74,6
508,17,94,4
508,17,94,4
508,17,74,6
508,17,84,2
508,17,84,2
508,17,68,5
508,17,68,5
508,17,68,5
575,17,124,3
508,17,96,4
590,17,124,3
590,17,124,3
508,17,118,2
534,17,124,3
508,17,118,2
508,17,68,5
508,17,89,3
508,17,89,3
508,17,100,5
508,17,104,6
508,17,104,6
508,17,104,6
508,17,104,6
508,17,104,6
508,17,100,5
508,17,104,6
508,17,104,6
508,17,68,5
508,17,118,2
508,17,118,2
508,17,104,6
508,17,104,6
508,17,104,6
508,17,104,6
508,17,104,6
508,17,104,6
508,17,104,6
508,17,104,6
508,17,104,6
508,17,95,5
508,17,104,6
508,17,94,4
508,17,94,4
508,17,84,2
508,17,84,2
508,17,84,2
508,17,84,2
508,17,84,2
508,17,84,2
508,17,95,5
508,17,95,5
508,17,95,5
508,17,95,5
508,17,95,5
508,17,74,6
508,17,74,6
184,8,81,2
508,17,94,4
508,17,87,3
508,17,87,3
508,17,80,6
508,17,80,6
585,17,124,3
610,17,124,3
508,17,92,2
508,17,92,2
508,17,118,2
508,17,87,1
508,17,70,5
508,17,92,2
508,17,92,2
508,17,70,5
508,17,104,6
508,18,118,2
508,17,118,2
508,17,92,2
508,17,98,5
508,17,84,2
508,17,84,2
508,17,84,2
508,17,84,2
508,17,104,6
508,17,87,1
508,17,87,1
508,17,66,4
508,17,70,5
508,17,66,4
508,17,95,5
508,17,70,5
508,17,118,2
508,17,118,2
508,17,57,3
508,17,57,3
508,17,57,3
508,17,104,6
508,17,104,6
508,17,104,6
508,17,104,6
508,17,104,6
508,17,76,5
508,17,74,6
508,17,74,6
508,17,74,6
508,17,74,6
508,17,74,6
508,17,74,6
508,17,85,3
508,17,70,5
508,17,70,5
508,17,118,2
#close	2025-02-23-09-13-44
