#separator \x09
#set_separator	,
#empty_field	(empty)
#unset_field	-
#path	shuf_tranco004_tls13_2024_01_30_13h29
#open	2025-01-28-21-50-52
#fields	tls_packet_lengths_record
#types	vector[count]
596,14,118,2,3
596,14,118,2,3
596,14,118,2,3
596,14,118,2,3
596,14,118,2,3
596,14,118,2,3
596,14,118,2,3
596,14,118,2,3
596,14,118,2,3
585,14,118,2,3
589,14,118,2,3
588,14,118,2,3
588,14,118,2,3
588,14,118,2,3
588,14,118,2,3
588,14,118,2,3
585,14,118,2,3
592,14,118,2,3
592,14,118,2,3
592,14,118,2,3
592,14,118,2,3
591,14,118,2,3
592,14,118,2,3
592,14,118,2,3
592,14,118,2,3
591,14,118,2,3
604,14,118,2,3
604,14,118,2,3
580,14,151,2,3
584,14,151,2,3
1164,14,124,3,3
584,14,151,2,3
584,14,151,2,3
584,14,151,2,3
584,14,151,2,3
584,14,151,2,3
587,14,118,2,3
586,14,118,2,3
595,14,118,2,3
584,14,151,2,3
584,14,151,2,3
584,14,151,2,3
584,14,151,2,3
587,14,118,2,3
584,14,151,2,3
584,14,151,2,3
606,14,151,2,3
606,14,151,2,3
584,14,151,2,3
584,14,151,2,3
583,14,118,2,3
583,14,118,2,3
587,14,118,2,3
591,14,118,2,3
591,14,118,2,3
591,14,118,2,3
591,14,118,2,3
591,14,118,2,3
591,14,118,2,3
591,14,118,2,3
593,14,118,2,3
591,14,118,2,3
592,14,118,2,3
582,14,118,2,3
587,14,118,2,3
591,14,118,2,3
588,14,118,2,3
588,14,118,2,3
588,14,118,2,3
588,14,118,2,3
588,14,118,2,3
588,14,118,2,3
588,14,118,2,3
587,14,118,2,3
587,14,118,2,3
595,14,118,2,3
584,14,118,2,3
595,14,118,2,3
579,14,118,2,3
587,14,118,2,3
587,14,118,2,3
588,14,118,2,3
591,14,118,2,3
588,14,118,2,3
585,14,118,2,3
581,14,118,2,3
581,14,118,2,3
584,14,118,2,3
584,14,118,2,3
590,14,118,2,3
590,14,118,2,3
590,14,118,2,3
583,14,118,2,3
587,14,118,2,3
587,14,118,2,3
590,14,118,2,3
590,14,118,2,3
590,14,118,2,3
590,14,118,2,3
590,14,118,2,3
590,14,118,2,3
595,14,118,2,3
595,14,118,2,3
588,14,118,2,3
584,14,118,2,3
579,14,118,2,3
591,14,118,2,3
579,14,118,2,3
591,14,118,2,3
588,14,118,2,3
586,14,118,2,3
586,14,118,2,3
582,14,118,2,3
585,14,118,2,3
595,14,118,2,3
616,14,118,2,3
588,14,118,2,3
586,14,118,2,3
582,14,118,2,3
586,14,118,2,3
595,14,118,2,3
585,14,118,2,3
583,14,118,2,3
583,14,118,2,3
587,14,118,2,3
587,14,118,2,3
586,14,118,2,3
580,14,118,2,3
584,14,118,2,3
586,14,118,2,3
586,14,118,2,3
586,14,118,2,3
588,14,118,2,3
586,14,118,2,3
605,14,118,2,3
592,14,118,2,3
583,14,118,2,3
592,14,118,2,3
599,14,151,2,3
583,14,118,2,3
586,14,118,2,3
586,14,118,2,3
590,14,118,2,3
595,14,118,2,3
595,14,118,2,3
586,14,118,2,3
590,14,118,2,3
588,14,118,2,3
586,14,118,2,3
590,14,118,2,3
588,14,118,2,3
584,14,118,2,3
584,14,118,2,3
588,14,118,2,3
592,14,118,2,3
592,14,118,2,3
595,14,118,2,3
591,14,118,2,3
600,14,118,2,3
600,14,118,2,3
586,14,118,2,3
589,14,118,2,3
585,14,118,2,3
585,14,118,2,3
586,14,118,2,3
586,14,118,2,3
588,14,118,2,3
588,14,118,2,3
586,14,118,2,3
588,14,118,2,3
586,14,118,2,3
586,14,118,2,3
586,14,118,2,3
581,14,118,2,3
591,14,118,2,3
591,14,118,2,3
600,14,118,2,3
600,14,118,2,3
588,14,118,2,3
590,14,118,2,3
585,14,118,2,3
588,14,118,2,3
588,14,118,2,3
600,14,118,2,3
590,14,118,2,3
585,14,118,2,3
586,14,118,2,3
582,14,118,2,3
584,14,118,2,3
587,14,118,2,3
587,14,118,2,3
585,14,118,2,3
578,14,118,2,3
578,14,118,2,3
595,14,118,2,3
595,14,118,2,3
581,14,118,2,3
592,14,118,2,3
580,14,118,2,3
591,14,118,2,3
576,14,118,2,3
576,14,118,2,3
597,14,118,2,3
582,14,151,2,3
602,14,118,2,3
602,14,118,2,3
602,14,118,2,3
581,14,118,2,3
592,14,118,2,3
585,14,118,2,3
585,14,118,2,3
597,14,118,2,3
585,14,118,2,3
585,14,118,2,3
578,14,118,2,3
600,14,118,2,3
600,14,118,2,3
586,14,118,2,3
586,14,118,2,3
581,14,118,2,3
600,14,118,2,3
581,14,118,2,3
757,14,124,3,3
594,14,118,2,3
594,14,118,2,3
1170,15,124,3,3
600,14,118,2,3
598,14,118,2,3
604,14,118,2,3
581,14,118,2,3
584,14,118,2,3
587,14,118,2,3
585,14,118,2,3
589,14,118,2,3
582,14,118,2,3
586,14,118,2,3
586,14,118,2,3
594,14,118,2,3
594,14,118,2,3
592,14,118,2,3
592,14,118,2,3
592,14,118,2,3
592,14,118,2,3
592,14,118,2,3
592,14,118,2,3
592,14,118,2,3
592,14,118,2,3
592,14,118,2,3
592,14,118,2,3
592,14,118,2,3
582,14,118,2,3
591,14,118,2,3
586,14,118,2,3
586,14,118,2,3
586,14,118,2,3
586,14,118,2,3
581,14,118,2,3
582,14,118,2,3
582,14,118,2,3
585,14,118,2,3
576,14,118,2,3
578,14,118,2,3
578,14,118,2,3
578,14,118,2,3
578,14,118,2,3
578,14,118,2,3
578,14,118,2,3
578,14,118,2,3
578,14,118,2,3
578,14,118,2,3
578,14,118,2,3
578,14,118,2,3
578,14,118,2,3
580,14,118,2,3
578,14,118,2,3
578,14,118,2,3
578,14,118,2,3
578,14,118,2,3
578,14,118,2,3
578,14,118,2,3
580,14,118,2,3
605,14,118,2,3
590,14,118,2,3
590,14,118,2,3
589,14,118,2,3
595,14,118,2,3
595,14,118,2,3
586,14,118,2,3
588,14,118,2,3
587,14,118,2,3
586,14,118,2,3
586,14,118,2,3
586,14,118,2,3
586,14,118,2,3
584,14,118,2,3
595,14,118,2,3
595,14,118,2,3
586,14,118,2,3
588,14,118,2,3
587,14,118,2,3
586,14,118,2,3
597,14,118,2,3
605,14,118,2,3
582,14,118,2,3
577,14,118,2,3
584,14,118,2,3
581,14,118,2,3
585,14,118,2,3
588,14,118,2,3
588,14,118,2,3
589,14,118,2,3
589,14,118,2,3
589,14,118,2,3
589,14,118,2,3
589,14,118,2,3
589,14,118,2,3
589,14,118,2,3
589,14,118,2,3
589,14,118,2,3
589,14,118,2,3
589,14,118,2,3
589,14,118,2,3
589,14,118,2,3
589,14,118,2,3
589,14,118,2,3
589,14,118,2,3
589,14,118,2,3
589,14,118,2,3
588,14,118,2,3
588,14,118,2,3
595,14,118,2,3
603,14,118,2,3
603,14,118,2,3
620,14,118,2,3
605,14,118,2,3
605,14,118,2,3
592,14,118,2,3
582,14,118,2,3
585,14,118,2,3
578,14,118,2,3
583,14,118,2,3
583,14,118,2,3
587,14,118,2,3
595,14,118,2,3
595,14,118,2,3
595,14,118,2,3
588,14,118,2,3
588,14,118,2,3
589,14,118,2,3
589,14,118,2,3
589,14,118,2,3
589,14,118,2,3
603,14,118,2,3
583,14,118,2,3
605,14,118,2,3
584,14,118,2,3
586,14,118,2,3
586,14,118,2,3
600,14,118,2,3
591,14,118,2,3
591,14,118,2,3
585,14,118,2,3
596,14,118,2,3
595,14,118,2,3
590,14,118,2,3
590,14,118,2,3
588,14,118,2,3
590,14,118,2,3
590,14,118,2,3
590,14,118,2,3
593,14,118,2,3
591,14,118,2,3
600,14,118,2,3
585,14,118,2,3
590,14,118,2,3
590,14,118,2,3
590,14,118,2,3
590,14,118,2,3
590,14,118,2,3
596,14,118,2,3
590,14,118,2,3
590,14,118,2,3
593,14,118,2,3
593,14,118,2,3
593,14,118,2,3
593,14,118,2,3
588,14,118,2,3
596,14,118,2,3
595,14,118,2,3
588,14,118,2,3
596,14,118,2,3
595,14,118,2,3
591,14,118,2,3
578,14,118,2,3
578,14,118,2,3
582,14,118,2,3
582,14,118,2,3
580,14,118,2,3
578,14,118,2,3
578,14,118,2,3
578,14,118,2,3
583,14,118,2,3
587,14,118,2,3
1082,15,124,3,3
591,14,118,2,3
591,14,118,2,3
591,14,118,2,3
596,14,118,2,3
591,14,118,2,3
595,14,118,2,3
594,14,118,2,3
600,14,118,2,3
585,14,118,2,3
598,14,118,2,3
595,14,118,2,3
580,14,118,2,3
589,14,118,2,3
586,14,118,2,3
585,14,118,2,3
585,14,118,2,3
585,14,118,2,3
585,14,118,2,3
585,14,118,2,3
585,14,118,2,3
588,14,118,2,3
588,14,118,2,3
588,14,118,2,3
588,14,118,2,3
588,14,118,2,3
588,14,118,2,3
588,14,118,2,3
588,14,118,2,3
588,14,118,2,3
588,14,118,2,3
588,14,118,2,3
588,14,118,2,3
591,14,118,2,3
591,14,118,2,3
591,14,118,2,3
591,14,118,2,3
591,14,118,2,3
591,14,118,2,3
591,14,118,2,3
591,14,118,2,3
1204,14,124,3,3
587,14,118,2,3
591,14,118,2,3
591,14,118,2,3
592,14,118,2,3
584,14,118,2,3
615,14,118,2,3
615,14,118,2,3
580,14,118,2,3
578,14,118,2,3
588,14,118,2,3
584,14,118,2,3
583,14,118,2,3
580,14,118,2,3
588,14,118,2,3
595,14,118,2,3
588,14,118,2,3
588,14,118,2,3
588,14,118,2,3
584,14,118,2,3
584,14,118,2,3
588,14,118,2,3
588,14,118,2,3
595,14,118,2,3
591,14,118,2,3
586,14,118,2,3
586,14,118,2,3
582,14,118,2,3
586,14,118,2,3
586,14,118,2,3
894,14,124,3,3
894,14,124,3,3
586,14,118,2,3
586,14,118,2,3
584,14,118,2,3
588,14,118,2,3
588,14,118,2,3
588,14,118,2,3
588,14,118,2,3
588,14,118,2,3
598,14,118,2,3
598,14,118,2,3
598,14,118,2,3
595,14,118,2,3
595,14,118,2,3
595,14,118,2,3
591,14,118,2,3
584,14,118,2,3
587,14,118,2,3
591,14,118,2,3
591,14,118,2,3
588,14,118,2,3
588,14,118,2,3
597,14,118,2,3
597,14,118,2,3
597,14,118,2,3
595,14,118,2,3
584,14,118,2,3
584,14,118,2,3
597,14,118,2,3
597,14,118,2,3
584,14,151,2,3
584,14,151,2,3
588,14,151,2,3
588,14,151,2,3
583,14,118,2,3
595,14,118,2,3
595,14,118,2,3
586,14,118,2,3
586,14,118,2,3
591,14,118,2,3
591,14,118,2,3
591,14,118,2,3
586,14,118,2,3
586,14,118,2,3
591,14,118,2,3
591,14,118,2,3
591,14,118,2,3
601,14,118,2,3
593,14,118,2,3
588,14,118,2,3
586,14,118,2,3
588,14,118,2,3
593,14,118,2,3
586,14,118,2,3
584,14,118,2,3
595,14,118,2,3
586,14,118,2,3
586,14,118,2,3
587,14,118,2,3
587,14,118,2,3
587,14,118,2,3
587,14,118,2,3
587,14,118,2,3
587,14,118,2,3
587,14,118,2,3
587,14,118,2,3
587,14,118,2,3
587,14,118,2,3
587,14,118,2,3
587,14,118,2,3
595,14,118,2,3
591,14,118,2,3
598,14,118,2,3
583,14,118,2,3
577,14,118,2,3
584,14,118,2,3
588,14,118,2,3
588,14,118,2,3
597,14,118,2,3
597,14,118,2,3
583,14,118,2,3
578,14,118,2,3
578,14,118,2,3
587,14,118,2,3
588,14,118,2,3
588,14,118,2,3
582,14,118,2,3
603,14,118,2,3
577,14,118,2,3
581,14,151,2,3
585,14,118,2,3
603,14,118,2,3
580,14,118,2,3
580,14,118,2,3
578,14,118,2,3
578,14,118,2,3
593,14,118,2,3
593,14,118,2,3
593,14,118,2,3
587,14,118,2,3
587,14,118,2,3
591,14,118,2,3
591,14,118,2,3
612,14,118,2,3
612,14,118,2,3
595,14,118,2,3
600,14,118,2,3
582,14,118,2,3
582,14,118,2,3
588,14,118,2,3
588,14,118,2,3
588,14,118,2,3
1091,15,124,3,3
1091,15,124,3,3
591,14,118,2,3
1073,14,124,3,3
582,14,118,2,3
582,14,118,2,3
586,14,118,2,3
586,14,118,2,3
1081,15,124,3,3
586,14,118,2,3
591,14,118,2,3
593,14,118,2,3
591,14,118,2,3
591,14,118,2,3
593,14,118,2,3
585,14,118,2,3
589,14,118,2,3
588,14,118,2,3
590,14,118,2,3
590,14,118,2,3
590,14,118,2,3
590,14,118,2,3
590,14,118,2,3
590,14,118,2,3
588,14,118,2,3
590,14,118,2,3
590,14,118,2,3
590,14,118,2,3
590,14,118,2,3
590,14,118,2,3
590,14,118,2,3
592,14,118,2,3
592,14,118,2,3
588,14,118,2,3
588,14,118,2,3
588,14,118,2,3
595,14,118,2,3
594,14,118,2,3
589,14,118,2,3
580,14,118,2,3
595,14,118,2,3
595,14,118,2,3
595,14,118,2,3
595,14,118,2,3
591,14,118,2,3
591,14,118,2,3
591,14,118,2,3
591,14,118,2,3
588,14,118,2,3
588,14,118,2,3
583,14,118,2,3
583,14,118,2,3
588,14,118,2,3
588,14,118,2,3
588,14,118,2,3
587,14,118,2,3
587,14,118,2,3
587,14,118,2,3
598,14,118,2,3
598,14,118,2,3
598,14,118,2,3
587,14,118,2,3
587,14,118,2,3
578,14,118,2,3
582,14,118,2,3
586,14,118,2,3
590,14,118,2,3
590,14,118,2,3
590,14,118,2,3
590,14,118,2,3
590,14,118,2,3
605,14,118,2,3
583,14,118,2,3
587,14,118,2,3
595,14,118,2,3
588,14,118,2,3
588,14,118,2,3
588,14,118,2,3
588,14,118,2,3
588,14,118,2,3
588,14,118,2,3
590,14,118,2,3
599,14,118,2,3
584,14,118,2,3
590,14,118,2,3
590,14,118,2,3
590,14,118,2,3
586,14,118,2,3
587,14,118,2,3
587,14,118,2,3
590,14,118,2,3
590,14,118,2,3
590,14,118,2,3
590,14,118,2,3
590,14,118,2,3
590,14,118,2,3
594,14,118,2,3
591,14,118,2,3
591,14,118,2,3
591,14,118,2,3
601,14,118,2,3
586,14,118,2,3
588,14,118,2,3
586,14,118,2,3
595,14,118,2,3
582,14,118,2,3
590,14,118,2,3
587,14,118,2,3
594,14,118,2,3
591,14,118,2,3
587,14,118,2,3
591,14,118,2,3
601,14,118,2,3
586,14,118,2,3
595,14,118,2,3
582,14,118,2,3
586,14,118,2,3
590,14,118,2,3
587,14,118,2,3
587,14,118,2,3
586,14,118,2,3
586,14,118,2,3
584,14,118,2,3
584,14,118,2,3
588,14,118,2,3
586,14,118,2,3
586,14,118,2,3
586,14,118,2,3
588,14,118,2,3
586,14,118,2,3
584,14,118,2,3
587,14,118,2,3
588,14,118,2,3
588,14,118,2,3
588,14,118,2,3
586,14,118,2,3
586,14,118,2,3
586,14,118,2,3
586,14,118,2,3
595,14,118,2,3
586,14,118,2,3
586,14,118,2,3
586,14,118,2,3
586,14,118,2,3
586,14,118,2,3
586,14,118,2,3
586,14,118,2,3
586,14,118,2,3
586,14,118,2,3
586,14,118,2,3
586,14,118,2,3
586,14,118,2,3
586,14,118,2,3
586,14,118,2,3
586,14,118,2,3
586,14,118,2,3
586,14,118,2,3
586,14,118,2,3
586,14,118,2,3
604,14,118,2,3
604,14,118,2,3
604,14,118,2,3
579,14,118,2,3
583,14,118,2,3
583,14,118,2,3
588,14,118,2,3
579,14,118,2,3
579,14,118,2,3
583,14,118,2,3
583,14,118,2,3
583,14,118,2,3
770,14,124,3,3
770,14,124,3,3
583,14,118,2,3
587,14,118,2,3
580,14,118,2,3
587,14,118,2,3
580,14,118,2,3
591,14,118,2,3
591,14,118,2,3
595,14,118,2,3
597,14,118,2,3
590,14,118,2,3
585,14,118,2,3
591,14,118,2,3
595,14,118,2,3
595,14,118,2,3
597,14,118,2,3
590,14,118,2,3
585,14,118,2,3
591,14,118,2,3
595,14,118,2,3
583,14,118,2,3
587,14,118,2,3
601,14,118,2,3
591,14,118,2,3
595,14,118,2,3
586,14,118,2,3
586,14,118,2,3
595,14,118,2,3
587,14,118,2,3
588,14,118,2,3
587,14,118,2,3
588,14,118,2,3
591,14,118,2,3
591,14,118,2,3
591,14,118,2,3
591,14,118,2,3
591,14,118,2,3
591,14,118,2,3
591,14,118,2,3
591,14,118,2,3
591,14,118,2,3
591,14,118,2,3
591,14,118,2,3
591,14,118,2,3
591,14,118,2,3
591,14,118,2,3
587,14,118,2,3
587,14,118,2,3
604,14,118,2,3
583,14,118,2,3
591,14,118,2,3
583,14,118,2,3
583,14,118,2,3
604,14,118,2,3
583,14,118,2,3
591,14,118,2,3
588,14,118,2,3
583,14,118,2,3
588,14,118,2,3
599,14,118,2,3
584,14,118,2,3
594,14,118,2,3
588,14,118,2,3
588,14,118,2,3
587,14,118,2,3
587,14,118,2,3
586,14,118,2,3
587,14,118,2,3
587,14,118,2,3
599,14,118,2,3
581,14,118,2,3
590,14,118,2,3
586,14,118,2,3
600,14,118,2,3
589,14,118,2,3
635,14,118,2,3
585,14,118,2,3
598,14,118,2,3
597,14,118,2,3
597,14,118,2,3
605,14,118,2,3
581,14,118,2,3
581,14,118,2,3
585,14,118,2,3
591,14,118,2,3
591,14,118,2,3
591,14,118,2,3
585,14,118,2,3
585,14,118,2,3
585,14,118,2,3
588,14,118,2,3
585,14,118,2,3
588,14,118,2,3
588,14,118,2,3
588,14,118,2,3
588,14,118,2,3
595,14,118,2,3
597,14,118,2,3
587,14,118,2,3
597,14,118,2,3
595,14,118,2,3
581,14,118,2,3
581,14,118,2,3
580,14,118,2,3
580,14,118,2,3
603,14,151,2,3
603,14,151,2,3
594,14,118,2,3
584,14,118,2,3
584,14,118,2,3
588,14,118,2,3
595,14,118,2,3
595,14,118,2,3
591,14,118,2,3
591,14,118,2,3
591,14,118,2,3
591,14,118,2,3
591,14,118,2,3
591,14,118,2,3
591,14,118,2,3
591,14,118,2,3
591,14,118,2,3
593,14,118,2,3
590,14,118,2,3
590,14,118,2,3
593,14,118,2,3
590,14,118,2,3
590,14,118,2,3
585,14,118,2,3
595,14,118,2,3
587,14,118,2,3
586,14,118,2,3
586,14,118,2,3
580,14,118,2,3
593,14,118,2,3
584,14,118,2,3
589,14,118,2,3
588,14,118,2,3
588,14,118,2,3
590,14,118,2,3
590,14,118,2,3
585,14,118,2,3
585,14,118,2,3
585,14,118,2,3
585,14,118,2,3
585,14,118,2,3
595,14,118,2,3
595,14,118,2,3
595,14,118,2,3
595,14,118,2,3
595,14,118,2,3
588,14,118,2,3
589,14,118,2,3
588,14,118,2,3
590,14,118,2,3
585,14,118,2,3
585,14,118,2,3
595,14,118,2,3
595,14,118,2,3
585,14,118,2,3
595,14,118,2,3
595,14,118,2,3
585,14,118,2,3
595,14,118,2,3
577,14,118,2,3
577,14,118,2,3
599,14,118,2,3
599,14,118,2,3
605,14,118,2,3
580,14,118,2,3
586,14,118,2,3
587,14,118,2,3
582,14,118,2,3
582,14,118,2,3
586,14,118,2,3
586,14,118,2,3
578,14,118,2,3
578,14,118,2,3
580,14,118,2,3
587,14,118,2,3
580,14,118,2,3
592,14,118,2,3
592,14,118,2,3
621,14,118,2,3
621,14,118,2,3
621,14,118,2,3
621,14,118,2,3
583,14,118,2,3
590,14,118,2,3
590,14,118,2,3
586,14,118,2,3
586,14,118,2,3
598,14,118,2,3
579,14,118,2,3
579,14,118,2,3
583,14,118,2,3
583,14,118,2,3
587,14,118,2,3
587,14,118,2,3
587,14,118,2,3
587,14,118,2,3
587,14,118,2,3
583,14,118,2,3
581,14,118,2,3
585,14,118,2,3
600,14,118,2,3
588,14,118,2,3
588,14,118,2,3
588,14,118,2,3
588,14,118,2,3
588,14,118,2,3
600,14,118,2,3
588,14,118,2,3
596,14,118,2,3
596,14,118,2,3
585,14,118,2,3
589,14,118,2,3
588,14,118,2,3
591,14,118,2,3
591,14,118,2,3
592,14,118,2,3
592,14,118,2,3
592,14,118,2,3
592,14,118,2,3
595,14,118,2,3
601,14,118,2,3
585,14,118,2,3
584,14,118,2,3
592,14,118,2,3
592,14,118,2,3
592,14,118,2,3
592,14,118,2,3
595,14,118,2,3
601,14,118,2,3
584,14,118,2,3
587,14,118,2,3
626,14,118,2,3
626,14,118,2,3
583,14,118,2,3
595,14,118,2,3
580,14,118,2,3
587,14,118,2,3
595,14,118,2,3
585,14,118,2,3
587,14,118,2,3
595,14,118,2,3
626,14,118,2,3
583,14,118,2,3
580,14,118,2,3
585,14,118,2,3
595,14,118,2,3
587,14,118,2,3
592,14,118,2,3
592,14,118,2,3
591,14,118,2,3
586,14,118,2,3
586,14,118,2,3
589,14,118,2,3
591,14,118,2,3
587,14,118,2,3
585,14,118,2,3
585,14,118,2,3
585,14,118,2,3
589,14,118,2,3
585,14,118,2,3
585,14,118,2,3
585,14,118,2,3
588,14,118,2,3
591,14,118,2,3
582,14,118,2,3
586,14,118,2,3
591,14,118,2,3
591,14,118,2,3
591,14,118,2,3
581,14,118,2,3
594,14,118,2,3
596,14,118,2,3
598,14,118,2,3
598,14,151,2,3
590,14,118,2,3
586,14,118,2,3
593,14,151,2,3
588,14,118,2,3
599,14,118,2,3
599,14,118,2,3
599,14,118,2,3
582,14,118,2,3
582,14,118,2,3
602,14,118,2,3
602,14,118,2,3
602,14,118,2,3
602,14,118,2,3
602,14,118,2,3
587,14,118,2,3
587,14,118,2,3
587,14,118,2,3
599,14,118,2,3
599,14,118,2,3
602,14,118,2,3
600,14,118,2,3
600,14,118,2,3
600,14,118,2,3
600,14,118,2,3
588,14,118,2,3
588,14,118,2,3
580,14,118,2,3
584,14,118,2,3
581,14,118,2,3
1136,14,118,2,3
1136,14,118,2,3
581,14,118,2,3
581,14,118,2,3
581,14,118,2,3
581,14,118,2,3
1136,14,124,3,3
581,14,118,2,3
587,14,118,2,3
587,14,118,2,3
587,14,118,2,3
604,14,118,2,3
599,14,118,2,3
588,14,118,2,3
583,14,118,2,3
583,14,118,2,3
583,14,118,2,3
583,14,118,2,3
604,14,118,2,3
587,14,118,2,3
599,14,118,2,3
588,14,118,2,3
588,14,118,2,3
588,14,118,2,3
584,14,118,2,3
588,14,118,2,3
583,14,118,2,3
583,14,118,2,3
583,14,118,2,3
583,14,118,2,3
588,14,118,2,3
588,14,118,2,3
588,14,118,2,3
588,14,118,2,3
591,14,118,2,3
584,14,118,2,3
584,14,118,2,3
584,14,118,2,3
596,14,118,2,3
584,14,118,2,3
584,14,118,2,3
586,14,118,2,3
588,14,118,2,3
588,14,118,2,3
585,14,118,2,3
589,14,118,2,3
584,14,118,2,3
586,14,118,2,3
584,14,118,2,3
590,14,118,2,3
584,14,118,2,3
584,14,118,2,3
1081,14,124,3,3
586,14,118,2,3
586,14,118,2,3
586,14,118,2,3
586,14,118,2,3
586,14,118,2,3
590,14,118,2,3
595,14,118,2,3
586,14,118,2,3
586,14,118,2,3
586,14,118,2,3
586,14,118,2,3
586,14,118,2,3
595,14,118,2,3
587,14,118,2,3
587,14,118,2,3
582,14,118,2,3
586,14,118,2,3
586,14,118,2,3
595,14,118,2,3
595,14,118,2,3
586,14,118,2,3
586,14,118,2,3
586,14,118,2,3
586,14,118,2,3
586,14,118,2,3
590,14,118,2,3
590,14,118,2,3
593,14,118,2,3
586,14,118,2,3
585,14,118,2,3
584,14,118,2,3
584,14,118,2,3
584,14,118,2,3
593,14,118,2,3
584,14,118,2,3
585,14,118,2,3
599,14,118,2,3
588,14,118,2,3
587,14,118,2,3
587,14,118,2,3
587,14,118,2,3
587,14,118,2,3
599,14,118,2,3
588,14,118,2,3
587,14,118,2,3
585,14,118,2,3
585,14,118,2,3
591,14,118,2,3
591,14,118,2,3
591,14,118,2,3
591,14,118,2,3
591,14,118,2,3
591,14,118,2,3
591,14,118,2,3
591,14,118,2,3
591,14,118,2,3
591,14,118,2,3
591,14,118,2,3
589,14,118,2,3
580,14,118,2,3
580,14,118,2,3
589,14,118,2,3
591,14,118,2,3
590,14,118,2,3
595,14,118,2,3
595,14,118,2,3
595,14,118,2,3
595,14,118,2,3
587,14,118,2,3
596,14,118,2,3
591,14,118,2,3
590,14,118,2,3
591,14,118,2,3
585,14,118,2,3
585,14,118,2,3
596,14,118,2,3
756,14,124,3,3
756,14,124,3,3
585,14,118,2,3
585,14,118,2,3
585,14,118,2,3
585,14,118,2,3
585,14,118,2,3
585,14,118,2,3
585,14,118,2,3
585,14,118,2,3
585,14,118,2,3
585,14,118,2,3
585,14,118,2,3
585,14,118,2,3
585,14,118,2,3
585,14,118,2,3
585,14,118,2,3
580,14,118,2,3
580,14,118,2,3
586,14,118,2,3
586,14,118,2,3
591,14,118,2,3
584,14,118,2,3
584,14,118,2,3
602,14,118,2,3
602,14,118,2,3
589,14,118,2,3
589,14,118,2,3
602,14,118,2,3
589,14,118,2,3
589,14,118,2,3
579,14,118,2,3
579,14,118,2,3
583,14,118,2,3
583,14,118,2,3
591,14,118,2,3
582,14,118,2,3
586,14,118,2,3
586,14,118,2,3
582,14,118,2,3
585,14,118,2,3
586,14,118,2,3
578,14,118,2,3
578,14,118,2,3
582,14,118,2,3
582,14,118,2,3
582,14,118,2,3
595,14,118,2,3
595,14,118,2,3
600,14,118,2,3
600,14,118,2,3
591,14,118,2,3
591,14,118,2,3
577,14,151,2,3
586,14,118,2,3
590,14,118,2,3
590,14,118,2,3
591,14,118,2,3
591,14,118,2,3
591,14,118,2,3
591,14,118,2,3
591,14,118,2,3
596,14,118,2,3
596,14,118,2,3
596,14,118,2,3
588,14,118,2,3
584,14,118,2,3
584,14,118,2,3
588,14,118,2,3
591,14,118,2,3
591,14,118,2,3
580,14,118,2,3
580,14,118,2,3
593,14,118,2,3
580,14,118,2,3
587,14,118,2,3
587,14,118,2,3
587,14,118,2,3
591,14,118,2,3
590,14,118,2,3
591,14,118,2,3
588,14,118,2,3
597,14,118,2,3
587,14,118,2,3
577,14,118,2,3
581,14,118,2,3
588,14,118,2,3
588,14,118,2,3
588,14,118,2,3
588,14,118,2,3
588,14,118,2,3
588,14,118,2,3
588,14,118,2,3
588,14,118,2,3
588,14,118,2,3
588,14,118,2,3
588,14,118,2,3
588,14,118,2,3
588,14,118,2,3
588,14,118,2,3
588,14,118,2,3
591,14,118,2,3
591,14,118,2,3
591,14,118,2,3
591,14,118,2,3
591,14,118,2,3
591,14,118,2,3
591,14,118,2,3
591,14,118,2,3
591,14,118,2,3
591,14,118,2,3
591,14,118,2,3
591,14,118,2,3
584,14,118,2,3
588,14,118,2,3
588,14,118,2,3
588,14,118,2,3
584,14,118,2,3
588,14,118,2,3
588,14,118,2,3
588,14,118,2,3
588,14,118,2,3
588,14,118,2,3
604,14,118,2,3
595,14,118,2,3
590,14,118,2,3
593,14,118,2,3
598,14,118,2,3
592,14,118,2,3
587,14,118,2,3
591,14,118,2,3
583,14,118,2,3
582,14,151,2,3
590,14,118,2,3
590,14,118,2,3
605,14,118,2,3
590,14,118,2,3
594,14,118,2,3
597,14,118,2,3
597,14,118,2,3
609,14,118,2,3
611,14,118,2,3
584,14,118,2,3
585,14,118,2,3
585,14,118,2,3
582,14,118,2,3
586,14,118,2,3
591,14,118,2,3
578,14,84,2,3
602,14,118,2,3
604,14,118,2,3
585,14,118,2,3
580,14,151,2,3
580,14,151,2,3
577,14,118,2,3
597,14,118,2,3
597,14,118,2,3
595,14,118,2,3
595,14,118,2,3
593,14,118,2,3
580,14,118,2,3
588,14,118,2,3
588,14,118,2,3
587,14,118,2,3
591,14,118,2,3
591,14,118,2,3
591,14,118,2,3
591,14,118,2,3
591,14,118,2,3
585,14,118,2,3
586,14,118,2,3
586,14,118,2,3
595,14,118,2,3
595,14,118,2,3
588,14,118,2,3
588,14,118,2,3
588,14,118,2,3
588,14,118,2,3
590,14,118,2,3
588,14,118,2,3
580,14,118,2,3
588,14,118,2,3
590,14,118,2,3
595,14,118,2,3
593,14,118,2,3
593,14,118,2,3
588,14,118,2,3
588,14,118,2,3
588,14,118,2,3
590,14,118,2,3
588,14,118,2,3
588,14,118,2,3
580,14,118,2,3
588,14,118,2,3
591,14,118,2,3
591,14,118,2,3
586,14,118,2,3
586,14,118,2,3
586,14,118,2,3
592,14,118,2,3
591,14,118,2,3
591,14,118,2,3
598,14,118,2,3
586,14,118,2,3
592,14,118,2,3
586,14,118,2,3
586,14,118,2,3
590,14,118,2,3
598,14,118,2,3
599,14,118,2,3
590,14,118,2,3
590,14,118,2,3
586,14,118,2,3
577,14,118,2,3
577,14,118,2,3
577,14,118,2,3
591,14,118,2,3
591,14,118,2,3
591,14,118,2,3
591,14,118,2,3
591,14,118,2,3
591,14,118,2,3
587,14,118,2,3
589,14,118,2,3
589,14,118,2,3
589,14,118,2,3
589,14,118,2,3
589,14,118,2,3
589,14,118,2,3
589,14,118,2,3
589,14,118,2,3
589,14,118,2,3
589,14,118,2,3
589,14,118,2,3
589,14,118,2,3
589,14,118,2,3
589,14,118,2,3
589,14,118,2,3
589,14,118,2,3
589,14,118,2,3
589,14,118,2,3
589,14,118,2,3
589,14,118,2,3
589,14,118,2,3
589,14,118,2,3
589,14,118,2,3
589,14,118,2,3
589,14,118,2,3
589,14,118,2,3
589,14,118,2,3
589,14,118,2,3
589,14,118,2,3
589,14,118,2,3
589,14,118,2,3
589,14,118,2,3
589,14,118,2,3
589,14,118,2,3
589,14,118,2,3
589,14,118,2,3
589,14,118,2,3
589,14,118,2,3
589,14,118,2,3
589,14,118,2,3
589,14,118,2,3
589,14,118,2,3
589,14,118,2,3
589,14,118,2,3
589,14,118,2,3
589,14,118,2,3
589,14,118,2,3
589,14,118,2,3
589,14,118,2,3
589,14,118,2,3
589,14,118,2,3
589,14,118,2,3
589,14,118,2,3
589,14,118,2,3
589,14,118,2,3
589,14,118,2,3
589,14,118,2,3
589,14,118,2,3
589,14,118,2,3
589,14,118,2,3
578,14,118,2,3
578,14,118,2,3
583,14,118,2,3
583,14,118,2,3
583,14,118,2,3
590,14,118,2,3
580,14,118,2,3
583,14,118,2,3
595,14,118,2,3
595,14,118,2,3
590,14,151,2,3
590,14,151,2,3
589,14,118,2,3
589,14,118,2,3
585,14,118,2,3
603,14,118,2,3
578,14,118,2,3
582,14,118,2,3
601,14,118,2,3
601,14,118,2,3
601,14,118,2,3
601,14,118,2,3
601,14,118,2,3
601,14,118,2,3
599,14,118,2,3
601,14,118,2,3
601,14,118,2,3
601,14,118,2,3
601,14,118,2,3
601,14,118,2,3
601,14,118,2,3
599,14,118,2,3
595,14,118,2,3
587,14,118,2,3
595,14,118,2,3
587,14,118,2,3
594,14,118,2,3
594,14,118,2,3
599,14,118,2,3
601,14,118,2,3
584,14,118,2,3
584,14,118,2,3
582,14,118,2,3
591,14,118,2,3
593,14,118,2,3
591,14,118,2,3
590,14,118,2,3
590,14,118,2,3
594,14,118,2,3
594,14,118,2,3
591,14,118,2,3
591,14,118,2,3
595,14,118,2,3
594,14,118,2,3
594,14,118,2,3
594,14,118,2,3
603,14,118,2,3
588,14,118,2,3
595,14,118,2,3
594,14,118,2,3
594,14,118,2,3
594,14,118,2,3
603,14,118,2,3
588,14,118,2,3
620,14,118,2,3
584,14,118,2,3
584,14,118,2,3
602,14,118,2,3
602,14,118,2,3
584,14,118,2,3
583,14,118,2,3
583,14,118,2,3
587,14,118,2,3
588,14,118,2,3
586,14,118,2,3
586,14,118,2,3
586,14,118,2,3
586,14,118,2,3
578,14,118,2,3
578,14,118,2,3
589,14,118,2,3
589,14,118,2,3
580,14,118,2,3
580,14,118,2,3
580,14,118,2,3
580,14,118,2,3
580,14,118,2,3
580,14,118,2,3
580,14,118,2,3
580,14,118,2,3
580,14,118,2,3
580,14,118,2,3
603,14,118,2,3
603,14,118,2,3
583,14,118,2,3
583,14,118,2,3
584,14,118,2,3
587,14,118,2,3
591,14,118,2,3
586,14,118,2,3
586,14,118,2,3
586,14,118,2,3
586,14,118,2,3
586,14,118,2,3
586,14,118,2,3
590,14,118,2,3
588,14,118,2,3
588,14,118,2,3
588,14,118,2,3
588,14,118,2,3
588,14,118,2,3
586,14,118,2,3
596,14,118,2,3
596,14,118,2,3
596,14,118,2,3
596,14,118,2,3
596,14,118,2,3
595,14,118,2,3
595,14,118,2,3
595,14,118,2,3
583,14,118,2,3
587,14,118,2,3
599,14,118,2,3
597,14,118,2,3
597,14,118,2,3
581,14,118,2,3
582,14,118,2,3
581,14,118,2,3
581,14,118,2,3
585,14,118,2,3
585,14,118,2,3
591,14,118,2,3
591,14,118,2,3
588,14,118,2,3
579,14,118,2,3
579,14,118,2,3
583,14,118,2,3
587,14,118,2,3
589,14,118,2,3
595,14,118,2,3
588,14,118,2,3
601,14,118,2,3
601,14,118,2,3
595,14,118,2,3
592,14,118,2,3
588,14,118,2,3
599,14,118,2,3
594,14,118,2,3
594,14,118,2,3
586,14,118,2,3
588,14,118,2,3
600,14,118,2,3
583,14,151,2,3
583,14,151,2,3
586,14,118,2,3
595,14,118,2,3
599,14,118,2,3
584,14,118,2,3
584,14,118,2,3
586,14,118,2,3
586,14,118,2,3
586,14,118,2,3
585,14,118,2,3
586,14,118,2,3
586,14,118,2,3
593,14,118,2,3
586,14,118,2,3
587,14,118,2,3
590,14,118,2,3
590,14,118,2,3
590,14,118,2,3
587,14,118,2,3
588,14,118,2,3
588,14,118,2,3
592,14,118,2,3
592,14,118,2,3
586,14,118,2,3
591,14,118,2,3
591,14,118,2,3
586,14,118,2,3
588,14,118,2,3
588,14,118,2,3
582,14,118,2,3
586,14,118,2,3
586,14,118,2,3
588,14,118,2,3
582,14,118,2,3
586,14,118,2,3
586,14,118,2,3
588,14,118,2,3
586,14,118,2,3
588,14,118,2,3
586,14,118,2,3
588,14,118,2,3
588,14,118,2,3
586,14,118,2,3
586,14,118,2,3
586,14,118,2,3
586,14,118,2,3
591,14,118,2,3
591,14,118,2,3
588,14,118,2,3
588,14,118,2,3
587,14,118,2,3
591,14,118,2,3
600,14,118,2,3
600,14,118,2,3
595,14,118,2,3
600,14,118,2,3
600,14,118,2,3
595,14,118,2,3
590,14,118,2,3
590,14,118,2,3
590,14,118,2,3
590,14,118,2,3
599,14,118,2,3
599,14,118,2,3
593,14,118,2,3
593,14,118,2,3
601,14,118,2,3
601,14,118,2,3
578,14,118,2,3
595,14,118,2,3
595,14,118,2,3
585,14,118,2,3
589,14,118,2,3
585,14,118,2,3
591,14,118,2,3
591,14,118,2,3
588,14,118,2,3
588,14,118,2,3
588,14,118,2,3
581,14,151,2,3
583,14,118,2,3
585,14,118,2,3
580,14,118,2,3
606,14,118,2,3
597,14,118,2,3
597,14,118,2,3
582,14,118,2,3
582,14,118,2,3
587,14,118,2,3
588,14,118,2,3
588,14,118,2,3
588,14,118,2,3
588,14,118,2,3
588,14,118,2,3
588,14,118,2,3
584,14,118,2,3
599,14,118,2,3
599,14,118,2,3
591,14,118,2,3
591,14,118,2,3
591,14,118,2,3
591,14,118,2,3
588,14,118,2,3
588,14,118,2,3
588,14,118,2,3
580,14,151,2,3
597,14,118,2,3
592,14,118,2,3
592,14,118,2,3
595,14,118,2,3
595,14,118,2,3
595,14,118,2,3
595,14,118,2,3
595,14,118,2,3
595,14,118,2,3
595,14,118,2,3
595,14,118,2,3
595,14,118,2,3
595,14,118,2,3
595,14,118,2,3
595,14,118,2,3
595,14,118,2,3
595,14,118,2,3
601,14,118,2,3
595,14,118,2,3
601,14,118,2,3
596,14,118,2,3
596,14,118,2,3
596,14,118,2,3
596,14,118,2,3
596,14,118,2,3
596,14,118,2,3
596,14,118,2,3
596,14,118,2,3
596,14,118,2,3
596,14,118,2,3
596,14,118,2,3
596,14,118,2,3
584,14,118,2,3
578,14,118,2,3
578,14,118,2,3
591,14,118,2,3
591,14,118,2,3
591,14,118,2,3
588,14,118,2,3
590,14,118,2,3
586,14,118,2,3
596,14,118,2,3
586,14,118,2,3
588,14,118,2,3
591,14,118,2,3
591,14,118,2,3
591,14,118,2,3
590,14,118,2,3
596,14,118,2,3
587,14,118,2,3
586,14,118,2,3
592,14,118,2,3
595,14,118,2,3
594,14,118,2,3
590,14,118,2,3
588,14,118,2,3
587,14,118,2,3
589,14,118,2,3
605,14,118,2,3
597,14,118,2,3
597,14,118,2,3
584,14,118,2,3
584,14,118,2,3
588,14,118,2,3
588,14,118,2,3
591,14,118,2,3
591,14,118,2,3
591,14,118,2,3
591,14,118,2,3
595,14,118,2,3
586,14,118,2,3
586,14,118,2,3
595,14,118,2,3
586,14,118,2,3
586,14,118,2,3
592,14,118,2,3
588,14,151,2,3
588,14,151,2,3
588,14,151,2,3
588,14,151,2,3
588,14,151,2,3
588,14,151,2,3
600,14,118,2,3
600,14,118,2,3
600,14,118,2,3
600,14,118,2,3
600,14,118,2,3
600,14,118,2,3
586,14,118,2,3
586,14,118,2,3
587,14,118,2,3
591,14,118,2,3
588,14,118,2,3
596,14,118,2,3
596,14,118,2,3
596,14,118,2,3
605,14,118,2,3
590,14,118,2,3
590,14,118,2,3
590,14,118,2,3
590,14,118,2,3
590,14,118,2,3
590,14,118,2,3
605,14,118,2,3
590,14,118,2,3
590,14,118,2,3
590,14,118,2,3
590,14,118,2,3
590,14,118,2,3
590,14,118,2,3
590,14,118,2,3
590,14,118,2,3
590,14,118,2,3
590,14,118,2,3
590,14,118,2,3
590,14,118,2,3
590,14,118,2,3
590,14,118,2,3
590,14,118,2,3
590,14,118,2,3
590,14,118,2,3
590,14,118,2,3
603,14,118,2,3
603,14,118,2,3
582,14,118,2,3
586,14,118,2,3
587,14,118,2,3
580,14,118,2,3
603,14,118,2,3
581,14,118,2,3
601,14,118,2,3
585,14,118,2,3
589,14,118,2,3
592,14,118,2,3
592,14,118,2,3
592,14,118,2,3
592,14,118,2,3
592,14,118,2,3
595,14,118,2,3
595,14,118,2,3
590,14,118,2,3
590,14,118,2,3
595,14,118,2,3
591,14,118,2,3
591,14,118,2,3
591,14,118,2,3
591,14,118,2,3
591,14,118,2,3
591,14,118,2,3
595,14,118,2,3
604,14,118,2,3
598,14,118,2,3
598,14,118,2,3
598,14,118,2,3
598,14,118,2,3
599,14,118,2,3
584,14,118,2,3
584,14,118,2,3
584,14,118,2,3
584,14,118,2,3
594,14,118,2,3
585,14,118,2,3
585,14,118,2,3
585,14,118,2,3
586,14,118,2,3
1164,14,124,3,3
605,14,118,2,3
590,14,118,2,3
584,14,118,2,3
585,14,118,2,3
591,14,118,2,3
591,14,118,2,3
591,14,118,2,3
591,14,118,2,3
591,14,118,2,3
584,14,118,2,3
579,14,151,2,3
595,14,118,2,3
595,14,118,2,3
591,14,118,2,3
581,14,118,2,3
581,14,118,2,3
591,14,118,2,3
589,14,118,2,3
588,14,118,2,3
600,14,118,2,3
586,14,118,2,3
586,14,118,2,3
582,14,151,2,3
586,14,151,2,3
587,14,118,2,3
602,14,118,2,3
602,14,118,2,3
602,14,118,2,3
602,14,118,2,3
600,14,118,2,3
594,14,118,2,3
594,14,118,2,3
594,14,118,2,3
594,14,118,2,3
594,14,118,2,3
594,14,118,2,3
584,14,118,2,3
588,14,118,2,3
592,14,118,2,3
592,14,118,2,3
592,14,118,2,3
592,14,118,2,3
592,14,118,2,3
592,14,118,2,3
598,14,118,2,3
626,14,118,2,3
599,14,118,2,3
599,14,118,2,3
599,14,118,2,3
591,14,118,2,3
595,14,118,2,3
592,14,118,2,3
592,14,118,2,3
592,14,118,2,3
592,14,118,2,3
593,14,118,2,3
595,14,118,2,3
590,14,118,2,3
594,14,118,2,3
591,14,118,2,3
586,14,118,2,3
589,14,118,2,3
595,14,118,2,3
590,14,118,2,3
594,14,118,2,3
596,14,118,2,3
586,14,118,2,3
589,14,118,2,3
596,14,118,2,3
607,14,118,2,3
598,14,118,2,3
584,14,118,2,3
584,14,118,2,3
588,14,118,2,3
588,14,118,2,3
595,14,118,2,3
582,14,118,2,3
590,14,118,2,3
591,14,118,2,3
588,14,118,2,3
596,14,118,2,3
588,14,118,2,3
588,14,118,2,3
594,14,118,2,3
584,14,118,2,3
584,14,118,2,3
580,14,118,2,3
584,14,118,2,3
595,14,118,2,3
587,14,118,2,3
601,14,118,2,3
583,14,118,2,3
581,14,118,2,3
604,14,118,2,3
595,14,118,2,3
580,14,118,2,3
599,14,118,2,3
591,14,118,2,3
591,14,118,2,3
591,14,118,2,3
591,14,118,2,3
591,14,118,2,3
591,14,118,2,3
595,14,118,2,3
587,14,118,2,3
587,14,118,2,3
594,14,118,2,3
591,14,118,2,3
588,14,118,2,3
588,14,118,2,3
588,14,118,2,3
596,14,118,2,3
604,14,118,2,3
584,14,118,2,3
585,14,118,2,3
592,14,118,2,3
601,14,118,2,3
594,14,118,2,3
585,14,118,2,3
585,14,118,2,3
584,14,118,2,3
588,14,118,2,3
588,14,118,2,3
588,14,118,2,3
588,14,118,2,3
588,14,118,2,3
588,14,118,2,3
588,14,118,2,3
588,14,118,2,3
588,14,118,2,3
588,14,118,2,3
588,14,118,2,3
585,14,118,2,3
585,14,118,2,3
585,14,118,2,3
585,14,118,2,3
585,14,118,2,3
585,14,118,2,3
585,14,118,2,3
585,14,118,2,3
585,14,118,2,3
585,14,118,2,3
585,14,118,2,3
585,14,118,2,3
593,14,118,2,3
1155,14,124,3,3
593,14,118,2,3
1212,14,124,3,3
581,14,118,2,3
581,14,118,2,3
585,14,118,2,3
585,14,118,2,3
586,14,118,2,3
586,14,118,2,3
595,14,118,2,3
591,14,118,2,3
591,14,118,2,3
591,14,118,2,3
591,14,118,2,3
591,14,118,2,3
584,14,118,2,3
591,14,118,2,3
586,14,118,2,3
612,14,118,2,3
595,14,118,2,3
600,14,118,2,3
600,14,118,2,3
588,14,118,2,3
588,14,118,2,3
599,14,118,2,3
598,14,118,2,3
598,14,118,2,3
604,14,118,2,3
603,14,118,2,3
615,14,118,2,3
581,14,118,2,3
585,14,118,2,3
589,14,118,2,3
595,14,118,2,3
585,14,118,2,3
588,14,118,2,3
588,14,118,2,3
599,14,118,2,3
596,14,118,2,3
596,14,118,2,3
580,14,118,2,3
580,14,118,2,3
588,14,118,2,3
588,14,118,2,3
588,14,118,2,3
588,14,118,2,3
590,14,118,2,3
588,14,118,2,3
590,14,118,2,3
587,14,118,2,3
595,14,118,2,3
595,14,118,2,3
595,14,118,2,3
584,14,118,2,3
584,14,118,2,3
585,14,118,2,3
585,14,118,2,3
588,14,118,2,3
586,14,118,2,3
586,14,118,2,3
586,14,118,2,3
588,14,118,2,3
586,14,118,2,3
582,14,118,2,3
584,14,118,2,3
584,14,118,2,3
1075,14,124,3,3
587,14,118,2,3
587,14,118,2,3
587,14,118,2,3
588,14,118,2,3
592,14,118,2,3
588,14,118,2,3
588,14,118,2,3
588,14,118,2,3
588,14,118,2,3
593,14,118,2,3
592,14,118,2,3
592,14,118,2,3
592,14,118,2,3
592,14,118,2,3
592,14,118,2,3
592,14,118,2,3
600,14,118,2,3
595,14,118,2,3
583,14,118,2,3
588,14,118,2,3
588,14,118,2,3
586,14,118,2,3
579,14,118,2,3
588,14,118,2,3
588,14,118,2,3
586,14,118,2,3
586,14,118,2,3
586,14,118,2,3
586,14,118,2,3
586,14,118,2,3
586,14,118,2,3
607,14,118,2,3
593,14,118,2,3
593,14,118,2,3
588,14,118,2,3
588,14,118,2,3
600,14,118,2,3
585,14,118,2,3
586,14,118,2,3
600,14,118,2,3
600,14,118,2,3
582,14,118,2,3
579,14,118,2,3
590,14,151,2,3
603,14,118,2,3
583,14,118,2,3
579,14,118,2,3
583,14,118,2,3
586,14,118,2,3
588,14,118,2,3
587,14,118,2,3
582,14,118,2,3
583,14,118,2,3
595,14,118,2,3
585,14,118,2,3
590,14,118,2,3
588,14,118,2,3
588,14,118,2,3
589,14,118,2,3
579,14,118,2,3
579,14,118,2,3
591,14,118,2,3
587,14,118,2,3
588,14,118,2,3
591,14,118,2,3
585,14,118,2,3
594,14,118,2,3
599,14,118,2,3
584,14,118,2,3
588,14,118,2,3
579,14,118,2,3
1210,14,124,3,3
582,14,118,2,3
579,14,118,2,3
579,14,118,2,3
581,14,118,2,3
588,14,118,2,3
603,14,118,2,3
581,14,118,2,3
579,14,118,2,3
581,14,118,2,3
595,14,118,2,3
595,14,118,2,3
595,14,118,2,3
601,14,118,2,3
588,14,118,2,3
592,14,118,2,3
598,14,118,2,3
592,14,118,2,3
592,14,118,2,3
592,14,118,2,3
592,14,118,2,3
592,14,118,2,3
596,14,118,2,3
596,14,118,2,3
596,14,118,2,3
596,14,118,2,3
596,14,118,2,3
596,14,118,2,3
592,14,118,2,3
592,14,118,2,3
592,14,118,2,3
592,14,118,2,3
592,14,118,2,3
592,14,118,2,3
596,14,118,2,3
596,14,118,2,3
596,14,118,2,3
596,14,118,2,3
596,14,118,2,3
596,14,118,2,3
592,14,118,2,3
588,14,118,2,3
601,14,118,2,3
601,14,118,2,3
601,14,118,2,3
588,14,118,2,3
583,14,118,2,3
583,14,118,2,3
583,14,118,2,3
585,14,118,2,3
592,14,118,2,3
585,14,118,2,3
592,14,118,2,3
587,14,118,2,3
577,14,118,2,3
577,14,118,2,3
595,14,118,2,3
1196,14,124,3,3
577,14,118,2,3
1196,14,124,3,3
577,14,118,2,3
599,14,118,2,3
595,14,118,2,3
594,14,118,2,3
585,14,118,2,3
584,14,118,2,3
576,14,151,2,3
589,14,118,2,3
599,14,118,2,3
599,14,118,2,3
599,14,118,2,3
599,14,118,2,3
599,14,118,2,3
599,14,118,2,3
578,14,118,2,3
599,14,118,2,3
1197,14,118,2,3
1197,14,118,2,3
578,14,118,2,3
601,14,151,2,3
601,14,151,2,3
579,14,118,2,3
595,14,151,2,3
595,14,151,2,3
579,14,118,2,3
587,14,118,2,3
591,14,118,2,3
591,14,118,2,3
591,14,118,2,3
591,14,118,2,3
591,14,118,2,3
591,14,118,2,3
589,14,118,2,3
590,14,118,2,3
583,14,118,2,3
587,14,118,2,3
601,14,118,2,3
601,14,118,2,3
601,14,118,2,3
601,14,118,2,3
591,14,118,2,3
595,14,118,2,3
588,14,118,2,3
590,14,118,2,3
595,14,118,2,3
596,14,118,2,3
588,14,118,2,3
595,14,118,2,3
597,14,118,2,3
597,14,118,2,3
587,14,118,2,3
590,14,118,2,3
593,14,118,2,3
587,14,118,2,3
587,14,118,2,3
593,14,118,2,3
595,14,118,2,3
595,14,118,2,3
601,14,118,2,3
594,14,118,2,3
594,14,118,2,3
594,14,118,2,3
584,14,118,2,3
599,14,118,2,3
583,14,151,2,3
602,14,118,2,3
581,14,118,2,3
583,14,118,2,3
587,14,118,2,3
586,14,118,2,3
586,14,118,2,3
586,14,118,2,3
588,14,118,2,3
586,14,118,2,3
585,14,118,2,3
589,14,118,2,3
586,14,118,2,3
595,14,118,2,3
595,14,118,2,3
586,14,118,2,3
586,14,118,2,3
598,14,118,2,3
596,14,118,2,3
596,14,118,2,3
587,14,118,2,3
589,14,118,2,3
586,14,118,2,3
604,14,118,2,3
601,14,118,2,3
591,14,118,2,3
591,14,118,2,3
594,14,118,2,3
589,14,118,2,3
591,14,118,2,3
594,14,118,2,3
591,14,118,2,3
585,14,118,2,3
589,14,118,2,3
590,14,118,2,3
589,14,118,2,3
589,14,118,2,3
590,14,118,2,3
597,14,118,2,3
597,14,118,2,3
595,14,118,2,3
595,14,118,2,3
604,14,118,2,3
604,14,118,2,3
588,14,118,2,3
588,14,118,2,3
1082,14,124,3,3
588,14,118,2,3
588,14,118,2,3
584,14,118,2,3
589,14,118,2,3
600,14,118,2,3
589,14,118,2,3
597,14,118,2,3
591,14,118,2,3
593,14,118,2,3
593,14,118,2,3
589,14,118,2,3
600,14,118,2,3
591,14,118,2,3
584,14,118,2,3
599,14,118,2,3
594,14,118,2,3
594,14,118,2,3
588,14,118,2,3
592,14,118,2,3
596,14,118,2,3
585,14,118,2,3
597,14,118,2,3
596,14,118,2,3
586,14,118,2,3
586,14,118,2,3
586,14,118,2,3
588,14,118,2,3
586,14,118,2,3
579,14,151,2,3
583,14,151,2,3
588,14,118,2,3
588,14,118,2,3
588,14,118,2,3
586,14,118,2,3
590,14,118,2,3
593,14,118,2,3
593,14,118,2,3
590,14,118,2,3
587,14,118,2,3
595,14,118,2,3
593,14,118,2,3
590,14,118,2,3
587,14,118,2,3
595,14,118,2,3
595,14,118,2,3
595,14,118,2,3
583,14,118,2,3
592,14,118,2,3
597,14,118,2,3
597,14,118,2,3
597,14,118,2,3
597,14,118,2,3
597,14,118,2,3
601,14,118,2,3
595,14,118,2,3
595,14,118,2,3
595,14,118,2,3
595,14,118,2,3
595,14,118,2,3
595,14,118,2,3
594,14,118,2,3
594,14,118,2,3
585,14,118,2,3
587,14,118,2,3
586,14,118,2,3
592,14,118,2,3
595,14,118,2,3
626,14,118,2,3
595,14,118,2,3
593,14,118,2,3
591,14,118,2,3
591,14,118,2,3
593,14,118,2,3
587,14,118,2,3
587,14,118,2,3
595,14,118,2,3
595,14,118,2,3
591,14,118,2,3
590,14,118,2,3
590,14,118,2,3
590,14,118,2,3
595,14,118,2,3
595,14,118,2,3
599,14,118,2,3
584,14,118,2,3
594,14,118,2,3
602,14,118,2,3
603,14,118,2,3
595,14,118,2,3
585,14,118,2,3
585,14,118,2,3
584,14,118,2,3
588,14,118,2,3
586,14,118,2,3
586,14,118,2,3
586,14,118,2,3
588,14,118,2,3
586,14,118,2,3
600,14,118,2,3
584,14,118,2,3
598,14,118,2,3
579,14,118,2,3
592,14,118,2,3
592,14,118,2,3
600,14,118,2,3
595,14,118,2,3
594,14,118,2,3
584,14,118,2,3
584,14,118,2,3
595,14,118,2,3
592,14,118,2,3
592,14,118,2,3
592,14,118,2,3
599,14,118,2,3
584,14,118,2,3
594,14,118,2,3
591,14,118,2,3
591,14,118,2,3
626,14,118,2,3
591,14,118,2,3
626,14,118,2,3
582,14,118,2,3
582,14,118,2,3
582,14,118,2,3
600,14,118,2,3
589,14,118,2,3
589,14,118,2,3
591,14,118,2,3
1091,14,124,3,3
601,14,118,2,3
592,14,118,2,3
588,14,118,2,3
602,14,118,2,3
597,14,118,2,3
600,14,118,2,3
600,14,118,2,3
595,14,118,2,3
585,14,118,2,3
585,14,118,2,3
595,14,118,2,3
599,14,118,2,3
635,14,118,2,3
596,14,118,2,3
610,14,118,2,3
588,14,118,2,3
592,14,118,2,3
588,14,118,2,3
588,14,118,2,3
590,14,118,2,3
590,14,118,2,3
590,14,118,2,3
588,14,118,2,3
590,14,118,2,3
590,14,118,2,3
592,14,118,2,3
588,14,118,2,3
588,14,118,2,3
595,14,118,2,3
595,14,118,2,3
590,14,118,2,3
594,14,118,2,3
597,14,118,2,3
583,14,118,2,3
597,14,118,2,3
595,14,118,2,3
586,14,118,2,3
586,14,118,2,3
601,14,118,2,3
588,14,118,2,3
588,14,118,2,3
593,14,118,2,3
586,14,118,2,3
587,14,118,2,3
587,14,118,2,3
587,14,118,2,3
578,14,118,2,3
578,14,118,2,3
590,14,118,2,3
588,14,118,2,3
595,14,118,2,3
597,14,118,2,3
600,14,118,2,3
600,14,118,2,3
604,14,118,2,3
586,14,118,2,3
773,14,124,3,3
586,14,118,2,3
773,14,124,3,3
586,14,118,2,3
586,14,118,2,3
586,14,118,2,3
583,14,118,2,3
587,14,118,2,3
580,14,118,2,3
584,14,118,2,3
585,14,118,2,3
589,14,118,2,3
588,14,118,2,3
588,14,118,2,3
588,14,118,2,3
583,14,118,2,3
589,14,118,2,3
589,14,118,2,3
595,14,118,2,3
595,14,118,2,3
583,14,118,2,3
592,14,118,2,3
591,14,118,2,3
1084,15,124,3,3
1034,14,124,3,3
583,14,118,2,3
591,14,118,2,3
1034,14,124,3,3
591,14,118,2,3
592,14,118,2,3
595,14,118,2,3
594,14,118,2,3
589,14,118,2,3
589,14,118,2,3
592,14,118,2,3
592,14,118,2,3
592,14,118,2,3
592,14,118,2,3
592,14,118,2,3
592,14,118,2,3
591,14,118,2,3
591,14,118,2,3
595,14,118,2,3
586,14,118,2,3
595,14,118,2,3
586,14,118,2,3
591,14,118,2,3
591,14,118,2,3
595,14,118,2,3
586,14,118,2,3
588,14,118,2,3
588,14,118,2,3
588,14,118,2,3
595,14,118,2,3
588,14,118,2,3
588,14,118,2,3
588,14,118,2,3
595,14,118,2,3
595,14,118,2,3
588,14,118,2,3
591,14,118,2,3
591,14,118,2,3
589,14,118,2,3
589,14,118,2,3
595,14,118,2,3
595,14,118,2,3
586,14,118,2,3
590,14,118,2,3
578,14,151,2,3
1080,14,124,3,3
590,14,118,2,3
583,14,118,2,3
597,14,118,2,3
578,14,151,2,3
1022,14,157,3,3
578,14,151,2,3
578,14,151,2,3
578,14,151,2,3
597,14,118,2,3
597,14,118,2,3
591,14,118,2,3
591,14,118,2,3
591,14,118,2,3
591,14,118,2,3
591,14,118,2,3
599,14,118,2,3
593,14,118,2,3
589,14,118,2,3
593,14,118,2,3
593,14,118,2,3
593,14,118,2,3
593,14,118,2,3
593,14,118,2,3
595,14,118,2,3
595,14,118,2,3
587,14,118,2,3
587,14,118,2,3
582,14,118,2,3
1022,14,157,3,3
1022,14,157,3,3
578,14,151,2,3
578,14,151,2,3
578,14,151,2,3
578,14,151,2,3
578,14,151,2,3
578,14,151,2,3
578,14,151,2,3
578,14,151,2,3
578,14,151,2,3
578,14,151,2,3
600,14,118,2,3
602,14,118,2,3
602,14,118,2,3
591,14,118,2,3
591,14,118,2,3
591,14,118,2,3
591,14,118,2,3
591,14,118,2,3
595,14,118,2,3
600,14,118,2,3
595,14,118,2,3
595,14,118,2,3
595,14,118,2,3
586,14,118,2,3
586,14,118,2,3
595,14,118,2,3
599,14,118,2,3
594,14,118,2,3
580,14,118,2,3
595,14,118,2,3
595,14,118,2,3
595,14,118,2,3
591,14,118,2,3
591,14,118,2,3
591,14,118,2,3
591,14,118,2,3
591,14,118,2,3
591,14,118,2,3
591,14,118,2,3
591,14,118,2,3
591,14,118,2,3
599,14,118,2,3
582,14,118,2,3
586,14,118,2,3
587,14,118,2,3
587,14,118,2,3
587,14,118,2,3
587,14,118,2,3
595,14,118,2,3
595,14,118,2,3
595,14,118,2,3
595,14,118,2,3
595,14,118,2,3
600,14,118,2,3
592,14,118,2,3
586,14,118,2,3
1029,14,124,3,3
597,14,118,2,3
597,14,118,2,3
586,14,118,2,3
1029,14,124,3,3
586,14,118,2,3
577,14,118,2,3
595,14,118,2,3
585,14,118,2,3
588,14,118,2,3
583,14,118,2,3
586,14,118,2,3
583,14,118,2,3
583,14,118,2,3
583,14,118,2,3
586,14,118,2,3
583,14,118,2,3
588,14,118,2,3
599,14,118,2,3
588,14,118,2,3
583,14,118,2,3
596,14,118,2,3
584,14,118,2,3
584,14,118,2,3
588,14,118,2,3
588,14,118,2,3
582,14,118,2,3
1073,14,124,3,3
595,14,118,2,3
599,14,118,2,3
588,14,118,2,3
588,14,118,2,3
588,14,118,2,3
588,14,118,2,3
588,14,118,2,3
592,14,118,2,3
592,14,118,2,3
592,14,118,2,3
592,14,118,2,3
592,14,118,2,3
592,14,118,2,3
600,14,118,2,3
600,14,118,2,3
594,14,118,2,3
594,14,118,2,3
594,14,118,2,3
594,14,118,2,3
595,14,118,2,3
595,14,118,2,3
588,14,118,2,3
580,14,118,2,3
580,14,118,2,3
599,14,118,2,3
588,14,118,2,3
596,14,118,2,3
600,14,118,2,3
600,14,118,2,3
583,14,118,2,3
583,14,118,2,3
583,14,118,2,3
604,14,118,2,3
604,14,118,2,3
583,14,118,2,3
583,14,118,2,3
584,14,118,2,3
584,14,118,2,3
580,14,118,2,3
584,14,118,2,3
582,14,118,2,3
586,14,118,2,3
586,14,118,2,3
587,14,118,2,3
587,14,118,2,3
600,14,118,2,3
591,14,118,2,3
591,14,118,2,3
591,14,118,2,3
591,14,118,2,3
591,14,118,2,3
591,14,118,2,3
591,14,118,2,3
582,14,118,2,3
586,14,118,2,3
588,14,118,2,3
588,14,118,2,3
586,14,118,2,3
581,14,118,2,3
581,14,118,2,3
590,14,118,2,3
591,14,118,2,3
585,14,118,2,3
585,14,118,2,3
589,14,118,2,3
589,14,118,2,3
591,14,118,2,3
592,14,118,2,3
596,14,118,2,3
586,14,118,2,3
582,14,118,2,3
600,14,118,2,3
595,14,118,2,3
585,14,118,2,3
585,14,118,2,3
585,14,118,2,3
579,14,118,2,3
579,14,118,2,3
579,14,118,2,3
579,14,118,2,3
587,14,118,2,3
587,14,118,2,3
595,14,118,2,3
595,14,118,2,3
594,14,118,2,3
596,14,118,2,3
591,14,118,2,3
599,14,118,2,3
595,14,118,2,3
579,14,118,2,3
579,14,118,2,3
579,14,118,2,3
582,14,118,2,3
1210,14,124,3,3
591,14,118,2,3
594,14,118,2,3
591,14,118,2,3
595,14,118,2,3
595,14,118,2,3
584,14,118,2,3
585,14,118,2,3
584,14,118,2,3
584,14,118,2,3
583,14,118,2,3
587,14,118,2,3
591,14,118,2,3
580,14,118,2,3
580,14,118,2,3
580,14,118,2,3
580,14,118,2,3
580,14,118,2,3
580,14,118,2,3
583,14,118,2,3
583,14,118,2,3
583,14,118,2,3
600,14,118,2,3
600,14,118,2,3
600,14,118,2,3
600,14,118,2,3
600,14,118,2,3
583,14,118,2,3
583,14,118,2,3
578,14,118,2,3
589,14,118,2,3
589,14,118,2,3
598,14,118,2,3
580,14,118,2,3
581,14,151,2,3
585,14,151,2,3
592,14,118,2,3
592,14,118,2,3
591,14,118,2,3
586,14,151,2,3
595,14,118,2,3
595,14,118,2,3
588,14,118,2,3
588,14,118,2,3
588,14,118,2,3
588,14,118,2,3
588,14,118,2,3
588,14,118,2,3
594,14,118,2,3
585,14,118,2,3
600,14,118,2,3
586,14,118,2,3
580,14,118,2,3
584,14,118,2,3
591,14,118,2,3
1155,14,124,3,3
1155,14,124,3,3
584,14,118,2,3
584,14,118,2,3
584,14,118,2,3
595,14,118,2,3
591,14,118,2,3
598,14,118,2,3
588,14,118,2,3
584,14,118,2,3
588,14,118,2,3
587,14,118,2,3
587,14,118,2,3
587,14,118,2,3
587,14,118,2,3
587,14,118,2,3
587,14,118,2,3
593,14,118,2,3
586,14,118,2,3
585,14,118,2,3
590,14,118,2,3
588,14,118,2,3
585,14,118,2,3
589,14,118,2,3
587,14,118,2,3
593,14,118,2,3
591,14,118,2,3
591,14,118,2,3
588,14,118,2,3
591,14,118,2,3
588,14,118,2,3
592,14,118,2,3
582,14,118,2,3
586,14,118,2,3
579,14,118,2,3
583,14,118,2,3
600,14,118,2,3
586,14,118,2,3
586,14,118,2,3
585,14,118,2,3
588,14,118,2,3
595,14,118,2,3
589,14,118,2,3
588,14,118,2,3
588,14,118,2,3
583,14,118,2,3
583,14,118,2,3
583,14,118,2,3
583,14,118,2,3
583,14,118,2,3
583,14,118,2,3
583,14,118,2,3
583,14,118,2,3
586,14,118,2,3
584,14,118,2,3
584,14,118,2,3
583,14,118,2,3
583,14,118,2,3
583,14,118,2,3
584,14,118,2,3
584,14,118,2,3
584,14,118,2,3
584,14,118,2,3
584,14,118,2,3
584,14,118,2,3
584,14,118,2,3
584,14,118,2,3
584,14,118,2,3
584,14,118,2,3
584,14,118,2,3
584,14,118,2,3
584,14,118,2,3
588,14,118,2,3
578,14,118,2,3
578,14,118,2,3
586,14,118,2,3
588,14,118,2,3
588,14,118,2,3
588,14,118,2,3
590,14,118,2,3
590,14,118,2,3
601,14,118,2,3
602,14,118,2,3
602,14,118,2,3
602,14,118,2,3
591,14,118,2,3
588,14,118,2,3
600,14,118,2,3
597,14,118,2,3
591,14,118,2,3
588,14,118,2,3
588,14,118,2,3
586,14,118,2,3
591,14,118,2,3
595,14,118,2,3
595,14,118,2,3
587,14,118,2,3
585,14,118,2,3
594,14,118,2,3
589,14,118,2,3
588,14,118,2,3
589,14,118,2,3
590,14,118,2,3
595,14,118,2,3
595,14,118,2,3
595,14,118,2,3
599,14,118,2,3
594,14,118,2,3
599,14,118,2,3
594,14,118,2,3
595,14,118,2,3
595,14,118,2,3
599,14,118,2,3
597,14,118,2,3
599,14,118,2,3
597,14,118,2,3
586,14,118,2,3
586,14,118,2,3
585,14,118,2,3
599,14,118,2,3
586,14,118,2,3
597,14,118,2,3
585,14,118,2,3
587,14,118,2,3
587,14,118,2,3
591,14,118,2,3
587,14,118,2,3
587,14,118,2,3
591,14,118,2,3
588,14,118,2,3
583,14,118,2,3
591,14,118,2,3
591,14,118,2,3
588,14,118,2,3
577,14,118,2,3
581,14,118,2,3
589,14,118,2,3
585,14,118,2,3
581,14,118,2,3
589,14,118,2,3
586,14,118,2,3
583,14,118,2,3
583,14,118,2,3
586,14,118,2,3
587,14,118,2,3
583,14,118,2,3
583,14,118,2,3
586,14,118,2,3
583,14,118,2,3
583,14,118,2,3
583,14,118,2,3
583,14,118,2,3
1226,15,124,3,3
1226,15,124,3,3
586,14,118,2,3
588,14,118,2,3
590,14,118,2,3
589,14,118,2,3
591,14,118,2,3
588,14,118,2,3
592,14,118,2,3
593,14,118,2,3
593,14,118,2,3
593,14,118,2,3
588,14,118,2,3
588,14,118,2,3
588,14,118,2,3
588,14,118,2,3
584,14,118,2,3
584,14,118,2,3
588,14,118,2,3
592,14,118,2,3
591,14,118,2,3
605,14,118,2,3
595,14,118,2,3
595,14,118,2,3
595,14,118,2,3
585,14,118,2,3
592,14,118,2,3
594,14,118,2,3
594,14,118,2,3
594,14,118,2,3
591,14,118,2,3
599,14,118,2,3
584,14,118,2,3
594,14,118,2,3
584,14,118,2,3
587,14,118,2,3
593,14,118,2,3
593,14,118,2,3
587,14,151,2,3
591,14,151,2,3
586,14,118,2,3
587,14,118,2,3
587,14,118,2,3
590,14,118,2,3
588,14,118,2,3
595,14,118,2,3
586,14,118,2,3
586,14,118,2,3
602,14,118,2,3
602,14,118,2,3
602,14,118,2,3
594,14,118,2,3
600,14,118,2,3
591,14,118,2,3
581,14,118,2,3
591,14,118,2,3
591,14,118,2,3
595,14,118,2,3
584,14,118,2,3
584,14,118,2,3
595,14,118,2,3
588,14,118,2,3
588,14,118,2,3
591,14,118,2,3
591,14,118,2,3
591,14,118,2,3
591,14,118,2,3
585,14,118,2,3
590,14,118,2,3
595,14,118,2,3
585,14,118,2,3
584,14,118,2,3
588,14,118,2,3
591,14,118,2,3
591,14,118,2,3
585,14,118,2,3
587,14,118,2,3
590,14,118,2,3
591,14,118,2,3
585,14,118,2,3
585,14,118,2,3
590,14,118,2,3
584,14,118,2,3
587,14,118,2,3
599,14,118,2,3
584,14,118,2,3
594,14,118,2,3
584,14,118,2,3
599,14,118,2,3
594,14,118,2,3
585,14,118,2,3
600,14,118,2,3
590,14,118,2,3
590,14,118,2,3
600,14,118,2,3
600,14,118,2,3
594,14,118,2,3
588,14,118,2,3
583,14,118,2,3
578,14,151,2,3
582,14,151,2,3
599,14,118,2,3
599,14,118,2,3
582,14,151,2,3
582,14,151,2,3
582,14,151,2,3
582,14,151,2,3
582,14,151,2,3
590,14,118,2,3
591,14,118,2,3
591,14,118,2,3
595,14,118,2,3
588,14,118,2,3
588,14,118,2,3
588,14,118,2,3
588,14,118,2,3
588,14,118,2,3
588,14,118,2,3
588,14,118,2,3
588,14,118,2,3
588,14,118,2,3
588,14,118,2,3
582,14,151,2,3
582,14,151,2,3
583,14,118,2,3
586,14,118,2,3
588,14,118,2,3
587,14,118,2,3
580,14,118,2,3
583,14,118,2,3
591,14,118,2,3
583,14,118,2,3
583,14,118,2,3
583,14,118,2,3
583,14,118,2,3
585,14,118,2,3
585,14,118,2,3
589,14,118,2,3
591,14,118,2,3
591,14,118,2,3
580,14,118,2,3
580,14,118,2,3
600,14,118,2,3
594,14,118,2,3
588,14,118,2,3
587,14,118,2,3
587,14,118,2,3
587,14,118,2,3
587,14,118,2,3
587,14,118,2,3
582,14,118,2,3
582,14,118,2,3
591,14,118,2,3
591,14,118,2,3
591,14,118,2,3
588,14,118,2,3
588,14,118,2,3
591,14,118,2,3
591,14,118,2,3
588,14,118,2,3
588,14,118,2,3
591,14,118,2,3
591,14,118,2,3
586,14,118,2,3
586,14,118,2,3
599,14,118,2,3
588,14,118,2,3
591,14,118,2,3
1079,14,124,3,3
588,14,118,2,3
584,14,118,2,3
588,14,118,2,3
588,14,118,2,3
591,14,118,2,3
591,14,118,2,3
591,14,118,2,3
591,14,118,2,3
591,14,118,2,3
591,14,118,2,3
595,14,118,2,3
591,14,118,2,3
591,14,118,2,3
591,14,118,2,3
591,14,118,2,3
591,14,118,2,3
591,14,118,2,3
591,14,118,2,3
591,14,118,2,3
588,14,118,2,3
580,14,118,2,3
588,14,118,2,3
590,14,118,2,3
590,14,118,2,3
590,14,118,2,3
590,14,118,2,3
590,14,118,2,3
590,14,118,2,3
586,14,118,2,3
586,14,118,2,3
604,14,118,2,3
604,14,118,2,3
602,14,118,2,3
602,14,118,2,3
584,14,118,2,3
592,14,118,2,3
579,14,118,2,3
583,14,118,2,3
595,14,118,2,3
583,14,118,2,3
599,14,118,2,3
603,14,118,2,3
590,14,118,2,3
594,14,118,2,3
589,14,118,2,3
588,14,118,2,3
588,14,118,2,3
595,14,118,2,3
595,14,118,2,3
601,14,118,2,3
601,14,118,2,3
592,14,118,2,3
588,14,118,2,3
588,14,118,2,3
1085,14,118,2,3
1085,14,118,2,3
595,14,118,2,3
599,14,118,2,3
586,14,118,2,3
588,14,118,2,3
600,14,118,2,3
600,14,118,2,3
585,14,118,2,3
596,14,118,2,3
594,14,118,2,3
587,14,118,2,3
590,14,118,2,3
590,14,118,2,3
590,14,118,2,3
586,14,118,2,3
585,14,118,2,3
586,14,118,2,3
585,14,118,2,3
586,14,118,2,3
586,14,118,2,3
588,14,118,2,3
588,14,118,2,3
604,14,118,2,3
585,14,118,2,3
585,14,118,2,3
595,14,118,2,3
595,14,118,2,3
595,14,118,2,3
595,14,118,2,3
600,14,118,2,3
585,14,118,2,3
594,14,118,2,3
1090,15,124,3,3
581,14,118,2,3
581,14,118,2,3
585,14,118,2,3
588,14,118,2,3
588,14,118,2,3
588,14,118,2,3
588,14,118,2,3
587,14,118,2,3
587,14,118,2,3
587,14,118,2,3
587,14,118,2,3
587,14,118,2,3
587,14,118,2,3
591,14,118,2,3
591,14,118,2,3
601,14,118,2,3
601,14,118,2,3
595,14,118,2,3
584,14,118,2,3
592,14,118,2,3
591,14,118,2,3
586,14,118,2,3
586,14,118,2,3
586,14,118,2,3
586,14,118,2,3
581,14,118,2,3
595,14,118,2,3
595,14,118,2,3
592,14,118,2,3
592,14,118,2,3
595,14,118,2,3
592,14,118,2,3
1076,14,124,3,3
591,14,118,2,3
584,14,118,2,3
591,14,118,2,3
584,14,118,2,3
588,14,118,2,3
588,14,118,2,3
585,14,118,2,3
592,14,118,2,3
599,14,118,2,3
590,14,118,2,3
585,14,118,2,3
592,14,118,2,3
590,14,118,2,3
604,14,118,2,3
601,14,118,2,3
594,14,118,2,3
604,14,118,2,3
601,14,118,2,3
582,14,118,2,3
594,14,118,2,3
582,14,118,2,3
598,14,118,2,3
585,14,118,2,3
585,14,118,2,3
598,14,118,2,3
591,14,118,2,3
596,14,118,2,3
587,14,118,2,3
587,14,118,2,3
587,14,118,2,3
595,14,118,2,3
597,14,118,2,3
597,14,118,2,3
577,14,118,2,3
592,14,118,2,3
592,14,118,2,3
590,14,118,2,3
590,14,118,2,3
581,14,118,2,3
589,14,118,2,3
586,14,118,2,3
1076,14,124,3,3
584,14,118,2,3
592,14,118,2,3
595,14,118,2,3
591,14,118,2,3
595,14,118,2,3
598,14,118,2,3
588,14,118,2,3
589,14,118,2,3
589,14,118,2,3
591,14,118,2,3
591,14,118,2,3
591,14,118,2,3
591,14,118,2,3
591,14,118,2,3
591,14,118,2,3
585,14,118,2,3
589,14,118,2,3
589,14,118,2,3
585,14,118,2,3
584,14,118,2,3
587,14,118,2,3
585,14,118,2,3
584,14,118,2,3
583,14,118,2,3
595,14,118,2,3
586,14,118,2,3
591,14,118,2,3
586,14,118,2,3
591,14,118,2,3
591,14,118,2,3
590,14,118,2,3
590,14,118,2,3
588,14,118,2,3
595,14,118,2,3
598,14,118,2,3
584,14,118,2,3
582,14,118,2,3
585,14,118,2,3
600,14,118,2,3
600,14,118,2,3
600,14,118,2,3
599,14,118,2,3
594,14,118,2,3
599,14,118,2,3
582,14,118,2,3
582,14,118,2,3
593,14,118,2,3
593,14,118,2,3
593,14,118,2,3
593,14,118,2,3
593,14,118,2,3
593,14,118,2,3
593,14,118,2,3
600,14,118,2,3
595,14,118,2,3
582,14,118,2,3
593,14,118,2,3
593,14,118,2,3
595,14,118,2,3
585,14,118,2,3
593,14,118,2,3
595,14,118,2,3
589,14,118,2,3
596,14,118,2,3
596,14,118,2,3
596,14,118,2,3
596,14,118,2,3
596,14,118,2,3
594,14,118,2,3
585,14,118,2,3
584,14,118,2,3
582,14,118,2,3
595,14,118,2,3
589,14,118,2,3
591,14,118,2,3
591,14,118,2,3
588,14,118,2,3
598,14,118,2,3
598,14,118,2,3
587,14,118,2,3
598,14,118,2,3
585,14,118,2,3
591,14,118,2,3
591,14,118,2,3
591,14,118,2,3
591,14,118,2,3
584,14,118,2,3
584,14,118,2,3
589,14,118,2,3
589,14,118,2,3
589,14,118,2,3
589,14,118,2,3
591,14,118,2,3
1154,15,124,3,3
1154,15,124,3,3
591,14,118,2,3
587,14,118,2,3
595,14,118,2,3
586,14,118,2,3
591,14,118,2,3
582,14,118,2,3
583,14,118,2,3
585,14,118,2,3
581,14,118,2,3
591,14,118,2,3
592,14,118,2,3
584,14,118,2,3
595,14,118,2,3
585,14,118,2,3
581,14,118,2,3
592,14,118,2,3
591,14,118,2,3
587,14,118,2,3
591,14,118,2,3
589,14,118,2,3
588,14,118,2,3
601,14,118,2,3
595,14,118,2,3
601,14,118,2,3
595,14,118,2,3
592,14,118,2,3
590,14,118,2,3
588,14,118,2,3
588,14,118,2,3
599,14,118,2,3
594,14,118,2,3
578,14,118,2,3
582,14,118,2,3
594,14,118,2,3
581,14,118,2,3
581,14,118,2,3
591,14,118,2,3
582,14,118,2,3
582,14,118,2,3
582,14,118,2,3
582,14,118,2,3
582,14,118,2,3
582,14,118,2,3
595,14,118,2,3
585,14,118,2,3
589,14,118,2,3
589,14,118,2,3
591,14,118,2,3
589,14,118,2,3
600,14,118,2,3
600,14,118,2,3
590,14,118,2,3
582,14,118,2,3
585,14,118,2,3
589,14,118,2,3
589,14,118,2,3
590,14,118,2,3
585,14,118,2,3
593,14,118,2,3
593,14,118,2,3
590,14,118,2,3
586,14,118,2,3
595,14,118,2,3
590,14,118,2,3
586,14,118,2,3
595,14,118,2,3
586,14,118,2,3
586,14,118,2,3
586,14,118,2,3
590,14,118,2,3
590,14,118,2,3
590,14,118,2,3
599,14,118,2,3
586,14,151,2,3
579,14,118,2,3
579,14,118,2,3
595,14,118,2,3
584,14,118,2,3
596,14,118,2,3
586,14,151,2,3
579,14,118,2,3
579,14,118,2,3
582,14,118,2,3
579,14,118,2,3
582,14,118,2,3
579,14,118,2,3
623,14,118,2,3
623,14,118,2,3
597,14,118,2,3
603,14,118,2,3
583,14,118,2,3
584,14,118,2,3
588,14,118,2,3
588,14,118,2,3
595,14,118,2,3
580,14,118,2,3
577,14,151,2,3
581,14,151,2,3
581,14,151,2,3
581,14,151,2,3
587,14,151,2,3
577,14,118,2,3
588,14,118,2,3
583,14,118,2,3
583,14,118,2,3
587,14,118,2,3
587,14,118,2,3
591,14,118,2,3
591,14,118,2,3
591,14,118,2,3
591,14,118,2,3
595,14,118,2,3
591,14,118,2,3
591,14,118,2,3
591,14,118,2,3
588,14,118,2,3
588,14,118,2,3
591,14,118,2,3
591,14,118,2,3
591,14,118,2,3
589,14,118,2,3
589,14,118,2,3
589,14,118,2,3
589,14,118,2,3
589,14,118,2,3
589,14,118,2,3
592,14,118,2,3
588,14,118,2,3
588,14,118,2,3
591,14,118,2,3
591,14,118,2,3
591,14,118,2,3
591,14,118,2,3
591,14,118,2,3
591,14,118,2,3
589,14,118,2,3
589,14,118,2,3
589,14,118,2,3
589,14,118,2,3
589,14,118,2,3
589,14,118,2,3
592,14,118,2,3
581,14,118,2,3
585,14,118,2,3
584,14,118,2,3
588,14,118,2,3
588,14,118,2,3
588,14,118,2,3
588,14,118,2,3
588,14,118,2,3
588,14,118,2,3
588,14,118,2,3
588,14,118,2,3
588,14,118,2,3
588,14,118,2,3
585,14,118,2,3
585,14,118,2,3
585,14,118,2,3
585,14,118,2,3
585,14,118,2,3
585,14,118,2,3
595,14,118,2,3
580,14,118,2,3
584,14,118,2,3
595,14,118,2,3
601,14,118,2,3
587,14,118,2,3
587,14,118,2,3
587,14,118,2,3
587,14,118,2,3
587,14,118,2,3
587,14,118,2,3
589,14,118,2,3
591,14,118,2,3
591,14,118,2,3
591,14,118,2,3
592,14,118,2,3
591,14,118,2,3
588,14,118,2,3
588,14,118,2,3
588,14,118,2,3
588,14,118,2,3
588,14,118,2,3
584,14,118,2,3
588,14,118,2,3
588,14,118,2,3
588,14,118,2,3
588,14,118,2,3
588,14,118,2,3
584,14,118,2,3
597,14,118,2,3
597,14,118,2,3
583,14,118,2,3
583,14,118,2,3
593,14,118,2,3
595,14,118,2,3
589,14,118,2,3
598,14,118,2,3
598,14,118,2,3
598,14,118,2,3
598,14,118,2,3
583,14,118,2,3
593,14,118,2,3
595,14,118,2,3
589,14,118,2,3
598,14,118,2,3
598,14,118,2,3
598,14,118,2,3
598,14,118,2,3
601,14,118,2,3
599,14,118,2,3
601,14,118,2,3
593,14,118,2,3
593,14,118,2,3
593,14,118,2,3
593,14,118,2,3
593,14,118,2,3
593,14,118,2,3
597,14,118,2,3
587,14,118,2,3
587,14,118,2,3
601,14,118,2,3
586,14,118,2,3
588,14,118,2,3
586,14,118,2,3
587,14,118,2,3
584,14,118,2,3
584,14,118,2,3
586,14,118,2,3
589,14,118,2,3
585,14,118,2,3
585,14,118,2,3
588,14,118,2,3
588,14,118,2,3
588,14,118,2,3
597,14,118,2,3
583,14,118,2,3
1083,15,118,2,3
591,14,118,2,3
585,14,118,2,3
594,14,118,2,3
591,14,118,2,3
593,14,118,2,3
593,14,118,2,3
584,14,118,2,3
581,14,118,2,3
593,14,118,2,3
593,14,118,2,3
587,14,118,2,3
584,14,118,2,3
587,14,118,2,3
585,14,118,2,3
589,14,118,2,3
595,14,118,2,3
594,14,118,2,3
593,14,151,2,3
586,14,118,2,3
588,14,118,2,3
584,14,118,2,3
598,14,118,2,3
598,14,118,2,3
598,14,118,2,3
598,14,151,2,3
594,14,118,2,3
593,14,118,2,3
593,14,118,2,3
585,14,118,2,3
593,14,118,2,3
593,14,118,2,3
593,14,118,2,3
593,14,118,2,3
587,14,118,2,3
592,14,151,2,3
609,14,118,2,3
592,14,151,2,3
588,14,118,2,3
591,14,118,2,3
584,14,118,2,3
582,14,118,2,3
585,14,118,2,3
585,14,118,2,3
583,14,118,2,3
586,14,118,2,3
588,14,118,2,3
582,14,118,2,3
585,14,118,2,3
582,14,118,2,3
596,14,118,2,3
596,14,118,2,3
596,14,118,2,3
591,14,118,2,3
588,14,118,2,3
588,14,118,2,3
581,14,118,2,3
588,14,118,2,3
583,14,118,2,3
589,14,118,2,3
596,14,118,2,3
584,14,118,2,3
588,14,118,2,3
592,14,118,2,3
592,14,118,2,3
592,14,118,2,3
592,14,118,2,3
592,14,118,2,3
592,14,118,2,3
588,14,118,2,3
600,14,118,2,3
595,14,118,2,3
580,14,118,2,3
600,14,118,2,3
600,14,118,2,3
594,14,118,2,3
594,14,118,2,3
595,14,118,2,3
588,14,118,2,3
588,14,118,2,3
599,14,118,2,3
588,14,118,2,3
587,14,118,2,3
596,14,118,2,3
588,14,118,2,3
588,14,118,2,3
588,14,118,2,3
596,14,118,2,3
596,14,118,2,3
596,14,118,2,3
596,14,118,2,3
601,14,118,2,3
601,14,118,2,3
596,14,118,2,3
592,14,118,2,3
592,14,118,2,3
584,14,118,2,3
579,14,118,2,3
579,14,118,2,3
601,14,118,2,3
600,14,118,2,3
600,14,118,2,3
586,14,118,2,3
586,14,118,2,3
586,14,118,2,3
586,14,118,2,3
586,14,118,2,3
586,14,118,2,3
587,14,118,2,3
602,14,118,2,3
599,14,118,2,3
582,14,118,2,3
582,14,118,2,3
602,14,118,2,3
602,14,118,2,3
602,14,118,2,3
602,14,118,2,3
602,14,118,2,3
602,14,118,2,3
599,14,118,2,3
599,14,118,2,3
600,14,118,2,3
600,14,118,2,3
595,14,118,2,3
595,14,118,2,3
595,14,118,2,3
595,14,118,2,3
595,14,118,2,3
595,14,118,2,3
584,14,118,2,3
600,14,118,2,3
584,14,118,2,3
600,14,118,2,3
594,14,118,2,3
580,14,118,2,3
580,14,118,2,3
591,14,118,2,3
591,14,118,2,3
591,14,118,2,3
595,14,118,2,3
600,14,118,2,3
599,14,118,2,3
600,14,118,2,3
600,14,118,2,3
599,14,118,2,3
600,14,118,2,3
578,14,118,2,3
586,14,118,2,3
586,14,118,2,3
586,14,118,2,3
604,14,118,2,3
604,14,118,2,3
593,14,118,2,3
583,14,118,2,3
587,14,118,2,3
586,14,118,2,3
586,14,118,2,3
586,14,118,2,3
588,14,118,2,3
586,14,118,2,3
586,14,118,2,3
590,14,118,2,3
583,14,118,2,3
583,14,118,2,3
584,14,118,2,3
583,14,118,2,3
583,14,118,2,3
583,14,118,2,3
583,14,118,2,3
587,14,118,2,3
590,14,118,2,3
588,14,118,2,3
588,14,118,2,3
593,14,118,2,3
593,14,118,2,3
591,14,118,2,3
583,14,118,2,3
583,14,118,2,3
583,14,118,2,3
583,14,118,2,3
583,14,118,2,3
583,14,118,2,3
586,14,118,2,3
586,14,118,2,3
588,14,118,2,3
588,14,118,2,3
588,14,118,2,3
588,14,118,2,3
586,14,118,2,3
586,14,118,2,3
602,14,118,2,3
576,14,118,2,3
595,14,118,2,3
586,14,118,2,3
585,14,118,2,3
585,14,118,2,3
585,14,118,2,3
585,14,118,2,3
585,14,118,2,3
585,14,118,2,3
585,14,118,2,3
585,14,118,2,3
585,14,118,2,3
585,14,118,2,3
586,14,118,2,3
586,14,118,2,3
586,14,118,2,3
586,14,118,2,3
586,14,118,2,3
586,14,118,2,3
583,14,118,2,3
585,14,118,2,3
585,14,118,2,3
583,14,118,2,3
582,14,118,2,3
582,14,118,2,3
595,14,118,2,3
580,14,118,2,3
588,14,118,2,3
580,14,118,2,3
582,14,118,2,3
594,14,118,2,3
583,14,118,2,3
583,14,118,2,3
589,14,118,2,3
583,14,118,2,3
586,14,118,2,3
585,14,118,2,3
586,14,118,2,3
586,14,118,2,3
586,14,118,2,3
586,14,118,2,3
589,14,118,2,3
584,14,118,2,3
584,14,118,2,3
584,14,118,2,3
589,14,118,2,3
584,14,118,2,3
584,14,118,2,3
585,14,118,2,3
584,14,118,2,3
599,14,118,2,3
599,14,118,2,3
599,14,118,2,3
599,14,118,2,3
599,14,118,2,3
599,14,118,2,3
583,14,118,2,3
583,14,118,2,3
583,14,118,2,3
583,14,118,2,3
583,14,118,2,3
583,14,118,2,3
580,14,118,2,3
580,14,118,2,3
583,14,118,2,3
583,14,118,2,3
584,14,118,2,3
593,14,118,2,3
593,14,118,2,3
586,14,118,2,3
586,14,118,2,3
586,14,118,2,3
588,14,118,2,3
586,14,118,2,3
597,14,118,2,3
580,14,118,2,3
584,14,118,2,3
586,14,118,2,3
586,14,118,2,3
586,14,118,2,3
588,14,118,2,3
586,14,118,2,3
586,14,118,2,3
586,14,118,2,3
599,14,118,2,3
598,14,151,2,3
585,14,118,2,3
591,14,118,2,3
591,14,118,2,3
595,14,118,2,3
588,14,118,2,3
592,14,118,2,3
592,14,118,2,3
591,14,118,2,3
604,14,118,2,3
591,14,118,2,3
604,14,118,2,3
601,14,118,2,3
592,14,118,2,3
592,14,118,2,3
592,14,118,2,3
592,14,118,2,3
595,14,118,2,3
595,14,118,2,3
595,14,118,2,3
592,14,118,2,3
595,14,118,2,3
583,14,118,2,3
583,14,118,2,3
583,14,118,2,3
595,14,118,2,3
595,14,118,2,3
590,14,118,2,3
599,14,118,2,3
588,14,118,2,3
599,14,118,2,3
591,14,118,2,3
587,14,118,2,3
600,14,118,2,3
592,14,118,2,3
597,14,118,2,3
579,14,118,2,3
583,14,118,2,3
579,14,118,2,3
583,14,118,2,3
586,14,118,2,3
586,14,118,2,3
586,14,118,2,3
586,14,118,2,3
586,14,118,2,3
586,14,118,2,3
588,14,118,2,3
588,14,118,2,3
595,14,118,2,3
595,14,118,2,3
583,14,118,2,3
583,14,118,2,3
595,14,118,2,3
594,14,118,2,3
594,14,118,2,3
1154,14,124,3,3
583,14,118,2,3
583,14,118,2,3
587,14,118,2,3
587,14,118,2,3
600,14,118,2,3
600,14,118,2,3
596,14,118,2,3
596,14,118,2,3
596,14,118,2,3
602,14,118,2,3
592,14,118,2,3
588,14,118,2,3
588,14,118,2,3
588,14,118,2,3
593,14,118,2,3
592,14,118,2,3
592,14,118,2,3
592,14,118,2,3
592,14,118,2,3
592,14,118,2,3
592,14,118,2,3
592,14,118,2,3
592,14,118,2,3
600,14,118,2,3
595,14,118,2,3
594,14,118,2,3
594,14,118,2,3
594,14,118,2,3
594,14,118,2,3
594,14,118,2,3
594,14,118,2,3
595,14,118,2,3
600,14,118,2,3
580,14,118,2,3
580,14,118,2,3
587,14,118,2,3
606,14,118,2,3
606,14,118,2,3
596,14,118,2,3
599,14,118,2,3
588,14,118,2,3
596,14,118,2,3
588,14,118,2,3
588,14,118,2,3
588,14,118,2,3
601,14,118,2,3
601,14,118,2,3
601,14,118,2,3
601,14,118,2,3
601,14,118,2,3
601,14,118,2,3
592,14,118,2,3
592,14,118,2,3
587,14,118,2,3
587,14,118,2,3
587,14,118,2,3
587,14,118,2,3
600,14,118,2,3
587,14,118,2,3
600,14,118,2,3
585,14,118,2,3
585,14,118,2,3
588,14,118,2,3
582,14,118,2,3
595,14,118,2,3
591,14,118,2,3
588,14,118,2,3
588,14,118,2,3
588,14,118,2,3
596,14,118,2,3
591,14,118,2,3
591,14,118,2,3
585,14,118,2,3
595,14,118,2,3
601,14,118,2,3
595,14,118,2,3
598,14,118,2,3
598,14,118,2,3
598,14,118,2,3
599,14,118,2,3
584,14,118,2,3
584,14,118,2,3
594,14,118,2,3
591,14,118,2,3
591,14,118,2,3
595,14,118,2,3
591,14,118,2,3
604,14,118,2,3
596,14,118,2,3
579,14,118,2,3
583,14,118,2,3
591,14,118,2,3
1138,14,124,3,3
1138,14,124,3,3
583,14,118,2,3
583,14,118,2,3
583,14,118,2,3
1134,14,124,3,3
579,14,118,2,3
579,14,118,2,3
1134,14,124,3,3
579,14,118,2,3
588,14,118,2,3
588,14,118,2,3
588,14,118,2,3
1134,14,124,3,3
1134,14,124,3,3
579,14,118,2,3
579,14,118,2,3
579,14,118,2,3
579,14,118,2,3
579,14,118,2,3
579,14,118,2,3
579,14,118,2,3
1134,14,124,3,3
1134,14,124,3,3
1134,14,124,3,3
1134,14,124,3,3
579,14,118,2,3
604,14,118,2,3
1090,14,124,3,3
1090,14,124,3,3
583,14,118,2,3
583,14,118,2,3
579,14,118,2,3
583,14,118,2,3
591,14,118,2,3
580,14,151,2,3
588,14,118,2,3
588,14,118,2,3
588,14,118,2,3
587,14,118,2,3
587,14,118,2,3
587,14,118,2,3
588,14,118,2,3
587,14,118,2,3
587,14,118,2,3
587,14,118,2,3
595,14,118,2,3
584,14,118,2,3
584,14,118,2,3
590,14,118,2,3
590,14,118,2,3
595,14,118,2,3
597,14,118,2,3
580,14,118,2,3
584,14,118,2,3
626,14,118,2,3
599,14,118,2,3
599,14,118,2,3
598,14,118,2,3
599,14,118,2,3
599,14,118,2,3
595,14,118,2,3
596,14,118,2,3
596,14,118,2,3
591,14,118,2,3
590,14,118,2,3
593,14,118,2,3
586,14,118,2,3
593,14,118,2,3
594,14,118,2,3
592,14,118,2,3
592,14,118,2,3
592,14,118,2,3
592,14,118,2,3
592,14,118,2,3
595,14,118,2,3
588,14,118,2,3
607,14,118,2,3
607,14,118,2,3
592,14,118,2,3
607,14,118,2,3
595,14,118,2,3
598,14,118,2,3
587,14,118,2,3
595,14,118,2,3
594,14,118,2,3
594,14,118,2,3
591,14,118,2,3
588,14,118,2,3
591,14,118,2,3
591,14,118,2,3
591,14,118,2,3
591,14,118,2,3
591,14,118,2,3
595,14,118,2,3
595,14,118,2,3
595,14,118,2,3
595,14,118,2,3
595,14,118,2,3
578,14,118,2,3
595,14,118,2,3
586,14,118,2,3
586,14,118,2,3
592,14,118,2,3
595,14,118,2,3
596,14,118,2,3
601,14,118,2,3
600,14,118,2,3
600,14,118,2,3
578,14,118,2,3
1073,15,124,3,3
590,14,118,2,3
590,14,118,2,3
590,14,118,2,3
584,14,118,2,3
584,14,118,2,3
590,14,118,2,3
590,14,118,2,3
584,14,118,2,3
584,14,118,2,3
1073,15,124,3,3
1073,15,124,3,3
590,14,118,2,3
590,14,118,2,3
595,14,118,2,3
590,14,118,2,3
595,14,118,2,3
588,14,118,2,3
588,14,118,2,3
588,14,118,2,3
588,14,118,2,3
588,14,118,2,3
588,14,118,2,3
588,14,118,2,3
588,14,118,2,3
588,14,118,2,3
588,14,118,2,3
588,14,118,2,3
588,14,118,2,3
590,14,118,2,3
590,14,118,2,3
584,14,118,2,3
588,14,118,2,3
591,14,118,2,3
591,14,118,2,3
591,14,118,2,3
591,14,118,2,3
591,14,118,2,3
590,14,118,2,3
590,14,118,2,3
590,14,118,2,3
588,14,118,2,3
590,14,118,2,3
590,14,118,2,3
590,14,118,2,3
587,14,118,2,3
596,14,118,2,3
596,14,118,2,3
596,14,118,2,3
596,14,118,2,3
596,14,118,2,3
595,14,118,2,3
595,14,118,2,3
590,14,118,2,3
590,14,118,2,3
590,14,118,2,3
590,14,118,2,3
590,14,118,2,3
590,14,118,2,3
590,14,118,2,3
590,14,118,2,3
590,14,118,2,3
590,14,118,2,3
590,14,118,2,3
590,14,118,2,3
586,14,118,2,3
592,14,118,2,3
601,14,118,2,3
593,14,118,2,3
586,14,118,2,3
592,14,118,2,3
593,14,118,2,3
601,14,118,2,3
595,14,118,2,3
595,14,118,2,3
585,14,118,2,3
591,14,84,2,3
591,14,84,2,3
592,14,118,2,3
592,14,118,2,3
592,14,118,2,3
592,14,118,2,3
578,14,118,2,3
582,14,118,2,3
584,14,118,2,3
579,14,118,2,3
586,14,118,2,3
600,14,118,2,3
592,14,118,2,3
591,14,118,2,3
591,14,118,2,3
589,14,151,2,3
590,14,151,2,3
585,14,118,2,3
595,14,118,2,3
595,14,118,2,3
595,14,118,2,3
590,14,118,2,3
590,14,118,2,3
588,14,118,2,3
588,14,118,2,3
591,14,118,2,3
582,14,151,2,3
586,14,118,2,3
583,14,118,2,3
583,14,118,2,3
601,14,118,2,3
600,14,118,2,3
592,14,118,2,3
586,14,118,2,3
590,14,118,2,3
587,14,118,2,3
587,14,118,2,3
587,14,118,2,3
583,14,118,2,3
587,14,118,2,3
581,14,118,2,3
1076,15,124,3,3
581,14,118,2,3
593,14,118,2,3
593,14,118,2,3
593,14,118,2,3
588,14,118,2,3
588,14,118,2,3
595,14,118,2,3
595,14,118,2,3
589,14,151,2,3
589,14,151,2,3
595,14,118,2,3
595,14,118,2,3
589,14,151,2,3
589,14,151,2,3
593,14,118,2,3
593,14,118,2,3
588,14,151,2,3
588,14,151,2,3
578,14,118,2,3
579,14,118,2,3
579,14,118,2,3
588,14,118,2,3
588,14,118,2,3
588,14,118,2,3
588,14,118,2,3
588,14,118,2,3
600,14,118,2,3
588,14,118,2,3
588,14,118,2,3
587,14,84,2,3
587,14,84,2,3
590,14,118,2,3
585,14,118,2,3
588,14,118,2,3
586,14,118,2,3
582,14,118,2,3
586,14,118,2,3
594,14,118,2,3
594,14,118,2,3
594,14,118,2,3
594,14,118,2,3
594,14,118,2,3
594,14,118,2,3
598,14,118,2,3
588,14,118,2,3
584,14,118,2,3
577,14,118,2,3
581,14,118,2,3
584,14,151,2,3
588,14,118,2,3
580,14,118,2,3
591,14,118,2,3
587,14,118,2,3
587,14,118,2,3
587,14,118,2,3
580,14,118,2,3
585,14,118,2,3
583,14,118,2,3
586,14,118,2,3
586,14,118,2,3
595,14,118,2,3
588,14,118,2,3
588,14,118,2,3
588,14,118,2,3
588,14,118,2,3
588,14,118,2,3
583,14,118,2,3
598,14,118,2,3
598,14,118,2,3
598,14,118,2,3
584,14,118,2,3
584,14,118,2,3
579,14,118,2,3
579,14,118,2,3
583,14,118,2,3
592,14,118,2,3
592,14,118,2,3
592,14,118,2,3
595,14,118,2,3
585,14,118,2,3
586,14,118,2,3
586,14,118,2,3
586,14,118,2,3
596,14,118,2,3
595,14,118,2,3
587,14,118,2,3
585,14,118,2,3
598,14,118,2,3
591,14,118,2,3
591,14,118,2,3
591,14,118,2,3
581,14,118,2,3
585,14,118,2,3
584,14,118,2,3
594,14,118,2,3
584,14,118,2,3
598,14,118,2,3
619,14,118,2,3
582,14,118,2,3
1029,14,124,3,3
586,14,118,2,3
586,14,118,2,3
611,14,118,2,3
589,14,118,2,3
585,14,118,2,3
585,14,118,2,3
579,14,118,2,3
583,14,118,2,3
591,14,151,2,3
586,14,118,2,3
583,14,118,2,3
585,14,118,2,3
588,14,118,2,3
588,14,118,2,3
588,14,118,2,3
588,14,118,2,3
595,14,118,2,3
583,14,118,2,3
588,14,118,2,3
595,14,118,2,3
595,14,118,2,3
595,14,118,2,3
595,14,118,2,3
595,14,118,2,3
595,14,118,2,3
592,14,118,2,3
595,14,118,2,3
592,14,118,2,3
595,14,118,2,3
601,14,118,2,3
596,14,118,2,3
596,14,118,2,3
596,14,118,2,3
596,14,118,2,3
596,14,118,2,3
596,14,118,2,3
596,14,118,2,3
604,14,118,2,3
591,14,118,2,3
588,14,118,2,3
588,14,118,2,3
588,14,118,2,3
588,14,118,2,3
604,14,118,2,3
600,14,118,2,3
588,14,118,2,3
592,14,118,2,3
584,14,118,2,3
599,14,118,2,3
595,14,118,2,3
594,14,118,2,3
584,14,118,2,3
588,14,118,2,3
587,14,118,2,3
598,14,118,2,3
598,14,118,2,3
598,14,118,2,3
598,14,118,2,3
591,14,118,2,3
589,14,118,2,3
589,14,118,2,3
587,14,118,2,3
587,14,118,2,3
591,14,118,2,3
591,14,118,2,3
642,14,118,2,3
642,14,118,2,3
588,14,118,2,3
588,14,118,2,3
581,14,118,2,3
589,14,118,2,3
592,14,118,2,3
586,14,118,2,3
589,14,118,2,3
597,14,118,2,3
588,14,118,2,3
581,14,118,2,3
607,14,118,2,3
585,14,118,2,3
585,14,118,2,3
580,14,118,2,3
589,14,118,2,3
595,14,118,2,3
595,14,118,2,3
599,14,118,2,3
599,14,118,2,3
582,14,118,2,3
588,14,118,2,3
595,14,118,2,3
584,14,118,2,3
588,14,118,2,3
588,14,118,2,3
588,14,118,2,3
595,14,118,2,3
591,14,118,2,3
601,14,118,2,3
600,14,118,2,3
595,14,118,2,3
600,14,118,2,3
591,14,118,2,3
590,14,118,2,3
590,14,118,2,3
591,14,118,2,3
591,14,118,2,3
591,14,118,2,3
590,14,118,2,3
590,14,118,2,3
590,14,118,2,3
590,14,118,2,3
590,14,118,2,3
590,14,118,2,3
590,14,118,2,3
591,14,118,2,3
591,14,118,2,3
591,14,118,2,3
1081,14,124,3,3
1081,14,124,3,3
590,14,118,2,3
590,14,118,2,3
590,14,118,2,3
590,14,118,2,3
590,14,118,2,3
587,14,151,2,3
588,14,118,2,3
600,14,118,2,3
588,14,118,2,3
587,14,151,2,3
601,14,118,2,3
601,14,118,2,3
601,14,118,2,3
601,14,118,2,3
601,14,118,2,3
601,14,118,2,3
587,14,118,2,3
598,14,118,2,3
598,14,118,2,3
599,14,118,2,3
598,14,118,2,3
599,14,118,2,3
599,14,118,2,3
599,14,118,2,3
600,14,118,2,3
584,14,118,2,3
588,14,118,2,3
583,14,118,2,3
587,14,118,2,3
587,14,118,2,3
600,14,118,2,3
600,14,118,2,3
600,14,118,2,3
600,14,118,2,3
600,14,118,2,3
600,14,118,2,3
595,14,118,2,3
584,14,118,2,3
592,14,118,2,3
592,14,118,2,3
584,14,118,2,3
593,14,118,2,3
593,14,118,2,3
595,14,118,2,3
588,14,118,2,3
588,14,118,2,3
588,14,118,2,3
580,14,118,2,3
584,14,118,2,3
587,14,118,2,3
587,14,118,2,3
587,14,118,2,3
587,14,118,2,3
587,14,118,2,3
587,14,118,2,3
587,14,118,2,3
587,14,118,2,3
588,14,118,2,3
588,14,118,2,3
588,14,118,2,3
595,14,118,2,3
595,14,118,2,3
590,14,118,2,3
589,14,151,2,3
589,14,151,2,3
584,14,118,2,3
588,14,118,2,3
578,14,118,2,3
582,14,118,2,3
593,14,118,2,3
585,14,118,2,3
593,14,118,2,3
595,14,118,2,3
592,14,118,2,3
586,14,118,2,3
599,14,118,2,3
600,14,118,2,3
600,14,118,2,3
1029,14,124,3,3
610,14,118,2,3
597,14,118,2,3
581,14,118,2,3
600,14,118,2,3
595,14,118,2,3
600,14,118,2,3
600,14,118,2,3
600,14,118,2,3
598,14,118,2,3
599,14,118,2,3
584,14,118,2,3
594,14,118,2,3
604,14,118,2,3
591,14,118,2,3
588,14,118,2,3
588,14,118,2,3
588,14,118,2,3
588,14,118,2,3
588,14,118,2,3
592,14,118,2,3
601,14,118,2,3
585,14,118,2,3
585,14,118,2,3
583,14,118,2,3
587,14,118,2,3
581,14,118,2,3
585,14,118,2,3
595,14,118,2,3
581,14,118,2,3
589,14,118,2,3
583,14,118,2,3
591,14,118,2,3
591,14,118,2,3
595,14,118,2,3
580,14,118,2,3
595,14,118,2,3
589,14,118,2,3
592,14,118,2,3
592,14,118,2,3
592,14,118,2,3
589,14,118,2,3
589,14,118,2,3
599,14,118,2,3
597,14,118,2,3
601,14,118,2,3
592,14,118,2,3
585,14,118,2,3
592,14,118,2,3
604,14,118,2,3
604,14,118,2,3
596,14,118,2,3
591,14,118,2,3
588,14,118,2,3
588,14,118,2,3
588,14,118,2,3
588,14,118,2,3
580,14,118,2,3
593,14,118,2,3
579,14,151,2,3
583,14,151,2,3
588,14,118,2,3
588,14,118,2,3
588,14,118,2,3
595,14,118,2,3
595,14,118,2,3
584,14,151,2,3
590,14,118,2,3
586,14,118,2,3
583,14,151,2,3
589,14,118,2,3
589,14,118,2,3
595,14,118,2,3
593,14,118,2,3
583,14,151,2,3
588,14,118,2,3
587,14,151,2,3
587,14,151,2,3
590,14,118,2,3
590,14,118,2,3
589,14,118,2,3
897,14,124,3,3
600,14,118,2,3
596,14,118,2,3
578,14,118,2,3
585,14,118,2,3
580,14,118,2,3
580,14,118,2,3
584,14,118,2,3
584,14,118,2,3
595,14,118,2,3
591,14,118,2,3
591,14,118,2,3
593,14,118,2,3
588,14,118,2,3
588,14,118,2,3
588,14,118,2,3
588,14,118,2,3
588,14,118,2,3
588,14,118,2,3
603,14,118,2,3
578,14,118,2,3
582,14,118,2,3
588,14,118,2,3
591,14,118,2,3
588,14,118,2,3
595,14,118,2,3
591,14,118,2,3
605,14,118,2,3
605,14,118,2,3
605,14,118,2,3
605,14,118,2,3
605,14,118,2,3
605,14,118,2,3
588,14,118,2,3
591,14,118,2,3
585,14,118,2,3
1201,14,124,3,3
595,14,118,2,3
1201,14,124,3,3
595,14,118,2,3
582,14,118,2,3
590,14,118,2,3
595,14,118,2,3
590,14,118,2,3
587,14,118,2,3
599,14,118,2,3
608,14,118,2,3
585,14,118,2,3
589,14,118,2,3
587,14,118,2,3
587,14,118,2,3
591,14,118,2,3
595,14,118,2,3
589,14,118,2,3
589,14,118,2,3
588,14,118,2,3
599,14,118,2,3
594,14,118,2,3
584,14,118,2,3
588,14,118,2,3
588,14,118,2,3
#close	2025-01-28-21-50-55
