#separator \x09
#set_separator	,
#empty_field	(empty)
#unset_field	-
#path	shuf_tranco002_tls13_2024_01_30_13h04
#open	2025-02-23-08-57-28
#fields	tls_packet_lengths_record
#types	vector[count]
596,14,118,2
596,14,118,2
596,14,118,2
591,14,118,2
591,14,118,2
581,14,118,2
582,14,151,2
582,14,151,2
586,14,151,2
587,14,118,2
595,14,118,2
587,14,118,2
595,14,118,2
587,14,118,2
584,14,118,2
584,14,118,2
584,14,118,2
584,14,118,2
584,14,118,2
584,14,118,2
585,14,118,2
587,14,118,2
584,14,118,2
584,14,118,2
584,14,118,2
584,14,118,2
584,14,118,2
584,14,118,2
583,14,118,2
596,14,118,2
596,14,118,2
596,14,118,2
588,14,118,2
589,14,118,2
589,14,118,2
580,14,118,2
592,14,118,2
595,14,118,2
600,14,118,2
600,14,118,2
600,14,118,2
600,14,118,2
586,14,118,2
586,14,118,2
593,14,118,2
581,14,118,2
586,14,118,2
598,14,118,2
598,14,118,2
598,14,118,2
598,14,118,2
598,14,118,2
583,14,118,2
583,14,118,2
1233,14,124,3
1233,14,124,3
598,14,118,2
598,14,118,2
590,14,118,2
590,14,118,2
590,14,118,2
590,14,118,2
590,14,118,2
590,14,118,2
590,14,118,2
590,14,118,2
590,14,118,2
590,14,118,2
590,14,118,2
590,14,118,2
604,14,118,2
585,14,118,2
585,14,118,2
583,14,118,2
583,14,118,2
586,14,151,2
602,14,118,2
599,14,118,2
599,14,118,2
582,14,118,2
584,14,118,2
584,14,118,2
580,14,118,2
580,14,118,2
580,14,118,2
580,14,118,2
580,14,118,2
580,14,118,2
580,14,118,2
583,14,118,2
587,14,151,2
591,14,118,2
591,14,118,2
587,14,118,2
588,14,118,2
590,14,118,2
607,14,118,2
591,14,118,2
587,14,118,2
590,14,118,2
607,14,118,2
592,14,118,2
592,14,118,2
584,14,118,2
587,14,118,2
587,14,118,2
586,14,118,2
586,14,118,2
586,14,118,2
586,14,118,2
586,14,118,2
595,14,118,2
586,14,118,2
586,14,118,2
586,14,118,2
583,14,118,2
583,14,118,2
583,14,118,2
583,14,118,2
583,14,118,2
595,14,118,2
590,14,118,2
592,14,118,2
586,14,118,2
591,14,118,2
591,14,118,2
591,14,118,2
586,14,118,2
595,14,118,2
588,14,118,2
580,14,118,2
580,14,118,2
595,14,118,2
583,14,118,2
580,14,118,2
580,14,118,2
582,14,118,2
582,14,118,2
582,14,118,2
582,14,118,2
582,14,118,2
595,14,118,2
583,14,118,2
583,14,118,2
596,14,118,2
591,14,118,2
601,14,118,2
595,14,118,2
586,14,118,2
588,14,118,2
593,14,118,2
593,14,118,2
592,14,118,2
592,14,118,2
592,14,118,2
586,14,118,2
585,14,118,2
601,14,118,2
593,14,118,2
601,14,118,2
593,14,118,2
580,14,118,2
587,14,118,2
580,14,118,2
587,14,118,2
590,14,118,2
587,14,118,2
587,14,118,2
580,14,118,2
590,14,118,2
591,14,118,2
591,14,118,2
591,14,118,2
591,14,118,2
586,14,118,2
591,14,118,2
591,14,118,2
591,14,118,2
591,14,118,2
586,14,118,2
584,14,118,2
594,14,118,2
581,14,118,2
581,14,118,2
583,14,118,2
591,14,118,2
591,14,118,2
596,14,118,2
596,14,118,2
596,14,118,2
596,14,118,2
595,14,118,2
596,14,118,2
596,14,118,2
595,14,118,2
596,14,118,2
596,14,118,2
584,14,118,2
584,14,118,2
601,14,118,2
595,14,118,2
595,14,118,2
595,14,118,2
584,14,118,2
584,14,118,2
584,14,118,2
584,14,118,2
584,14,118,2
584,14,118,2
584,14,118,2
584,14,118,2
584,14,118,2
584,14,118,2
584,14,118,2
584,14,118,2
584,14,118,2
584,14,118,2
595,14,118,2
595,14,118,2
583,14,118,2
590,14,118,2
587,14,118,2
587,14,118,2
587,14,118,2
587,14,118,2
588,14,118,2
588,14,118,2
595,14,118,2
591,14,118,2
591,14,118,2
591,14,118,2
591,14,118,2
591,14,118,2
591,14,118,2
591,14,118,2
591,14,118,2
591,14,118,2
591,14,118,2
591,14,118,2
588,14,118,2
588,14,118,2
588,14,118,2
588,14,118,2
588,14,118,2
588,14,118,2
595,14,118,2
595,14,118,2
598,14,118,2
588,14,118,2
585,14,118,2
588,14,118,2
598,14,118,2
599,14,118,2
585,14,118,2
583,14,118,2
599,14,118,2
594,14,118,2
584,14,118,2
583,14,118,2
599,14,118,2
590,14,118,2
594,14,118,2
594,14,118,2
590,14,118,2
587,14,118,2
587,14,118,2
588,14,118,2
585,14,118,2
891,14,124,3
597,14,118,2
585,14,118,2
588,14,118,2
597,14,118,2
585,14,118,2
1076,14,124,3
1076,14,124,3
596,14,118,2
596,14,118,2
596,14,118,2
1076,14,124,3
596,14,118,2
584,14,118,2
584,14,118,2
584,14,118,2
586,14,118,2
586,14,118,2
587,14,118,2
587,14,118,2
587,14,118,2
587,14,118,2
587,14,118,2
587,14,118,2
587,14,118,2
587,14,118,2
586,14,118,2
588,14,118,2
589,14,118,2
589,14,118,2
584,14,118,2
584,14,118,2
587,14,118,2
587,14,118,2
589,14,118,2
587,14,118,2
584,14,118,2
587,14,118,2
584,14,118,2
587,14,118,2
587,14,118,2
589,14,118,2
586,14,118,2
589,14,118,2
586,14,118,2
584,14,118,2
584,14,118,2
584,14,118,2
584,14,118,2
584,14,118,2
586,14,118,2
586,14,118,2
598,14,118,2
598,14,118,2
598,14,118,2
598,14,118,2
588,14,118,2
595,14,118,2
598,14,118,2
595,14,118,2
584,14,118,2
584,14,118,2
586,14,118,2
586,14,118,2
586,14,118,2
586,14,118,2
595,14,118,2
592,14,118,2
583,14,118,2
583,14,118,2
587,14,118,2
589,14,118,2
589,14,118,2
589,14,118,2
589,14,118,2
589,14,118,2
589,14,118,2
589,14,118,2
589,14,118,2
604,14,118,2
591,14,118,2
591,14,118,2
591,14,118,2
591,14,118,2
591,14,118,2
604,14,118,2
591,14,118,2
591,14,118,2
591,14,118,2
591,14,118,2
582,14,118,2
582,14,118,2
584,14,118,2
584,14,118,2
595,14,118,2
586,14,118,2
586,14,118,2
586,14,118,2
586,14,118,2
586,14,118,2
586,14,118,2
586,14,118,2
586,14,118,2
586,14,118,2
586,14,118,2
586,14,118,2
586,14,118,2
587,14,118,2
590,14,118,2
587,14,118,2
587,14,118,2
587,14,118,2
595,14,118,2
587,14,118,2
587,14,118,2
588,14,118,2
588,14,118,2
588,14,118,2
588,14,118,2
588,14,118,2
588,14,118,2
588,14,118,2
588,14,118,2
588,14,118,2
588,14,118,2
585,14,118,2
585,14,118,2
588,14,118,2
588,14,118,2
588,14,118,2
588,14,118,2
588,14,118,2
592,14,118,2
592,14,118,2
592,14,118,2
592,14,118,2
592,14,118,2
592,14,118,2
592,14,118,2
592,14,118,2
592,14,118,2
592,14,118,2
592,14,118,2
592,14,118,2
584,14,118,2
584,14,118,2
588,14,118,2
588,14,118,2
588,14,118,2
588,14,118,2
584,14,151,2
584,14,151,2
588,14,118,2
588,14,118,2
587,14,118,2
587,14,118,2
1082,15,124,3
587,14,118,2
587,14,118,2
600,14,118,2
585,14,118,2
585,14,118,2
600,14,118,2
598,14,118,2
591,14,151,2
585,14,118,2
585,14,118,2
591,14,151,2
1170,15,124,3
1170,15,124,3
583,14,118,2
595,14,118,2
598,14,118,2
595,14,118,2
582,14,118,2
582,14,118,2
581,14,118,2
581,14,118,2
581,14,118,2
581,14,118,2
581,14,118,2
581,14,118,2
581,14,118,2
581,14,118,2
581,14,118,2
581,14,118,2
586,14,118,2
586,14,118,2
586,14,118,2
586,14,118,2
586,14,118,2
586,14,118,2
586,14,118,2
586,14,118,2
586,14,118,2
586,14,118,2
586,14,118,2
586,14,118,2
586,14,118,2
586,14,118,2
599,14,118,2
599,14,118,2
599,14,118,2
599,14,118,2
584,14,118,2
594,14,118,2
594,14,118,2
587,14,118,2
587,14,118,2
591,14,118,2
591,14,118,2
593,14,151,2
595,14,118,2
595,14,118,2
593,14,151,2
589,14,118,2
589,14,118,2
585,14,118,2
601,14,118,2
593,14,118,2
593,14,118,2
586,14,118,2
590,14,118,2
590,14,118,2
590,14,118,2
590,14,118,2
590,14,118,2
601,14,118,2
592,14,118,2
589,14,118,2
589,14,118,2
589,14,118,2
589,14,118,2
589,14,118,2
589,14,118,2
590,14,118,2
590,14,118,2
590,14,118,2
590,14,118,2
590,14,118,2
592,14,118,2
589,14,118,2
589,14,118,2
589,14,118,2
589,14,118,2
589,14,118,2
589,14,118,2
600,14,118,2
595,14,118,2
585,14,118,2
594,14,118,2
595,14,118,2
585,14,118,2
600,14,118,2
594,14,118,2
585,14,118,2
589,14,118,2
585,14,118,2
589,14,118,2
582,14,118,2
589,14,118,2
589,14,118,2
589,14,118,2
589,14,118,2
589,14,118,2
589,14,118,2
585,14,118,2
585,14,118,2
585,14,118,2
594,14,118,2
589,14,118,2
589,14,118,2
594,14,118,2
589,14,118,2
589,14,118,2
589,14,118,2
589,14,118,2
590,14,118,2
602,14,118,2
585,14,118,2
585,14,118,2
585,14,118,2
594,14,118,2
594,14,118,2
590,14,118,2
602,14,118,2
594,14,118,2
595,14,118,2
589,14,118,2
589,14,118,2
589,14,118,2
589,14,118,2
589,14,118,2
589,14,118,2
595,14,118,2
589,14,118,2
589,14,118,2
589,14,118,2
589,14,118,2
589,14,118,2
589,14,118,2
595,14,118,2
585,14,118,2
595,14,118,2
585,14,118,2
599,14,118,2
599,14,118,2
591,14,118,2
592,14,118,2
585,14,118,2
594,14,118,2
597,14,118,2
589,14,118,2
589,14,118,2
589,14,118,2
589,14,118,2
589,14,118,2
589,14,118,2
589,14,118,2
585,14,118,2
588,14,118,2
592,14,118,2
595,14,118,2
589,14,118,2
589,14,118,2
589,14,118,2
589,14,118,2
589,14,118,2
589,14,118,2
589,14,118,2
580,14,118,2
585,14,118,2
585,14,118,2
585,14,118,2
585,14,118,2
585,14,118,2
585,14,118,2
581,14,118,2
581,14,118,2
581,14,118,2
581,14,118,2
581,14,118,2
581,14,118,2
581,14,118,2
581,14,118,2
581,14,118,2
581,14,118,2
581,14,118,2
581,14,118,2
602,14,118,2
602,14,118,2
587,14,118,2
587,14,118,2
587,14,118,2
591,14,118,2
595,14,118,2
595,14,118,2
591,14,118,2
596,14,118,2
591,14,118,2
600,14,118,2
595,14,118,2
595,14,118,2
595,14,118,2
593,14,118,2
589,14,118,2
589,14,118,2
585,14,118,2
591,14,118,2
596,14,118,2
600,14,118,2
595,14,118,2
595,14,118,2
595,14,118,2
591,14,118,2
593,14,118,2
589,14,118,2
589,14,118,2
585,14,118,2
591,14,118,2
591,14,118,2
591,14,118,2
591,14,118,2
591,14,118,2
591,14,118,2
591,14,118,2
591,14,118,2
591,14,118,2
591,14,118,2
591,14,118,2
591,14,118,2
588,14,118,2
588,14,118,2
587,14,118,2
586,14,118,2
589,14,118,2
589,14,118,2
589,14,118,2
589,14,118,2
581,14,118,2
581,14,118,2
581,14,118,2
581,14,118,2
589,14,118,2
589,14,118,2
589,14,118,2
589,14,118,2
581,14,118,2
581,14,118,2
581,14,118,2
581,14,118,2
583,14,118,2
583,14,118,2
583,14,118,2
583,14,118,2
583,14,118,2
588,14,118,2
588,14,118,2
586,14,118,2
583,14,118,2
583,14,118,2
583,14,118,2
1202,14,118,2
583,14,118,2
1202,14,118,2
582,14,118,2
583,14,118,2
583,14,118,2
582,14,118,2
582,14,118,2
582,14,118,2
587,14,118,2
587,14,118,2
1094,14,118,2
1094,14,118,2
587,14,118,2
587,14,118,2
587,14,118,2
587,14,118,2
587,14,118,2
586,14,118,2
586,14,118,2
586,14,118,2
586,14,118,2
586,14,118,2
586,14,118,2
580,14,118,2
580,14,118,2
580,14,118,2
580,14,118,2
579,14,118,2
584,14,118,2
584,14,118,2
584,14,118,2
584,14,118,2
584,14,118,2
584,14,118,2
595,14,118,2
599,14,118,2
605,14,118,2
580,14,118,2
584,14,118,2
584,14,118,2
584,14,118,2
584,14,118,2
584,14,118,2
584,14,118,2
599,14,118,2
605,14,118,2
607,14,118,2
609,14,118,2
588,14,118,2
595,14,118,2
595,14,118,2
592,14,118,2
591,14,118,2
595,14,118,2
596,14,118,2
600,14,118,2
594,14,118,2
594,14,118,2
594,14,118,2
594,14,118,2
594,14,118,2
594,14,118,2
589,14,118,2
592,14,118,2
601,14,118,2
594,14,118,2
594,14,118,2
594,14,118,2
594,14,118,2
594,14,118,2
594,14,118,2
589,14,118,2
601,14,118,2
595,14,118,2
598,14,118,2
589,14,118,2
595,14,118,2
595,14,118,2
594,14,118,2
588,14,118,2
588,14,118,2
588,14,118,2
588,14,118,2
588,14,118,2
588,14,118,2
588,14,118,2
588,14,118,2
588,14,118,2
592,14,118,2
592,14,118,2
592,14,118,2
592,14,118,2
592,14,118,2
592,14,118,2
592,14,118,2
592,14,118,2
592,14,118,2
592,14,118,2
592,14,118,2
592,14,118,2
584,14,118,2
584,14,118,2
603,14,151,2
603,14,151,2
583,14,118,2
1202,14,124,3
1202,14,124,3
583,14,118,2
583,14,118,2
583,14,118,2
585,14,118,2
586,14,118,2
586,14,118,2
585,14,118,2
585,14,118,2
589,14,118,2
588,14,118,2
588,14,118,2
588,14,118,2
595,14,118,2
588,14,118,2
595,14,118,2
595,14,118,2
582,14,118,2
582,14,118,2
584,14,118,2
584,14,118,2
601,14,118,2
601,14,118,2
592,14,118,2
593,14,118,2
587,14,118,2
587,14,118,2
587,14,118,2
587,14,118,2
587,14,118,2
587,14,118,2
592,14,118,2
593,14,118,2
587,14,118,2
587,14,118,2
587,14,118,2
587,14,118,2
587,14,118,2
589,14,118,2
589,14,118,2
595,14,118,2
595,14,118,2
595,14,118,2
595,14,118,2
595,14,118,2
595,14,118,2
595,14,118,2
595,14,118,2
592,14,118,2
592,14,118,2
592,14,118,2
592,14,118,2
592,14,118,2
584,14,118,2
592,14,118,2
592,14,118,2
584,14,118,2
592,14,118,2
592,14,118,2
582,14,118,2
585,14,118,2
601,14,118,2
586,14,118,2
600,14,118,2
600,14,118,2
600,14,118,2
600,14,118,2
600,14,118,2
586,14,118,2
586,14,118,2
586,14,118,2
586,14,118,2
595,14,118,2
586,14,118,2
586,14,118,2
586,14,118,2
586,14,118,2
583,14,118,2
583,14,118,2
598,14,118,2
598,14,118,2
592,14,118,2
598,14,118,2
595,14,118,2
592,14,118,2
595,14,118,2
599,14,118,2
587,14,118,2
594,14,118,2
584,14,118,2
588,14,118,2
587,14,118,2
588,14,118,2
585,14,118,2
604,14,118,2
601,14,118,2
585,14,118,2
582,14,118,2
591,14,118,2
582,14,118,2
591,14,118,2
583,14,118,2
590,14,118,2
590,14,118,2
585,14,118,2
590,14,118,2
585,14,118,2
595,14,118,2
595,14,118,2
591,14,118,2
586,14,118,2
591,14,118,2
585,14,118,2
585,14,118,2
585,14,118,2
585,14,118,2
585,14,118,2
585,14,118,2
585,14,118,2
586,14,118,2
586,14,118,2
595,14,118,2
592,14,118,2
600,14,118,2
591,14,118,2
592,14,118,2
601,14,118,2
590,14,118,2
596,14,118,2
585,14,118,2
604,14,118,2
585,14,118,2
604,14,118,2
594,14,118,2
594,14,118,2
592,14,118,2
592,14,118,2
589,14,118,2
590,14,118,2
600,14,118,2
581,14,118,2
581,14,118,2
585,14,118,2
600,14,118,2
600,14,118,2
600,14,118,2
585,14,118,2
585,14,118,2
585,14,118,2
595,14,118,2
582,14,151,2
582,14,151,2
586,14,118,2
589,14,118,2
589,14,118,2
589,14,118,2
589,14,118,2
589,14,118,2
589,14,118,2
589,14,118,2
589,14,118,2
589,14,118,2
585,14,118,2
595,14,118,2
585,14,118,2
595,14,118,2
586,14,118,2
595,14,118,2
589,14,118,2
589,14,118,2
589,14,118,2
589,14,118,2
589,14,118,2
589,14,118,2
589,14,118,2
589,14,118,2
589,14,118,2
595,14,118,2
585,14,118,2
586,14,118,2
584,14,118,2
584,14,118,2
588,14,118,2
589,14,118,2
588,14,118,2
591,14,118,2
607,14,118,2
607,14,118,2
607,14,118,2
607,14,118,2
607,14,118,2
591,14,118,2
595,14,118,2
593,14,118,2
590,14,118,2
591,14,118,2
586,14,118,2
591,14,118,2
588,14,118,2
595,14,118,2
600,14,118,2
590,14,118,2
600,14,118,2
588,14,118,2
600,14,118,2
590,14,118,2
595,14,118,2
588,14,118,2
578,14,118,2
582,14,118,2
593,14,118,2
590,14,118,2
590,14,118,2
590,14,118,2
590,14,118,2
590,14,118,2
593,14,118,2
593,14,118,2
593,14,118,2
590,14,118,2
593,14,118,2
593,14,118,2
593,14,118,2
593,14,118,2
592,14,118,2
595,14,118,2
595,14,118,2
595,14,118,2
591,14,118,2
591,14,118,2
585,14,118,2
585,14,118,2
582,14,118,2
582,14,118,2
582,14,118,2
586,14,118,2
587,14,118,2
587,14,118,2
591,14,118,2
604,14,118,2
588,14,118,2
588,14,118,2
605,14,118,2
1164,14,124,3
584,14,118,2
596,14,118,2
586,14,118,2
581,14,118,2
580,14,118,2
579,14,118,2
579,14,118,2
579,14,118,2
588,14,118,2
586,14,118,2
586,14,118,2
585,14,118,2
587,14,118,2
587,14,118,2
585,14,118,2
592,14,118,2
580,14,118,2
588,14,151,2
606,14,118,2
606,14,118,2
587,14,118,2
587,14,118,2
583,14,118,2
589,14,151,2
589,14,151,2
590,14,151,2
590,14,151,2
591,14,118,2
591,14,118,2
591,14,118,2
591,14,118,2
590,14,151,2
591,14,118,2
591,14,118,2
591,14,118,2
591,14,118,2
585,14,151,2
585,14,151,2
584,14,118,2
588,14,118,2
588,14,118,2
594,14,118,2
595,14,118,2
600,14,118,2
595,14,118,2
582,14,118,2
599,14,118,2
586,14,118,2
584,14,118,2
594,14,118,2
595,14,118,2
595,14,118,2
595,14,118,2
595,14,118,2
595,14,118,2
595,14,118,2
595,14,118,2
586,14,118,2
588,14,118,2
599,14,118,2
584,14,118,2
586,14,118,2
586,14,118,2
586,14,118,2
586,14,118,2
586,14,118,2
586,14,118,2
586,14,118,2
586,14,118,2
586,14,118,2
586,14,118,2
586,14,118,2
586,14,118,2
586,14,118,2
586,14,118,2
589,14,118,2
589,14,118,2
589,14,118,2
589,14,118,2
589,14,118,2
589,14,118,2
589,14,118,2
589,14,118,2
589,14,118,2
589,14,118,2
589,14,118,2
589,14,118,2
589,14,118,2
588,14,118,2
595,14,118,2
588,14,118,2
595,14,118,2
579,14,118,2
579,14,118,2
579,14,118,2
579,14,118,2
579,14,118,2
579,14,118,2
600,14,118,2
594,14,118,2
592,14,118,2
600,14,118,2
594,14,118,2
592,14,118,2
586,14,118,2
595,14,118,2
588,14,118,2
595,14,118,2
588,14,118,2
586,14,118,2
588,14,118,2
588,14,118,2
595,14,118,2
595,14,118,2
587,14,118,2
587,14,118,2
587,14,118,2
600,14,118,2
587,14,118,2
595,14,118,2
593,14,118,2
587,14,118,2
587,14,118,2
590,14,118,2
590,14,118,2
1081,14,124,3
600,14,118,2
600,14,118,2
595,14,118,2
591,14,118,2
590,14,118,2
600,14,118,2
595,14,118,2
591,14,118,2
583,14,118,2
584,14,118,2
584,14,118,2
585,14,118,2
586,14,118,2
585,14,118,2
586,14,118,2
588,14,118,2
588,14,118,2
585,14,118,2
585,14,118,2
587,14,118,2
581,14,118,2
588,14,118,2
581,14,118,2
581,14,118,2
585,14,118,2
595,14,118,2
582,14,118,2
601,14,118,2
597,14,118,2
594,14,118,2
594,14,118,2
598,14,118,2
598,14,118,2
598,14,118,2
598,14,118,2
595,14,118,2
579,14,118,2
579,14,118,2
589,14,118,2
589,14,118,2
589,14,118,2
589,14,118,2
600,14,118,2
591,14,118,2
591,14,118,2
595,14,118,2
586,14,118,2
584,14,118,2
584,14,118,2
601,14,118,2
593,14,118,2
593,14,118,2
593,14,118,2
593,14,118,2
593,14,118,2
593,14,118,2
593,14,118,2
593,14,118,2
593,14,118,2
582,14,118,2
589,14,118,2
595,14,118,2
599,14,118,2
591,14,118,2
586,14,118,2
596,14,118,2
596,14,118,2
596,14,118,2
596,14,118,2
590,14,118,2
590,14,118,2
590,14,118,2
588,14,118,2
588,14,118,2
588,14,118,2
595,14,118,2
595,14,118,2
599,14,118,2
583,14,118,2
587,14,118,2
583,14,118,2
583,14,118,2
583,14,118,2
583,14,118,2
583,14,118,2
583,14,118,2
583,14,118,2
584,14,118,2
593,14,118,2
590,14,118,2
590,14,118,2
595,14,118,2
595,14,118,2
590,14,118,2
590,14,118,2
590,14,118,2
590,14,118,2
591,14,118,2
589,14,118,2
589,14,118,2
587,14,118,2
588,14,118,2
581,14,118,2
587,14,118,2
587,14,118,2
588,14,118,2
588,14,118,2
588,14,118,2
588,14,118,2
588,14,118,2
588,14,118,2
592,14,118,2
592,14,118,2
592,14,118,2
592,14,118,2
592,14,118,2
592,14,118,2
592,14,118,2
592,14,118,2
589,14,118,2
585,14,118,2
585,14,118,2
585,14,118,2
585,14,118,2
583,14,151,2
584,14,118,2
581,14,118,2
581,14,118,2
588,14,118,2
583,14,118,2
588,14,118,2
588,14,118,2
583,14,118,2
584,14,118,2
588,14,118,2
589,14,118,2
589,14,118,2
602,14,118,2
589,14,118,2
602,14,118,2
589,14,118,2
585,14,118,2
590,14,118,2
590,14,118,2
588,14,118,2
589,14,118,2
588,14,118,2
591,14,118,2
594,14,118,2
589,14,118,2
591,14,118,2
601,14,118,2
588,14,118,2
588,14,118,2
588,14,118,2
588,14,118,2
586,14,118,2
589,14,118,2
595,14,118,2
583,14,118,2
588,14,118,2
588,14,118,2
591,14,118,2
591,14,118,2
586,14,118,2
592,14,118,2
600,14,118,2
600,14,118,2
600,14,118,2
600,14,118,2
592,14,118,2
600,14,118,2
600,14,118,2
600,14,118,2
600,14,118,2
588,14,118,2
595,14,118,2
595,14,118,2
583,14,118,2
583,14,118,2
585,14,118,2
585,14,118,2
590,14,118,2
582,14,118,2
593,14,118,2
595,14,118,2
595,14,118,2
595,14,118,2
593,14,118,2
591,14,118,2
581,14,118,2
584,14,118,2
588,14,118,2
589,14,118,2
576,14,118,2
590,14,118,2
590,14,118,2
580,14,118,2
580,14,118,2
585,14,118,2
585,14,118,2
584,14,118,2
599,14,118,2
600,14,118,2
600,14,118,2
599,14,118,2
599,14,118,2
599,14,118,2
596,14,118,2
596,14,118,2
596,14,118,2
596,14,118,2
579,14,118,2
579,14,118,2
580,14,118,2
596,14,118,2
595,14,118,2
595,14,118,2
595,14,118,2
598,14,118,2
589,14,151,2
585,14,118,2
580,14,118,2
591,14,118,2
595,14,118,2
596,14,118,2
585,14,118,2
585,14,118,2
591,14,118,2
596,14,118,2
585,14,118,2
585,14,118,2
590,14,151,2
581,14,118,2
581,14,118,2
585,14,118,2
592,14,151,2
592,14,151,2
592,14,151,2
592,14,151,2
594,14,151,2
594,14,151,2
594,14,151,2
594,14,151,2
594,14,151,2
594,14,151,2
594,14,151,2
592,14,151,2
594,14,151,2
594,14,151,2
594,14,151,2
594,14,151,2
594,14,151,2
592,14,151,2
594,14,151,2
594,14,151,2
584,14,118,2
596,14,118,2
595,14,118,2
596,14,118,2
596,14,118,2
596,14,118,2
596,14,118,2
588,14,118,2
588,14,118,2
588,14,118,2
588,14,118,2
588,14,118,2
585,14,118,2
588,14,118,2
588,14,118,2
588,14,118,2
588,14,118,2
595,14,118,2
588,14,118,2
588,14,118,2
588,14,118,2
588,14,118,2
588,14,118,2
588,14,118,2
585,14,118,2
588,14,118,2
588,14,118,2
588,14,118,2
583,14,118,2
583,14,118,2
594,14,118,2
594,14,118,2
594,14,118,2
594,14,118,2
594,14,118,2
594,14,118,2
590,14,118,2
597,14,118,2
602,14,118,2
594,14,118,2
594,14,118,2
594,14,118,2
594,14,118,2
590,14,118,2
602,14,118,2
597,14,118,2
589,14,118,2
589,14,118,2
581,14,118,2
582,14,118,2
584,14,118,2
584,14,118,2
587,14,118,2
586,14,118,2
586,14,118,2
586,14,118,2
592,14,118,2
584,14,118,2
600,14,118,2
600,14,118,2
584,14,118,2
584,14,118,2
583,14,118,2
588,14,118,2
594,14,118,2
594,14,118,2
594,14,118,2
594,14,118,2
594,14,118,2
594,14,118,2
595,14,118,2
594,14,118,2
594,14,118,2
594,14,118,2
595,14,118,2
579,14,118,2
579,14,118,2
589,14,118,2
591,14,118,2
585,14,118,2
585,14,118,2
585,14,118,2
585,14,118,2
585,14,118,2
585,14,118,2
588,14,118,2
588,14,118,2
588,14,118,2
588,14,118,2
595,14,118,2
593,14,118,2
588,14,118,2
623,14,118,2
593,14,118,2
588,14,118,2
591,14,118,2
581,14,118,2
585,14,118,2
585,14,118,2
588,14,118,2
588,14,118,2
588,14,118,2
592,14,118,2
592,14,118,2
600,14,118,2
594,14,118,2
594,14,118,2
594,14,118,2
594,14,118,2
595,14,118,2
589,14,118,2
589,14,118,2
581,14,118,2
581,14,118,2
581,14,118,2
581,14,118,2
581,14,118,2
581,14,118,2
581,14,118,2
581,14,118,2
591,14,151,2
591,14,151,2
600,14,118,2
595,14,151,2
589,14,118,2
601,14,118,2
584,14,118,2
584,14,118,2
589,14,118,2
584,14,118,2
584,14,118,2
584,14,118,2
584,14,118,2
584,14,118,2
584,14,118,2
588,14,118,2
588,14,118,2
587,14,118,2
587,14,118,2
590,14,118,2
590,14,118,2
590,14,118,2
590,14,118,2
590,14,118,2
590,14,118,2
590,14,118,2
590,14,118,2
583,14,118,2
583,14,118,2
602,14,118,2
602,14,118,2
585,14,118,2
585,14,118,2
585,14,118,2
585,14,118,2
590,14,118,2
600,14,118,2
600,14,118,2
600,14,118,2
600,14,118,2
600,14,118,2
600,14,118,2
600,14,118,2
600,14,118,2
600,14,118,2
600,14,118,2
600,14,118,2
590,14,118,2
595,14,118,2
595,14,118,2
595,14,118,2
595,14,118,2
595,14,118,2
595,14,118,2
1209,14,124,3
591,14,118,2
591,14,118,2
592,14,118,2
593,14,118,2
593,14,118,2
593,14,118,2
593,14,118,2
593,14,118,2
593,14,118,2
593,14,118,2
589,14,118,2
591,14,118,2
581,14,118,2
581,14,118,2
585,14,118,2
585,14,118,2
588,14,118,2
588,14,118,2
588,14,118,2
588,14,118,2
588,14,118,2
588,14,118,2
588,14,118,2
591,14,118,2
586,14,118,2
595,14,118,2
586,14,118,2
584,14,118,2
583,14,118,2
590,14,118,2
590,14,118,2
590,14,118,2
590,14,118,2
594,14,118,2
594,14,118,2
594,14,118,2
594,14,118,2
594,14,118,2
594,14,118,2
592,14,118,2
594,14,118,2
594,14,118,2
587,14,118,2
1085,15,124,3
582,14,118,2
583,14,118,2
588,14,118,2
591,14,118,2
584,14,118,2
586,14,118,2
586,14,118,2
586,14,118,2
588,14,118,2
586,14,118,2
586,14,118,2
588,14,118,2
588,14,118,2
585,14,118,2
584,14,118,2
595,14,118,2
590,14,118,2
590,14,118,2
590,14,118,2
590,14,118,2
590,14,118,2
587,14,118,2
586,14,118,2
586,14,118,2
595,14,118,2
590,14,118,2
590,14,118,2
590,14,118,2
587,14,118,2
586,14,118,2
586,14,118,2
583,14,151,2
583,14,151,2
582,14,151,2
582,14,151,2
592,14,118,2
592,14,118,2
589,14,118,2
588,14,118,2
588,14,118,2
589,14,118,2
589,14,118,2
602,14,118,2
602,14,118,2
589,14,118,2
602,14,118,2
602,14,118,2
602,14,118,2
602,14,118,2
587,14,118,2
587,14,118,2
586,14,118,2
586,14,118,2
586,14,118,2
586,14,118,2
586,14,118,2
588,14,118,2
586,14,118,2
580,14,118,2
591,14,118,2
586,14,118,2
595,14,118,2
595,14,118,2
595,14,118,2
586,14,118,2
595,14,118,2
595,14,118,2
595,14,118,2
583,14,118,2
583,14,118,2
579,14,118,2
579,14,118,2
591,14,118,2
586,14,118,2
601,14,118,2
604,14,118,2
595,14,118,2
592,14,118,2
587,14,118,2
585,14,118,2
585,14,118,2
585,14,118,2
585,14,118,2
585,14,118,2
585,14,118,2
598,14,118,2
598,14,118,2
585,14,118,2
585,14,118,2
593,14,118,2
585,14,118,2
593,14,118,2
587,14,118,2
595,14,118,2
601,14,118,2
604,14,118,2
593,14,118,2
585,14,118,2
594,14,118,2
600,14,118,2
584,14,118,2
579,14,118,2
600,14,118,2
596,14,118,2
596,14,118,2
596,14,118,2
596,14,118,2
605,14,118,2
578,14,118,2
578,14,118,2
582,14,118,2
582,14,118,2
591,14,118,2
595,14,118,2
595,14,118,2
595,14,118,2
595,14,118,2
589,14,118,2
591,14,118,2
589,14,118,2
591,14,118,2
585,14,118,2
596,14,118,2
600,14,118,2
593,14,118,2
591,14,118,2
591,14,118,2
591,14,118,2
591,14,118,2
591,14,118,2
591,14,118,2
595,14,118,2
594,14,118,2
591,14,118,2
601,14,118,2
601,14,118,2
589,14,118,2
586,14,118,2
588,14,118,2
588,14,118,2
588,14,118,2
598,14,118,2
601,14,118,2
594,14,118,2
601,14,118,2
586,14,118,2
589,14,118,2
588,14,118,2
598,14,118,2
588,14,118,2
588,14,118,2
584,14,118,2
585,14,118,2
584,14,118,2
585,14,118,2
584,14,118,2
593,14,118,2
599,14,118,2
593,14,118,2
599,14,118,2
586,14,118,2
596,14,118,2
586,14,118,2
596,14,118,2
596,14,118,2
586,14,118,2
586,14,118,2
596,14,118,2
597,14,118,2
604,14,118,2
586,14,118,2
586,14,118,2
596,14,118,2
596,14,118,2
596,14,118,2
596,14,118,2
597,14,118,2
597,14,118,2
635,14,118,2
584,14,118,2
583,14,118,2
589,14,118,2
595,14,118,2
583,14,118,2
583,14,118,2
583,14,118,2
583,14,118,2
583,14,118,2
583,14,118,2
583,14,118,2
583,14,118,2
583,14,118,2
583,14,118,2
583,14,118,2
583,14,118,2
582,14,118,2
583,14,118,2
583,14,118,2
583,14,118,2
583,14,118,2
582,14,118,2
583,14,118,2
583,14,118,2
583,14,118,2
583,14,118,2
583,14,118,2
583,14,118,2
583,14,118,2
583,14,118,2
582,14,118,2
583,14,118,2
583,14,118,2
583,14,118,2
582,14,118,2
583,14,118,2
583,14,118,2
583,14,118,2
583,14,118,2
583,14,118,2
583,14,118,2
583,14,118,2
587,14,118,2
591,14,118,2
598,14,118,2
595,14,118,2
583,14,118,2
588,14,118,2
588,14,118,2
588,14,118,2
582,14,118,2
616,14,118,2
588,14,118,2
596,14,118,2
583,14,118,2
583,14,118,2
583,14,118,2
583,14,118,2
583,14,118,2
596,14,118,2
583,14,118,2
583,14,118,2
583,14,118,2
589,14,118,2
601,14,118,2
592,14,118,2
592,14,118,2
597,14,118,2
597,14,118,2
597,14,118,2
597,14,118,2
588,14,118,2
588,14,118,2
896,14,124,3
588,14,118,2
588,14,118,2
588,14,118,2
896,14,124,3
896,14,118,2
588,14,118,2
588,14,118,2
588,14,118,2
588,14,118,2
592,14,118,2
592,14,118,2
592,14,118,2
600,14,118,2
595,14,118,2
592,14,118,2
600,14,118,2
595,14,118,2
585,14,118,2
591,14,118,2
595,14,118,2
591,14,118,2
589,14,118,2
592,14,118,2
592,14,118,2
592,14,118,2
599,14,118,2
588,14,118,2
588,14,118,2
588,14,118,2
588,14,118,2
588,14,118,2
590,14,118,2
590,14,118,2
590,14,118,2
586,14,118,2
588,14,118,2
588,14,118,2
588,14,118,2
577,14,118,2
577,14,118,2
577,14,118,2
1148,14,124,3
1148,14,124,3
577,14,118,2
586,14,118,2
593,14,151,2
593,14,151,2
593,14,151,2
593,14,151,2
1148,14,124,3
577,14,118,2
577,14,118,2
585,14,118,2
585,14,118,2
619,14,118,2
619,14,118,2
581,14,151,2
585,14,151,2
601,14,118,2
585,14,151,2
587,14,151,2
587,14,151,2
586,14,118,2
587,14,151,2
587,14,151,2
586,14,118,2
587,14,151,2
587,14,151,2
586,14,118,2
586,14,118,2
586,14,118,2
586,14,118,2
586,14,118,2
586,14,118,2
586,14,118,2
586,14,118,2
586,14,118,2
586,14,118,2
587,14,118,2
585,14,118,2
585,14,118,2
594,14,118,2
587,14,118,2
595,14,118,2
595,14,118,2
587,14,118,2
591,14,118,2
583,14,118,2
583,14,118,2
583,14,118,2
583,14,118,2
595,14,118,2
592,14,118,2
592,14,118,2
588,14,118,2
588,14,118,2
585,14,118,2
588,14,118,2
583,14,118,2
585,14,118,2
585,14,118,2
585,14,118,2
599,14,118,2
582,14,118,2
599,14,118,2
582,14,118,2
588,14,151,2
588,14,151,2
588,14,151,2
588,14,151,2
588,14,151,2
588,14,151,2
588,14,151,2
588,14,151,2
584,14,118,2
594,14,118,2
584,14,118,2
585,14,118,2
584,14,118,2
585,14,118,2
595,14,118,2
595,14,118,2
585,14,118,2
585,14,118,2
585,14,118,2
585,14,118,2
580,14,118,2
584,14,118,2
588,14,118,2
593,14,118,2
595,14,118,2
601,14,118,2
591,14,118,2
591,14,118,2
591,14,118,2
591,14,118,2
591,14,118,2
591,14,118,2
595,14,118,2
595,14,118,2
595,14,118,2
595,14,118,2
595,14,118,2
595,14,118,2
600,14,118,2
584,14,118,2
584,14,118,2
588,14,118,2
588,14,118,2
588,14,118,2
588,14,118,2
588,14,118,2
588,14,118,2
584,14,118,2
584,14,118,2
591,14,118,2
598,14,118,2
598,14,118,2
591,14,118,2
598,14,118,2
585,14,118,2
599,14,118,2
585,14,118,2
594,14,118,2
593,14,118,2
594,14,118,2
593,14,118,2
587,14,118,2
586,14,118,2
589,14,118,2
589,14,118,2
589,14,118,2
589,14,118,2
589,14,118,2
589,14,118,2
589,14,118,2
589,14,118,2
587,14,118,2
587,14,118,2
589,14,118,2
587,14,118,2
585,14,118,2
585,14,118,2
585,14,118,2
585,14,118,2
585,14,118,2
600,14,118,2
595,14,118,2
589,14,118,2
594,14,118,2
594,14,118,2
594,14,118,2
594,14,118,2
594,14,118,2
594,14,118,2
594,14,118,2
594,14,118,2
594,14,118,2
594,14,118,2
594,14,118,2
595,14,118,2
593,14,118,2
595,14,118,2
595,14,118,2
588,14,118,2
593,14,118,2
593,14,118,2
588,14,118,2
585,14,118,2
585,14,118,2
589,14,118,2
1096,14,124,3
1096,14,124,3
589,14,118,2
589,14,118,2
595,14,118,2
595,14,118,2
591,14,118,2
601,14,118,2
588,14,118,2
588,14,118,2
592,14,118,2
588,14,118,2
588,14,118,2
588,14,118,2
588,14,118,2
592,14,118,2
592,14,118,2
592,14,118,2
592,14,118,2
592,14,118,2
592,14,118,2
600,14,118,2
600,14,118,2
594,14,118,2
594,14,118,2
594,14,118,2
594,14,118,2
600,14,118,2
595,14,118,2
595,14,118,2
582,14,118,2
595,14,118,2
595,14,118,2
591,14,118,2
599,14,118,2
584,14,118,2
594,14,118,2
585,14,118,2
589,14,118,2
591,14,118,2
588,14,118,2
590,14,118,2
595,14,118,2
591,14,118,2
595,14,118,2
599,14,118,2
584,14,118,2
594,14,118,2
594,14,118,2
585,14,118,2
584,14,118,2
585,14,118,2
585,14,118,2
584,14,118,2
588,14,118,2
586,14,118,2
586,14,118,2
586,14,118,2
586,14,118,2
586,14,118,2
586,14,118,2
585,14,118,2
585,14,118,2
585,14,118,2
601,14,118,2
601,14,118,2
600,14,118,2
591,14,118,2
595,14,118,2
591,14,118,2
604,14,118,2
582,14,118,2
587,14,118,2
595,14,118,2
586,14,118,2
593,14,118,2
587,14,118,2
587,14,118,2
600,14,118,2
601,14,118,2
595,14,118,2
591,14,118,2
604,14,118,2
591,14,118,2
595,14,118,2
582,14,118,2
587,14,118,2
587,14,118,2
592,14,118,2
592,14,118,2
581,14,118,2
581,14,118,2
581,14,118,2
581,14,118,2
598,14,118,2
594,14,118,2
598,14,118,2
604,14,118,2
586,14,151,2
589,14,151,2
589,14,151,2
589,14,118,2
589,14,118,2
589,14,118,2
589,14,118,2
589,14,118,2
589,14,118,2
589,14,118,2
589,14,118,2
589,14,118,2
589,14,118,2
589,14,118,2
588,14,118,2
588,14,118,2
584,14,118,2
583,14,118,2
587,14,118,2
584,14,118,2
584,14,118,2
591,14,118,2
588,14,118,2
586,14,118,2
584,14,118,2
584,14,118,2
601,14,118,2
601,14,118,2
582,14,118,2
582,14,118,2
595,14,118,2
589,14,118,2
589,14,118,2
591,14,118,2
591,14,118,2
595,14,118,2
595,14,118,2
588,14,118,2
582,14,118,2
580,14,118,2
593,14,118,2
593,14,118,2
588,14,118,2
588,14,118,2
588,14,118,2
588,14,118,2
588,14,118,2
583,14,118,2
588,14,118,2
588,14,118,2
588,14,118,2
588,14,118,2
588,14,118,2
588,14,118,2
601,14,118,2
595,14,118,2
590,14,118,2
600,14,118,2
596,14,118,2
591,14,118,2
588,14,118,2
593,14,118,2
588,14,118,2
588,14,118,2
588,14,118,2
588,14,118,2
588,14,118,2
600,14,118,2
600,14,118,2
587,14,118,2
587,14,118,2
600,14,118,2
587,14,118,2
587,14,118,2
587,14,118,2
587,14,118,2
587,14,118,2
587,14,118,2
586,14,118,2
586,14,118,2
589,14,118,2
586,14,118,2
586,14,118,2
589,14,118,2
587,14,118,2
588,14,118,2
588,14,118,2
588,14,118,2
588,14,118,2
588,14,118,2
588,14,118,2
587,14,118,2
588,14,118,2
588,14,118,2
588,14,118,2
588,14,118,2
588,14,118,2
588,14,118,2
592,14,118,2
592,14,118,2
580,14,118,2
584,14,118,2
584,14,118,2
580,14,118,2
586,14,118,2
589,14,118,2
590,14,118,2
595,14,118,2
590,14,118,2
586,14,151,2
586,14,151,2
590,14,118,2
589,14,118,2
584,14,118,2
580,14,118,2
586,14,118,2
590,14,118,2
589,14,118,2
595,14,118,2
590,14,118,2
586,14,151,2
584,14,118,2
584,14,118,2
586,14,118,2
591,14,118,2
591,14,118,2
586,14,118,2
590,14,118,2
586,14,151,2
586,14,151,2
591,14,118,2
600,14,118,2
587,14,118,2
601,14,118,2
586,14,118,2
588,14,118,2
595,14,118,2
591,14,118,2
587,14,118,2
582,14,118,2
585,14,118,2
585,14,118,2
595,14,118,2
585,14,118,2
585,14,118,2
585,14,118,2
600,14,118,2
591,14,118,2
586,14,118,2
586,14,118,2
586,14,118,2
586,14,118,2
586,14,118,2
586,14,118,2
591,14,118,2
589,14,118,2
590,14,118,2
590,14,118,2
589,14,118,2
590,14,118,2
590,14,118,2
601,14,118,2
581,14,118,2
595,14,118,2
590,14,118,2
590,14,118,2
590,14,118,2
587,14,118,2
583,14,118,2
583,14,118,2
583,14,118,2
583,14,118,2
583,14,118,2
584,14,118,2
587,14,118,2
587,14,118,2
587,14,118,2
590,14,118,2
590,14,118,2
588,14,118,2
588,14,118,2
586,14,118,2
586,14,118,2
591,14,118,2
591,14,118,2
583,14,118,2
583,14,118,2
583,14,118,2
583,14,118,2
583,14,118,2
583,14,118,2
591,14,118,2
591,14,118,2
583,14,118,2
583,14,118,2
583,14,118,2
583,14,118,2
583,14,118,2
583,14,118,2
588,14,118,2
588,14,118,2
579,14,118,2
579,14,118,2
579,14,118,2
585,14,118,2
586,14,118,2
586,14,118,2
595,14,118,2
588,14,118,2
600,14,118,2
583,14,118,2
595,14,118,2
591,14,118,2
588,14,118,2
591,14,118,2
585,14,118,2
585,14,118,2
590,14,118,2
590,14,118,2
590,14,118,2
590,14,118,2
590,14,118,2
590,14,118,2
595,14,118,2
599,14,118,2
599,14,118,2
584,14,118,2
594,14,118,2
594,14,118,2
583,14,118,2
592,14,118,2
600,14,118,2
600,14,118,2
600,14,118,2
595,14,118,2
595,14,118,2
595,14,118,2
595,14,118,2
595,14,118,2
585,14,118,2
585,14,118,2
589,14,118,2
591,14,118,2
591,14,118,2
591,14,118,2
591,14,118,2
591,14,118,2
591,14,118,2
590,14,118,2
585,14,84,2
589,14,84,2
586,14,118,2
586,14,118,2
593,14,118,2
593,14,118,2
593,14,118,2
593,14,118,2
593,14,118,2
593,14,118,2
588,14,118,2
586,14,118,2
586,14,118,2
586,14,118,2
586,14,118,2
586,14,118,2
586,14,118,2
590,14,118,2
593,14,118,2
587,14,118,2
596,14,118,2
596,14,118,2
587,14,118,2
587,14,118,2
587,14,118,2
587,14,118,2
587,14,118,2
596,14,118,2
589,14,118,2
599,14,118,2
583,14,118,2
587,14,118,2
587,14,118,2
601,14,118,2
600,14,118,2
584,14,118,2
585,14,118,2
585,14,118,2
584,14,118,2
584,14,118,2
584,14,118,2
584,14,118,2
584,14,118,2
590,14,118,2
588,14,118,2
588,14,118,2
588,14,118,2
588,14,118,2
588,14,118,2
588,14,118,2
583,14,118,2
588,14,118,2
583,14,118,2
583,14,118,2
583,14,118,2
593,14,118,2
593,14,118,2
593,14,118,2
593,14,118,2
593,14,118,2
593,14,118,2
593,14,118,2
589,14,118,2
598,14,118,2
598,14,118,2
597,14,118,2
586,14,118,2
585,14,118,2
585,14,118,2
582,14,118,2
586,14,118,2
585,14,118,2
585,14,118,2
585,14,118,2
590,14,118,2
590,14,118,2
608,14,118,2
585,14,118,2
585,14,118,2
590,14,118,2
586,14,118,2
586,14,118,2
586,14,118,2
586,14,118,2
586,14,118,2
586,14,118,2
586,14,118,2
586,14,118,2
585,14,118,2
585,14,118,2
585,14,118,2
585,14,118,2
585,14,118,2
585,14,118,2
582,14,118,2
582,14,118,2
587,14,118,2
587,14,118,2
585,14,118,2
591,14,118,2
592,14,118,2
595,14,118,2
595,14,118,2
591,14,118,2
583,14,118,2
587,14,118,2
587,14,118,2
588,14,118,2
588,14,118,2
595,14,118,2
600,14,118,2
587,14,118,2
587,14,118,2
587,14,118,2
587,14,118,2
587,14,118,2
587,14,118,2
587,14,118,2
587,14,118,2
587,14,118,2
590,14,118,2
594,14,118,2
590,14,118,2
594,14,118,2
588,14,118,2
588,14,118,2
594,14,118,2
590,14,118,2
588,14,118,2
587,14,118,2
600,14,118,2
587,14,118,2
600,14,118,2
598,14,118,2
598,14,118,2
598,14,118,2
597,14,118,2
588,14,118,2
585,14,118,2
588,14,118,2
585,14,118,2
588,14,118,2
578,14,118,2
583,14,118,2
583,14,118,2
582,14,118,2
583,14,118,2
588,14,118,2
588,14,118,2
588,14,118,2
588,14,118,2
588,14,118,2
588,14,118,2
588,14,118,2
588,14,118,2
592,14,118,2
592,14,118,2
592,14,118,2
592,14,118,2
592,14,118,2
592,14,118,2
592,14,118,2
592,14,118,2
592,14,118,2
592,14,118,2
592,14,118,2
592,14,118,2
588,14,118,2
588,14,118,2
586,14,118,2
586,14,118,2
583,14,118,2
591,14,118,2
591,14,118,2
591,14,118,2
591,14,118,2
591,14,118,2
591,14,118,2
580,14,118,2
595,14,118,2
601,14,118,2
591,14,118,2
591,14,118,2
580,14,118,2
583,14,118,2
591,14,118,2
591,14,118,2
601,14,118,2
591,14,118,2
591,14,118,2
595,14,118,2
591,14,118,2
591,14,118,2
599,14,118,2
599,14,118,2
599,14,118,2
599,14,118,2
585,14,118,2
606,14,118,2
585,14,118,2
585,14,118,2
591,14,118,2
591,14,118,2
583,14,84,2
583,14,118,2
583,14,118,2
583,14,118,2
583,14,118,2
583,14,118,2
595,14,118,2
583,14,118,2
580,14,118,2
583,14,118,2
583,14,118,2
588,14,118,2
586,14,118,2
586,14,118,2
586,14,118,2
580,14,118,2
586,14,118,2
586,14,118,2
586,14,118,2
586,14,118,2
586,14,118,2
586,14,118,2
586,14,118,2
586,14,118,2
586,14,118,2
586,14,118,2
586,14,118,2
586,14,118,2
586,14,118,2
586,14,118,2
586,14,118,2
586,14,118,2
586,14,118,2
586,14,118,2
586,14,118,2
586,14,118,2
586,14,118,2
586,14,118,2
586,14,118,2
588,14,118,2
586,14,118,2
586,14,118,2
586,14,118,2
586,14,118,2
586,14,118,2
586,14,118,2
586,14,118,2
586,14,118,2
586,14,118,2
586,14,118,2
586,14,118,2
586,14,118,2
586,14,118,2
586,14,118,2
586,14,118,2
586,14,118,2
586,14,118,2
586,14,118,2
586,14,118,2
586,14,118,2
586,14,118,2
586,14,118,2
586,14,118,2
586,14,118,2
586,14,118,2
586,14,118,2
586,14,118,2
586,14,118,2
586,14,118,2
586,14,118,2
586,14,118,2
586,14,118,2
588,14,118,2
588,14,118,2
591,14,118,2
591,14,118,2
591,14,118,2
591,14,118,2
595,14,118,2
595,14,118,2
598,14,118,2
591,14,118,2
591,14,118,2
591,14,118,2
591,14,118,2
591,14,118,2
591,14,118,2
591,14,118,2
591,14,118,2
589,14,118,2
591,14,118,2
588,14,118,2
591,14,118,2
591,14,118,2
591,14,118,2
595,14,118,2
591,14,118,2
591,14,118,2
591,14,118,2
591,14,118,2
591,14,118,2
591,14,118,2
591,14,118,2
591,14,118,2
591,14,118,2
589,14,118,2
585,14,118,2
585,14,118,2
1204,14,124,3
585,14,118,2
1204,14,124,3
585,14,118,2
585,14,118,2
585,14,118,2
585,14,118,2
585,14,118,2
595,14,118,2
581,14,118,2
581,14,118,2
1072,14,124,3
581,14,118,2
600,14,118,2
595,14,118,2
600,14,118,2
595,14,118,2
586,14,118,2
586,14,118,2
586,14,118,2
1205,14,124,3
586,14,118,2
1205,14,124,3
586,14,118,2
586,14,118,2
587,14,118,2
588,14,118,2
588,14,118,2
583,14,118,2
583,14,118,2
583,14,118,2
586,14,118,2
586,14,118,2
586,14,118,2
588,14,118,2
588,14,118,2
588,14,118,2
588,14,118,2
588,14,118,2
588,14,118,2
588,14,118,2
588,14,118,2
588,14,118,2
588,14,118,2
588,14,118,2
588,14,118,2
588,14,118,2
588,14,118,2
588,14,118,2
588,14,118,2
589,14,118,2
589,14,118,2
593,14,118,2
593,14,118,2
587,14,118,2
587,14,118,2
597,14,151,2
597,14,151,2
587,14,118,2
1082,15,124,3
588,14,118,2
587,14,118,2
587,14,118,2
595,14,118,2
588,14,118,2
588,14,118,2
587,14,118,2
587,14,118,2
595,14,118,2
588,14,118,2
597,14,118,2
588,14,151,2
588,14,151,2
595,14,118,2
587,14,118,2
587,14,118,2
599,14,118,2
589,14,118,2
589,14,118,2
591,14,118,2
590,14,118,2
590,14,118,2
581,14,118,2
591,14,118,2
581,14,118,2
585,14,118,2
590,14,118,2
595,14,118,2
584,14,118,2
584,14,118,2
584,14,118,2
584,14,118,2
584,14,118,2
584,14,118,2
585,14,118,2
1156,14,124,3
1156,14,124,3
585,14,118,2
585,14,118,2
585,14,118,2
597,14,118,2
599,14,118,2
599,14,118,2
588,14,151,2
584,14,118,2
600,14,118,2
600,14,118,2
584,14,151,2
584,14,151,2
595,14,118,2
595,14,118,2
592,14,118,2
598,14,118,2
598,14,118,2
588,14,118,2
588,14,118,2
586,14,118,2
586,14,118,2
586,14,118,2
585,14,118,2
588,14,118,2
601,14,118,2
588,14,118,2
601,14,118,2
595,14,118,2
595,14,118,2
595,14,118,2
595,14,118,2
588,14,118,2
581,14,118,2
588,14,118,2
587,14,118,2
587,14,118,2
587,14,118,2
581,14,118,2
587,14,118,2
587,14,118,2
587,14,118,2
626,14,118,2
590,14,118,2
578,14,118,2
583,14,118,2
589,14,118,2
584,14,118,2
584,14,118,2
584,14,118,2
582,14,118,2
582,14,118,2
582,14,118,2
582,14,118,2
582,14,118,2
582,14,118,2
592,14,118,2
590,14,118,2
590,14,118,2
584,14,118,2
584,14,118,2
585,14,118,2
585,14,118,2
584,14,118,2
585,14,118,2
585,14,118,2
581,14,118,2
599,14,118,2
589,14,118,2
589,14,118,2
1210,14,124,3
589,14,118,2
1209,14,124,3
587,14,118,2
589,14,118,2
605,14,151,2
587,14,118,2
596,14,118,2
601,14,118,2
594,14,118,2
594,14,118,2
591,14,118,2
584,14,118,2
592,14,118,2
592,14,118,2
592,14,118,2
592,14,118,2
592,14,118,2
591,14,118,2
585,14,118,2
600,14,118,2
580,14,118,2
580,14,118,2
580,14,118,2
580,14,118,2
580,14,118,2
580,14,118,2
598,14,118,2
589,14,118,2
589,14,118,2
589,14,118,2
587,14,118,2
587,14,118,2
597,14,118,2
597,14,118,2
585,14,118,2
594,14,118,2
594,14,118,2
594,14,118,2
594,14,118,2
594,14,118,2
587,14,118,2
595,14,118,2
594,14,118,2
594,14,118,2
587,14,118,2
592,14,118,2
592,14,118,2
592,14,118,2
592,14,118,2
592,14,118,2
592,14,118,2
595,14,118,2
607,14,118,2
607,14,118,2
589,14,118,2
589,14,118,2
589,14,118,2
589,14,118,2
589,14,118,2
589,14,118,2
602,14,118,2
602,14,118,2
602,14,118,2
602,14,118,2
585,14,118,2
588,14,118,2
588,14,118,2
588,14,118,2
588,14,118,2
588,14,118,2
584,14,151,2
584,14,151,2
584,14,151,2
584,14,151,2
584,14,151,2
584,14,151,2
584,14,151,2
584,14,151,2
584,14,151,2
584,14,151,2
584,14,151,2
594,14,118,2
584,14,151,2
584,14,151,2
584,14,151,2
584,14,151,2
584,14,151,2
584,14,151,2
584,14,151,2
584,14,151,2
584,14,151,2
584,14,151,2
584,14,151,2
594,14,118,2
587,14,118,2
591,14,118,2
591,14,118,2
599,14,118,2
592,14,118,2
592,14,118,2
592,14,118,2
599,14,118,2
595,14,118,2
595,14,118,2
600,14,118,2
600,14,118,2
600,14,118,2
600,14,118,2
602,14,118,2
589,14,118,2
589,14,118,2
589,14,118,2
589,14,118,2
600,14,118,2
600,14,118,2
602,14,118,2
600,14,118,2
600,14,118,2
589,14,118,2
589,14,118,2
589,14,118,2
589,14,118,2
602,14,118,2
585,14,151,2
584,14,151,2
584,14,151,2
590,14,151,2
583,14,118,2
587,14,118,2
583,14,118,2
594,14,118,2
594,14,118,2
594,14,118,2
594,14,118,2
594,14,118,2
594,14,118,2
594,14,118,2
593,14,118,2
592,14,118,2
586,14,118,2
647,14,118,2
586,14,118,2
592,14,118,2
586,14,118,2
586,14,118,2
647,14,118,2
586,14,118,2
586,14,118,2
591,14,118,2
595,14,118,2
584,14,118,2
599,14,118,2
587,14,118,2
583,14,118,2
590,14,118,2
582,14,118,2
593,14,118,2
593,14,118,2
593,14,118,2
593,14,118,2
593,14,118,2
593,14,118,2
586,14,118,2
593,14,118,2
593,14,118,2
593,14,118,2
593,14,118,2
593,14,118,2
593,14,118,2
593,14,118,2
593,14,118,2
593,14,118,2
595,14,118,2
595,14,118,2
593,14,118,2
593,14,118,2
593,14,118,2
601,14,118,2
593,14,118,2
579,14,118,2
592,14,118,2
593,14,118,2
601,14,118,2
579,14,118,2
592,14,118,2
587,14,118,2
587,14,118,2
580,14,118,2
601,14,118,2
594,14,118,2
580,14,118,2
601,14,118,2
594,14,118,2
585,14,118,2
585,14,118,2
600,14,118,2
600,14,118,2
596,14,118,2
596,14,118,2
596,14,118,2
585,14,118,2
596,14,118,2
586,14,118,2
586,14,118,2
596,14,118,2
596,14,118,2
577,14,118,2
577,14,118,2
588,14,118,2
583,14,118,2
589,14,118,2
1210,14,124,3
590,14,118,2
590,14,118,2
590,14,118,2
587,14,118,2
587,14,118,2
582,14,118,2
585,14,118,2
583,14,118,2
588,14,118,2
588,14,118,2
588,14,118,2
588,14,118,2
588,14,118,2
586,14,118,2
586,14,118,2
586,14,118,2
588,14,118,2
591,14,118,2
588,14,118,2
588,14,118,2
588,14,118,2
588,14,118,2
588,14,118,2
588,14,118,2
588,14,118,2
588,14,118,2
588,14,118,2
588,14,118,2
588,14,118,2
588,14,118,2
583,14,118,2
583,14,118,2
586,14,118,2
586,14,118,2
586,14,118,2
586,14,118,2
586,14,118,2
586,14,118,2
586,14,118,2
587,14,118,2
591,14,118,2
587,14,118,2
595,14,118,2
585,14,118,2
585,14,118,2
585,14,118,2
586,14,118,2
583,14,118,2
595,14,118,2
583,14,118,2
593,14,118,2
593,14,118,2
593,14,118,2
583,14,118,2
586,14,118,2
593,14,118,2
593,14,118,2
586,14,118,2
590,14,118,2
590,14,118,2
592,14,118,2
591,14,118,2
591,14,118,2
591,14,118,2
591,14,118,2
591,14,118,2
591,14,118,2
590,14,118,2
589,14,118,2
590,14,118,2
590,14,118,2
590,14,118,2
626,14,118,2
592,14,118,2
592,14,118,2
592,14,118,2
592,14,118,2
592,14,118,2
592,14,118,2
595,14,118,2
601,14,118,2
601,14,118,2
595,14,118,2
602,14,118,2
602,14,118,2
587,14,118,2
587,14,118,2
587,14,118,2
587,14,118,2
581,14,118,2
587,14,118,2
587,14,118,2
587,14,118,2
581,14,118,2
583,14,118,2
583,14,118,2
591,14,118,2
583,14,118,2
591,14,118,2
588,14,118,2
617,14,118,2
588,14,118,2
588,14,118,2
592,14,118,2
592,14,118,2
595,14,118,2
595,14,118,2
595,14,118,2
588,14,118,2
588,14,118,2
588,14,118,2
617,14,118,2
592,14,118,2
595,14,118,2
595,14,118,2
595,14,118,2
589,14,118,2
612,14,118,2
612,14,118,2
591,14,118,2
598,14,118,2
598,14,118,2
588,14,118,2
595,14,118,2
585,14,118,2
587,14,118,2
586,14,118,2
586,14,118,2
598,14,118,2
598,14,118,2
588,14,118,2
591,14,118,2
589,14,118,2
585,14,118,2
595,14,118,2
587,14,118,2
586,14,118,2
586,14,118,2
589,14,118,2
604,14,118,2
599,14,118,2
599,14,118,2
599,14,118,2
594,14,118,2
594,14,118,2
586,14,118,2
599,14,118,2
599,14,118,2
594,14,118,2
594,14,118,2
599,14,118,2
600,14,118,2
635,14,118,2
589,14,118,2
584,14,118,2
595,14,118,2
595,14,118,2
582,14,118,2
582,14,118,2
582,14,118,2
582,14,118,2
582,14,118,2
582,14,118,2
582,14,118,2
582,14,118,2
582,14,118,2
582,14,118,2
582,14,118,2
582,14,118,2
585,14,118,2
595,14,118,2
588,14,118,2
588,14,118,2
588,14,118,2
594,14,118,2
594,14,118,2
599,14,118,2
599,14,118,2
590,14,118,2
590,14,118,2
590,14,118,2
590,14,118,2
590,14,118,2
590,14,118,2
577,14,118,2
1225,15,124,3
1170,15,124,3
586,14,118,2
600,14,118,2
586,14,118,2
591,14,118,2
591,14,118,2
588,14,118,2
583,14,118,2
584,14,118,2
584,14,118,2
588,14,118,2
588,14,118,2
588,14,118,2
588,14,118,2
588,14,118,2
588,14,118,2
593,14,118,2
592,14,118,2
592,14,118,2
592,14,118,2
592,14,118,2
592,14,118,2
592,14,118,2
593,14,118,2
592,14,118,2
592,14,118,2
592,14,118,2
592,14,118,2
592,14,118,2
592,14,118,2
583,14,118,2
583,14,118,2
585,14,118,2
585,14,118,2
580,14,118,2
585,14,118,2
580,14,118,2
585,14,118,2
595,14,118,2
583,14,118,2
595,14,118,2
583,14,118,2
590,14,118,2
581,14,118,2
601,14,118,2
601,14,118,2
604,14,118,2
588,14,118,2
588,14,118,2
588,14,118,2
588,14,118,2
588,14,118,2
588,14,118,2
588,14,118,2
588,14,118,2
588,14,118,2
588,14,118,2
589,14,118,2
601,14,118,2
604,14,118,2
583,14,118,2
588,14,118,2
588,14,118,2
588,14,118,2
588,14,118,2
588,14,118,2
588,14,118,2
588,14,118,2
588,14,118,2
588,14,118,2
588,14,118,2
589,14,118,2
583,14,118,2
596,14,118,2
592,14,84,2
592,14,84,2
599,14,118,2
599,14,118,2
586,14,118,2
586,14,118,2
587,14,118,2
587,14,118,2
587,14,118,2
586,14,118,2
586,14,118,2
589,14,118,2
592,14,118,2
592,14,118,2
592,14,118,2
586,14,118,2
586,14,118,2
589,14,118,2
592,14,118,2
592,14,118,2
592,14,118,2
593,14,118,2
593,14,118,2
581,14,118,2
580,14,118,2
581,14,118,2
580,14,118,2
595,14,118,2
597,14,118,2
585,14,118,2
584,14,118,2
596,14,118,2
587,14,118,2
587,14,118,2
582,14,118,2
595,14,118,2
588,14,118,2
588,14,118,2
591,14,118,2
592,14,118,2
588,14,118,2
588,14,118,2
592,14,118,2
588,14,118,2
588,14,118,2
588,14,118,2
593,14,118,2
596,14,118,2
596,14,118,2
596,14,118,2
596,14,118,2
596,14,118,2
596,14,118,2
596,14,118,2
595,14,118,2
595,14,118,2
596,14,118,2
595,14,118,2
595,14,118,2
601,14,118,2
596,14,118,2
593,14,118,2
595,14,118,2
596,14,118,2
596,14,118,2
596,14,118,2
596,14,118,2
596,14,118,2
596,14,118,2
595,14,118,2
595,14,118,2
595,14,118,2
582,14,118,2
582,14,118,2
587,14,118,2
587,14,118,2
585,14,118,2
585,14,118,2
585,14,118,2
585,14,118,2
585,14,118,2
585,14,118,2
585,14,118,2
585,14,118,2
585,14,118,2
585,14,118,2
581,14,118,2
580,14,118,2
581,14,118,2
580,14,118,2
588,14,118,2
588,14,118,2
596,14,118,2
596,14,118,2
596,14,118,2
585,14,118,2
585,14,118,2
586,14,118,2
585,14,118,2
600,14,118,2
600,14,118,2
584,14,118,2
588,14,151,2
586,14,118,2
586,14,118,2
585,14,118,2
595,14,118,2
601,14,118,2
590,14,118,2
598,14,118,2
598,14,118,2
583,14,118,2
583,14,118,2
596,14,118,2
596,14,118,2
595,14,118,2
583,14,118,2
583,14,118,2
583,14,118,2
583,14,118,2
584,14,118,2
583,14,118,2
583,14,118,2
588,14,118,2
585,14,118,2
585,14,118,2
585,14,118,2
585,14,118,2
583,14,118,2
601,14,118,2
601,14,118,2
589,14,118,2
589,14,118,2
589,14,118,2
589,14,118,2
589,14,118,2
589,14,118,2
589,14,118,2
589,14,118,2
589,14,118,2
589,14,118,2
589,14,118,2
589,14,118,2
589,14,118,2
589,14,118,2
589,14,118,2
589,14,118,2
589,14,118,2
589,14,118,2
589,14,118,2
589,14,118,2
589,14,118,2
589,14,118,2
589,14,118,2
589,14,118,2
589,14,118,2
589,14,118,2
585,14,118,2
585,14,118,2
595,14,118,2
600,14,118,2
591,14,118,2
592,14,118,2
588,14,118,2
588,14,118,2
598,14,118,2
598,14,118,2
597,14,118,2
594,14,118,2
592,14,118,2
588,14,118,2
588,14,118,2
597,14,118,2
594,14,118,2
588,14,118,2
582,14,118,2
582,14,118,2
595,14,118,2
588,14,118,2
588,14,118,2
588,14,118,2
588,14,118,2
588,14,118,2
588,14,118,2
595,14,118,2
588,14,118,2
588,14,118,2
588,14,118,2
588,14,118,2
588,14,118,2
588,14,118,2
583,14,118,2
588,14,118,2
590,14,118,2
590,14,118,2
590,14,118,2
590,14,118,2
590,14,118,2
591,14,118,2
581,14,118,2
588,14,118,2
601,14,118,2
595,14,118,2
588,14,118,2
588,14,118,2
588,14,118,2
588,14,118,2
582,14,118,2
583,14,118,2
582,14,118,2
583,14,118,2
584,14,118,2
599,14,118,2
594,14,118,2
599,14,118,2
584,14,118,2
594,14,118,2
586,14,118,2
589,14,118,2
589,14,118,2
587,14,118,2
583,14,118,2
585,14,118,2
585,14,118,2
594,14,118,2
594,14,118,2
581,14,118,2
581,14,118,2
588,14,118,2
588,14,118,2
588,14,118,2
588,14,118,2
585,14,118,2
585,14,118,2
585,14,118,2
585,14,118,2
593,14,118,2
593,14,118,2
586,14,118,2
586,14,118,2
592,14,118,2
591,14,118,2
591,14,118,2
591,14,118,2
591,14,118,2
591,14,118,2
591,14,118,2
591,14,118,2
591,14,118,2
591,14,118,2
590,14,118,2
590,14,118,2
580,14,118,2
587,14,118,2
588,14,118,2
588,14,118,2
588,14,118,2
588,14,118,2
596,14,118,2
596,14,118,2
595,14,118,2
601,14,118,2
604,14,118,2
604,14,118,2
587,14,118,2
600,14,118,2
596,14,118,2
587,14,118,2
596,14,118,2
600,14,118,2
583,14,118,2
585,14,118,2
585,14,118,2
582,14,118,2
582,14,118,2
639,14,151,2
596,14,118,2
596,14,118,2
594,14,118,2
590,14,118,2
596,14,118,2
597,14,118,2
589,14,118,2
584,14,118,2
582,14,118,2
587,14,118,2
586,14,118,2
585,14,118,2
585,14,118,2
582,14,118,2
586,14,118,2
600,14,118,2
589,14,118,2
589,14,118,2
589,14,118,2
589,14,118,2
589,14,118,2
589,14,118,2
591,14,118,2
595,14,118,2
584,14,118,2
584,14,118,2
605,14,118,2
605,14,118,2
594,14,118,2
594,14,118,2
594,14,118,2
591,14,118,2
591,14,118,2
586,14,118,2
586,14,118,2
586,14,118,2
586,14,118,2
586,14,118,2
586,14,118,2
586,14,118,2
586,14,118,2
586,14,118,2
586,14,118,2
586,14,118,2
586,14,118,2
586,14,118,2
586,14,118,2
586,14,118,2
583,14,118,2
584,14,118,2
584,14,118,2
584,14,118,2
605,14,118,2
598,14,118,2
584,14,118,2
584,14,118,2
579,14,118,2
590,14,118,2
593,14,118,2
593,14,118,2
593,14,118,2
593,14,118,2
593,14,118,2
593,14,118,2
591,14,118,2
595,14,118,2
601,14,118,2
590,14,118,2
593,14,118,2
1228,14,124,3
1228,14,124,3
594,14,118,2
588,14,118,2
596,14,118,2
595,14,118,2
595,14,118,2
588,14,118,2
588,14,118,2
585,14,118,2
584,14,118,2
584,14,118,2
585,14,118,2
588,14,118,2
588,14,118,2
601,14,118,2
601,14,118,2
588,14,118,2
588,14,118,2
588,14,118,2
586,14,118,2
586,14,118,2
587,14,118,2
585,14,118,2
585,14,118,2
585,14,118,2
585,14,118,2
585,14,118,2
585,14,118,2
585,14,118,2
585,14,118,2
585,14,118,2
585,14,118,2
585,14,118,2
585,14,118,2
584,14,118,2
584,14,118,2
588,14,118,2
588,14,118,2
896,14,124,3
595,14,118,2
588,14,118,2
595,14,118,2
587,14,118,2
595,14,118,2
588,14,118,2
588,14,118,2
1079,14,124,3
587,14,118,2
587,14,118,2
587,14,118,2
587,14,118,2
587,14,118,2
587,14,118,2
590,14,118,2
587,14,118,2
587,14,118,2
590,14,118,2
595,14,118,2
587,14,118,2
592,14,118,2
592,14,118,2
593,14,118,2
593,14,118,2
595,14,118,2
595,14,118,2
593,14,118,2
593,14,118,2
591,14,118,2
598,14,118,2
598,14,118,2
598,14,118,2
589,14,118,2
589,14,118,2
580,14,118,2
580,14,118,2
585,14,118,2
591,14,118,2
588,14,118,2
588,14,118,2
588,14,118,2
585,14,118,2
601,14,118,2
588,14,118,2
585,14,118,2
588,14,118,2
595,14,118,2
586,14,118,2
586,14,118,2
588,14,118,2
588,14,118,2
595,14,118,2
595,14,118,2
595,14,118,2
595,14,118,2
600,14,118,2
595,14,118,2
586,14,118,2
586,14,118,2
586,14,118,2
586,14,118,2
590,14,118,2
590,14,118,2
590,14,118,2
590,14,118,2
590,14,118,2
590,14,118,2
600,14,118,2
595,14,118,2
586,14,118,2
586,14,118,2
586,14,118,2
586,14,118,2
590,14,118,2
590,14,118,2
590,14,118,2
590,14,118,2
590,14,118,2
590,14,118,2
588,14,118,2
586,14,118,2
578,14,118,2
599,14,118,2
582,14,118,2
588,14,118,2
600,14,118,2
600,14,118,2
591,14,118,2
595,14,118,2
599,14,118,2
587,14,118,2
599,14,118,2
587,14,118,2
591,14,118,2
591,14,118,2
586,14,118,2
593,14,118,2
591,14,118,2
591,14,118,2
588,14,118,2
588,14,118,2
588,14,118,2
588,14,118,2
588,14,118,2
588,14,118,2
588,14,118,2
588,14,118,2
588,14,118,2
595,14,118,2
595,14,118,2
595,14,118,2
595,14,118,2
595,14,118,2
590,14,118,2
590,14,118,2
590,14,118,2
590,14,118,2
1160,15,124,3
1160,15,124,3
590,14,118,2
582,14,118,2
582,14,118,2
582,14,118,2
582,14,118,2
601,14,118,2
582,14,118,2
601,14,118,2
582,14,118,2
591,14,118,2
591,14,118,2
591,14,118,2
588,14,118,2
595,14,118,2
612,14,118,2
589,14,118,2
593,14,118,2
599,14,118,2
578,14,118,2
578,14,118,2
578,14,118,2
578,14,118,2
591,14,118,2
595,14,118,2
593,14,118,2
612,14,118,2
589,14,118,2
599,14,118,2
578,14,118,2
578,14,118,2
578,14,118,2
578,14,118,2
591,14,118,2
591,14,118,2
583,14,118,2
583,14,118,2
591,14,118,2
591,14,118,2
600,14,118,2
590,14,118,2
580,14,118,2
583,14,118,2
591,14,118,2
591,14,118,2
595,14,118,2
595,14,118,2
585,14,118,2
585,14,118,2
585,14,118,2
585,14,118,2
585,14,118,2
595,14,118,2
589,14,118,2
586,14,118,2
595,14,118,2
586,14,118,2
583,14,118,2
582,14,118,2
602,14,118,2
591,14,118,2
591,14,118,2
582,14,118,2
582,14,118,2
601,14,118,2
585,14,118,2
601,14,118,2
585,14,118,2
594,14,118,2
594,14,118,2
594,14,118,2
594,14,118,2
594,14,118,2
594,14,118,2
594,14,118,2
594,14,118,2
594,14,118,2
594,14,118,2
594,14,118,2
594,14,118,2
578,14,118,2
600,14,118,2
595,14,118,2
600,14,118,2
588,14,118,2
584,14,118,2
584,14,118,2
588,14,118,2
588,14,118,2
600,14,118,2
600,14,118,2
598,14,118,2
599,14,118,2
590,14,118,2
590,14,118,2
590,14,118,2
590,14,118,2
590,14,118,2
604,14,118,2
585,14,118,2
590,14,118,2
595,14,118,2
584,14,118,2
584,14,118,2
584,14,118,2
584,14,118,2
584,14,118,2
584,14,118,2
595,14,118,2
598,14,118,2
598,14,118,2
595,14,118,2
598,14,118,2
599,14,118,2
594,14,118,2
584,14,118,2
584,14,118,2
585,14,118,2
586,14,118,2
588,14,118,2
588,14,118,2
583,14,151,2
586,14,118,2
586,14,118,2
580,14,118,2
580,14,118,2
584,14,118,2
587,14,118,2
587,14,118,2
583,14,118,2
583,14,118,2
604,14,118,2
583,14,118,2
583,14,118,2
604,14,118,2
585,14,118,2
591,14,118,2
591,14,118,2
591,14,118,2
591,14,118,2
591,14,118,2
584,14,118,2
591,14,118,2
591,14,118,2
591,14,118,2
591,14,118,2
584,14,118,2
595,14,118,2
595,14,118,2
585,14,118,2
589,14,118,2
589,14,118,2
595,14,118,2
595,14,118,2
588,14,118,2
595,14,118,2
586,14,118,2
586,14,118,2
586,14,118,2
590,14,118,2
590,14,118,2
601,14,118,2
604,14,118,2
591,14,118,2
596,14,118,2
586,14,118,2
596,14,118,2
589,14,118,2
599,14,118,2
584,14,118,2
584,14,118,2
584,14,118,2
584,14,118,2
584,14,118,2
584,14,118,2
584,14,118,2
584,14,118,2
584,14,118,2
583,14,118,2
592,14,84,2
583,14,118,2
588,14,118,2
595,14,118,2
588,14,118,2
588,14,118,2
588,14,118,2
588,14,118,2
588,14,118,2
588,14,118,2
591,14,118,2
591,14,118,2
596,14,118,2
588,14,118,2
588,14,118,2
591,14,118,2
585,14,118,2
590,14,118,2
590,14,118,2
590,14,118,2
590,14,118,2
590,14,118,2
590,14,118,2
588,14,118,2
591,14,118,2
593,14,118,2
591,14,118,2
591,14,118,2
589,14,118,2
591,14,118,2
589,14,118,2
591,14,118,2
591,14,118,2
591,14,118,2
1081,14,124,3
591,14,118,2
591,14,118,2
591,14,118,2
591,14,118,2
591,14,118,2
588,14,118,2
589,14,118,2
589,14,118,2
591,14,118,2
1081,14,124,3
588,14,118,2
595,14,118,2
595,14,118,2
599,14,118,2
599,14,118,2
579,14,118,2
579,14,118,2
583,14,118,2
585,14,118,2
585,14,118,2
585,14,118,2
595,14,118,2
593,14,118,2
601,14,118,2
590,14,118,2
595,14,118,2
582,14,118,2
581,14,118,2
583,14,118,2
583,14,118,2
583,14,118,2
583,14,118,2
583,14,118,2
583,14,118,2
580,14,118,2
584,14,118,2
584,14,118,2
584,14,118,2
584,14,118,2
584,14,118,2
584,14,118,2
584,14,118,2
584,14,118,2
584,14,118,2
584,14,118,2
584,14,118,2
584,14,118,2
589,14,118,2
582,14,118,2
582,14,118,2
582,14,118,2
582,14,118,2
582,14,118,2
582,14,118,2
589,14,118,2
582,14,118,2
582,14,118,2
582,14,118,2
582,14,118,2
582,14,118,2
582,14,118,2
592,14,118,2
592,14,118,2
581,14,118,2
581,14,118,2
585,14,118,2
601,14,118,2
588,14,118,2
580,14,118,2
593,14,118,2
600,14,118,2
597,14,118,2
586,14,118,2
591,14,118,2
588,14,118,2
595,14,118,2
590,14,118,2
587,14,118,2
595,14,118,2
589,14,118,2
591,14,118,2
589,14,118,2
590,14,118,2
587,14,118,2
584,14,118,2
589,14,118,2
589,14,118,2
589,14,118,2
589,14,118,2
589,14,118,2
602,14,118,2
602,14,118,2
586,14,118,2
586,14,118,2
1157,14,124,3
1157,14,124,3
586,14,118,2
586,14,118,2
586,14,118,2
586,14,118,2
586,14,118,2
586,14,118,2
587,14,118,2
581,14,118,2
583,14,118,2
586,14,118,2
586,14,118,2
586,14,118,2
586,14,118,2
586,14,118,2
586,14,118,2
586,14,118,2
586,14,118,2
586,14,118,2
586,14,118,2
586,14,118,2
583,14,118,2
586,14,118,2
583,14,118,2
586,14,118,2
586,14,118,2
586,14,118,2
586,14,118,2
588,14,118,2
586,14,118,2
586,14,118,2
586,14,118,2
586,14,118,2
586,14,118,2
586,14,118,2
586,14,118,2
586,14,118,2
580,14,118,2
586,14,118,2
586,14,118,2
586,14,118,2
586,14,118,2
586,14,118,2
586,14,118,2
586,14,118,2
586,14,118,2
586,14,118,2
586,14,118,2
586,14,118,2
586,14,118,2
583,14,118,2
586,14,118,2
586,14,118,2
583,14,118,2
586,14,118,2
586,14,118,2
586,14,118,2
586,14,118,2
586,14,118,2
586,14,118,2
586,14,118,2
586,14,118,2
586,14,118,2
588,14,118,2
586,14,118,2
586,14,118,2
586,14,118,2
586,14,118,2
586,14,118,2
580,14,118,2
586,14,118,2
586,14,118,2
595,14,118,2
583,14,118,2
578,14,118,2
595,14,118,2
590,14,118,2
581,14,118,2
581,14,118,2
581,14,118,2
590,14,118,2
599,14,118,2
585,14,118,2
599,14,118,2
591,14,118,2
595,14,118,2
595,14,118,2
585,14,118,2
585,14,118,2
585,14,118,2
585,14,118,2
587,14,118,2
585,14,118,2
585,14,118,2
585,14,118,2
585,14,118,2
585,14,118,2
585,14,118,2
585,14,118,2
585,14,118,2
585,14,118,2
585,14,118,2
590,14,118,2
590,14,118,2
590,14,118,2
599,14,118,2
599,14,118,2
584,14,118,2
588,14,118,2
588,14,118,2
590,14,118,2
588,14,118,2
588,14,118,2
588,14,118,2
586,14,118,2
588,14,118,2
591,14,118,2
585,14,118,2
586,14,118,2
588,14,118,2
584,14,118,2
585,14,118,2
585,14,118,2
585,14,118,2
585,14,118,2
585,14,118,2
585,14,118,2
586,14,118,2
585,14,118,2
584,14,118,2
585,14,118,2
585,14,118,2
590,14,118,2
587,14,118,2
587,14,118,2
595,14,118,2
590,14,118,2
590,14,118,2
590,14,118,2
590,14,118,2
590,14,118,2
590,14,118,2
590,14,118,2
595,14,118,2
595,14,118,2
595,14,118,2
595,14,118,2
595,14,118,2
595,14,118,2
600,14,118,2
600,14,118,2
600,14,118,2
586,14,118,2
586,14,118,2
599,14,118,2
599,14,118,2
586,14,118,2
587,14,118,2
587,14,118,2
586,14,118,2
586,14,118,2
585,14,118,2
585,14,118,2
585,14,118,2
585,14,118,2
595,14,118,2
584,14,118,2
584,14,118,2
584,14,118,2
584,14,118,2
584,14,118,2
584,14,118,2
587,14,118,2
588,14,118,2
588,14,118,2
587,14,118,2
588,14,118,2
588,14,118,2
595,14,118,2
595,14,118,2
590,14,118,2
590,14,118,2
590,14,118,2
590,14,118,2
590,14,118,2
590,14,118,2
599,14,118,2
581,14,118,2
599,14,118,2
581,14,118,2
592,14,118,2
592,14,118,2
592,14,118,2
592,14,118,2
585,14,118,2
585,14,118,2
585,14,118,2
596,14,118,2
596,14,118,2
594,14,118,2
594,14,118,2
592,14,118,2
592,14,118,2
595,14,118,2
595,14,118,2
595,14,118,2
595,14,118,2
586,14,118,2
593,14,118,2
595,14,118,2
600,14,118,2
595,14,118,2
591,14,151,2
595,14,118,2
587,14,151,2
593,14,151,2
600,14,118,2
593,14,118,2
591,14,151,2
593,14,151,2
587,14,151,2
595,14,118,2
595,14,118,2
595,14,118,2
595,14,118,2
619,14,118,2
619,14,118,2
582,14,118,2
585,14,118,2
595,14,118,2
595,14,118,2
594,14,151,2
594,14,151,2
584,14,118,2
584,14,118,2
587,14,118,2
587,14,118,2
583,14,118,2
577,14,118,2
582,14,118,2
582,14,118,2
591,14,118,2
591,14,118,2
594,14,118,2
594,14,118,2
594,14,118,2
594,14,118,2
594,14,118,2
594,14,118,2
594,14,118,2
583,14,118,2
595,14,118,2
583,14,118,2
588,14,118,2
588,14,118,2
588,14,118,2
588,14,118,2
588,14,118,2
588,14,118,2
595,14,118,2
585,14,118,2
598,14,118,2
588,14,118,2
588,14,118,2
588,14,118,2
588,14,118,2
588,14,118,2
588,14,118,2
586,14,118,2
586,14,118,2
605,14,118,2
600,14,118,2
601,14,118,2
583,14,118,2
588,14,118,2
588,14,118,2
588,14,118,2
595,14,118,2
595,14,118,2
588,14,118,2
587,14,118,2
587,14,118,2
587,14,118,2
600,14,118,2
600,14,118,2
600,14,118,2
596,14,118,2
596,14,118,2
596,14,118,2
596,14,118,2
590,14,118,2
587,14,118,2
587,14,118,2
587,14,118,2
587,14,118,2
584,14,118,2
602,14,118,2
597,14,118,2
597,14,118,2
597,14,118,2
597,14,118,2
595,14,118,2
588,14,151,2
602,14,118,2
602,14,118,2
595,14,118,2
595,14,118,2
597,14,118,2
597,14,118,2
589,14,118,2
589,14,118,2
592,14,118,2
592,14,118,2
592,14,118,2
592,14,118,2
592,14,118,2
595,14,118,2
595,14,118,2
584,14,118,2
584,14,118,2
582,14,151,2
582,14,151,2
587,14,118,2
587,14,118,2
590,14,118,2
590,14,118,2
589,14,118,2
589,14,118,2
618,14,118,2
618,14,118,2
587,14,118,2
618,14,118,2
618,14,118,2
618,14,118,2
587,14,118,2
588,14,118,2
588,14,118,2
582,14,118,2
601,14,118,2
595,14,118,2
595,14,118,2
582,14,118,2
595,14,118,2
591,14,118,2
591,14,118,2
587,14,118,2
587,14,118,2
587,14,118,2
587,14,118,2
587,14,118,2
587,14,118,2
588,14,118,2
595,14,118,2
601,14,118,2
582,14,118,2
591,14,118,2
591,14,118,2
587,14,118,2
587,14,118,2
587,14,118,2
587,14,118,2
587,14,118,2
587,14,118,2
588,14,118,2
588,14,118,2
595,14,118,2
586,14,118,2
589,14,118,2
591,14,118,2
589,14,118,2
590,14,118,2
590,14,118,2
577,14,118,2
577,14,118,2
605,14,151,2
605,14,151,2
792,14,151,2
605,14,151,2
792,14,151,2
605,14,151,2
578,14,118,2
582,14,118,2
1137,14,124,3
596,14,118,2
596,14,118,2
588,14,118,2
1137,14,124,3
596,14,118,2
586,14,118,2
583,14,118,2
582,14,118,2
584,14,118,2
584,14,118,2
589,14,118,2
589,14,118,2
589,14,118,2
589,14,118,2
589,14,118,2
589,14,118,2
602,14,118,2
602,14,118,2
602,14,118,2
589,14,118,2
589,14,118,2
585,14,118,2
582,14,118,2
581,14,118,2
585,14,118,2
590,14,118,2
590,14,118,2
590,14,118,2
593,14,118,2
597,14,118,2
597,14,118,2
597,14,118,2
586,14,118,2
584,14,118,2
584,14,118,2
588,14,118,2
584,14,118,2
588,14,118,2
588,14,118,2
586,14,118,2
601,14,118,2
584,14,118,2
584,14,118,2
585,14,118,2
587,14,118,2
581,14,118,2
591,14,118,2
578,14,118,2
585,14,118,2
585,14,118,2
588,14,118,2
586,14,118,2
586,14,118,2
578,14,118,2
594,14,118,2
586,14,118,2
586,14,118,2
591,14,118,2
591,14,118,2
591,14,118,2
591,14,118,2
586,14,118,2
591,14,118,2
585,14,118,2
601,14,118,2
589,14,118,2
601,14,118,2
587,14,118,2
587,14,118,2
586,14,118,2
587,14,118,2
600,14,118,2
591,14,118,2
601,14,118,2
585,14,118,2
589,14,118,2
601,14,118,2
587,14,118,2
587,14,118,2
587,14,118,2
600,14,118,2
580,14,118,2
580,14,118,2
588,14,118,2
595,14,118,2
593,14,118,2
588,14,118,2
595,14,118,2
593,14,118,2
595,14,118,2
588,14,118,2
588,14,118,2
588,14,118,2
588,14,118,2
586,14,118,2
592,14,118,2
586,14,118,2
586,14,118,2
589,14,118,2
589,14,118,2
595,14,118,2
588,14,118,2
588,14,118,2
588,14,118,2
588,14,118,2
586,14,118,2
592,14,118,2
586,14,118,2
586,14,118,2
589,14,118,2
589,14,118,2
594,14,118,2
594,14,118,2
582,14,118,2
578,14,118,2
578,14,118,2
600,14,118,2
600,14,118,2
595,14,118,2
595,14,118,2
590,14,118,2
590,14,118,2
591,14,118,2
582,14,118,2
588,14,118,2
588,14,118,2
588,14,118,2
599,14,118,2
579,14,118,2
583,14,118,2
586,14,118,2
586,14,118,2
586,14,118,2
586,14,118,2
586,14,118,2
585,14,118,2
585,14,118,2
586,14,118,2
585,14,118,2
583,14,118,2
586,14,118,2
583,14,118,2
595,14,118,2
595,14,118,2
593,14,118,2
593,14,118,2
586,14,118,2
586,14,118,2
586,14,118,2
586,14,118,2
587,14,118,2
589,14,118,2
586,14,118,2
586,14,118,2
587,14,118,2
589,14,118,2
587,14,118,2
593,14,118,2
595,14,118,2
591,14,118,2
594,14,118,2
591,14,118,2
588,14,118,2
588,14,118,2
601,14,118,2
588,14,118,2
598,14,118,2
591,14,118,2
588,14,118,2
591,14,118,2
609,14,118,2
592,14,118,2
586,14,118,2
598,14,118,2
598,14,118,2
598,14,118,2
583,14,118,2
595,14,118,2
595,14,118,2
583,14,118,2
595,14,118,2
595,14,118,2
595,14,118,2
588,14,118,2
588,14,118,2
585,14,118,2
585,14,118,2
589,14,118,2
589,14,118,2
591,14,118,2
591,14,118,2
591,14,118,2
586,14,118,2
586,14,118,2
593,14,118,2
579,14,118,2
579,14,118,2
579,14,118,2
579,14,118,2
584,14,118,2
584,14,118,2
589,14,118,2
589,14,118,2
591,14,118,2
588,14,118,2
590,14,118,2
585,14,118,2
585,14,118,2
587,14,118,2
587,14,118,2
587,14,118,2
581,14,118,2
581,14,118,2
585,14,118,2
585,14,118,2
585,14,118,2
588,14,118,2
588,14,118,2
588,14,118,2
588,14,118,2
586,14,118,2
586,14,118,2
586,14,118,2
588,14,118,2
588,14,118,2
586,14,118,2
593,14,118,2
590,14,118,2
583,14,118,2
579,14,118,2
595,14,118,2
586,14,118,2
583,14,118,2
587,14,118,2
583,14,118,2
587,14,118,2
583,14,118,2
586,14,118,2
587,14,118,2
587,14,118,2
595,14,118,2
584,14,118,2
598,14,118,2
591,14,118,2
591,14,118,2
591,14,118,2
591,14,118,2
608,14,118,2
608,14,118,2
608,14,118,2
608,14,118,2
608,14,118,2
608,14,118,2
587,14,118,2
597,14,118,2
586,14,118,2
586,14,118,2
586,14,118,2
586,14,118,2
586,14,118,2
587,14,118,2
586,14,118,2
586,14,118,2
586,14,118,2
586,14,118,2
586,14,118,2
597,14,118,2
588,14,118,2
588,14,118,2
587,14,118,2
587,14,118,2
591,14,118,2
591,14,118,2
584,14,118,2
586,14,118,2
584,14,118,2
584,14,118,2
588,14,118,2
588,14,118,2
593,14,118,2
603,14,118,2
603,14,118,2
603,14,118,2
603,14,118,2
603,14,118,2
603,14,118,2
603,14,118,2
603,14,118,2
603,14,118,2
603,14,118,2
581,14,118,2
581,14,118,2
592,14,118,2
595,14,118,2
600,14,118,2
600,14,118,2
600,14,118,2
600,14,118,2
586,14,118,2
586,14,118,2
579,14,118,2
583,14,118,2
590,14,118,2
590,14,118,2
595,14,118,2
590,14,118,2
590,14,118,2
593,14,118,2
591,14,118,2
588,14,118,2
595,14,118,2
594,14,118,2
590,14,118,2
591,14,118,2
591,14,118,2
591,14,118,2
591,14,118,2
591,14,118,2
591,14,118,2
605,14,118,2
605,14,118,2
605,14,118,2
605,14,118,2
605,14,118,2
579,14,118,2
583,14,118,2
593,14,118,2
586,14,118,2
586,14,118,2
595,14,118,2
591,14,118,2
591,14,118,2
591,14,118,2
591,14,118,2
591,14,118,2
591,14,118,2
588,14,118,2
588,14,118,2
588,14,118,2
588,14,118,2
588,14,118,2
588,14,118,2
588,14,118,2
588,14,118,2
589,14,118,2
599,14,118,2
599,14,118,2
599,14,118,2
599,14,118,2
599,14,118,2
599,14,118,2
578,14,118,2
1197,14,124,3
1197,14,124,3
578,14,118,2
599,14,118,2
601,14,151,2
601,14,151,2
580,14,118,2
595,14,151,2
595,14,151,2
579,14,118,2
586,14,118,2
590,14,118,2
588,14,118,2
596,14,118,2
587,14,118,2
587,14,118,2
587,14,118,2
587,14,118,2
587,14,118,2
587,14,118,2
587,14,118,2
587,14,118,2
587,14,118,2
587,14,118,2
587,14,118,2
587,14,118,2
587,14,118,2
587,14,118,2
589,14,118,2
586,14,118,2
586,14,118,2
588,14,118,2
591,14,118,2
594,14,118,2
585,14,118,2
589,14,118,2
595,14,118,2
632,14,118,2
595,14,118,2
595,14,118,2
599,14,118,2
588,14,118,2
590,14,118,2
588,14,118,2
602,14,118,2
602,14,118,2
589,14,118,2
589,14,118,2
602,14,118,2
602,14,118,2
589,14,118,2
587,14,118,2
583,14,118,2
583,14,118,2
583,14,118,2
583,14,118,2
583,14,118,2
583,14,118,2
583,14,118,2
583,14,118,2
583,14,118,2
595,14,118,2
595,14,118,2
601,14,118,2
592,14,118,2
595,14,118,2
583,14,118,2
583,14,118,2
583,14,118,2
583,14,118,2
583,14,118,2
583,14,118,2
583,14,118,2
583,14,118,2
583,14,118,2
583,14,118,2
583,14,118,2
583,14,118,2
583,14,118,2
583,14,118,2
592,14,118,2
592,14,118,2
592,14,118,2
583,14,118,2
595,14,118,2
606,14,118,2
606,14,118,2
600,14,118,2
601,14,118,2
586,14,118,2
596,14,118,2
596,14,118,2
596,14,118,2
604,14,118,2
584,14,118,2
584,14,118,2
588,14,118,2
586,14,118,2
586,14,118,2
586,14,118,2
586,14,118,2
586,14,118,2
588,14,118,2
586,14,118,2
582,14,118,2
600,14,118,2
596,14,118,2
596,14,118,2
596,14,118,2
584,14,118,2
581,14,118,2
594,14,118,2
594,14,118,2
591,14,118,2
591,14,118,2
591,14,118,2
588,14,118,2
595,14,118,2
588,14,118,2
586,14,151,2
585,14,118,2
588,14,118,2
586,14,118,2
593,14,118,2
593,14,118,2
586,14,118,2
593,14,118,2
595,14,118,2
595,14,118,2
591,14,118,2
587,14,118,2
587,14,118,2
588,14,118,2
588,14,118,2
588,14,118,2
591,14,118,2
588,14,118,2
587,14,118,2
588,14,118,2
586,14,151,2
586,14,151,2
586,14,118,2
594,14,118,2
590,14,118,2
592,14,118,2
593,14,118,2
898,14,124,3
588,14,118,2
589,14,118,2
588,14,118,2
588,14,118,2
588,14,118,2
588,14,118,2
588,14,118,2
593,14,118,2
593,14,118,2
592,14,118,2
592,14,118,2
592,14,118,2
592,14,118,2
592,14,118,2
592,14,118,2
592,14,118,2
592,14,118,2
592,14,118,2
592,14,118,2
592,14,118,2
592,14,118,2
600,14,118,2
600,14,118,2
595,14,118,2
594,14,118,2
594,14,118,2
594,14,118,2
594,14,118,2
594,14,118,2
595,14,118,2
586,14,151,2
587,14,118,2
589,14,118,2
595,14,118,2
600,14,118,2
600,14,118,2
580,14,118,2
580,14,118,2
580,14,118,2
580,14,118,2
580,14,118,2
580,14,118,2
589,14,118,2
589,14,118,2
585,14,118,2
585,14,118,2
581,14,118,2
585,14,118,2
601,14,118,2
595,14,118,2
595,14,118,2
589,14,118,2
601,14,118,2
588,14,118,2
584,14,118,2
588,14,118,2
588,14,118,2
588,14,118,2
588,14,118,2
588,14,118,2
588,14,118,2
588,14,118,2
597,14,118,2
597,14,118,2
586,14,118,2
586,14,118,2
586,14,118,2
586,14,118,2
585,14,118,2
586,14,118,2
586,14,118,2
585,14,118,2
588,14,118,2
588,14,118,2
588,14,118,2
588,14,118,2
604,14,118,2
599,14,118,2
584,14,118,2
594,14,118,2
588,14,118,2
604,14,118,2
599,14,118,2
584,14,118,2
594,14,118,2
588,14,118,2
599,14,118,2
599,14,118,2
585,14,118,2
590,14,118,2
590,14,118,2
595,14,118,2
595,14,118,2
587,14,118,2
587,14,118,2
592,14,118,2
592,14,118,2
592,14,118,2
592,14,118,2
592,14,118,2
592,14,118,2
595,14,118,2
584,14,118,2
584,14,118,2
588,14,118,2
595,14,118,2
584,14,118,2
595,14,118,2
584,14,118,2
588,14,118,2
599,14,118,2
586,14,118,2
586,14,118,2
586,14,118,2
592,14,118,2
598,14,118,2
593,14,118,2
599,14,118,2
592,14,118,2
586,14,118,2
586,14,118,2
586,14,118,2
590,14,118,2
584,14,118,2
587,14,118,2
587,14,118,2
590,14,118,2
590,14,118,2
590,14,118,2
578,14,118,2
590,14,118,2
582,14,118,2
582,14,118,2
588,14,118,2
593,14,118,2
593,14,118,2
588,14,118,2
593,14,118,2
593,14,118,2
588,14,118,2
588,14,118,2
592,14,118,2
588,14,118,2
588,14,118,2
588,14,118,2
592,14,118,2
600,14,118,2
595,14,118,2
594,14,118,2
594,14,118,2
594,14,118,2
594,14,118,2
594,14,118,2
594,14,118,2
595,14,118,2
600,14,118,2
580,14,118,2
580,14,118,2
587,14,118,2
584,14,118,2
596,14,151,2
585,14,118,2
585,14,118,2
595,14,118,2
599,14,118,2
605,14,118,2
585,14,118,2
#close	2025-02-23-08-57-30
