#separator \x09
#set_separator	,
#empty_field	(empty)
#unset_field	-
#path	shuf_tranco003_tls13_2024_01_30_13h05
#open	2025-02-23-08-56-28
#fields	tls_packet_lengths_record
#types	vector[count]
596,14,118,2
596,14,118,2
596,14,118,2
581,14,118,2
580,14,118,2
582,14,118,2
583,14,118,2
591,14,118,2
582,14,118,2
587,14,118,2
587,14,118,2
594,14,118,2
594,14,118,2
594,14,118,2
594,14,118,2
594,14,118,2
593,14,118,2
592,14,118,2
586,14,118,2
586,14,118,2
586,14,118,2
647,14,118,2
590,14,118,2
594,14,118,2
586,14,118,2
588,14,118,2
590,14,118,2
589,14,118,2
589,14,118,2
587,14,118,2
596,14,118,2
596,14,118,2
591,14,118,2
588,14,118,2
588,14,118,2
590,14,118,2
589,14,118,2
587,14,118,2
591,14,118,2
588,14,118,2
588,14,118,2
588,14,118,2
588,14,118,2
584,14,118,2
584,14,118,2
597,14,118,2
594,14,118,2
597,14,118,2
597,14,118,2
597,14,118,2
594,14,118,2
597,14,118,2
597,14,118,2
587,14,118,2
593,14,118,2
593,14,118,2
582,14,118,2
595,14,118,2
595,14,118,2
593,14,151,2
593,14,151,2
596,14,118,2
595,14,118,2
594,14,118,2
593,14,151,2
593,14,151,2
593,14,151,2
593,14,151,2
593,14,151,2
593,14,151,2
593,14,151,2
599,14,118,2
599,14,118,2
599,14,118,2
599,14,118,2
591,14,118,2
586,14,118,2
586,14,118,2
590,14,118,2
590,14,118,2
590,14,118,2
596,14,118,2
596,14,118,2
588,14,118,2
588,14,118,2
588,14,118,2
588,14,118,2
588,14,118,2
588,14,118,2
588,14,118,2
588,14,118,2
588,14,118,2
588,14,118,2
588,14,118,2
591,14,118,2
595,14,118,2
588,14,118,2
588,14,118,2
588,14,118,2
586,14,118,2
586,14,118,2
593,14,118,2
593,14,118,2
584,14,118,2
584,14,118,2
584,14,118,2
584,14,118,2
584,14,118,2
600,14,118,2
600,14,118,2
600,14,118,2
583,14,118,2
583,14,118,2
608,14,118,2
592,14,118,2
589,14,118,2
583,14,118,2
587,14,118,2
587,14,118,2
592,14,118,2
579,14,118,2
581,14,118,2
580,14,118,2
587,14,118,2
587,14,118,2
1222,14,124,3
1222,14,124,3
587,14,118,2
587,14,118,2
585,14,118,2
585,14,118,2
591,14,118,2
587,14,118,2
587,14,118,2
587,14,118,2
587,14,118,2
589,14,118,2
591,14,118,2
589,14,118,2
585,14,118,2
591,14,118,2
599,14,118,2
599,14,118,2
591,14,118,2
591,14,118,2
591,14,118,2
591,14,118,2
578,14,118,2
578,14,118,2
582,14,118,2
586,14,118,2
583,14,118,2
586,14,118,2
587,14,118,2
590,14,118,2
591,14,118,2
590,14,118,2
586,14,118,2
586,14,118,2
586,14,118,2
586,14,118,2
586,14,118,2
586,14,118,2
590,14,118,2
590,14,118,2
590,14,118,2
590,14,118,2
592,14,118,2
588,14,118,2
588,14,118,2
588,14,118,2
581,14,118,2
594,14,118,2
595,14,118,2
595,14,118,2
595,14,118,2
595,14,118,2
595,14,118,2
595,14,118,2
601,14,118,2
585,14,118,2
592,14,118,2
581,14,118,2
592,14,118,2
592,14,118,2
592,14,118,2
592,14,118,2
592,14,118,2
592,14,118,2
595,14,118,2
595,14,118,2
595,14,118,2
595,14,118,2
587,14,118,2
594,14,118,2
591,14,118,2
582,14,118,2
585,14,118,2
585,14,118,2
591,14,118,2
591,14,118,2
591,14,118,2
591,14,118,2
591,14,118,2
591,14,118,2
591,14,118,2
597,14,118,2
586,14,118,2
605,14,118,2
597,14,118,2
595,14,118,2
585,14,118,2
585,14,118,2
586,14,118,2
590,14,118,2
586,14,118,2
599,14,118,2
599,14,118,2
599,14,118,2
591,14,118,2
591,14,118,2
591,14,118,2
585,14,118,2
594,14,118,2
594,14,118,2
591,14,118,2
591,14,118,2
585,14,118,2
594,14,118,2
586,14,118,2
591,14,118,2
595,14,118,2
584,14,118,2
586,14,118,2
586,14,118,2
586,14,118,2
586,14,118,2
586,14,118,2
586,14,118,2
594,14,118,2
594,14,118,2
594,14,118,2
580,14,118,2
592,14,118,2
592,14,118,2
592,14,118,2
592,14,118,2
592,14,118,2
592,14,118,2
588,14,118,2
584,14,118,2
586,14,118,2
584,14,118,2
589,14,118,2
595,14,118,2
588,14,118,2
588,14,118,2
588,14,118,2
578,14,118,2
578,14,118,2
582,14,118,2
582,14,118,2
582,14,118,2
591,14,118,2
591,14,118,2
591,14,118,2
591,14,118,2
591,14,118,2
591,14,118,2
590,14,118,2
591,14,118,2
591,14,118,2
591,14,118,2
595,14,118,2
591,14,118,2
595,14,118,2
595,14,118,2
590,14,118,2
588,14,118,2
588,14,118,2
595,14,118,2
581,14,118,2
581,14,118,2
585,14,118,2
585,14,118,2
578,14,118,2
578,14,118,2
582,14,118,2
587,14,118,2
587,14,118,2
587,14,118,2
591,14,118,2
591,14,118,2
590,14,118,2
577,14,151,2
582,14,118,2
580,14,118,2
580,14,118,2
580,14,118,2
587,14,118,2
580,14,118,2
580,14,118,2
580,14,118,2
586,14,118,2
586,14,118,2
580,14,118,2
578,14,118,2
598,14,118,2
598,14,118,2
591,14,118,2
591,14,118,2
591,14,118,2
591,14,118,2
595,14,118,2
585,14,118,2
598,14,118,2
591,14,118,2
598,14,118,2
583,14,118,2
591,14,118,2
591,14,118,2
591,14,118,2
585,14,118,2
595,14,118,2
583,14,118,2
600,14,118,2
586,14,118,2
584,14,118,2
584,14,118,2
588,14,118,2
588,14,118,2
590,14,118,2
590,14,118,2
594,14,118,2
582,14,118,2
581,14,118,2
581,14,118,2
581,14,118,2
581,14,118,2
581,14,118,2
581,14,118,2
581,14,118,2
581,14,118,2
596,14,118,2
585,14,118,2
588,14,118,2
584,14,118,2
584,14,118,2
589,14,118,2
589,14,118,2
589,14,118,2
589,14,118,2
589,14,118,2
589,14,118,2
581,14,118,2
581,14,118,2
584,14,118,2
584,14,118,2
588,14,118,2
591,14,118,2
591,14,118,2
590,14,118,2
600,14,118,2
590,14,118,2
600,14,118,2
584,14,118,2
584,14,118,2
583,14,118,2
583,14,118,2
588,14,118,2
588,14,118,2
588,14,118,2
588,14,118,2
588,14,118,2
588,14,118,2
588,14,118,2
588,14,118,2
588,14,118,2
588,14,118,2
588,14,118,2
588,14,118,2
588,14,118,2
588,14,118,2
594,14,118,2
579,14,118,2
579,14,118,2
583,14,118,2
588,14,118,2
588,14,118,2
590,14,118,2
590,14,118,2
590,14,118,2
588,14,118,2
590,14,118,2
590,14,118,2
592,14,118,2
585,14,118,2
585,14,118,2
586,14,118,2
591,14,118,2
591,14,118,2
586,14,118,2
594,14,118,2
594,14,118,2
588,14,118,2
588,14,118,2
588,14,118,2
594,14,118,2
588,14,118,2
582,14,118,2
583,14,118,2
583,14,118,2
580,14,118,2
586,14,118,2
580,14,118,2
600,14,118,2
600,14,118,2
600,14,118,2
584,14,118,2
584,14,118,2
585,14,118,2
581,14,118,2
581,14,118,2
581,14,118,2
591,14,118,2
591,14,118,2
581,14,118,2
581,14,118,2
585,14,118,2
585,14,118,2
1204,14,124,3
1204,14,124,3
585,14,118,2
585,14,118,2
590,14,118,2
1204,14,124,3
1204,14,124,3
585,14,118,2
585,14,118,2
585,14,118,2
585,14,118,2
585,14,118,2
585,14,118,2
585,14,118,2
585,14,118,2
585,14,118,2
585,14,118,2
585,14,118,2
589,14,118,2
589,14,118,2
578,14,151,2
578,14,151,2
589,14,118,2
589,14,118,2
589,14,118,2
589,14,118,2
589,14,118,2
589,14,118,2
577,14,118,2
577,14,118,2
580,14,118,2
580,14,118,2
591,14,118,2
581,14,118,2
581,14,118,2
581,14,118,2
581,14,118,2
588,14,118,2
588,14,118,2
601,14,118,2
589,14,118,2
587,14,118,2
585,14,118,2
585,14,118,2
585,14,118,2
601,14,118,2
589,14,118,2
587,14,118,2
585,14,118,2
585,14,118,2
595,14,118,2
595,14,118,2
587,14,118,2
585,14,118,2
587,14,118,2
584,14,118,2
588,14,118,2
588,14,118,2
594,14,118,2
589,14,118,2
591,14,118,2
591,14,118,2
591,14,118,2
588,14,118,2
592,14,118,2
589,14,118,2
594,14,118,2
591,14,118,2
591,14,118,2
580,14,118,2
586,14,118,2
586,14,118,2
585,14,118,2
585,14,118,2
577,14,118,2
577,14,118,2
583,14,118,2
583,14,118,2
591,14,118,2
588,14,118,2
595,14,118,2
588,14,118,2
588,14,118,2
595,14,118,2
599,14,118,2
588,14,118,2
590,14,118,2
594,14,118,2
587,14,118,2
590,14,118,2
594,14,118,2
584,14,118,2
597,14,118,2
597,14,118,2
585,14,118,2
588,14,118,2
592,14,118,2
600,14,118,2
588,14,118,2
588,14,118,2
602,14,118,2
581,14,118,2
591,14,118,2
591,14,118,2
586,14,118,2
581,14,118,2
581,14,118,2
575,14,118,2
575,14,118,2
586,14,118,2
598,14,118,2
584,14,118,2
582,14,118,2
594,14,118,2
593,14,118,2
593,14,118,2
595,14,118,2
585,14,118,2
595,14,118,2
595,14,118,2
591,14,118,2
582,14,118,2
594,14,118,2
585,14,118,2
595,14,118,2
586,14,118,2
586,14,118,2
591,14,118,2
591,14,118,2
599,14,118,2
599,14,118,2
593,14,118,2
593,14,118,2
589,14,118,2
593,14,118,2
588,14,151,2
593,14,118,2
595,14,118,2
594,14,151,2
587,14,118,2
587,14,118,2
587,14,118,2
587,14,118,2
587,14,118,2
587,14,118,2
587,14,118,2
587,14,118,2
587,14,118,2
587,14,118,2
587,14,118,2
587,14,118,2
596,14,118,2
596,14,118,2
579,14,118,2
595,14,118,2
585,14,118,2
591,14,118,2
581,14,118,2
581,14,118,2
585,14,118,2
592,14,118,2
588,14,118,2
592,14,118,2
588,14,118,2
601,14,118,2
599,14,118,2
596,14,118,2
600,14,118,2
592,14,118,2
588,14,118,2
588,14,118,2
588,14,118,2
588,14,118,2
590,14,118,2
595,14,118,2
588,14,118,2
595,14,118,2
595,14,118,2
597,14,118,2
597,14,118,2
589,14,118,2
589,14,118,2
593,14,118,2
581,14,118,2
593,14,118,2
593,14,118,2
593,14,118,2
586,14,118,2
586,14,118,2
586,14,118,2
579,14,118,2
585,14,118,2
591,14,118,2
583,14,118,2
587,14,118,2
586,14,118,2
586,14,118,2
586,14,118,2
586,14,118,2
590,14,118,2
590,14,118,2
590,14,118,2
590,14,118,2
617,14,118,2
617,14,118,2
575,14,118,2
583,14,118,2
591,14,118,2
591,14,118,2
590,14,151,2
587,14,118,2
587,14,118,2
591,14,118,2
591,14,118,2
583,14,118,2
595,14,118,2
588,14,118,2
591,14,118,2
578,14,118,2
586,14,118,2
591,14,118,2
586,14,118,2
591,14,118,2
586,14,118,2
586,14,118,2
588,14,118,2
595,14,118,2
609,14,118,2
585,14,118,2
585,14,118,2
609,14,118,2
587,14,118,2
587,14,118,2
591,14,118,2
588,14,118,2
588,14,118,2
591,14,118,2
591,14,118,2
591,14,118,2
591,14,118,2
591,14,118,2
591,14,118,2
591,14,118,2
591,14,118,2
586,14,118,2
586,14,118,2
586,14,118,2
586,14,118,2
588,14,118,2
588,14,118,2
588,14,118,2
595,14,118,2
595,14,118,2
588,14,118,2
588,14,118,2
588,14,118,2
588,14,118,2
588,14,118,2
595,14,118,2
588,14,118,2
588,14,118,2
588,14,118,2
588,14,118,2
584,14,118,2
588,14,118,2
587,14,118,2
601,14,118,2
601,14,118,2
585,14,118,2
595,14,118,2
595,14,118,2
590,14,118,2
590,14,118,2
594,14,118,2
594,14,118,2
594,14,118,2
594,14,118,2
596,14,118,2
594,14,118,2
596,14,118,2
596,14,118,2
596,14,118,2
596,14,118,2
596,14,118,2
596,14,118,2
595,14,118,2
594,14,118,2
594,14,118,2
588,14,118,2
595,14,118,2
595,14,118,2
595,14,118,2
602,14,118,2
602,14,118,2
602,14,118,2
602,14,118,2
592,14,118,2
587,14,118,2
604,14,118,2
592,14,118,2
594,14,118,2
594,14,118,2
585,14,118,2
585,14,118,2
584,14,118,2
584,14,118,2
591,14,118,2
584,14,118,2
584,14,118,2
588,14,118,2
599,14,118,2
599,14,118,2
588,14,118,2
579,14,118,2
583,14,118,2
1202,14,124,3
1202,14,124,3
589,14,118,2
589,14,118,2
1202,14,124,3
1202,14,124,3
583,14,118,2
595,14,118,2
594,14,118,2
585,14,118,2
594,14,118,2
594,14,118,2
594,14,118,2
586,14,118,2
586,14,118,2
585,14,118,2
585,14,118,2
1202,14,124,3
1202,14,124,3
583,14,118,2
583,14,118,2
583,14,118,2
583,14,118,2
583,14,118,2
583,14,118,2
589,14,118,2
589,14,118,2
589,14,118,2
588,14,118,2
588,14,118,2
588,14,118,2
588,14,118,2
588,14,118,2
588,14,118,2
592,14,118,2
587,14,84,2
586,14,118,2
584,14,118,2
583,14,118,2
585,14,118,2
591,14,118,2
590,14,118,2
590,14,118,2
1220,14,124,3
1220,14,124,3
585,14,118,2
585,14,118,2
588,14,118,2
588,14,118,2
588,14,118,2
591,14,118,2
585,14,118,2
585,14,118,2
578,14,118,2
588,14,118,2
588,14,118,2
591,14,118,2
591,14,118,2
588,14,118,2
588,14,118,2
588,14,118,2
588,14,118,2
592,14,118,2
592,14,118,2
591,14,118,2
591,14,118,2
591,14,118,2
591,14,118,2
591,14,118,2
590,14,118,2
589,14,118,2
589,14,118,2
590,14,118,2
586,14,118,2
602,14,118,2
602,14,118,2
585,14,118,2
585,14,118,2
586,14,118,2
591,14,118,2
601,14,118,2
595,14,118,2
583,14,118,2
588,14,118,2
583,14,118,2
595,14,118,2
595,14,118,2
583,14,118,2
584,14,118,2
580,14,118,2
580,14,118,2
584,14,118,2
586,14,118,2
586,14,118,2
586,14,118,2
586,14,118,2
586,14,118,2
588,14,118,2
586,14,118,2
586,14,118,2
579,14,118,2
579,14,118,2
593,14,118,2
591,14,151,2
591,14,151,2
581,14,118,2
581,14,118,2
587,14,118,2
591,14,118,2
586,14,118,2
596,14,118,2
586,14,118,2
588,14,118,2
586,14,118,2
586,14,118,2
586,14,118,2
584,14,118,2
584,14,118,2
586,14,118,2
594,14,118,2
594,14,118,2
590,14,118,2
590,14,118,2
601,14,118,2
587,14,118,2
587,14,118,2
583,14,118,2
583,14,118,2
596,14,118,2
596,14,118,2
583,14,118,2
587,14,118,2
588,14,118,2
586,14,118,2
586,14,118,2
586,14,118,2
586,14,118,2
586,14,118,2
586,14,118,2
586,14,118,2
580,14,118,2
591,14,118,2
591,14,118,2
591,14,118,2
595,14,118,2
583,14,118,2
583,14,118,2
600,14,118,2
600,14,118,2
600,14,118,2
595,14,118,2
597,14,118,2
583,14,118,2
583,14,118,2
598,14,118,2
595,14,118,2
583,14,118,2
599,14,118,2
599,14,118,2
1168,15,124,3
597,14,118,2
597,14,118,2
597,14,118,2
597,14,118,2
579,14,118,2
595,14,118,2
586,14,118,2
600,14,118,2
584,14,118,2
584,14,118,2
599,14,118,2
584,14,118,2
594,14,118,2
599,14,118,2
594,14,118,2
586,14,118,2
586,14,118,2
586,14,118,2
586,14,118,2
586,14,118,2
578,14,118,2
578,14,118,2
578,14,118,2
595,14,118,2
590,14,118,2
584,14,118,2
584,14,118,2
588,14,118,2
588,14,118,2
588,14,118,2
586,14,118,2
586,14,118,2
585,14,118,2
584,14,118,2
588,14,118,2
584,14,118,2
595,14,118,2
595,14,118,2
591,14,118,2
595,14,118,2
595,14,118,2
595,14,118,2
588,14,118,2
586,14,118,2
586,14,118,2
586,14,118,2
586,14,118,2
586,14,118,2
586,14,118,2
586,14,118,2
586,14,118,2
586,14,118,2
595,14,118,2
595,14,118,2
591,14,118,2
595,14,118,2
586,14,118,2
586,14,118,2
586,14,118,2
586,14,118,2
586,14,118,2
586,14,118,2
586,14,118,2
586,14,118,2
586,14,118,2
583,14,118,2
589,14,118,2
595,14,118,2
595,14,118,2
589,14,118,2
591,14,118,2
593,14,118,2
588,14,118,2
592,14,118,2
592,14,118,2
600,14,118,2
600,14,118,2
587,14,118,2
587,14,118,2
587,14,118,2
600,14,118,2
587,14,118,2
587,14,118,2
587,14,118,2
578,14,118,2
578,14,118,2
589,14,118,2
589,14,118,2
600,14,118,2
589,14,118,2
589,14,118,2
589,14,118,2
589,14,118,2
589,14,118,2
589,14,118,2
589,14,118,2
589,14,118,2
589,14,118,2
589,14,118,2
589,14,118,2
589,14,118,2
589,14,118,2
583,14,118,2
587,14,118,2
600,14,118,2
600,14,118,2
591,14,118,2
591,14,118,2
591,14,118,2
591,14,118,2
591,14,118,2
595,14,118,2
591,14,118,2
595,14,118,2
591,14,118,2
585,14,118,2
585,14,118,2
603,14,118,2
585,14,118,2
585,14,118,2
1220,14,124,3
1220,14,124,3
1204,14,124,3
591,14,118,2
591,14,118,2
586,14,118,2
593,14,151,2
585,14,118,2
585,14,118,2
1156,14,124,3
1156,14,124,3
585,14,118,2
585,14,118,2
585,14,118,2
585,14,118,2
595,14,118,2
585,14,118,2
585,14,118,2
581,14,118,2
581,14,118,2
585,14,118,2
581,14,118,2
581,14,118,2
586,14,118,2
586,14,118,2
586,14,118,2
591,14,118,2
591,14,118,2
591,14,118,2
591,14,118,2
591,14,118,2
591,14,118,2
591,14,118,2
595,14,118,2
585,14,118,2
585,14,118,2
591,14,118,2
599,14,118,2
584,14,118,2
585,14,118,2
584,14,118,2
591,14,118,2
580,14,118,2
591,14,118,2
580,14,118,2
592,14,118,2
592,14,118,2
591,14,118,2
591,14,118,2
588,14,118,2
588,14,118,2
588,14,118,2
584,14,151,2
605,14,118,2
594,14,118,2
592,14,118,2
592,14,118,2
592,14,118,2
592,14,118,2
592,14,118,2
592,14,118,2
592,14,118,2
592,14,118,2
592,14,118,2
592,14,118,2
592,14,118,2
592,14,118,2
588,14,118,2
588,14,118,2
588,14,118,2
588,14,118,2
588,14,118,2
594,14,118,2
588,14,118,2
594,14,118,2
588,14,118,2
578,14,118,2
578,14,118,2
582,14,118,2
587,14,118,2
583,14,118,2
581,14,118,2
581,14,118,2
595,14,118,2
583,14,118,2
579,14,118,2
579,14,118,2
583,14,118,2
583,14,118,2
591,14,118,2
591,14,118,2
591,14,118,2
590,14,118,2
601,14,118,2
586,14,118,2
588,14,118,2
588,14,118,2
588,14,118,2
588,14,118,2
588,14,118,2
588,14,118,2
585,14,118,2
585,14,118,2
585,14,118,2
585,14,118,2
578,14,151,2
578,14,151,2
598,14,118,2
583,14,118,2
596,14,118,2
596,14,118,2
596,14,118,2
582,14,118,2
582,14,118,2
592,14,118,2
592,14,118,2
583,14,118,2
595,14,118,2
592,14,118,2
583,14,118,2
600,14,118,2
600,14,118,2
592,14,118,2
592,14,118,2
592,14,118,2
586,14,118,2
586,14,118,2
586,14,118,2
586,14,118,2
586,14,118,2
587,14,118,2
589,14,118,2
587,14,118,2
589,14,118,2
585,14,118,2
601,14,118,2
592,14,118,2
585,14,118,2
601,14,118,2
589,14,118,2
585,14,118,2
586,14,118,2
592,14,118,2
592,14,118,2
591,14,118,2
593,14,151,2
591,14,118,2
598,14,118,2
598,14,151,2
592,14,118,2
595,14,118,2
589,14,118,2
585,14,118,2
586,14,118,2
592,14,118,2
592,14,118,2
591,14,118,2
593,14,151,2
591,14,118,2
598,14,118,2
595,14,118,2
588,14,118,2
589,14,118,2
601,14,118,2
594,14,118,2
589,14,118,2
593,14,118,2
588,14,118,2
588,14,118,2
588,14,118,2
587,14,118,2
587,14,118,2
595,14,118,2
590,14,118,2
592,14,118,2
592,14,118,2
592,14,118,2
592,14,118,2
595,14,118,2
595,14,118,2
590,14,118,2
590,14,118,2
595,14,118,2
595,14,118,2
595,14,118,2
578,14,118,2
578,14,118,2
583,14,118,2
583,14,118,2
583,14,118,2
583,14,118,2
583,14,118,2
584,14,118,2
585,14,118,2
585,14,118,2
585,14,118,2
585,14,118,2
585,14,118,2
585,14,118,2
585,14,118,2
595,14,118,2
595,14,118,2
595,14,118,2
595,14,118,2
579,14,118,2
579,14,118,2
579,14,118,2
579,14,118,2
578,14,118,2
578,14,118,2
588,14,118,2
588,14,118,2
588,14,118,2
588,14,118,2
590,14,118,2
579,14,118,2
582,14,118,2
578,14,118,2
586,14,118,2
586,14,118,2
586,14,118,2
586,14,118,2
580,14,118,2
589,14,118,2
589,14,118,2
595,14,118,2
585,14,118,2
600,14,118,2
600,14,118,2
595,14,118,2
591,14,118,2
585,14,118,2
600,14,118,2
591,14,118,2
586,14,118,2
586,14,118,2
599,14,118,2
594,14,118,2
599,14,118,2
594,14,118,2
584,14,118,2
580,14,151,2
580,14,151,2
584,14,151,2
584,14,151,2
590,14,118,2
590,14,118,2
596,14,118,2
588,14,118,2
596,14,118,2
580,14,118,2
588,14,118,2
588,14,118,2
586,14,118,2
586,14,118,2
586,14,118,2
586,14,118,2
586,14,118,2
586,14,118,2
587,14,118,2
586,14,118,2
586,14,118,2
587,14,118,2
585,14,118,2
586,14,118,2
586,14,118,2
587,14,118,2
587,14,118,2
586,14,118,2
587,14,118,2
586,14,118,2
595,14,118,2
596,14,118,2
600,14,118,2
595,14,118,2
592,14,118,2
586,14,118,2
586,14,118,2
586,14,118,2
586,14,118,2
586,14,118,2
586,14,118,2
587,14,118,2
586,14,118,2
585,14,118,2
587,14,118,2
587,14,118,2
586,14,118,2
587,14,118,2
586,14,118,2
586,14,118,2
586,14,118,2
587,14,118,2
586,14,118,2
600,14,118,2
595,14,118,2
596,14,118,2
600,14,118,2
595,14,118,2
592,14,118,2
600,14,118,2
592,14,118,2
592,14,118,2
601,14,118,2
617,14,118,2
588,14,118,2
588,14,118,2
598,14,118,2
587,14,118,2
587,14,118,2
584,14,118,2
584,14,118,2
599,14,118,2
599,14,118,2
599,14,118,2
591,14,118,2
591,14,118,2
591,14,118,2
591,14,118,2
588,14,118,2
588,14,118,2
588,14,118,2
586,14,118,2
586,14,118,2
586,14,118,2
586,14,118,2
596,14,118,2
592,14,118,2
592,14,118,2
588,14,118,2
588,14,118,2
578,14,118,2
582,14,118,2
578,14,118,2
582,14,118,2
582,14,118,2
586,14,118,2
583,14,118,2
581,14,118,2
585,14,118,2
597,14,118,2
611,14,118,2
593,14,118,2
593,14,118,2
597,14,118,2
611,14,118,2
595,14,118,2
594,14,118,2
594,14,118,2
594,14,118,2
594,14,118,2
594,14,118,2
594,14,118,2
594,14,118,2
594,14,118,2
594,14,118,2
594,14,118,2
595,14,118,2
594,14,118,2
595,14,118,2
602,14,118,2
597,14,118,2
597,14,118,2
597,14,118,2
602,14,118,2
597,14,118,2
597,14,118,2
602,14,118,2
602,14,118,2
597,14,118,2
602,14,118,2
602,14,118,2
602,14,118,2
602,14,118,2
602,14,118,2
597,14,118,2
602,14,118,2
597,14,118,2
602,14,118,2
602,14,118,2
597,14,118,2
597,14,118,2
597,14,118,2
597,14,118,2
588,14,118,2
588,14,118,2
588,14,118,2
588,14,118,2
588,14,118,2
588,14,118,2
588,14,118,2
588,14,118,2
588,14,118,2
588,14,118,2
588,14,118,2
588,14,118,2
599,14,118,2
598,14,118,2
599,14,118,2
584,14,118,2
594,14,118,2
594,14,118,2
594,14,118,2
594,14,118,2
599,14,118,2
599,14,118,2
593,14,118,2
593,14,118,2
588,14,118,2
588,14,118,2
595,14,118,2
595,14,118,2
589,14,118,2
589,14,118,2
593,14,118,2
578,14,118,2
582,14,118,2
590,14,118,2
595,14,118,2
590,14,118,2
590,14,118,2
599,14,118,2
591,14,118,2
599,14,118,2
1081,14,124,3
588,14,118,2
588,14,118,2
588,14,118,2
588,14,118,2
582,14,118,2
586,14,118,2
598,14,118,2
595,14,118,2
595,14,118,2
591,14,118,2
586,14,118,2
586,14,118,2
581,14,151,2
581,14,151,2
583,14,118,2
587,14,118,2
600,14,118,2
596,14,118,2
596,14,118,2
591,14,118,2
578,14,118,2
582,14,118,2
595,14,118,2
590,14,118,2
597,14,118,2
586,14,118,2
593,14,118,2
591,14,118,2
582,14,118,2
582,14,118,2
593,14,118,2
593,14,118,2
584,14,118,2
588,14,118,2
600,14,118,2
588,14,118,2
600,14,118,2
588,14,118,2
593,14,118,2
593,14,118,2
591,14,118,2
595,14,118,2
595,14,118,2
595,14,118,2
562,13,118,2
589,14,118,2
589,14,118,2
597,14,118,2
593,14,118,2
597,14,118,2
593,14,118,2
580,14,118,2
580,14,118,2
584,14,118,2
584,14,118,2
586,14,118,2
586,14,118,2
586,14,118,2
586,14,118,2
588,14,118,2
584,14,118,2
584,14,118,2
585,14,118,2
595,14,118,2
601,14,118,2
600,14,118,2
600,14,118,2
598,14,118,2
598,14,118,2
599,14,118,2
594,14,118,2
599,14,118,2
584,14,118,2
594,14,118,2
589,14,118,2
604,14,118,2
581,14,118,2
585,14,118,2
584,14,118,2
590,14,118,2
590,14,118,2
590,14,118,2
590,14,118,2
590,14,118,2
590,14,118,2
592,14,118,2
592,14,118,2
592,14,118,2
592,14,118,2
592,14,118,2
592,14,118,2
581,14,118,2
581,14,118,2
596,14,118,2
596,14,118,2
596,14,118,2
585,14,118,2
589,14,118,2
575,14,118,2
585,14,118,2
585,14,118,2
585,14,118,2
591,14,118,2
595,14,118,2
588,14,118,2
588,14,118,2
586,14,151,2
582,14,118,2
583,14,118,2
578,14,118,2
578,14,118,2
580,14,118,2
578,14,118,2
585,14,118,2
583,14,118,2
579,14,118,2
592,14,118,2
592,14,118,2
592,14,118,2
585,14,118,2
1076,14,124,3
601,14,118,2
580,14,118,2
592,14,118,2
585,14,118,2
595,14,118,2
588,14,118,2
583,14,118,2
601,14,118,2
588,14,118,2
583,14,118,2
595,14,118,2
583,14,118,2
587,14,118,2
580,14,118,2
580,14,118,2
584,14,118,2
586,14,118,2
586,14,118,2
586,14,118,2
588,14,118,2
586,14,118,2
586,14,118,2
586,14,118,2
582,14,118,2
586,14,118,2
586,14,118,2
586,14,118,2
586,14,118,2
586,14,118,2
586,14,118,2
586,14,118,2
586,14,118,2
586,14,118,2
584,14,118,2
584,14,118,2
586,14,118,2
586,14,118,2
894,14,124,3
894,14,124,3
586,14,118,2
586,14,118,2
586,14,118,2
586,14,118,2
586,14,118,2
586,14,118,2
586,14,118,2
586,14,118,2
586,14,118,2
586,14,118,2
594,14,118,2
594,14,118,2
605,14,118,2
605,14,118,2
579,14,118,2
579,14,118,2
581,14,118,2
581,14,118,2
585,14,118,2
581,14,118,2
582,14,118,2
585,14,118,2
580,14,118,2
590,14,118,2
590,14,118,2
579,14,118,2
579,14,118,2
580,14,118,2
584,14,118,2
583,14,118,2
584,14,118,2
584,14,118,2
581,14,118,2
585,14,118,2
600,14,118,2
584,14,118,2
581,14,118,2
596,14,118,2
596,14,118,2
585,14,118,2
585,14,118,2
585,14,118,2
585,14,118,2
583,14,118,2
595,14,118,2
586,14,118,2
586,14,118,2
586,14,118,2
586,14,118,2
585,14,118,2
595,14,118,2
591,14,118,2
591,14,118,2
589,14,118,2
592,14,118,2
592,14,118,2
592,14,118,2
592,14,118,2
592,14,118,2
592,14,118,2
591,14,118,2
591,14,118,2
1080,14,124,3
592,14,118,2
592,14,118,2
592,14,118,2
592,14,118,2
592,14,118,2
592,14,118,2
591,14,118,2
591,14,118,2
1080,14,124,3
588,14,118,2
588,14,118,2
588,14,118,2
595,14,118,2
595,14,118,2
588,14,118,2
588,14,118,2
588,14,118,2
595,14,118,2
595,14,118,2
580,14,151,2
580,14,151,2
584,14,151,2
584,14,151,2
602,14,118,2
602,14,118,2
602,14,118,2
602,14,118,2
584,14,118,2
584,14,118,2
591,14,118,2
591,14,118,2
591,14,118,2
591,14,118,2
591,14,118,2
591,14,118,2
591,14,118,2
591,14,118,2
591,14,118,2
591,14,118,2
591,14,118,2
591,14,118,2
591,14,118,2
591,14,118,2
595,14,118,2
601,14,118,2
589,14,118,2
595,14,118,2
604,14,118,2
600,14,118,2
591,14,118,2
584,14,118,2
583,14,118,2
584,14,118,2
584,14,118,2
591,14,151,2
595,14,118,2
595,14,118,2
600,14,118,2
601,14,118,2
604,14,118,2
589,14,118,2
591,14,118,2
583,14,118,2
584,14,118,2
584,14,118,2
585,14,118,2
591,14,151,2
584,14,118,2
588,14,118,2
591,14,118,2
585,14,118,2
588,14,118,2
591,14,118,2
599,14,118,2
578,14,151,2
578,14,151,2
582,14,118,2
582,14,118,2
586,14,118,2
582,14,118,2
586,14,118,2
586,14,118,2
591,14,118,2
588,14,118,2
596,14,118,2
602,14,118,2
597,14,118,2
597,14,118,2
597,14,118,2
585,14,118,2
585,14,118,2
585,14,118,2
585,14,118,2
609,14,118,2
609,14,118,2
579,14,118,2
579,14,118,2
583,14,118,2
583,14,118,2
583,14,118,2
583,14,118,2
596,14,118,2
596,14,118,2
1091,15,124,3
587,14,118,2
587,14,118,2
587,14,118,2
586,14,118,2
590,14,118,2
590,14,118,2
585,14,118,2
591,14,118,2
596,14,118,2
588,14,118,2
579,14,151,2
579,14,151,2
583,14,151,2
583,14,151,2
583,14,151,2
585,14,118,2
577,14,118,2
581,14,118,2
581,14,118,2
586,14,118,2
586,14,118,2
590,14,118,2
591,14,118,2
591,14,118,2
592,14,118,2
592,14,118,2
592,14,118,2
592,14,118,2
586,14,118,2
584,14,118,2
580,14,118,2
580,14,118,2
584,14,118,2
584,14,118,2
582,14,118,2
586,14,118,2
586,14,118,2
586,14,118,2
586,14,118,2
586,14,118,2
586,14,118,2
586,14,118,2
582,14,118,2
586,14,118,2
586,14,118,2
590,14,118,2
588,14,118,2
588,14,118,2
588,14,118,2
588,14,118,2
588,14,118,2
1085,15,124,3
1085,15,124,3
590,14,118,2
588,14,118,2
595,14,118,2
577,14,118,2
587,14,118,2
587,14,118,2
597,14,118,2
581,14,118,2
577,14,118,2
585,14,118,2
589,14,118,2
589,14,118,2
580,14,118,2
591,14,118,2
591,14,118,2
591,14,118,2
591,14,118,2
588,14,118,2
590,14,118,2
585,14,118,2
591,14,118,2
591,14,118,2
1272,14,118,2
1272,14,118,2
589,14,118,2
589,14,118,2
594,14,118,2
594,14,118,2
594,14,118,2
594,14,118,2
1272,14,124,3
1272,14,118,2
589,14,118,2
589,14,118,2
578,14,118,2
578,14,118,2
587,14,118,2
587,14,118,2
582,14,118,2
582,14,118,2
598,14,118,2
580,14,118,2
579,14,118,2
591,14,118,2
591,14,118,2
591,14,118,2
591,14,118,2
591,14,118,2
591,14,118,2
591,14,118,2
591,14,118,2
591,14,118,2
591,14,118,2
591,14,118,2
591,14,118,2
591,14,118,2
591,14,118,2
591,14,118,2
591,14,118,2
588,14,118,2
588,14,118,2
588,14,118,2
588,14,118,2
588,14,118,2
588,14,118,2
583,14,118,2
588,14,118,2
592,14,118,2
588,14,118,2
583,14,118,2
581,14,118,2
595,14,118,2
595,14,118,2
583,14,118,2
586,14,118,2
592,14,118,2
586,14,118,2
583,14,118,2
588,14,118,2
592,14,118,2
588,14,118,2
586,14,118,2
586,14,118,2
587,14,118,2
589,14,118,2
586,14,118,2
586,14,118,2
587,14,118,2
589,14,118,2
583,14,118,2
583,14,118,2
595,14,118,2
595,14,118,2
600,14,118,2
595,14,118,2
601,14,118,2
600,14,118,2
583,14,118,2
600,14,118,2
600,14,118,2
600,14,118,2
584,14,118,2
595,14,118,2
592,14,118,2
601,14,118,2
583,14,118,2
600,14,118,2
584,14,118,2
600,14,118,2
600,14,118,2
595,14,118,2
578,14,118,2
592,14,118,2
587,14,118,2
587,14,118,2
583,14,118,2
583,14,118,2
587,14,118,2
593,14,118,2
593,14,118,2
585,14,118,2
585,14,118,2
585,14,118,2
585,14,118,2
585,14,118,2
585,14,118,2
585,14,118,2
593,14,118,2
585,14,118,2
585,14,118,2
585,14,118,2
585,14,118,2
585,14,118,2
585,14,118,2
583,14,118,2
583,14,118,2
591,14,118,2
591,14,118,2
600,14,118,2
600,14,118,2
588,14,118,2
591,14,118,2
580,14,118,2
587,14,118,2
587,14,118,2
580,14,118,2
580,14,118,2
580,14,118,2
580,14,118,2
580,14,118,2
585,14,118,2
585,14,118,2
591,14,118,2
591,14,118,2
591,14,118,2
580,14,118,2
586,14,118,2
591,14,118,2
586,14,118,2
580,14,118,2
585,14,118,2
588,14,118,2
588,14,118,2
603,14,118,2
591,14,118,2
580,14,118,2
586,14,118,2
580,14,118,2
591,14,118,2
585,14,118,2
586,14,118,2
588,14,118,2
603,14,118,2
592,14,118,2
592,14,118,2
596,14,118,2
590,14,118,2
590,14,118,2
595,14,118,2
594,14,118,2
593,14,118,2
593,14,118,2
593,14,118,2
593,14,118,2
594,14,118,2
590,14,118,2
594,14,118,2
594,14,118,2
593,14,118,2
593,14,118,2
593,14,118,2
590,14,118,2
590,14,118,2
593,14,118,2
593,14,118,2
594,14,118,2
594,14,118,2
594,14,118,2
594,14,118,2
594,14,118,2
594,14,118,2
593,14,118,2
590,14,118,2
590,14,118,2
594,14,118,2
593,14,118,2
590,14,118,2
593,14,118,2
594,14,118,2
594,14,118,2
597,14,118,2
597,14,118,2
599,14,118,2
596,14,118,2
593,14,118,2
593,14,118,2
585,14,118,2
591,14,118,2
591,14,118,2
591,14,118,2
588,14,118,2
588,14,118,2
588,14,118,2
588,14,118,2
588,14,118,2
585,14,118,2
589,14,118,2
589,14,118,2
589,14,118,2
589,14,118,2
589,14,118,2
589,14,118,2
591,14,118,2
591,14,118,2
591,14,118,2
593,14,118,2
593,14,118,2
584,14,118,2
584,14,118,2
588,14,118,2
588,14,118,2
595,14,118,2
595,14,118,2
591,14,118,2
593,14,118,2
593,14,118,2
600,14,118,2
600,14,118,2
591,14,118,2
593,14,118,2
593,14,118,2
600,14,118,2
600,14,118,2
600,14,118,2
582,14,118,2
582,14,118,2
586,14,118,2
586,14,118,2
584,14,118,2
588,14,118,2
591,14,118,2
591,14,118,2
591,14,118,2
591,14,118,2
590,14,118,2
588,14,118,2
595,14,118,2
595,14,118,2
595,14,118,2
595,14,118,2
595,14,118,2
595,14,118,2
588,14,118,2
588,14,118,2
588,14,118,2
589,14,118,2
588,14,118,2
588,14,118,2
588,14,118,2
588,14,118,2
588,14,118,2
588,14,118,2
601,14,118,2
591,14,118,2
591,14,118,2
591,14,118,2
591,14,118,2
593,14,118,2
593,14,118,2
593,14,118,2
593,14,118,2
593,14,118,2
593,14,118,2
591,14,118,2
593,14,118,2
593,14,118,2
591,14,118,2
585,14,118,2
584,14,118,2
584,14,118,2
585,14,118,2
585,14,118,2
594,14,118,2
585,14,118,2
594,14,118,2
582,14,118,2
580,14,84,2
595,14,118,2
595,14,118,2
586,14,118,2
585,14,118,2
585,14,118,2
588,14,118,2
593,14,118,2
591,14,118,2
593,14,118,2
579,14,118,2
579,14,118,2
579,14,118,2
579,14,118,2
579,14,118,2
579,14,118,2
579,14,118,2
580,14,118,2
580,14,118,2
584,14,118,2
584,14,118,2
591,14,118,2
588,14,118,2
580,14,118,2
580,14,118,2
584,14,118,2
586,14,118,2
586,14,118,2
586,14,118,2
586,14,118,2
586,14,118,2
588,14,118,2
580,14,151,2
580,14,151,2
586,14,118,2
584,14,151,2
585,14,118,2
585,14,118,2
583,14,118,2
585,14,118,2
583,14,118,2
592,14,118,2
756,14,118,2
585,14,118,2
756,14,118,2
585,14,118,2
763,14,118,2
584,14,151,2
585,14,118,2
585,14,118,2
585,14,118,2
589,14,118,2
597,14,118,2
580,14,118,2
584,14,118,2
588,14,118,2
586,14,118,2
586,14,118,2
586,14,118,2
583,14,118,2
587,14,118,2
594,14,118,2
588,14,118,2
595,14,118,2
586,14,118,2
589,14,118,2
589,14,118,2
589,14,118,2
589,14,118,2
589,14,118,2
589,14,118,2
590,14,118,2
589,14,118,2
586,14,118,2
594,14,118,2
601,14,118,2
601,14,118,2
601,14,118,2
601,14,118,2
601,14,118,2
601,14,118,2
595,14,118,2
584,14,118,2
584,14,118,2
584,14,118,2
584,14,118,2
590,14,118,2
587,14,118,2
595,14,118,2
584,14,118,2
584,14,118,2
584,14,118,2
584,14,118,2
587,14,118,2
590,14,118,2
595,14,118,2
595,14,118,2
598,14,118,2
599,14,118,2
594,14,118,2
594,14,118,2
599,14,118,2
584,14,118,2
588,14,118,2
587,14,118,2
594,14,118,2
587,14,118,2
591,14,118,2
595,14,118,2
591,14,118,2
591,14,118,2
600,14,118,2
600,14,118,2
591,14,118,2
588,14,118,2
588,14,118,2
588,14,118,2
588,14,118,2
591,14,118,2
588,14,118,2
588,14,118,2
588,14,118,2
588,14,118,2
595,14,118,2
595,14,118,2
597,14,118,2
597,14,118,2
591,14,118,2
591,14,118,2
586,14,118,2
591,14,118,2
599,14,118,2
584,14,118,2
599,14,118,2
584,14,118,2
580,14,118,2
588,14,118,2
586,14,118,2
586,14,118,2
586,14,118,2
586,14,118,2
588,14,118,2
586,14,118,2
586,14,118,2
585,14,118,2
585,14,118,2
580,14,118,2
584,14,118,2
586,14,118,2
586,14,118,2
586,14,118,2
588,14,118,2
586,14,118,2
583,14,118,2
583,14,118,2
581,14,118,2
581,14,118,2
581,14,118,2
581,14,118,2
581,14,118,2
581,14,118,2
600,14,118,2
600,14,118,2
585,14,118,2
585,14,118,2
594,14,118,2
586,14,118,2
590,14,118,2
590,14,118,2
590,14,118,2
590,14,118,2
590,14,118,2
587,14,118,2
590,14,118,2
595,14,118,2
594,14,118,2
600,14,118,2
600,14,118,2
598,14,118,2
585,14,118,2
599,14,118,2
599,14,118,2
584,14,118,2
599,14,118,2
594,14,118,2
599,14,118,2
584,14,118,2
594,14,118,2
589,14,118,2
589,14,118,2
589,14,118,2
590,14,118,2
590,14,118,2
590,14,118,2
591,14,118,2
591,14,118,2
581,14,118,2
588,14,118,2
581,14,118,2
586,14,118,2
586,14,118,2
590,14,118,2
579,14,118,2
579,14,118,2
583,14,118,2
583,14,118,2
583,14,118,2
583,14,118,2
1078,15,124,3
588,14,118,2
588,14,118,2
600,14,118,2
598,14,118,2
586,14,118,2
599,14,118,2
585,14,118,2
580,14,118,2
580,14,118,2
591,14,118,2
584,14,118,2
591,14,118,2
591,14,118,2
578,14,151,2
587,14,118,2
580,14,118,2
595,14,118,2
591,14,118,2
590,14,118,2
586,14,118,2
586,14,118,2
590,14,118,2
592,14,118,2
592,14,118,2
588,14,118,2
601,14,118,2
595,14,118,2
588,14,118,2
588,14,118,2
626,14,118,2
584,14,118,2
595,14,118,2
584,14,118,2
584,14,118,2
587,14,118,2
588,14,118,2
588,14,118,2
589,14,118,2
589,14,118,2
589,14,118,2
589,14,118,2
589,14,118,2
589,14,118,2
588,14,118,2
588,14,118,2
588,14,118,2
595,14,118,2
601,14,118,2
595,14,118,2
601,14,118,2
585,14,118,2
585,14,118,2
595,14,118,2
595,14,118,2
585,14,118,2
585,14,118,2
599,14,118,2
586,14,118,2
586,14,118,2
591,14,118,2
586,14,118,2
596,14,118,2
596,14,118,2
596,14,118,2
596,14,118,2
588,14,118,2
588,14,118,2
596,14,118,2
588,14,118,2
588,14,118,2
596,14,118,2
595,14,118,2
589,14,118,2
593,14,118,2
584,14,118,2
584,14,118,2
584,14,118,2
583,14,118,2
600,14,118,2
580,14,118,2
583,14,118,2
589,14,118,2
600,14,118,2
580,14,118,2
583,14,118,2
583,14,118,2
584,14,118,2
584,14,118,2
584,14,118,2
584,14,118,2
584,14,118,2
584,14,118,2
584,14,118,2
584,14,118,2
584,14,118,2
588,14,118,2
588,14,118,2
586,14,118,2
586,14,118,2
590,14,118,2
588,14,118,2
588,14,118,2
595,14,118,2
584,14,118,2
585,14,118,2
585,14,118,2
584,14,118,2
588,14,118,2
587,14,118,2
591,14,118,2
591,14,118,2
591,14,118,2
591,14,118,2
588,14,118,2
591,14,118,2
580,14,118,2
580,14,118,2
588,14,118,2
584,14,118,2
595,14,118,2
595,14,118,2
595,14,118,2
584,14,118,2
595,14,118,2
583,14,118,2
587,14,118,2
588,14,118,2
588,14,118,2
590,14,118,2
590,14,118,2
588,14,118,2
588,14,118,2
588,14,118,2
588,14,118,2
580,14,118,2
580,14,118,2
584,14,118,2
586,14,118,2
586,14,118,2
586,14,118,2
588,14,118,2
586,14,118,2
586,14,118,2
578,14,118,2
582,14,118,2
588,14,118,2
588,14,118,2
590,14,118,2
588,14,118,2
588,14,118,2
595,14,118,2
595,14,118,2
586,14,118,2
586,14,118,2
587,14,118,2
587,14,118,2
587,14,118,2
587,14,118,2
580,14,118,2
580,14,118,2
587,14,118,2
587,14,118,2
587,14,118,2
587,14,118,2
587,14,118,2
587,14,118,2
580,14,118,2
580,14,118,2
586,14,118,2
586,14,118,2
591,14,118,2
579,14,118,2
579,14,118,2
584,14,118,2
584,14,118,2
595,14,118,2
595,14,118,2
591,14,118,2
591,14,118,2
595,14,118,2
599,14,118,2
594,14,118,2
584,14,118,2
599,14,118,2
593,14,118,2
594,14,118,2
597,14,118,2
591,14,118,2
586,14,118,2
600,14,118,2
600,14,118,2
600,14,118,2
600,14,118,2
598,14,118,2
578,14,118,2
595,14,118,2
588,14,118,2
588,14,118,2
588,14,118,2
588,14,118,2
588,14,118,2
582,14,118,2
586,14,118,2
1079,14,124,3
1079,14,124,3
585,14,118,2
590,14,118,2
602,14,118,2
602,14,118,2
587,14,118,2
587,14,118,2
586,14,118,2
586,14,118,2
586,14,118,2
586,14,118,2
578,14,151,2
583,14,118,2
578,14,118,2
587,14,118,2
590,14,118,2
590,14,118,2
585,14,118,2
586,14,118,2
588,14,118,2
588,14,118,2
585,14,118,2
585,14,118,2
586,14,118,2
585,14,118,2
591,14,118,2
595,14,118,2
588,14,118,2
591,14,118,2
591,14,118,2
591,14,118,2
595,14,118,2
599,14,118,2
599,14,118,2
588,14,118,2
585,14,118,2
590,14,118,2
581,14,118,2
582,14,118,2
579,14,118,2
578,14,118,2
589,14,118,2
579,14,118,2
584,14,118,2
583,14,118,2
583,14,118,2
578,14,118,2
582,14,118,2
586,14,118,2
595,14,118,2
586,14,118,2
586,14,118,2
584,14,118,2
584,14,118,2
582,14,118,2
582,14,118,2
586,14,118,2
586,14,118,2
586,14,118,2
586,14,118,2
586,14,118,2
586,14,118,2
582,14,118,2
591,14,118,2
586,14,118,2
586,14,118,2
586,14,118,2
586,14,118,2
586,14,118,2
586,14,118,2
591,14,118,2
595,14,118,2
599,14,118,2
595,14,118,2
599,14,118,2
585,14,118,2
585,14,118,2
581,14,118,2
581,14,118,2
600,14,118,2
599,14,118,2
599,14,118,2
599,14,118,2
588,14,118,2
588,14,118,2
1076,15,124,3
588,14,118,2
583,14,118,2
599,14,118,2
595,14,118,2
590,14,118,2
590,14,118,2
580,14,118,2
580,14,118,2
584,14,118,2
589,14,118,2
584,14,118,2
584,14,118,2
584,14,118,2
584,14,118,2
584,14,118,2
584,14,118,2
584,14,118,2
580,14,118,2
580,14,118,2
580,14,118,2
579,14,118,2
579,14,118,2
585,14,118,2
585,14,118,2
585,14,118,2
585,14,118,2
585,14,118,2
585,14,118,2
595,14,118,2
600,14,118,2
585,14,118,2
585,14,118,2
585,14,118,2
585,14,118,2
585,14,118,2
585,14,118,2
585,14,118,2
585,14,118,2
585,14,118,2
585,14,118,2
585,14,118,2
585,14,118,2
607,14,118,2
607,14,118,2
585,14,118,2
585,14,118,2
581,14,151,2
583,14,118,2
583,14,118,2
585,14,118,2
579,14,151,2
583,14,118,2
583,14,118,2
583,14,118,2
592,14,118,2
591,14,118,2
591,14,118,2
595,14,118,2
595,14,118,2
595,14,118,2
588,14,118,2
588,14,118,2
583,14,118,2
583,14,118,2
596,14,151,2
590,14,118,2
590,14,118,2
585,14,118,2
590,14,118,2
588,14,118,2
591,14,118,2
602,14,118,2
602,14,118,2
602,14,118,2
602,14,118,2
600,14,118,2
583,14,118,2
587,14,118,2
586,14,118,2
586,14,118,2
586,14,118,2
588,14,118,2
586,14,118,2
586,14,118,2
586,14,118,2
580,14,118,2
584,14,118,2
591,14,118,2
591,14,118,2
588,14,118,2
588,14,118,2
588,14,118,2
588,14,118,2
588,14,118,2
588,14,118,2
588,14,118,2
595,14,118,2
595,14,118,2
595,14,118,2
586,14,118,2
596,14,118,2
588,14,118,2
586,14,118,2
595,14,118,2
595,14,118,2
595,14,118,2
597,14,118,2
596,14,118,2
601,14,118,2
597,14,118,2
591,14,118,2
595,14,118,2
595,14,118,2
595,14,118,2
595,14,118,2
595,14,118,2
591,14,118,2
595,14,118,2
595,14,118,2
595,14,118,2
595,14,118,2
595,14,118,2
580,14,118,2
580,14,118,2
580,14,118,2
591,14,118,2
591,14,118,2
588,14,118,2
591,14,118,2
600,14,118,2
588,14,118,2
588,14,118,2
588,14,118,2
588,14,118,2
606,14,151,2
585,14,118,2
589,14,118,2
595,14,118,2
595,14,118,2
595,14,118,2
595,14,118,2
599,14,118,2
600,14,118,2
600,14,118,2
595,14,118,2
587,14,118,2
585,14,118,2
589,14,118,2
589,14,118,2
589,14,118,2
589,14,118,2
577,14,118,2
595,14,118,2
595,14,118,2
595,14,118,2
601,14,118,2
600,14,118,2
590,14,118,2
595,14,118,2
591,14,118,2
584,14,118,2
581,14,118,2
587,14,118,2
583,14,118,2
1068,14,124,3
577,14,118,2
602,14,118,2
589,14,118,2
589,14,118,2
589,14,118,2
589,14,118,2
589,14,118,2
595,14,118,2
599,14,118,2
594,14,118,2
586,14,118,2
589,14,118,2
589,14,118,2
595,14,118,2
599,14,118,2
594,14,118,2
585,14,118,2
584,14,118,2
585,14,118,2
584,14,118,2
1068,14,124,3
585,14,118,2
592,14,118,2
601,14,118,2
600,14,118,2
583,14,118,2
600,14,118,2
590,14,118,2
590,14,118,2
590,14,118,2
590,14,118,2
635,14,118,2
594,14,118,2
602,14,118,2
601,14,118,2
600,14,118,2
587,14,118,2
595,14,118,2
587,14,118,2
609,14,118,2
588,14,118,2
588,14,118,2
588,14,118,2
588,14,118,2
588,14,118,2
595,14,118,2
586,14,118,2
595,14,118,2
595,14,118,2
1095,15,124,3
583,14,118,2
583,14,118,2
595,14,118,2
595,14,118,2
586,14,118,2
594,14,118,2
595,14,118,2
595,14,118,2
594,14,118,2
586,14,118,2
586,14,118,2
586,14,118,2
587,14,118,2
589,14,118,2
599,14,118,2
599,14,118,2
579,14,118,2
582,14,118,2
582,14,118,2
587,14,118,2
580,14,118,2
588,14,118,2
588,14,118,2
588,14,118,2
588,14,118,2
588,14,118,2
583,14,118,2
587,14,118,2
583,14,118,2
587,14,118,2
595,14,118,2
582,14,118,2
586,14,118,2
586,14,118,2
591,14,118,2
588,14,118,2
595,14,118,2
589,14,118,2
584,14,118,2
591,14,118,2
589,14,118,2
595,14,118,2
599,14,118,2
589,14,118,2
586,14,118,2
586,14,118,2
586,14,118,2
586,14,118,2
586,14,118,2
586,14,118,2
586,14,118,2
586,14,118,2
586,14,118,2
586,14,118,2
586,14,118,2
586,14,118,2
587,14,118,2
587,14,118,2
591,14,118,2
591,14,118,2
591,14,118,2
586,14,118,2
583,14,118,2
587,14,118,2
587,14,118,2
591,14,118,2
586,14,118,2
587,14,118,2
587,14,118,2
583,14,118,2
583,14,118,2
583,14,118,2
1074,14,124,3
595,14,118,2
595,14,118,2
599,14,118,2
584,14,118,2
588,14,118,2
588,14,118,2
588,14,118,2
585,14,118,2
585,14,118,2
590,14,118,2
590,14,118,2
591,14,118,2
591,14,118,2
591,14,118,2
580,14,118,2
584,14,118,2
596,14,118,2
596,14,118,2
596,14,118,2
596,14,118,2
581,14,118,2
594,14,118,2
600,14,118,2
585,14,118,2
585,14,118,2
585,14,118,2
582,14,118,2
586,14,118,2
591,14,118,2
586,14,118,2
588,14,118,2
593,14,118,2
595,14,118,2
586,14,118,2
593,14,118,2
595,14,118,2
586,14,118,2
596,14,118,2
596,14,118,2
601,14,118,2
601,14,118,2
601,14,118,2
580,14,118,2
580,14,118,2
579,14,118,2
583,14,118,2
583,14,118,2
588,14,118,2
588,14,118,2
588,14,118,2
591,14,118,2
591,14,118,2
585,14,118,2
590,14,118,2
585,14,118,2
585,14,118,2
585,14,118,2
590,14,118,2
585,14,118,2
585,14,118,2
585,14,118,2
584,14,118,2
584,14,118,2
589,14,118,2
589,14,118,2
589,14,118,2
592,14,118,2
601,14,118,2
600,14,118,2
600,14,118,2
597,14,118,2
597,14,118,2
597,14,118,2
597,14,118,2
597,14,118,2
597,14,118,2
595,14,118,2
586,14,118,2
599,14,118,2
599,14,118,2
595,14,118,2
594,14,118,2
586,14,118,2
586,14,118,2
595,14,118,2
594,14,118,2
586,14,118,2
581,14,118,2
581,14,118,2
589,14,118,2
589,14,118,2
581,14,118,2
581,14,118,2
586,14,118,2
591,14,118,2
591,14,118,2
589,14,118,2
589,14,118,2
586,14,118,2
591,14,118,2
591,14,118,2
1169,15,124,3
1169,15,124,3
584,14,118,2
599,14,118,2
597,14,118,2
604,14,118,2
585,14,118,2
589,14,118,2
588,14,118,2
588,14,118,2
584,14,151,2
600,14,118,2
584,14,151,2
589,14,118,2
589,14,118,2
591,14,118,2
591,14,118,2
635,14,118,2
600,14,118,2
589,14,118,2
589,14,118,2
591,14,118,2
596,14,118,2
635,14,118,2
596,14,118,2
596,14,118,2
596,14,118,2
596,14,118,2
596,14,118,2
596,14,118,2
596,14,118,2
596,14,118,2
596,14,118,2
596,14,118,2
596,14,118,2
596,14,118,2
596,14,118,2
596,14,118,2
596,14,118,2
596,14,118,2
596,14,118,2
589,14,118,2
584,14,118,2
588,14,118,2
583,14,118,2
576,14,118,2
578,14,118,2
582,14,118,2
588,14,118,2
582,14,118,2
590,14,118,2
582,14,118,2
582,14,118,2
586,14,118,2
586,14,118,2
608,14,118,2
591,14,118,2
601,14,118,2
601,14,118,2
608,14,118,2
589,14,118,2
590,14,118,2
610,14,118,2
591,14,118,2
601,14,118,2
589,14,118,2
590,14,118,2
610,14,118,2
584,14,118,2
584,14,118,2
585,14,118,2
585,14,118,2
585,14,118,2
585,14,118,2
586,14,118,2
588,14,118,2
586,14,118,2
577,14,118,2
577,14,118,2
581,14,118,2
595,14,118,2
595,14,118,2
583,14,118,2
578,14,118,2
578,14,118,2
585,14,118,2
585,14,118,2
585,14,118,2
585,14,118,2
585,14,118,2
585,14,118,2
584,14,118,2
584,14,118,2
584,14,118,2
584,14,118,2
584,14,118,2
584,14,118,2
595,14,118,2
582,14,118,2
607,14,118,2
607,14,118,2
585,14,151,2
585,14,151,2
590,14,118,2
590,14,118,2
595,14,118,2
590,14,118,2
588,14,118,2
591,14,118,2
590,14,118,2
590,14,118,2
590,14,118,2
595,14,118,2
602,14,118,2
602,14,118,2
602,14,118,2
602,14,118,2
602,14,118,2
602,14,118,2
581,14,118,2
581,14,118,2
597,14,118,2
578,14,151,2
582,14,118,2
588,14,118,2
586,14,118,2
588,14,118,2
591,14,118,2
595,14,118,2
586,14,118,2
586,14,118,2
586,14,118,2
584,14,118,2
589,14,118,2
589,14,118,2
589,14,118,2
589,14,118,2
589,14,118,2
589,14,118,2
588,14,118,2
586,14,118,2
586,14,118,2
588,14,118,2
588,14,118,2
588,14,118,2
594,14,118,2
594,14,118,2
594,14,118,2
594,14,118,2
594,14,118,2
594,14,118,2
588,14,118,2
596,14,118,2
596,14,118,2
596,14,118,2
596,14,118,2
579,14,118,2
583,14,118,2
601,14,118,2
601,14,118,2
590,14,118,2
583,14,118,2
583,14,118,2
583,14,118,2
583,14,118,2
583,14,118,2
591,14,118,2
583,14,118,2
583,14,118,2
583,14,118,2
583,14,118,2
591,14,118,2
588,14,118,2
588,14,118,2
588,14,118,2
588,14,118,2
592,14,118,2
592,14,118,2
584,14,118,2
592,14,118,2
584,14,118,2
597,14,118,2
591,14,118,2
591,14,118,2
591,14,118,2
591,14,118,2
591,14,118,2
591,14,118,2
591,14,118,2
591,14,118,2
591,14,118,2
591,14,118,2
591,14,118,2
591,14,118,2
588,14,118,2
588,14,118,2
591,14,118,2
588,14,118,2
580,14,118,2
595,14,118,2
588,14,118,2
591,14,118,2
588,14,118,2
580,14,118,2
580,14,118,2
585,14,118,2
585,14,118,2
595,14,118,2
595,14,118,2
589,14,118,2
595,14,118,2
591,14,118,2
589,14,118,2
591,14,118,2
595,14,118,2
596,14,118,2
596,14,118,2
596,14,118,2
594,14,118,2
598,14,118,2
598,14,118,2
598,14,118,2
598,14,118,2
598,14,118,2
598,14,118,2
591,14,151,2
591,14,118,2
590,14,118,2
587,14,118,2
588,14,118,2
588,14,118,2
596,14,118,2
596,14,118,2
590,14,118,2
596,14,118,2
590,14,118,2
596,14,118,2
596,14,118,2
596,14,118,2
596,14,118,2
596,14,118,2
588,14,118,2
577,14,118,2
577,14,118,2
590,14,118,2
581,14,118,2
597,14,118,2
588,14,118,2
595,14,118,2
595,14,118,2
595,14,118,2
592,14,118,2
598,14,118,2
588,14,118,2
595,14,118,2
595,14,118,2
595,14,118,2
588,14,118,2
595,14,118,2
585,14,118,2
582,14,118,2
583,14,118,2
591,14,118,2
591,14,118,2
591,14,118,2
591,14,118,2
591,14,118,2
591,14,118,2
588,14,118,2
583,14,118,2
583,14,118,2
583,14,118,2
587,14,118,2
586,14,118,2
586,14,118,2
584,14,118,2
586,14,118,2
586,14,118,2
586,14,118,2
586,14,118,2
593,14,151,2
587,14,118,2
587,14,118,2
591,14,118,2
591,14,118,2
590,14,118,2
588,14,118,2
593,14,118,2
593,14,118,2
593,14,118,2
593,14,118,2
593,14,118,2
593,14,118,2
594,14,118,2
594,14,118,2
577,14,118,2
577,14,118,2
591,14,118,2
591,14,118,2
586,14,118,2
583,14,118,2
585,14,118,2
583,14,118,2
591,14,118,2
591,14,118,2
591,14,118,2
586,14,118,2
586,14,118,2
596,14,118,2
596,14,118,2
596,14,118,2
586,14,118,2
586,14,118,2
590,14,118,2
588,14,118,2
586,14,118,2
586,14,118,2
586,14,118,2
586,14,118,2
590,14,118,2
590,14,118,2
593,14,118,2
588,14,118,2
595,14,118,2
595,14,118,2
586,14,118,2
603,14,118,2
603,14,118,2
579,14,118,2
583,14,118,2
590,14,118,2
590,14,118,2
590,14,118,2
590,14,118,2
590,14,118,2
590,14,118,2
601,14,118,2
601,14,118,2
601,14,118,2
601,14,118,2
601,14,118,2
590,14,118,2
583,14,118,2
946,14,124,3
585,14,118,2
585,14,118,2
580,14,118,2
580,14,118,2
586,14,118,2
582,14,118,2
581,14,118,2
578,14,118,2
582,14,118,2
581,14,118,2
581,14,118,2
592,14,118,2
592,14,118,2
583,14,118,2
584,14,118,2
588,14,118,2
586,14,118,2
586,14,118,2
586,14,118,2
588,14,118,2
586,14,118,2
582,14,118,2
587,14,118,2
581,14,118,2
588,14,118,2
588,14,118,2
591,14,118,2
597,14,118,2
591,14,118,2
591,14,118,2
591,14,118,2
586,14,118,2
595,14,118,2
595,14,118,2
591,14,118,2
591,14,118,2
591,14,118,2
593,14,118,2
595,14,118,2
595,14,118,2
595,14,118,2
595,14,118,2
599,14,118,2
588,14,118,2
599,14,118,2
588,14,118,2
594,14,118,2
594,14,118,2
594,14,118,2
594,14,118,2
597,14,118,2
582,14,118,2
582,14,118,2
581,14,118,2
588,14,118,2
591,14,118,2
593,14,118,2
593,14,118,2
593,14,118,2
593,14,118,2
579,14,118,2
579,14,118,2
579,14,118,2
579,14,118,2
579,14,118,2
579,14,118,2
579,14,118,2
593,14,118,2
593,14,118,2
593,14,118,2
589,14,118,2
589,14,118,2
590,14,118,2
592,14,118,2
590,14,118,2
592,14,118,2
584,14,118,2
584,14,118,2
589,14,118,2
596,14,118,2
586,14,118,2
590,14,118,2
595,14,118,2
587,14,118,2
587,14,118,2
587,14,118,2
587,14,118,2
587,14,118,2
587,14,118,2
587,14,118,2
587,14,118,2
587,14,118,2
587,14,118,2
587,14,118,2
584,14,118,2
588,14,118,2
601,14,118,2
601,14,118,2
601,14,118,2
591,14,118,2
601,14,118,2
591,14,118,2
583,14,151,2
583,14,151,2
591,14,118,2
591,14,118,2
591,14,118,2
591,14,118,2
591,14,118,2
591,14,118,2
586,14,118,2
590,14,118,2
591,14,118,2
585,14,118,2
589,14,118,2
589,14,118,2
589,14,118,2
589,14,118,2
586,14,118,2
586,14,118,2
586,14,118,2
586,14,118,2
586,14,118,2
586,14,118,2
586,14,118,2
586,14,118,2
586,14,118,2
586,14,118,2
586,14,118,2
586,14,118,2
580,14,118,2
580,14,118,2
591,14,118,2
591,14,118,2
1091,14,124,3
901,14,124,3
1079,14,124,3
1084,14,124,3
1165,15,124,3
1079,14,124,3
595,14,118,2
1161,15,124,3
588,14,118,2
588,14,118,2
595,14,118,2
593,14,118,2
593,14,118,2
586,14,151,2
1159,15,124,3
591,14,118,2
1086,14,124,3
588,14,118,2
588,14,118,2
587,14,118,2
577,14,118,2
595,14,118,2
581,14,118,2
582,14,118,2
600,14,118,2
600,14,118,2
584,14,151,2
588,14,151,2
591,14,118,2
591,14,118,2
591,14,118,2
591,14,118,2
591,14,118,2
591,14,118,2
581,14,118,2
581,14,118,2
585,14,118,2
585,14,118,2
586,14,118,2
586,14,118,2
586,14,118,2
584,14,118,2
587,14,118,2
587,14,118,2
595,14,118,2
597,14,118,2
591,14,118,2
586,14,118,2
586,14,118,2
586,14,118,2
586,14,118,2
580,14,118,2
600,14,118,2
582,14,118,2
595,14,118,2
589,14,118,2
582,14,118,2
589,14,118,2
589,14,118,2
582,14,118,2
580,14,118,2
582,14,118,2
580,14,118,2
595,14,118,2
582,14,118,2
589,14,118,2
582,14,118,2
595,14,118,2
601,14,118,2
601,14,118,2
600,14,118,2
586,14,118,2
586,14,118,2
586,14,118,2
586,14,118,2
589,14,118,2
587,14,118,2
581,14,118,2
582,14,118,2
583,14,118,2
583,14,118,2
599,14,118,2
599,14,118,2
590,14,118,2
583,14,118,2
595,14,118,2
577,14,118,2
588,14,118,2
594,14,118,2
595,14,118,2
595,14,118,2
585,14,118,2
584,14,118,2
587,14,118,2
587,14,118,2
587,14,118,2
587,14,118,2
592,14,118,2
583,14,118,2
592,14,118,2
601,14,118,2
585,14,118,2
585,14,118,2
594,14,118,2
585,14,118,2
585,14,118,2
587,14,118,2
1076,14,124,3
591,14,118,2
1076,14,124,3
585,14,118,2
595,14,118,2
595,14,118,2
596,14,118,2
600,14,118,2
591,14,118,2
591,14,118,2
591,14,118,2
586,14,118,2
586,14,118,2
586,14,118,2
588,14,118,2
590,14,118,2
599,14,118,2
585,14,118,2
586,14,118,2
593,14,118,2
597,14,118,2
586,14,118,2
593,14,118,2
588,14,118,2
580,14,118,2
581,14,118,2
589,14,118,2
589,14,118,2
595,14,118,2
588,14,118,2
601,14,118,2
601,14,118,2
595,14,118,2
592,14,118,2
588,14,118,2
600,14,118,2
599,14,118,2
604,14,118,2
594,14,118,2
594,14,118,2
585,14,118,2
584,14,118,2
584,14,118,2
585,14,118,2
600,14,118,2
592,14,118,2
596,14,118,2
595,14,118,2
595,14,118,2
595,14,118,2
584,14,118,2
588,14,118,2
588,14,118,2
591,14,118,2
586,14,118,2
586,14,118,2
595,14,118,2
583,14,118,2
589,14,118,2
586,14,118,2
595,14,118,2
595,14,118,2
595,14,118,2
586,14,118,2
586,14,118,2
586,14,118,2
595,14,118,2
595,14,118,2
595,14,118,2
586,14,118,2
586,14,118,2
586,14,118,2
597,14,118,2
597,14,118,2
587,14,118,2
587,14,118,2
597,14,118,2
584,14,118,2
583,14,118,2
584,14,118,2
583,14,118,2
589,14,118,2
589,14,118,2
589,14,118,2
589,14,118,2
589,14,118,2
589,14,118,2
589,14,118,2
589,14,118,2
589,14,118,2
589,14,118,2
589,14,118,2
589,14,118,2
589,14,118,2
589,14,118,2
586,14,151,2
592,14,118,2
600,14,118,2
600,14,118,2
600,14,118,2
595,14,118,2
595,14,118,2
595,14,118,2
595,14,118,2
586,14,118,2
592,14,118,2
595,14,118,2
596,14,118,2
584,14,118,2
584,14,84,2
599,14,118,2
589,14,118,2
586,14,118,2
590,14,118,2
626,14,118,2
599,14,118,2
599,14,118,2
599,14,118,2
599,14,118,2
592,14,118,2
592,14,118,2
592,14,118,2
592,14,118,2
592,14,118,2
592,14,118,2
595,14,118,2
591,14,118,2
590,14,118,2
594,14,118,2
586,14,118,2
595,14,118,2
593,14,118,2
598,14,118,2
593,14,118,2
596,14,118,2
592,14,118,2
596,14,118,2
592,14,118,2
588,14,118,2
607,14,118,2
607,14,118,2
607,14,118,2
595,14,118,2
598,14,118,2
587,14,118,2
595,14,118,2
594,14,118,2
594,14,118,2
591,14,118,2
578,14,118,2
582,14,118,2
591,14,118,2
591,14,118,2
591,14,118,2
591,14,118,2
595,14,118,2
588,14,118,2
588,14,118,2
588,14,118,2
588,14,118,2
588,14,118,2
588,14,118,2
588,14,118,2
588,14,118,2
588,14,118,2
588,14,118,2
583,14,118,2
583,14,118,2
599,14,118,2
1141,15,124,3
1141,15,124,3
582,14,118,2
584,14,118,2
584,14,118,2
584,14,118,2
584,14,118,2
582,14,118,2
586,14,118,2
588,14,118,2
583,14,118,2
583,14,118,2
583,14,118,2
594,14,118,2
1141,14,124,3
578,14,118,2
586,14,118,2
586,14,118,2
590,14,118,2
590,14,118,2
583,14,118,2
593,14,118,2
583,14,118,2
586,14,118,2
586,14,118,2
586,14,118,2
586,14,118,2
586,14,118,2
585,14,118,2
577,14,118,2
595,14,118,2
595,14,118,2
595,14,118,2
1132,14,124,3
580,14,118,2
580,14,118,2
589,14,118,2
583,14,118,2
583,14,118,2
585,14,118,2
588,14,118,2
588,14,118,2
588,14,118,2
588,14,118,2
588,14,118,2
585,14,118,2
588,14,118,2
588,14,118,2
588,14,118,2
584,14,118,2
584,14,118,2
588,14,118,2
583,14,118,2
583,14,118,2
584,14,118,2
591,14,118,2
595,14,118,2
591,14,118,2
595,14,118,2
601,14,118,2
587,14,118,2
588,14,118,2
600,14,118,2
600,14,118,2
599,14,118,2
600,14,118,2
599,14,118,2
588,14,118,2
588,14,118,2
591,14,118,2
589,14,118,2
591,14,118,2
586,14,118,2
587,14,118,2
589,14,118,2
586,14,118,2
587,14,118,2
588,14,118,2
588,14,118,2
588,14,118,2
588,14,118,2
586,14,118,2
586,14,118,2
583,14,118,2
588,14,118,2
595,14,118,2
591,14,118,2
586,14,118,2
595,14,118,2
586,14,118,2
595,14,118,2
586,14,118,2
587,14,118,2
582,14,118,2
588,14,118,2
588,14,118,2
588,14,118,2
588,14,118,2
588,14,118,2
588,14,118,2
#close	2025-02-23-08-56-30
