#separator \x09
#set_separator	,
#empty_field	(empty)
#unset_field	-
#path	tranco000_tls13_2024_01_29_14h26
#open	2025-02-23-08-56-30
#fields	tls_packet_lengths_record
#types	vector[count]
596,14,118,2
596,14,118,2
596,14,118,2
581,14,118,2
585,14,118,2
588,14,118,2
586,14,118,2
586,14,118,2
586,14,118,2
586,14,118,2
583,14,118,2
587,14,118,2
590,14,118,2
590,14,118,2
590,14,118,2
590,14,118,2
590,14,118,2
590,14,118,2
584,14,118,2
588,14,118,2
599,14,118,2
599,14,118,2
599,14,118,2
599,14,118,2
599,14,118,2
599,14,118,2
614,14,118,2
588,14,118,2
588,14,118,2
588,14,118,2
588,14,118,2
588,14,118,2
588,14,151,2
614,14,118,2
588,14,118,2
589,14,151,2
604,14,151,2
604,14,151,2
585,14,118,2
585,14,118,2
585,14,118,2
580,14,118,2
584,14,118,2
591,14,118,2
591,14,118,2
591,14,118,2
591,14,118,2
591,14,118,2
591,14,118,2
594,14,118,2
582,14,118,2
586,14,118,2
582,14,118,2
591,14,118,2
582,14,118,2
588,14,118,2
590,14,118,2
1155,15,124,3
1156,15,124,3
586,14,118,2
588,14,118,2
582,14,118,2
586,14,118,2
580,14,118,2
575,14,118,2
584,14,151,2
584,14,151,2
586,14,118,2
586,14,118,2
586,14,118,2
590,14,118,2
590,14,118,2
586,14,118,2
586,14,118,2
592,14,118,2
584,14,118,2
588,14,118,2
594,14,118,2
594,14,118,2
594,14,118,2
594,14,118,2
594,14,118,2
594,14,118,2
587,14,118,2
586,14,118,2
582,14,118,2
585,14,118,2
585,14,118,2
596,14,151,2
589,14,118,2
603,14,118,2
600,14,118,2
599,14,118,2
599,14,118,2
600,14,118,2
599,14,118,2
599,14,118,2
599,14,118,2
599,14,118,2
599,14,118,2
599,14,118,2
1090,14,124,3
597,14,118,2
586,14,118,2
599,14,118,2
591,14,118,2
596,14,118,2
596,14,118,2
596,14,118,2
596,14,118,2
596,14,118,2
590,14,118,2
590,14,118,2
590,14,118,2
588,14,118,2
588,14,118,2
588,14,118,2
588,14,118,2
588,14,118,2
588,14,118,2
586,14,118,2
595,14,118,2
595,14,118,2
599,14,118,2
591,14,118,2
585,14,118,2
585,14,118,2
582,14,118,2
586,14,118,2
588,14,118,2
588,14,118,2
589,14,118,2
589,14,118,2
589,14,118,2
589,14,118,2
589,14,118,2
589,14,118,2
595,14,118,2
597,14,118,2
589,14,118,2
589,14,118,2
589,14,118,2
589,14,118,2
589,14,118,2
597,14,118,2
597,14,118,2
580,14,118,2
594,14,118,2
584,14,118,2
588,14,118,2
591,14,118,2
587,14,118,2
592,14,118,2
585,14,118,2
585,14,118,2
581,14,118,2
585,14,118,2
584,14,118,2
584,14,118,2
584,14,118,2
584,14,118,2
584,14,118,2
589,14,118,2
586,14,118,2
582,14,118,2
582,14,118,2
582,14,118,2
582,14,118,2
582,14,118,2
582,14,118,2
600,14,118,2
600,14,118,2
600,14,118,2
600,14,118,2
600,14,118,2
586,14,118,2
600,14,118,2
600,14,118,2
600,14,118,2
600,14,118,2
600,14,118,2
586,14,118,2
1165,15,124,3
1155,15,124,3
1165,15,124,3
1155,15,124,3
584,14,118,2
595,14,118,2
580,14,118,2
580,14,118,2
580,14,118,2
580,14,118,2
580,14,118,2
580,14,118,2
588,14,118,2
591,14,118,2
583,14,118,2
578,14,118,2
583,14,118,2
599,14,118,2
596,14,151,2
579,14,118,2
1156,15,124,3
1152,15,124,3
1158,15,124,3
1160,15,124,3
591,14,118,2
585,14,118,2
604,14,118,2
604,14,118,2
586,14,118,2
586,14,118,2
604,14,118,2
604,14,118,2
604,14,118,2
590,14,118,2
580,14,118,2
584,14,118,2
583,14,118,2
587,14,118,2
590,14,118,2
588,14,118,2
588,14,118,2
585,14,118,2
588,14,118,2
590,14,118,2
577,14,118,2
588,14,118,2
588,14,118,2
591,14,118,2
595,14,118,2
588,14,118,2
595,14,118,2
588,14,118,2
588,14,118,2
588,14,118,2
588,14,118,2
588,14,118,2
581,14,118,2
599,14,118,2
594,14,118,2
584,14,118,2
598,14,118,2
598,14,118,2
598,14,118,2
598,14,118,2
598,14,118,2
598,14,118,2
595,14,118,2
599,14,118,2
594,14,118,2
584,14,118,2
598,14,118,2
598,14,118,2
598,14,118,2
598,14,118,2
598,14,118,2
598,14,118,2
598,14,118,2
598,14,118,2
598,14,118,2
598,14,118,2
598,14,118,2
598,14,118,2
587,14,118,2
595,14,118,2
598,14,118,2
598,14,118,2
598,14,118,2
598,14,118,2
598,14,118,2
598,14,118,2
587,14,118,2
588,14,118,2
581,14,118,2
599,14,118,2
599,14,118,2
599,14,118,2
599,14,118,2
585,14,118,2
585,14,118,2
585,14,118,2
585,14,118,2
585,14,118,2
585,14,118,2
585,14,118,2
585,14,118,2
585,14,118,2
585,14,118,2
585,14,118,2
585,14,118,2
581,14,118,2
594,14,118,2
594,14,118,2
594,14,118,2
594,14,118,2
594,14,118,2
594,14,118,2
594,14,118,2
594,14,118,2
594,14,118,2
594,14,118,2
594,14,118,2
594,14,118,2
594,14,118,2
594,14,118,2
594,14,118,2
594,14,118,2
594,14,118,2
594,14,118,2
585,14,118,2
591,14,118,2
584,14,118,2
588,14,118,2
583,14,118,2
583,14,118,2
583,14,118,2
583,14,118,2
584,14,118,2
583,14,118,2
583,14,118,2
583,14,118,2
587,14,118,2
590,14,118,2
588,14,118,2
591,14,118,2
586,14,118,2
591,14,118,2
583,14,118,2
583,14,118,2
583,14,118,2
583,14,118,2
583,14,118,2
583,14,118,2
588,14,118,2
588,14,118,2
588,14,118,2
588,14,118,2
585,14,118,2
587,14,118,2
583,14,118,2
587,14,118,2
587,14,118,2
585,14,118,2
582,14,118,2
590,14,118,2
590,14,118,2
586,14,118,2
598,14,118,2
585,14,118,2
585,14,118,2
582,14,118,2
580,14,118,2
584,14,118,2
586,14,118,2
594,14,118,2
594,14,118,2
601,14,118,2
601,14,118,2
590,14,118,2
587,14,118,2
598,14,118,2
598,14,118,2
598,14,118,2
598,14,118,2
585,14,118,2
585,14,118,2
585,14,118,2
584,14,118,2
584,14,118,2
584,14,118,2
592,14,118,2
1155,15,124,3
584,14,118,2
577,14,118,2
596,14,118,2
586,14,118,2
586,14,118,2
586,14,118,2
591,14,118,2
586,14,118,2
586,14,118,2
595,14,118,2
595,14,118,2
588,14,118,2
588,14,118,2
588,14,118,2
588,14,118,2
588,14,118,2
588,14,118,2
594,14,118,2
599,14,118,2
586,14,118,2
590,14,118,2
586,14,118,2
588,14,118,2
588,14,118,2
588,14,118,2
588,14,118,2
591,14,118,2
582,14,118,2
586,14,118,2
587,14,118,2
592,14,118,2
586,14,118,2
593,14,118,2
594,14,118,2
594,14,118,2
594,14,118,2
585,14,118,2
590,14,118,2
590,14,118,2
590,14,118,2
590,14,118,2
590,14,118,2
590,14,118,2
590,14,118,2
590,14,118,2
585,14,118,2
585,14,118,2
585,14,118,2
585,14,118,2
586,14,118,2
591,14,118,2
586,14,118,2
586,14,118,2
586,14,118,2
586,14,118,2
599,14,118,2
591,14,118,2
595,14,118,2
584,14,118,2
599,14,118,2
580,14,118,2
580,14,118,2
580,14,118,2
588,14,118,2
595,14,118,2
580,14,118,2
583,14,118,2
583,14,118,2
583,14,118,2
596,14,118,2
596,14,118,2
596,14,118,2
596,14,118,2
596,14,118,2
596,14,118,2
583,14,118,2
583,14,118,2
583,14,118,2
580,14,118,2
595,14,118,2
595,14,118,2
595,14,118,2
590,14,118,2
585,14,118,2
588,14,118,2
588,14,118,2
589,14,118,2
580,14,118,2
587,14,118,2
592,14,118,2
592,14,118,2
586,14,118,2
1029,14,124,3
600,14,118,2
1029,14,124,3
586,14,118,2
586,14,118,2
585,14,118,2
585,14,118,2
585,14,118,2
585,14,118,2
580,14,118,2
587,14,118,2
584,14,118,2
594,14,118,2
578,14,118,2
588,14,118,2
588,14,118,2
582,14,118,2
582,14,118,2
582,14,118,2
582,14,118,2
582,14,118,2
582,14,118,2
582,14,118,2
582,14,118,2
582,14,118,2
582,14,118,2
582,14,118,2
586,14,118,2
582,14,118,2
582,14,118,2
582,14,118,2
582,14,118,2
582,14,118,2
582,14,118,2
585,14,118,2
587,14,118,2
587,14,118,2
587,14,118,2
587,14,118,2
587,14,118,2
587,14,118,2
582,14,118,2
577,14,118,2
580,14,118,2
599,14,118,2
599,14,118,2
599,14,118,2
599,14,118,2
599,14,118,2
599,14,118,2
588,14,118,2
595,14,118,2
586,14,118,2
586,14,118,2
586,14,118,2
588,14,118,2
586,14,118,2
588,14,118,2
595,14,118,2
600,14,118,2
596,14,118,2
599,14,118,2
587,14,118,2
583,14,118,2
583,14,118,2
600,14,118,2
600,14,118,2
580,14,118,2
592,14,118,2
585,14,118,2
585,14,118,2
584,14,151,2
588,14,118,2
593,14,151,2
599,14,118,2
614,14,118,2
588,14,118,2
588,14,151,2
590,14,118,2
604,14,151,2
604,14,151,2
583,14,118,2
587,14,118,2
590,14,118,2
590,14,118,2
590,14,118,2
590,14,118,2
590,14,118,2
590,14,118,2
590,14,118,2
590,14,118,2
592,14,118,2
590,14,118,2
592,14,118,2
592,14,118,2
592,14,118,2
592,14,118,2
592,14,118,2
586,14,118,2
602,14,118,2
590,14,118,2
588,14,118,2
586,14,118,2
598,14,118,2
600,14,118,2
600,14,118,2
600,14,118,2
600,14,118,2
600,14,118,2
600,14,118,2
591,14,118,2
581,14,118,2
576,14,118,2
583,14,118,2
583,14,118,2
583,14,118,2
583,14,118,2
583,14,118,2
583,14,118,2
583,14,118,2
583,14,118,2
583,14,118,2
583,14,118,2
584,14,118,2
584,14,118,2
580,14,118,2
602,14,151,2
585,14,118,2
586,14,118,2
586,14,118,2
591,14,118,2
585,14,118,2
588,14,118,2
588,14,118,2
590,14,118,2
590,14,118,2
590,14,118,2
588,14,118,2
588,14,118,2
588,14,118,2
586,14,118,2
595,14,118,2
600,14,118,2
586,14,118,2
588,14,118,2
588,14,118,2
600,14,118,2
585,14,118,2
585,14,118,2
594,14,118,2
586,14,118,2
586,14,118,2
597,14,118,2
597,14,118,2
597,14,118,2
588,14,118,2
588,14,118,2
582,14,118,2
586,14,118,2
595,14,118,2
595,14,118,2
599,14,118,2
586,14,151,2
590,14,118,2
588,14,118,2
586,14,118,2
581,14,118,2
585,14,118,2
586,14,118,2
592,14,118,2
592,14,118,2
594,14,118,2
588,14,118,2
593,14,118,2
593,14,118,2
588,14,118,2
593,14,118,2
591,14,118,2
582,14,118,2
582,14,118,2
582,14,118,2
595,14,118,2
585,14,118,2
604,14,118,2
604,14,118,2
604,14,118,2
585,14,118,2
590,14,118,2
598,14,118,2
589,14,118,2
587,14,118,2
587,14,118,2
588,14,118,2
588,14,118,2
588,14,118,2
588,14,118,2
584,14,118,2
585,14,118,2
588,14,118,2
587,14,118,2
592,14,118,2
1229,14,118,2
581,14,118,2
585,14,118,2
611,14,118,2
611,14,118,2
611,14,118,2
611,14,118,2
611,14,118,2
611,14,118,2
611,14,118,2
593,14,118,2
598,14,118,2
598,14,118,2
590,14,118,2
590,14,118,2
1233,14,124,3
1233,14,124,3
598,14,118,2
591,14,118,2
591,14,118,2
591,14,118,2
591,14,118,2
589,14,118,2
590,14,118,2
1233,14,124,3
603,14,118,2
603,14,118,2
603,14,118,2
603,14,118,2
603,14,118,2
603,14,118,2
591,14,118,2
591,14,118,2
591,14,118,2
589,14,118,2
590,14,118,2
603,14,118,2
603,14,118,2
603,14,118,2
603,14,118,2
603,14,118,2
603,14,118,2
586,14,118,2
585,14,118,2
585,14,118,2
583,14,118,2
586,14,118,2
600,14,118,2
600,14,118,2
600,14,118,2
600,14,118,2
591,14,118,2
600,14,118,2
590,14,118,2
595,14,118,2
588,14,118,2
588,14,118,2
588,14,118,2
588,14,118,2
589,14,118,2
586,14,118,2
597,14,118,2
597,14,118,2
591,14,118,2
588,14,118,2
588,14,118,2
588,14,118,2
588,14,118,2
591,14,118,2
591,14,118,2
591,14,118,2
591,14,118,2
591,14,118,2
591,14,118,2
591,14,118,2
591,14,118,2
591,14,118,2
588,14,118,2
585,14,118,2
586,14,118,2
591,14,118,2
586,14,118,2
590,14,118,2
588,14,118,2
595,14,118,2
591,14,118,2
590,14,118,2
595,14,118,2
589,14,118,2
586,14,118,2
611,14,118,2
611,14,118,2
611,14,118,2
586,14,118,2
586,14,118,2
595,14,118,2
595,14,118,2
599,14,118,2
595,14,118,2
581,14,118,2
585,14,118,2
596,14,118,2
585,14,118,2
585,14,118,2
585,14,118,2
585,14,118,2
585,14,118,2
585,14,118,2
584,14,118,2
584,14,118,2
584,14,118,2
584,14,118,2
584,14,118,2
584,14,118,2
588,14,118,2
589,14,118,2
586,14,118,2
586,14,118,2
586,14,118,2
586,14,118,2
588,14,118,2
586,14,118,2
588,14,118,2
588,14,118,2
588,14,118,2
588,14,118,2
588,14,118,2
588,14,118,2
587,14,118,2
587,14,118,2
587,14,118,2
585,14,118,2
591,14,118,2
588,14,118,2
590,14,118,2
600,14,118,2
600,14,118,2
600,14,118,2
596,14,118,2
596,14,118,2
596,14,118,2
596,14,118,2
596,14,118,2
596,14,118,2
596,14,118,2
595,14,118,2
595,14,118,2
595,14,118,2
1165,15,124,3
595,14,118,2
595,14,118,2
599,14,118,2
599,14,118,2
587,14,118,2
587,14,118,2
580,14,118,2
588,14,118,2
587,14,118,2
588,14,118,2
588,14,118,2
595,14,118,2
595,14,118,2
587,14,118,2
596,14,118,2
595,14,118,2
601,14,118,2
579,14,118,2
586,14,118,2
595,14,118,2
587,14,118,2
587,14,118,2
585,14,118,2
595,14,118,2
585,14,118,2
579,14,118,2
579,14,118,2
579,14,118,2
594,14,118,2
582,14,118,2
599,14,118,2
584,14,118,2
594,14,118,2
594,14,118,2
585,14,118,2
584,14,118,2
592,14,118,2
588,14,118,2
581,14,118,2
585,14,118,2
591,14,118,2
595,14,118,2
595,14,118,2
595,14,118,2
595,14,118,2
595,14,118,2
586,14,118,2
586,14,118,2
594,14,118,2
586,14,118,2
586,14,118,2
593,14,118,2
593,14,118,2
593,14,118,2
593,14,118,2
593,14,118,2
593,14,118,2
595,14,118,2
590,14,118,2
585,14,118,2
585,14,118,2
595,14,118,2
590,14,118,2
580,14,118,2
585,14,118,2
585,14,118,2
590,14,118,2
585,14,118,2
591,14,151,2
590,14,118,2
586,14,118,2
591,14,151,2
586,14,118,2
586,14,118,2
600,14,118,2
596,14,118,2
586,14,118,2
586,14,118,2
586,14,118,2
588,14,118,2
588,14,118,2
594,14,118,2
594,14,118,2
1028,14,124,3
1028,14,124,3
601,14,151,2
581,14,84,2
583,14,118,2
587,14,118,2
590,14,118,2
590,14,118,2
590,14,118,2
590,14,118,2
590,14,118,2
590,14,118,2
603,14,118,2
603,14,118,2
591,14,118,2
591,14,118,2
591,14,118,2
591,14,118,2
589,14,118,2
591,14,118,2
591,14,118,2
591,14,118,2
591,14,118,2
591,14,118,2
591,14,118,2
588,14,151,2
589,14,118,2
585,14,118,2
585,14,118,2
580,14,118,2
580,14,118,2
580,14,151,2
595,14,118,2
580,14,151,2
583,14,151,2
583,14,151,2
580,14,151,2
580,14,151,2
580,14,151,2
580,14,151,2
580,14,151,2
580,14,151,2
583,14,151,2
580,14,151,2
579,14,118,2
585,14,118,2
586,14,118,2
586,14,118,2
586,14,118,2
591,14,118,2
591,14,118,2
582,14,118,2
591,14,118,2
596,14,118,2
596,14,118,2
588,14,118,2
588,14,118,2
588,14,118,2
595,14,118,2
595,14,118,2
577,14,118,2
577,14,118,2
581,14,118,2
583,14,118,2
583,14,118,2
586,14,118,2
585,14,118,2
586,14,118,2
587,14,118,2
583,14,118,2
585,14,118,2
587,14,118,2
595,14,118,2
595,14,118,2
583,14,118,2
595,14,118,2
595,14,118,2
581,14,118,2
585,14,118,2
588,14,118,2
588,14,118,2
588,14,118,2
588,14,118,2
588,14,118,2
588,14,118,2
588,14,118,2
588,14,118,2
580,14,118,2
590,14,118,2
583,14,118,2
595,14,118,2
587,14,118,2
587,14,118,2
590,14,118,2
581,14,118,2
585,14,118,2
595,14,118,2
591,14,118,2
587,14,118,2
586,14,118,2
586,14,118,2
598,14,118,2
598,14,118,2
617,14,118,2
617,14,118,2
588,14,118,2
588,14,118,2
588,14,118,2
588,14,118,2
588,14,118,2
590,14,118,2
590,14,118,2
586,14,118,2
586,14,118,2
1165,15,124,3
601,14,118,2
583,14,118,2
591,14,118,2
591,14,118,2
580,14,118,2
583,14,118,2
580,14,118,2
583,14,118,2
583,14,118,2
583,14,118,2
588,14,118,2
588,14,118,2
588,14,118,2
580,14,118,2
595,14,118,2
585,14,118,2
580,14,118,2
580,14,118,2
581,14,118,2
593,14,118,2
593,14,118,2
593,14,118,2
593,14,118,2
593,14,118,2
593,14,118,2
585,14,118,2
601,14,118,2
584,14,118,2
589,14,118,2
595,14,118,2
585,14,118,2
585,14,118,2
596,14,118,2
596,14,118,2
596,14,118,2
596,14,118,2
1165,15,124,3
595,14,118,2
580,14,151,2
586,14,151,2
582,14,118,2
580,14,118,2
587,14,118,2
591,14,118,2
585,14,118,2
585,14,118,2
580,14,118,2
595,14,118,2
583,14,118,2
601,14,118,2
601,14,118,2
601,14,118,2
601,14,118,2
601,14,118,2
601,14,118,2
590,14,118,2
580,14,118,2
580,14,118,2
580,14,118,2
580,14,118,2
580,14,118,2
580,14,118,2
585,14,118,2
586,14,118,2
575,14,118,2
583,14,118,2
580,14,151,2
598,14,118,2
598,14,118,2
599,14,118,2
591,14,118,2
590,14,118,2
587,14,118,2
590,14,118,2
1156,15,124,3
591,14,118,2
588,14,118,2
586,14,118,2
591,14,118,2
585,14,118,2
585,14,118,2
576,14,118,2
590,14,118,2
957,14,124,3
585,14,118,2
593,14,118,2
593,14,118,2
593,14,118,2
593,14,118,2
593,14,118,2
593,14,118,2
595,14,118,2
614,14,118,2
589,14,118,2
586,14,118,2
585,14,118,2
591,14,118,2
596,14,118,2
583,14,118,2
588,14,118,2
577,14,118,2
596,14,118,2
580,14,118,2
586,14,118,2
583,14,118,2
581,14,118,2
586,14,118,2
581,14,118,2
581,14,118,2
591,14,118,2
585,14,118,2
756,14,118,2
1136,14,124,3
1136,14,124,3
581,14,118,2
593,14,118,2
581,14,118,2
585,14,118,2
584,14,118,2
584,14,118,2
584,14,118,2
584,14,118,2
581,14,118,2
581,14,118,2
581,14,118,2
581,14,118,2
594,14,118,2
1136,14,124,3
756,14,118,2
756,14,118,2
592,14,118,2
580,14,118,2
582,14,118,2
586,14,118,2
586,14,118,2
586,14,118,2
586,14,118,2
586,14,118,2
586,14,118,2
586,14,118,2
586,14,118,2
586,14,118,2
586,14,118,2
586,14,118,2
593,14,118,2
585,14,118,2
586,14,118,2
586,14,118,2
595,14,118,2
584,14,118,2
586,14,118,2
586,14,118,2
588,14,118,2
585,14,118,2
585,14,118,2
595,14,118,2
588,14,118,2
585,14,118,2
595,14,118,2
599,14,118,2
594,14,118,2
584,14,118,2
588,14,118,2
581,14,118,2
591,14,118,2
591,14,118,2
581,14,151,2
585,14,118,2
592,14,151,2
592,14,151,2
592,14,151,2
592,14,151,2
592,14,151,2
592,14,151,2
592,14,151,2
592,14,151,2
583,14,118,2
583,14,118,2
586,14,118,2
589,14,118,2
589,14,118,2
589,14,118,2
589,14,118,2
589,14,118,2
589,14,118,2
589,14,118,2
589,14,118,2
589,14,118,2
589,14,118,2
589,14,118,2
589,14,118,2
602,14,118,2
602,14,118,2
588,14,118,2
592,14,118,2
590,14,118,2
587,14,118,2
585,14,118,2
585,14,118,2
585,14,118,2
585,14,118,2
585,14,118,2
595,14,118,2
591,14,118,2
591,14,118,2
591,14,118,2
591,14,118,2
591,14,118,2
591,14,118,2
600,14,151,2
578,14,118,2
582,14,118,2
586,14,118,2
588,14,118,2
589,14,118,2
589,14,118,2
590,14,118,2
596,14,118,2
600,14,118,2
587,14,118,2
587,14,118,2
591,14,118,2
588,14,118,2
587,14,118,2
591,14,118,2
588,14,118,2
588,14,118,2
588,14,118,2
594,14,118,2
594,14,118,2
597,14,118,2
586,14,118,2
597,14,118,2
586,14,118,2
584,14,118,2
584,14,118,2
584,14,118,2
584,14,118,2
584,14,118,2
584,14,118,2
584,14,118,2
584,14,118,2
587,14,118,2
595,14,118,2
585,14,118,2
585,14,118,2
585,14,118,2
588,14,118,2
588,14,118,2
589,14,118,2
586,14,118,2
586,14,118,2
586,14,118,2
586,14,118,2
586,14,118,2
586,14,118,2
586,14,118,2
587,14,118,2
589,14,118,2
595,14,118,2
595,14,118,2
589,14,118,2
595,14,118,2
588,14,118,2
1166,15,124,3
588,14,118,2
588,14,118,2
588,14,118,2
588,14,118,2
588,14,118,2
588,14,118,2
596,14,118,2
586,14,118,2
589,14,118,2
589,14,118,2
582,14,118,2
593,14,118,2
582,14,118,2
593,14,118,2
585,14,118,2
586,14,118,2
586,14,118,2
586,14,118,2
586,14,118,2
586,14,118,2
592,14,118,2
590,14,118,2
581,14,118,2
587,14,118,2
587,14,118,2
575,14,118,2
584,14,151,2
582,14,118,2
591,14,118,2
592,14,118,2
589,14,118,2
589,14,118,2
589,14,118,2
581,14,118,2
587,14,118,2
587,14,118,2
600,14,118,2
600,14,118,2
592,14,118,2
592,14,118,2
592,14,118,2
592,14,118,2
592,14,118,2
592,14,118,2
586,14,118,2
586,14,118,2
586,14,118,2
586,14,118,2
586,14,118,2
586,14,118,2
577,14,118,2
584,14,118,2
584,14,118,2
584,14,118,2
584,14,118,2
584,14,118,2
584,14,118,2
584,14,118,2
590,14,118,2
590,14,118,2
576,14,118,2
590,14,118,2
589,14,118,2
585,14,118,2
589,14,118,2
591,14,118,2
580,14,118,2
586,14,118,2
590,14,118,2
583,14,118,2
583,14,118,2
588,14,118,2
583,14,118,2
593,14,118,2
588,14,118,2
583,14,118,2
593,14,118,2
588,14,118,2
593,14,118,2
588,14,118,2
593,14,118,2
588,14,118,2
588,14,118,2
588,14,118,2
593,14,118,2
601,14,118,2
593,14,118,2
593,14,118,2
598,14,118,2
584,14,118,2
589,14,118,2
598,14,118,2
598,14,118,2
601,14,118,2
601,14,118,2
591,14,118,2
588,14,118,2
585,14,118,2
585,14,118,2
589,14,118,2
606,14,118,2
587,14,118,2
587,14,118,2
587,14,118,2
587,14,118,2
587,14,118,2
587,14,118,2
587,14,118,2
587,14,118,2
587,14,118,2
587,14,118,2
587,14,118,2
595,14,118,2
595,14,118,2
589,14,118,2
595,14,118,2
588,14,118,2
588,14,118,2
588,14,118,2
588,14,118,2
588,14,118,2
588,14,118,2
593,14,118,2
588,14,118,2
589,14,118,2
588,14,118,2
589,14,118,2
595,14,118,2
587,14,118,2
594,14,118,2
585,14,118,2
594,14,118,2
594,14,118,2
590,14,118,2
590,14,118,2
590,14,118,2
586,14,118,2
590,14,118,2
590,14,118,2
580,14,118,2
586,14,118,2
592,14,118,2
594,14,118,2
592,14,118,2
588,14,118,2
588,14,118,2
586,14,118,2
586,14,118,2
586,14,118,2
588,14,118,2
588,14,118,2
588,14,118,2
588,14,118,2
595,14,118,2
595,14,118,2
596,14,118,2
596,14,118,2
596,14,118,2
596,14,118,2
583,14,151,2
591,14,118,2
583,14,151,2
580,14,151,2
580,14,151,2
580,14,151,2
580,14,151,2
580,14,151,2
580,14,151,2
580,14,151,2
580,14,151,2
580,14,151,2
583,14,151,2
577,14,118,2
589,14,151,2
596,14,151,2
590,14,151,2
590,14,151,2
590,14,151,2
590,14,151,2
602,14,118,2
582,14,118,2
586,14,118,2
595,14,118,2
595,14,118,2
591,14,118,2
595,14,118,2
595,14,118,2
595,14,118,2
580,14,118,2
586,14,118,2
590,14,118,2
599,14,118,2
599,14,118,2
588,14,118,2
588,14,118,2
1223,14,124,3
583,14,118,2
587,14,118,2
596,14,118,2
596,14,118,2
596,14,118,2
583,14,118,2
595,14,118,2
595,14,118,2
583,14,118,2
583,14,118,2
583,14,118,2
583,14,118,2
575,14,118,2
592,14,118,2
598,14,118,2
585,14,118,2
585,14,118,2
584,14,118,2
594,14,118,2
599,14,118,2
594,14,118,2
599,14,118,2
585,14,118,2
587,14,118,2
579,14,118,2
583,14,118,2
588,14,151,2
588,14,151,2
588,14,151,2
588,14,151,2
584,14,118,2
594,14,118,2
585,14,118,2
590,14,118,2
590,14,118,2
590,14,118,2
596,14,118,2
585,14,118,2
582,14,118,2
586,14,118,2
601,14,118,2
595,14,118,2
601,14,118,2
592,14,118,2
592,14,118,2
586,14,118,2
590,14,118,2
590,14,118,2
586,14,118,2
586,14,118,2
590,14,118,2
590,14,118,2
589,14,118,2
589,14,118,2
595,14,118,2
594,14,118,2
585,14,118,2
584,14,118,2
584,14,118,2
599,14,118,2
580,14,118,2
584,14,118,2
594,14,118,2
594,14,118,2
594,14,118,2
594,14,118,2
594,14,118,2
594,14,118,2
587,14,118,2
587,14,118,2
587,14,118,2
587,14,118,2
587,14,118,2
587,14,118,2
594,14,118,2
589,14,118,2
590,14,118,2
595,14,118,2
582,14,118,2
596,14,118,2
596,14,118,2
603,14,118,2
594,14,118,2
594,14,118,2
594,14,118,2
594,14,118,2
594,14,118,2
594,14,118,2
594,14,118,2
594,14,118,2
594,14,118,2
591,14,118,2
591,14,118,2
591,14,118,2
594,14,118,2
586,14,118,2
588,14,118,2
586,14,118,2
588,14,118,2
588,14,118,2
586,14,118,2
586,14,118,2
586,14,118,2
586,14,118,2
596,14,118,2
589,14,118,2
904,14,124,3
598,14,118,2
596,14,118,2
590,14,118,2
1157,14,124,3
581,14,118,2
591,14,118,2
588,14,118,2
585,14,118,2
584,14,118,2
590,14,118,2
585,14,118,2
586,14,118,2
582,14,118,2
591,14,118,2
591,14,118,2
586,14,118,2
588,14,118,2
593,14,118,2
595,14,118,2
586,14,118,2
595,14,118,2
595,14,118,2
586,14,118,2
586,14,118,2
599,14,118,2
581,14,118,2
585,14,118,2
588,14,118,2
589,14,118,2
588,14,118,2
584,14,118,2
591,14,118,2
588,14,118,2
588,14,118,2
589,14,118,2
1076,14,124,3
1076,14,124,3
588,14,118,2
588,14,118,2
588,14,118,2
588,14,118,2
584,14,118,2
583,14,118,2
589,14,118,2
587,14,118,2
585,14,118,2
584,14,118,2
584,14,118,2
583,14,118,2
584,14,118,2
587,14,118,2
584,14,118,2
584,14,118,2
584,14,118,2
584,14,118,2
584,14,118,2
593,14,118,2
587,14,118,2
606,14,118,2
585,14,118,2
585,14,118,2
579,14,118,2
588,14,118,2
591,14,118,2
586,14,118,2
582,14,118,2
591,14,118,2
588,14,118,2
590,14,118,2
585,14,118,2
604,14,118,2
604,14,118,2
604,14,118,2
604,14,118,2
589,14,118,2
586,14,118,2
586,14,118,2
586,14,118,2
586,14,118,2
586,14,118,2
586,14,118,2
604,14,118,2
604,14,118,2
587,14,118,2
588,14,118,2
588,14,118,2
588,14,118,2
588,14,118,2
588,14,118,2
588,14,118,2
588,14,118,2
588,14,151,2
599,14,118,2
588,14,118,2
604,14,151,2
604,14,151,2
585,14,118,2
590,14,118,2
590,14,118,2
590,14,118,2
590,14,118,2
590,14,118,2
590,14,118,2
590,14,118,2
590,14,118,2
583,14,118,2
584,14,118,2
591,14,118,2
591,14,118,2
591,14,118,2
591,14,118,2
591,14,118,2
591,14,118,2
594,14,118,2
578,14,118,2
586,14,118,2
586,14,118,2
586,14,118,2
586,14,118,2
586,14,118,2
588,14,118,2
590,14,118,2
598,14,118,2
595,14,118,2
595,14,118,2
587,14,118,2
906,14,124,3
596,14,118,2
599,14,118,2
599,14,118,2
601,14,118,2
601,14,118,2
600,14,118,2
591,14,118,2
588,14,118,2
587,14,118,2
590,14,118,2
589,14,118,2
591,14,118,2
589,14,118,2
595,14,118,2
904,14,124,3
590,14,118,2
590,14,118,2
595,14,118,2
587,14,118,2
599,14,118,2
587,14,118,2
599,14,118,2
590,14,151,2
594,14,118,2
589,14,151,2
614,14,118,2
591,14,118,2
591,14,118,2
591,14,118,2
591,14,118,2
1207,14,124,3
591,14,118,2
588,14,118,2
588,14,118,2
582,14,118,2
586,14,118,2
586,14,118,2
1157,14,124,3
1157,14,124,3
586,14,118,2
586,14,118,2
586,14,118,2
586,14,118,2
586,14,118,2
586,14,118,2
586,14,118,2
586,14,118,2
586,14,118,2
583,14,118,2
586,14,118,2
1157,14,124,3
586,14,118,2
1157,14,124,3
586,14,118,2
586,14,118,2
583,14,118,2
583,14,118,2
586,14,118,2
1157,14,124,3
1157,14,124,3
586,14,118,2
586,14,118,2
586,14,118,2
586,14,118,2
586,14,118,2
586,14,118,2
586,14,118,2
581,14,118,2
581,14,118,2
581,14,118,2
581,14,118,2
581,14,118,2
581,14,118,2
581,14,118,2
581,14,118,2
581,14,118,2
600,14,118,2
581,14,118,2
581,14,118,2
581,14,118,2
593,14,118,2
588,14,118,2
582,14,118,2
595,14,118,2
587,14,118,2
587,14,118,2
598,14,118,2
585,14,118,2
584,14,118,2
591,14,118,2
584,14,118,2
588,14,118,2
592,14,118,2
592,14,118,2
588,14,118,2
588,14,118,2
597,14,118,2
597,14,118,2
597,14,118,2
590,14,118,2
597,14,118,2
597,14,118,2
597,14,118,2
590,14,118,2
600,14,118,2
600,14,118,2
589,14,118,2
600,14,118,2
600,14,118,2
588,14,118,2
595,14,118,2
590,14,118,2
590,14,118,2
593,14,118,2
600,14,118,2
588,14,118,2
591,14,118,2
602,14,118,2
602,14,118,2
595,14,118,2
595,14,118,2
595,14,118,2
595,14,118,2
595,14,118,2
595,14,118,2
595,14,118,2
595,14,118,2
588,14,118,2
592,14,118,2
621,14,118,2
621,14,118,2
621,14,118,2
621,14,118,2
621,14,118,2
590,14,118,2
590,14,118,2
590,14,118,2
590,14,118,2
594,14,84,2
588,14,118,2
588,14,118,2
1083,14,124,3
592,14,118,2
588,14,118,2
588,14,118,2
583,14,118,2
585,14,118,2
586,14,118,2
595,14,118,2
595,14,118,2
590,14,118,2
592,14,118,2
584,14,118,2
584,14,118,2
584,14,118,2
597,14,118,2
597,14,118,2
623,14,118,2
1029,14,124,3
586,14,118,2
586,14,118,2
586,14,118,2
580,14,118,2
588,14,118,2
587,14,118,2
587,14,118,2
587,14,118,2
587,14,118,2
587,14,118,2
587,14,118,2
590,14,118,2
600,14,118,2
587,14,118,2
588,14,118,2
589,14,118,2
595,14,118,2
586,14,118,2
586,14,118,2
595,14,118,2
586,14,118,2
590,14,118,2
588,14,118,2
588,14,118,2
595,14,118,2
580,14,118,2
584,14,118,2
586,14,118,2
584,14,118,2
591,14,118,2
591,14,118,2
591,14,118,2
591,14,118,2
591,14,118,2
591,14,118,2
591,14,118,2
582,14,118,2
577,14,118,2
584,14,118,2
584,14,118,2
584,14,118,2
584,14,118,2
590,14,118,2
584,14,118,2
584,14,118,2
584,14,118,2
590,14,118,2
589,14,118,2
589,14,118,2
585,14,118,2
580,14,118,2
584,14,118,2
584,14,118,2
581,14,118,2
581,14,118,2
591,14,151,2
596,14,151,2
590,14,151,2
590,14,151,2
584,14,118,2
584,14,118,2
755,14,124,3
584,14,118,2
584,14,118,2
755,14,124,3
592,14,118,2
592,14,118,2
585,14,118,2
763,14,124,3
763,14,124,3
583,14,118,2
592,14,118,2
586,14,118,2
585,14,118,2
586,14,118,2
588,14,118,2
584,14,118,2
596,14,118,2
584,14,118,2
586,14,118,2
586,14,118,2
586,14,118,2
588,14,118,2
588,14,118,2
578,14,118,2
582,14,118,2
582,14,118,2
582,14,118,2
582,14,118,2
591,14,118,2
591,14,118,2
591,14,118,2
591,14,118,2
591,14,118,2
588,14,118,2
592,14,118,2
592,14,118,2
582,14,118,2
582,14,118,2
582,14,118,2
582,14,118,2
582,14,118,2
582,14,118,2
590,14,118,2
590,14,118,2
590,14,118,2
590,14,118,2
1077,15,124,3
582,14,118,2
582,14,118,2
582,14,118,2
581,14,118,2
581,14,118,2
588,14,118,2
588,14,118,2
588,14,118,2
588,14,118,2
588,14,118,2
588,14,118,2
588,14,118,2
588,14,118,2
601,14,118,2
595,14,118,2
595,14,118,2
601,14,118,2
582,14,118,2
586,14,118,2
586,14,118,2
586,14,118,2
586,14,118,2
586,14,118,2
586,14,118,2
586,14,118,2
586,14,118,2
586,14,118,2
586,14,118,2
602,14,118,2
585,14,118,2
585,14,118,2
602,14,118,2
591,14,118,2
586,14,118,2
591,14,118,2
595,14,118,2
590,14,118,2
586,14,118,2
586,14,118,2
598,14,118,2
588,14,118,2
586,14,118,2
600,14,118,2
600,14,118,2
600,14,118,2
600,14,118,2
600,14,118,2
600,14,118,2
600,14,118,2
586,14,118,2
591,14,118,2
591,14,118,2
583,14,118,2
583,14,118,2
602,14,151,2
585,14,118,2
582,14,118,2
595,14,118,2
589,14,118,2
589,14,118,2
589,14,118,2
589,14,118,2
589,14,118,2
614,14,118,2
614,14,118,2
605,14,118,2
605,14,118,2
605,14,118,2
605,14,118,2
605,14,118,2
605,14,118,2
592,14,118,2
583,14,118,2
587,14,118,2
590,14,118,2
590,14,118,2
580,14,118,2
580,14,118,2
592,14,118,2
580,14,118,2
594,14,118,2
591,14,118,2
584,14,118,2
599,14,118,2
594,14,118,2
589,14,118,2
593,14,118,2
595,14,118,2
591,14,118,2
595,14,118,2
599,14,118,2
591,14,118,2
601,14,118,2
592,14,118,2
601,14,118,2
601,14,118,2
593,14,118,2
599,14,118,2
601,14,118,2
601,14,118,2
601,14,118,2
601,14,118,2
601,14,118,2
578,14,118,2
578,14,118,2
578,14,118,2
578,14,118,2
589,14,118,2
578,14,118,2
578,14,118,2
578,14,118,2
578,14,118,2
580,14,151,2
584,14,151,2
593,14,118,2
591,14,118,2
587,14,118,2
591,14,118,2
591,14,118,2
595,14,118,2
584,14,118,2
591,14,118,2
586,14,118,2
586,14,118,2
590,14,118,2
587,14,118,2
589,14,118,2
590,14,118,2
583,14,118,2
590,14,118,2
590,14,118,2
583,14,118,2
590,14,118,2
580,14,118,2
585,14,118,2
589,14,118,2
578,14,151,2
589,14,118,2
589,14,118,2
589,14,118,2
589,14,118,2
589,14,118,2
589,14,118,2
587,14,118,2
587,14,118,2
950,14,124,3
586,14,118,2
591,14,118,2
582,14,118,2
582,14,118,2
582,14,118,2
582,14,118,2
582,14,118,2
582,14,118,2
593,14,118,2
593,14,118,2
593,14,118,2
593,14,118,2
593,14,118,2
593,14,118,2
592,14,118,2
592,14,118,2
587,14,118,2
591,14,118,2
600,14,118,2
600,14,118,2
586,14,118,2
586,14,118,2
586,14,118,2
586,14,118,2
586,14,118,2
586,14,118,2
586,14,118,2
586,14,118,2
586,14,118,2
586,14,118,2
586,14,118,2
586,14,118,2
595,14,118,2
601,14,118,2
591,14,118,2
593,14,118,2
593,14,118,2
593,14,118,2
595,14,118,2
595,14,118,2
595,14,118,2
595,14,118,2
592,14,118,2
594,14,118,2
599,14,118,2
592,14,118,2
592,14,118,2
591,14,118,2
584,14,118,2
588,14,118,2
591,14,118,2
591,14,118,2
591,14,118,2
591,14,118,2
595,14,118,2
595,14,118,2
591,14,118,2
591,14,118,2
591,14,118,2
580,14,118,2
580,14,118,2
586,14,118,2
586,14,118,2
586,14,118,2
585,14,118,2
595,14,118,2
595,14,118,2
596,14,118,2
596,14,118,2
587,14,118,2
595,14,118,2
591,14,118,2
583,14,118,2
591,14,118,2
591,14,118,2
596,14,118,2
583,14,118,2
599,14,118,2
584,14,118,2
594,14,118,2
594,14,118,2
596,14,118,2
590,14,118,2
585,14,118,2
585,14,118,2
587,14,151,2
592,14,118,2
595,14,118,2
600,14,118,2
595,14,118,2
595,14,118,2
595,14,118,2
591,14,118,2
612,14,118,2
612,14,118,2
612,14,118,2
585,14,118,2
612,14,118,2
612,14,118,2
612,14,118,2
612,14,118,2
612,14,118,2
585,14,118,2
595,14,118,2
595,14,118,2
585,14,118,2
585,14,118,2
595,14,118,2
595,14,118,2
591,14,118,2
594,14,118,2
587,14,118,2
591,14,118,2
587,14,118,2
587,14,118,2
591,14,118,2
587,14,118,2
587,14,118,2
594,14,118,2
587,14,118,2
591,14,118,2
591,14,118,2
587,14,118,2
591,14,118,2
591,14,118,2
591,14,118,2
585,14,118,2
599,14,118,2
578,14,118,2
582,14,118,2
578,14,118,2
592,14,118,2
585,14,118,2
582,14,118,2
598,14,118,2
598,14,118,2
598,14,118,2
579,14,118,2
579,14,118,2
591,14,118,2
591,14,118,2
587,14,118,2
587,14,118,2
586,14,118,2
586,14,118,2
586,14,151,2
586,14,151,2
579,14,118,2
591,14,118,2
578,14,118,2
587,14,118,2
591,14,118,2
591,14,118,2
578,14,118,2
579,14,118,2
578,14,118,2
587,14,118,2
579,14,118,2
586,14,151,2
586,14,118,2
587,14,118,2
586,14,118,2
586,14,151,2
586,14,118,2
586,14,151,2
591,14,118,2
591,14,118,2
591,14,118,2
578,14,118,2
591,14,118,2
591,14,118,2
586,14,118,2
588,14,118,2
591,14,118,2
591,14,118,2
578,14,118,2
578,14,118,2
585,14,118,2
585,14,118,2
585,14,118,2
600,14,118,2
585,14,118,2
585,14,118,2
585,14,118,2
585,14,118,2
585,14,118,2
585,14,118,2
585,14,118,2
585,14,118,2
600,14,118,2
585,14,118,2
579,14,118,2
579,14,118,2
579,14,118,2
579,14,118,2
579,14,118,2
582,14,118,2
582,14,118,2
582,14,118,2
586,14,151,2
582,14,118,2
1210,14,124,3
579,14,118,2
579,14,118,2
579,14,118,2
579,14,118,2
579,14,118,2
582,14,118,2
582,14,118,2
582,14,118,2
586,14,151,2
582,14,118,2
591,14,118,2
586,14,118,2
596,14,118,2
596,14,118,2
596,14,118,2
596,14,118,2
596,14,118,2
586,14,118,2
596,14,118,2
596,14,118,2
596,14,118,2
583,14,118,2
578,14,118,2
582,14,118,2
582,14,118,2
582,14,118,2
586,14,118,2
593,14,118,2
593,14,118,2
593,14,118,2
593,14,118,2
593,14,118,2
593,14,118,2
587,14,118,2
604,14,118,2
589,14,118,2
604,14,118,2
589,14,118,2
604,14,118,2
604,14,118,2
604,14,118,2
604,14,118,2
604,14,118,2
604,14,118,2
604,14,118,2
604,14,118,2
587,14,118,2
586,14,118,2
586,14,118,2
589,14,118,2
589,14,118,2
589,14,118,2
585,14,118,2
593,14,118,2
589,14,118,2
590,14,118,2
588,14,118,2
599,14,118,2
599,14,118,2
592,14,118,2
592,14,118,2
591,14,118,2
592,14,118,2
591,14,118,2
588,14,118,2
593,14,118,2
588,14,118,2
588,14,118,2
592,14,118,2
591,14,118,2
588,14,118,2
588,14,118,2
595,14,118,2
590,14,118,2
590,14,118,2
591,14,118,2
591,14,118,2
1034,14,124,3
591,14,118,2
597,14,118,2
597,14,118,2
577,14,118,2
584,14,118,2
580,14,118,2
583,14,118,2
583,14,118,2
580,14,118,2
583,14,118,2
583,14,118,2
595,14,118,2
583,14,118,2
595,14,118,2
588,14,118,2
588,14,118,2
582,14,118,2
584,14,118,2
591,14,118,2
584,14,118,2
595,14,118,2
591,14,118,2
591,14,118,2
588,14,118,2
588,14,118,2
584,14,118,2
588,14,118,2
584,14,118,2
599,14,118,2
587,14,118,2
599,14,118,2
587,14,118,2
588,14,118,2
583,14,118,2
583,14,118,2
601,14,118,2
588,14,118,2
588,14,118,2
583,14,118,2
601,14,118,2
588,14,118,2
585,14,118,2
584,14,118,2
586,14,118,2
586,14,118,2
590,14,118,2
589,14,118,2
588,14,118,2
588,14,118,2
592,14,118,2
588,14,118,2
594,14,118,2
594,14,118,2
594,14,118,2
594,14,118,2
594,14,118,2
594,14,118,2
588,14,118,2
590,14,118,2
592,14,118,2
594,14,118,2
588,14,118,2
595,14,118,2
590,14,118,2
589,14,118,2
595,14,118,2
588,14,118,2
585,14,118,2
586,14,151,2
597,14,118,2
590,14,118,2
595,14,118,2
591,14,118,2
602,14,118,2
588,14,118,2
602,14,118,2
602,14,118,2
602,14,118,2
600,14,118,2
595,14,118,2
595,14,118,2
595,14,118,2
595,14,118,2
599,14,118,2
594,14,118,2
593,14,118,2
591,14,118,2
591,14,118,2
595,14,118,2
584,14,118,2
598,14,118,2
585,14,118,2
587,14,118,2
587,14,118,2
585,14,118,2
588,14,118,2
592,14,118,2
592,14,118,2
592,14,118,2
592,14,118,2
592,14,118,2
592,14,118,2
592,14,118,2
592,14,118,2
592,14,118,2
592,14,118,2
592,14,118,2
580,14,118,2
584,14,118,2
600,14,118,2
600,14,118,2
587,14,118,2
594,14,118,2
590,14,118,2
596,14,118,2
596,14,118,2
590,14,118,2
578,14,118,2
582,14,118,2
587,14,118,2
587,14,118,2
586,14,118,2
590,14,118,2
586,14,118,2
578,14,118,2
584,14,118,2
583,14,118,2
596,14,118,2
594,14,118,2
595,14,118,2
590,14,118,2
585,14,118,2
589,14,118,2
595,14,118,2
595,14,118,2
595,14,118,2
595,14,118,2
595,14,118,2
595,14,118,2
595,14,118,2
584,14,118,2
592,14,118,2
592,14,118,2
592,14,118,2
592,14,118,2
592,14,118,2
592,14,118,2
595,14,118,2
592,14,118,2
591,14,118,2
592,14,118,2
592,14,118,2
592,14,118,2
592,14,118,2
592,14,118,2
591,14,118,2
595,14,118,2
599,14,118,2
588,14,118,2
588,14,118,2
588,14,118,2
592,14,118,2
592,14,118,2
588,14,118,2
588,14,118,2
582,14,118,2
586,14,118,2
588,14,118,2
585,14,118,2
585,14,118,2
585,14,118,2
585,14,118,2
585,14,118,2
585,14,118,2
585,14,118,2
585,14,118,2
585,14,118,2
585,14,118,2
590,14,118,2
585,14,118,2
585,14,118,2
595,14,118,2
595,14,118,2
587,14,118,2
587,14,118,2
587,14,118,2
587,14,118,2
587,14,118,2
590,14,118,2
590,14,118,2
590,14,118,2
600,14,118,2
586,14,118,2
590,14,118,2
1155,15,124,3
586,14,118,2
596,14,118,2
596,14,118,2
596,14,118,2
591,14,118,2
596,14,118,2
586,14,118,2
586,14,118,2
595,14,118,2
595,14,118,2
595,14,118,2
591,14,118,2
580,14,118,2
585,14,118,2
591,14,118,2
591,14,118,2
591,14,118,2
580,14,118,2
585,14,118,2
585,14,118,2
580,14,118,2
585,14,118,2
585,14,118,2
595,14,118,2
595,14,118,2
587,14,118,2
587,14,151,2
587,14,151,2
591,14,151,2
585,14,118,2
595,14,118,2
602,14,118,2
602,14,118,2
600,14,118,2
589,14,118,2
585,14,118,2
585,14,118,2
588,14,118,2
585,14,118,2
595,14,118,2
595,14,118,2
595,14,118,2
595,14,118,2
594,14,118,2
594,14,118,2
594,14,118,2
599,14,118,2
594,14,118,2
590,14,118,2
594,14,118,2
594,14,118,2
589,14,118,2
584,14,118,2
595,14,118,2
595,14,118,2
595,14,118,2
594,14,118,2
594,14,118,2
595,14,118,2
594,14,118,2
594,14,118,2
594,14,118,2
594,14,118,2
584,14,118,2
588,14,118,2
595,14,118,2
588,14,118,2
595,14,118,2
599,14,118,2
594,14,118,2
594,14,118,2
599,14,118,2
590,14,118,2
580,14,118,2
590,14,118,2
580,14,118,2
589,14,118,2
589,14,118,2
581,14,118,2
579,14,118,2
583,14,118,2
583,14,118,2
584,14,118,2
584,14,118,2
584,14,118,2
584,14,118,2
584,14,118,2
584,14,118,2
584,14,118,2
586,14,118,2
584,14,118,2
585,14,118,2
585,14,118,2
585,14,118,2
585,14,118,2
585,14,118,2
588,14,118,2
585,14,118,2
585,14,118,2
585,14,118,2
585,14,118,2
585,14,118,2
585,14,118,2
585,14,118,2
585,14,118,2
585,14,118,2
585,14,118,2
591,14,118,2
585,14,118,2
596,14,118,2
588,14,118,2
588,14,118,2
601,14,118,2
578,14,118,2
578,14,118,2
582,14,118,2
585,14,118,2
585,14,118,2
585,14,118,2
585,14,118,2
585,14,118,2
585,14,118,2
585,14,118,2
585,14,118,2
585,14,118,2
586,14,118,2
586,14,118,2
586,14,118,2
586,14,118,2
586,14,118,2
580,14,118,2
584,14,118,2
586,14,118,2
586,14,118,2
586,14,118,2
588,14,118,2
586,14,118,2
580,14,118,2
584,14,118,2
595,14,118,2
585,14,118,2
585,14,118,2
585,14,118,2
585,14,118,2
585,14,118,2
588,14,118,2
588,14,118,2
588,14,118,2
588,14,118,2
595,14,118,2
595,14,118,2
600,14,118,2
585,14,151,2
589,14,118,2
585,14,118,2
588,14,118,2
590,14,118,2
587,14,118,2
587,14,118,2
587,14,118,2
588,14,118,2
592,14,118,2
592,14,118,2
592,14,118,2
592,14,118,2
592,14,118,2
592,14,118,2
586,14,118,2
595,14,118,2
593,14,118,2
586,14,118,2
586,14,118,2
586,14,118,2
1166,15,124,3
1156,15,124,3
1158,15,124,3
600,14,118,2
600,14,118,2
588,14,118,2
588,14,118,2
581,14,118,2
581,14,118,2
585,14,118,2
588,14,118,2
591,14,118,2
591,14,118,2
591,14,118,2
588,14,118,2
595,14,118,2
586,14,151,2
588,14,118,2
593,14,118,2
593,14,118,2
586,14,118,2
587,14,118,2
587,14,118,2
588,14,118,2
587,14,118,2
590,14,118,2
590,14,118,2
588,14,118,2
588,14,118,2
586,14,151,2
595,14,118,2
590,14,118,2
588,14,118,2
586,14,151,2
595,14,118,2
595,14,118,2
598,14,118,2
579,14,118,2
583,14,118,2
595,14,118,2
595,14,118,2
595,14,118,2
585,14,118,2
585,14,118,2
585,14,118,2
585,14,118,2
585,14,118,2
585,14,118,2
583,14,118,2
587,14,118,2
586,14,118,2
586,14,118,2
586,14,118,2
588,14,118,2
586,14,118,2
585,14,118,2
589,14,118,2
599,14,118,2
599,14,118,2
599,14,118,2
599,14,118,2
599,14,118,2
599,14,118,2
585,14,118,2
578,14,118,2
578,14,118,2
1197,14,118,2
1197,14,118,2
599,14,118,2
578,14,118,2
601,14,151,2
601,14,151,2
595,14,151,2
595,14,151,2
581,14,118,2
592,14,118,2
592,14,118,2
592,14,118,2
592,14,118,2
592,14,118,2
592,14,118,2
592,14,118,2
592,14,118,2
592,14,118,2
592,14,118,2
592,14,118,2
592,14,118,2
581,14,118,2
596,14,118,2
596,14,118,2
585,14,118,2
584,14,118,2
588,14,118,2
585,14,118,2
585,14,118,2
585,14,118,2
585,14,118,2
585,14,118,2
585,14,118,2
585,14,118,2
585,14,118,2
601,14,118,2
596,14,118,2
595,14,118,2
595,14,118,2
595,14,118,2
599,14,118,2
599,14,118,2
584,14,118,2
584,14,118,2
584,14,118,2
599,14,118,2
596,14,118,2
596,14,118,2
599,14,118,2
604,14,118,2
590,14,118,2
590,14,118,2
585,14,118,2
585,14,118,2
592,14,118,2
592,14,118,2
589,14,118,2
597,14,118,2
600,14,118,2
584,14,118,2
588,14,118,2
591,14,118,2
591,14,118,2
591,14,118,2
599,14,118,2
601,14,118,2
603,14,151,2
586,14,118,2
590,14,118,2
588,14,118,2
595,14,118,2
586,14,118,2
591,14,118,2
611,14,118,2
611,14,118,2
586,14,118,2
586,14,118,2
586,14,118,2
586,14,118,2
586,14,118,2
586,14,118,2
586,14,118,2
586,14,118,2
587,14,118,2
592,14,118,2
594,14,118,2
593,14,118,2
599,14,118,2
584,14,118,2
584,14,118,2
599,14,118,2
599,14,118,2
599,14,118,2
599,14,118,2
599,14,118,2
599,14,118,2
599,14,118,2
597,14,118,2
597,14,118,2
597,14,118,2
597,14,118,2
597,14,118,2
597,14,118,2
599,14,118,2
599,14,118,2
599,14,118,2
599,14,118,2
599,14,118,2
599,14,118,2
598,14,118,2
598,14,118,2
593,14,118,2
593,14,118,2
593,14,118,2
1216,14,124,3
1234,14,124,3
1234,14,124,3
599,14,118,2
599,14,118,2
1232,14,124,3
586,14,151,2
590,14,118,2
588,14,118,2
588,14,118,2
588,14,118,2
588,14,118,2
588,14,118,2
588,14,118,2
588,14,118,2
590,14,118,2
589,14,118,2
589,14,118,2
589,14,118,2
589,14,118,2
589,14,118,2
589,14,118,2
592,14,118,2
905,14,118,2
591,14,118,2
592,14,118,2
593,14,118,2
905,14,118,2
596,14,118,2
596,14,118,2
582,14,118,2
598,14,118,2
598,14,118,2
600,14,118,2
586,14,118,2
914,14,118,2
598,14,118,2
914,14,118,2
583,14,118,2
583,14,118,2
583,14,118,2
583,14,118,2
583,14,118,2
583,14,118,2
583,14,118,2
583,14,118,2
583,14,118,2
583,14,118,2
583,14,118,2
583,14,118,2
601,14,118,2
601,14,118,2
604,14,118,2
578,14,118,2
582,14,118,2
588,14,118,2
588,14,118,2
588,14,118,2
588,14,118,2
601,14,118,2
591,14,118,2
583,14,118,2
585,14,118,2
584,14,118,2
585,14,118,2
585,14,118,2
582,14,118,2
582,14,118,2
582,14,118,2
585,14,118,2
585,14,118,2
585,14,118,2
585,14,118,2
585,14,118,2
585,14,118,2
585,14,118,2
585,14,118,2
585,14,118,2
585,14,118,2
585,14,118,2
585,14,118,2
591,14,118,2
591,14,118,2
585,14,118,2
585,14,118,2
600,14,118,2
600,14,118,2
592,14,118,2
584,14,118,2
584,14,118,2
588,14,118,2
586,14,118,2
588,14,118,2
586,14,118,2
586,14,118,2
586,14,118,2
586,14,118,2
577,14,118,2
581,14,118,2
595,14,118,2
595,14,118,2
595,14,118,2
583,14,118,2
591,14,118,2
588,14,118,2
588,14,118,2
581,14,118,2
598,14,118,2
598,14,118,2
594,14,118,2
584,14,118,2
585,14,118,2
584,14,118,2
599,14,118,2
585,14,118,2
584,14,118,2
584,14,118,2
580,14,118,2
581,14,118,2
585,14,118,2
585,14,118,2
595,14,118,2
595,14,118,2
595,14,118,2
595,14,118,2
595,14,118,2
595,14,118,2
591,14,118,2
588,14,118,2
591,14,118,2
591,14,118,2
591,14,118,2
585,14,118,2
585,14,118,2
595,14,118,2
593,14,118,2
593,14,118,2
600,14,118,2
600,14,118,2
600,14,118,2
581,14,118,2
585,14,118,2
595,14,118,2
591,14,118,2
587,14,118,2
586,14,118,2
586,14,118,2
586,14,118,2
586,14,118,2
598,14,118,2
588,14,118,2
588,14,118,2
598,14,118,2
595,14,118,2
582,14,118,2
585,14,118,2
600,14,118,2
600,14,118,2
591,14,118,2
591,14,118,2
586,14,118,2
586,14,118,2
597,14,118,2
595,14,118,2
585,14,118,2
592,14,118,2
592,14,118,2
586,14,118,2
592,14,118,2
594,14,118,2
599,14,118,2
599,14,118,2
599,14,118,2
599,14,118,2
599,14,118,2
590,14,118,2
590,14,118,2
590,14,118,2
580,14,118,2
584,14,118,2
591,14,118,2
591,14,118,2
593,14,118,2
595,14,118,2
588,14,118,2
588,14,118,2
588,14,118,2
588,14,118,2
579,14,118,2
583,14,151,2
595,14,118,2
583,14,151,2
583,14,151,2
583,14,151,2
583,14,151,2
595,14,118,2
584,14,151,2
584,14,151,2
580,14,118,2
578,14,118,2
582,14,118,2
581,14,118,2
581,14,118,2
585,14,118,2
589,14,118,2
590,14,118,2
595,14,118,2
583,14,118,2
587,14,118,2
587,14,118,2
585,14,118,2
593,14,118,2
591,14,118,2
586,14,118,2
582,14,118,2
582,14,118,2
586,14,118,2
586,14,118,2
580,14,118,2
580,14,118,2
580,14,118,2
580,14,118,2
580,14,118,2
580,14,118,2
580,14,118,2
580,14,118,2
580,14,118,2
580,14,118,2
579,14,118,2
583,14,118,2
590,14,118,2
597,14,118,2
597,14,118,2
597,14,118,2
597,14,118,2
597,14,118,2
597,14,118,2
597,14,118,2
597,14,118,2
597,14,118,2
597,14,118,2
597,14,118,2
597,14,118,2
595,14,118,2
595,14,118,2
587,14,118,2
588,14,118,2
588,14,118,2
588,14,118,2
587,14,118,2
587,14,118,2
587,14,118,2
595,14,118,2
595,14,118,2
595,14,118,2
595,14,118,2
583,14,118,2
597,14,118,2
586,14,118,2
583,14,118,2
584,14,118,2
585,14,118,2
585,14,118,2
577,14,118,2
581,14,118,2
580,14,118,2
580,14,118,2
591,14,118,2
591,14,118,2
587,14,118,2
580,14,118,2
580,14,118,2
594,14,118,2
594,14,118,2
594,14,118,2
594,14,118,2
596,14,118,2
595,14,118,2
591,14,118,2
591,14,118,2
591,14,118,2
586,14,118,2
586,14,118,2
593,14,118,2
586,14,118,2
586,14,118,2
586,14,118,2
586,14,118,2
586,14,118,2
586,14,118,2
593,14,118,2
586,14,118,2
586,14,118,2
586,14,118,2
586,14,118,2
586,14,118,2
586,14,118,2
586,14,118,2
586,14,118,2
586,14,118,2
579,14,118,2
582,14,118,2
582,14,118,2
586,14,118,2
591,14,118,2
581,14,118,2
589,14,118,2
589,14,118,2
589,14,118,2
589,14,118,2
589,14,118,2
601,14,118,2
588,14,118,2
592,14,118,2
598,14,151,2
586,14,118,2
586,14,118,2
586,14,118,2
586,14,118,2
586,14,118,2
586,14,118,2
578,14,118,2
582,14,118,2
769,14,124,3
769,14,124,3
582,14,118,2
582,14,118,2
582,14,118,2
585,14,84,2
589,14,118,2
588,14,118,2
588,14,118,2
591,14,118,2
589,14,118,2
589,14,118,2
586,14,118,2
592,14,118,2
592,14,118,2
586,14,118,2
585,14,118,2
586,14,118,2
595,14,118,2
583,14,118,2
589,14,118,2
597,14,118,2
581,14,118,2
582,14,118,2
591,14,118,2
591,14,118,2
588,14,118,2
588,14,118,2
590,14,118,2
602,14,118,2
595,14,118,2
595,14,118,2
595,14,118,2
595,14,118,2
595,14,118,2
595,14,118,2
586,14,118,2
586,14,118,2
576,14,118,2
583,14,118,2
583,14,118,2
595,14,118,2
583,14,118,2
583,14,118,2
595,14,118,2
584,14,118,2
584,14,118,2
599,14,118,2
584,14,118,2
584,14,118,2
594,14,118,2
587,14,118,2
595,14,118,2
595,14,118,2
599,14,118,2
592,14,151,2
588,14,118,2
591,14,118,2
596,14,151,2
604,14,151,2
588,14,118,2
588,14,118,2
597,14,118,2
597,14,118,2
597,14,118,2
597,14,118,2
597,14,118,2
590,14,151,2
590,14,151,2
604,14,151,2
588,14,118,2
590,14,118,2
586,14,118,2
586,14,118,2
586,14,118,2
586,14,118,2
586,14,118,2
586,14,118,2
588,14,118,2
595,14,118,2
588,14,118,2
595,14,118,2
599,14,118,2
589,14,118,2
589,14,118,2
578,14,118,2
582,14,118,2
588,14,118,2
588,14,118,2
588,14,118,2
588,14,118,2
589,14,118,2
584,14,118,2
592,14,118,2
592,14,118,2
586,14,118,2
586,14,118,2
586,14,118,2
586,14,118,2
584,14,118,2
584,14,118,2
584,14,118,2
595,14,118,2
595,14,118,2
595,14,118,2
595,14,118,2
595,14,118,2
595,14,118,2
587,14,118,2
588,14,118,2
601,14,118,2
587,14,118,2
587,14,118,2
587,14,118,2
588,14,118,2
596,14,151,2
592,14,118,2
597,14,118,2
597,14,118,2
579,14,118,2
581,14,118,2
590,14,118,2
586,14,118,2
592,14,118,2
591,14,118,2
590,14,118,2
590,14,118,2
590,14,118,2
595,14,118,2
588,14,118,2
588,14,118,2
588,14,118,2
588,14,118,2
588,14,118,2
595,14,118,2
595,14,118,2
595,14,118,2
595,14,118,2
588,14,118,2
588,14,118,2
598,14,118,2
598,14,118,2
599,14,118,2
584,14,118,2
594,14,118,2
588,14,118,2
585,14,118,2
587,14,118,2
591,14,118,2
585,14,118,2
589,14,118,2
588,14,118,2
588,14,118,2
588,14,118,2
588,14,118,2
588,14,118,2
588,14,118,2
588,14,118,2
587,14,118,2
595,14,118,2
587,14,118,2
587,14,118,2
584,14,118,2
595,14,118,2
595,14,118,2
579,14,118,2
591,14,118,2
588,14,118,2
588,14,118,2
587,14,118,2
587,14,118,2
588,14,118,2
587,14,118,2
585,14,118,2
592,14,118,2
581,14,118,2
585,14,118,2
588,14,118,2
593,14,118,2
588,14,118,2
591,14,118,2
595,14,118,2
595,14,118,2
601,14,118,2
591,14,118,2
583,14,118,2
595,14,118,2
1156,14,124,3
584,14,118,2
593,14,118,2
584,14,118,2
595,14,118,2
595,14,118,2
1156,14,124,3
585,14,118,2
601,14,118,2
601,14,118,2
583,14,118,2
601,14,118,2
583,14,118,2
600,14,118,2
600,14,118,2
585,14,118,2
585,14,118,2
585,14,118,2
585,14,118,2
591,14,118,2
591,14,118,2
1155,15,124,3
579,14,118,2
581,14,118,2
581,14,118,2
581,14,118,2
580,14,118,2
584,14,118,2
601,14,118,2
595,14,118,2
595,14,118,2
595,14,118,2
584,14,118,2
594,14,118,2
584,14,118,2
584,14,118,2
584,14,118,2
584,14,118,2
595,14,118,2
584,14,118,2
584,14,118,2
583,14,118,2
596,14,118,2
584,14,118,2
584,14,118,2
584,14,118,2
584,14,118,2
584,14,118,2
584,14,118,2
584,14,118,2
584,14,118,2
584,14,118,2
598,14,118,2
598,14,118,2
598,14,118,2
598,14,118,2
593,14,118,2
585,14,118,2
585,14,118,2
604,14,118,2
584,14,118,2
584,14,118,2
584,14,118,2
584,14,118,2
584,14,118,2
584,14,118,2
592,14,118,2
595,14,118,2
607,14,118,2
607,14,118,2
578,14,151,2
582,14,118,2
593,14,118,2
593,14,118,2
593,14,118,2
593,14,118,2
591,14,118,2
591,14,118,2
591,14,118,2
591,14,118,2
591,14,118,2
597,14,118,2
597,14,118,2
597,14,118,2
597,14,118,2
591,14,118,2
591,14,118,2
583,14,118,2
591,14,118,2
583,14,118,2
583,14,118,2
583,14,118,2
583,14,118,2
589,14,118,2
589,14,118,2
585,14,118,2
579,14,118,2
590,14,118,2
591,14,118,2
601,14,118,2
595,14,118,2
595,14,118,2
601,14,118,2
595,14,118,2
591,14,118,2
593,14,118,2
587,14,118,2
595,14,118,2
595,14,118,2
593,14,118,2
587,14,118,2
592,14,118,2
592,14,118,2
590,14,118,2
591,14,118,2
591,14,118,2
604,14,118,2
585,14,118,2
588,14,118,2
586,14,118,2
595,14,118,2
592,14,118,2
595,14,118,2
591,14,118,2
591,14,118,2
1086,15,124,3
583,14,118,2
583,14,118,2
583,14,118,2
583,14,118,2
1086,15,124,3
591,14,118,2
591,14,118,2
578,14,118,2
578,14,118,2
595,14,118,2
595,14,118,2
601,14,118,2
586,14,118,2
587,14,118,2
583,14,118,2
583,14,118,2
592,14,118,2
592,14,118,2
592,14,118,2
592,14,118,2
587,14,118,2
586,14,118,2
588,14,118,2
588,14,118,2
588,14,118,2
600,14,118,2
600,14,118,2
600,14,118,2
600,14,118,2
588,14,118,2
588,14,118,2
600,14,118,2
600,14,118,2
600,14,118,2
600,14,118,2
586,14,118,2
586,14,118,2
586,14,118,2
590,14,118,2
590,14,118,2
590,14,118,2
590,14,118,2
590,14,118,2
590,14,118,2
590,14,118,2
590,14,118,2
590,14,118,2
590,14,118,2
590,14,118,2
590,14,118,2
586,14,118,2
590,14,118,2
586,14,118,2
586,14,118,2
593,14,118,2
593,14,118,2
593,14,118,2
607,14,118,2
607,14,118,2
607,14,118,2
607,14,118,2
607,14,118,2
590,14,118,2
585,14,118,2
590,14,118,2
588,14,118,2
591,14,118,2
591,14,118,2
595,14,118,2
588,14,118,2
595,14,118,2
595,14,118,2
591,14,118,2
591,14,118,2
592,14,118,2
592,14,118,2
592,14,118,2
592,14,118,2
592,14,118,2
590,14,118,2
594,14,118,2
590,14,118,2
590,14,118,2
591,14,118,2
600,14,151,2
600,14,151,2
590,14,118,2
590,14,118,2
578,14,118,2
582,14,118,2
590,14,118,2
586,14,118,2
590,14,118,2
590,14,118,2
590,14,118,2
590,14,118,2
584,14,118,2
585,14,118,2
585,14,118,2
586,14,118,2
595,14,118,2
622,14,118,2
584,14,118,2
584,14,118,2
591,14,118,2
593,14,118,2
598,14,118,2
583,14,118,2
591,14,118,2
593,14,118,2
598,14,118,2
588,14,118,2
587,14,118,2
1089,14,124,3
586,14,118,2
591,14,118,2
591,14,118,2
596,14,118,2
595,14,118,2
598,14,118,2
585,14,118,2
584,14,118,2
586,14,118,2
590,14,118,2
588,14,118,2
588,14,118,2
587,14,118,2
580,14,118,2
580,14,118,2
593,14,118,2
593,14,118,2
593,14,118,2
593,14,118,2
593,14,118,2
593,14,118,2
586,14,118,2
585,14,118,2
585,14,118,2
595,14,118,2
591,14,118,2
586,14,118,2
591,14,118,2
586,14,118,2
584,14,118,2
584,14,118,2
590,14,118,2
588,14,118,2
588,14,118,2
1081,14,124,3
1081,14,124,3
588,14,118,2
586,14,118,2
582,14,118,2
586,14,118,2
591,14,118,2
591,14,118,2
591,14,118,2
591,14,118,2
591,14,118,2
591,14,118,2
591,14,118,2
589,14,118,2
604,14,118,2
596,14,118,2
596,14,118,2
591,14,118,2
596,14,118,2
587,14,118,2
905,14,118,2
599,14,118,2
583,14,118,2
587,14,118,2
595,14,118,2
583,14,118,2
583,14,118,2
595,14,118,2
595,14,118,2
598,14,118,2
598,14,118,2
599,14,118,2
584,14,118,2
594,14,118,2
586,14,118,2
590,14,118,2
593,14,118,2
593,14,118,2
593,14,118,2
593,14,118,2
593,14,118,2
593,14,118,2
601,14,118,2
601,14,118,2
601,14,118,2
601,14,118,2
601,14,118,2
601,14,118,2
593,14,118,2
593,14,118,2
593,14,118,2
593,14,118,2
588,14,118,2
595,14,118,2
590,14,118,2
601,14,118,2
601,14,118,2
601,14,118,2
601,14,118,2
601,14,118,2
601,14,118,2
594,14,118,2
599,14,118,2
584,14,118,2
594,14,118,2
594,14,118,2
599,14,118,2
601,14,118,2
1229,14,124,3
588,14,118,2
577,14,118,2
590,14,118,2
589,14,118,2
586,14,118,2
586,14,118,2
586,14,118,2
586,14,118,2
586,14,118,2
581,14,118,2
585,14,118,2
588,14,118,2
588,14,118,2
583,14,118,2
600,14,118,2
595,14,118,2
585,14,118,2
586,14,118,2
595,14,118,2
589,14,118,2
589,14,118,2
589,14,118,2
589,14,118,2
604,14,118,2
591,14,118,2
582,14,118,2
1156,15,124,3
590,14,118,2
591,14,118,2
600,14,118,2
600,14,118,2
600,14,118,2
600,14,118,2
600,14,118,2
590,14,118,2
588,14,118,2
595,14,118,2
581,14,118,2
585,14,118,2
580,14,118,2
589,14,118,2
591,14,118,2
591,14,118,2
591,14,118,2
591,14,118,2
591,14,118,2
591,14,118,2
595,14,118,2
590,14,118,2
590,14,118,2
578,14,118,2
578,14,118,2
590,14,118,2
589,14,118,2
590,14,118,2
589,14,118,2
588,14,118,2
595,14,118,2
588,14,118,2
595,14,118,2
586,14,118,2
584,14,118,2
599,14,118,2
594,14,118,2
586,14,118,2
584,14,118,2
599,14,118,2
594,14,118,2
580,14,118,2
584,14,118,2
588,14,118,2
588,14,118,2
588,14,118,2
606,14,118,2
590,14,118,2
588,14,118,2
588,14,118,2
588,14,118,2
588,14,118,2
588,14,118,2
588,14,118,2
587,14,118,2
595,14,118,2
595,14,118,2
595,14,118,2
595,14,118,2
593,14,118,2
585,14,118,2
585,14,118,2
592,14,118,2
592,14,118,2
590,14,118,2
590,14,118,2
588,14,118,2
585,14,118,2
588,14,118,2
585,14,118,2
600,14,118,2
600,14,118,2
590,14,118,2
590,14,118,2
591,14,118,2
586,14,118,2
590,14,118,2
587,14,118,2
595,14,118,2
595,14,118,2
595,14,118,2
595,14,118,2
594,14,118,2
585,14,118,2
584,14,118,2
600,14,118,2
600,14,118,2
582,14,118,2
582,14,118,2
586,14,118,2
586,14,118,2
586,14,118,2
586,14,118,2
586,14,118,2
586,14,118,2
586,14,118,2
586,14,118,2
595,14,118,2
586,14,118,2
600,14,118,2
591,14,118,2
591,14,118,2
591,14,118,2
586,14,118,2
585,14,118,2
595,14,118,2
600,14,118,2
589,14,118,2
585,14,118,2
591,14,118,2
590,14,118,2
599,14,118,2
594,14,118,2
584,14,118,2
587,14,118,2
588,14,118,2
595,14,118,2
595,14,118,2
591,14,118,2
595,14,118,2
586,14,118,2
582,14,118,2
590,14,118,2
580,14,118,2
584,14,118,2
584,14,118,2
586,14,118,2
586,14,118,2
581,14,118,2
585,14,118,2
591,14,118,2
591,14,118,2
591,14,118,2
591,14,118,2
591,14,118,2
584,14,118,2
595,14,118,2
589,14,118,2
591,14,118,2
591,14,118,2
588,14,118,2
581,14,118,2
581,14,118,2
581,14,118,2
600,14,118,2
599,14,118,2
591,14,118,2
587,14,118,2
600,14,118,2
599,14,118,2
600,14,118,2
585,14,118,2
585,14,118,2
589,14,118,2
605,14,151,2
587,14,118,2
601,14,118,2
594,14,118,2
594,14,118,2
596,14,118,2
591,14,118,2
592,14,118,2
592,14,118,2
592,14,118,2
592,14,118,2
592,14,118,2
584,14,118,2
591,14,118,2
589,14,118,2
580,14,118,2
580,14,118,2
580,14,118,2
580,14,118,2
580,14,118,2
580,14,118,2
600,14,118,2
585,14,118,2
587,14,118,2
598,14,118,2
587,14,118,2
597,14,118,2
597,14,118,2
585,14,118,2
595,14,118,2
595,14,118,2
595,14,118,2
587,14,118,2
591,14,118,2
588,14,118,2
588,14,118,2
588,14,118,2
588,14,118,2
588,14,118,2
588,14,118,2
578,14,118,2
596,14,118,2
596,14,118,2
596,14,118,2
596,14,118,2
583,14,118,2
583,14,118,2
581,14,118,2
588,14,118,2
588,14,118,2
588,14,118,2
588,14,118,2
588,14,118,2
588,14,118,2
583,14,118,2
583,14,118,2
584,14,118,2
584,14,118,2
584,14,118,2
584,14,118,2
584,14,118,2
592,14,118,2
592,14,118,2
592,14,118,2
584,14,118,2
588,14,118,2
588,14,118,2
588,14,118,2
588,14,118,2
595,14,118,2
595,14,118,2
591,14,118,2
582,14,118,2
590,14,118,2
588,14,118,2
589,14,118,2
582,14,118,2
588,14,118,2
588,14,118,2
595,14,118,2
595,14,118,2
585,14,118,2
593,14,151,2
593,14,118,2
603,14,118,2
603,14,118,2
593,14,151,2
593,14,118,2
596,14,118,2
588,14,118,2
588,14,118,2
588,14,118,2
597,14,118,2
597,14,118,2
578,14,118,2
585,14,118,2
602,14,118,2
602,14,118,2
589,14,118,2
589,14,118,2
589,14,118,2
587,14,151,2
588,14,118,2
614,14,118,2
599,14,118,2
599,14,118,2
599,14,118,2
588,14,118,2
588,14,118,2
590,14,118,2
588,14,151,2
604,14,151,2
579,14,118,2
583,14,118,2
595,14,118,2
595,14,118,2
595,14,118,2
591,14,118,2
591,14,118,2
591,14,118,2
600,14,118,2
595,14,118,2
595,14,118,2
595,14,118,2
586,14,118,2
595,14,118,2
584,14,118,2
580,14,118,2
580,14,118,2
591,14,118,2
589,14,118,2
582,14,118,2
576,14,118,2
582,14,118,2
595,14,118,2
582,14,118,2
582,14,118,2
595,14,118,2
583,14,118,2
599,14,118,2
599,14,118,2
597,14,118,2
597,14,118,2
588,14,118,2
586,14,118,2
596,14,118,2
592,14,118,2
591,14,118,2
586,14,118,2
591,14,118,2
588,14,118,2
595,14,118,2
595,14,118,2
592,14,118,2
595,14,118,2
586,14,118,2
595,14,118,2
588,14,118,2
591,14,118,2
579,14,118,2
583,14,118,2
586,14,118,2
600,14,118,2
600,14,118,2
600,14,118,2
600,14,118,2
600,14,118,2
600,14,118,2
600,14,118,2
600,14,118,2
600,14,118,2
600,14,118,2
600,14,118,2
600,14,118,2
590,14,118,2
590,14,118,2
583,14,118,2
582,14,118,2
582,14,118,2
1154,14,124,3
581,14,118,2
585,14,118,2
587,14,118,2
587,14,118,2
587,14,118,2
587,14,118,2
587,14,118,2
587,14,118,2
587,14,118,2
587,14,118,2
587,14,118,2
587,14,118,2
586,14,118,2
586,14,118,2
593,14,118,2
599,14,118,2
583,14,118,2
585,14,118,2
1032,15,124,3
592,14,118,2
584,14,118,2
582,14,118,2
586,14,118,2
1141,14,124,3
1157,14,124,3
586,14,118,2
586,14,118,2
586,14,118,2
586,14,118,2
586,14,118,2
586,14,118,2
586,14,118,2
586,14,118,2
595,14,118,2
588,14,118,2
588,14,118,2
588,14,118,2
588,14,118,2
588,14,118,2
588,14,118,2
588,14,118,2
588,14,118,2
588,14,118,2
588,14,118,2
588,14,118,2
588,14,118,2
588,14,118,2
588,14,118,2
595,14,118,2
595,14,118,2
586,14,118,2
580,14,118,2
1199,14,124,3
1199,14,124,3
580,14,118,2
580,14,118,2
580,14,118,2
587,14,118,2
588,14,118,2
595,14,118,2
595,14,118,2
580,14,118,2
580,14,118,2
580,14,118,2
582,14,118,2
584,14,118,2
586,14,118,2
585,14,118,2
594,14,118,2
592,14,118,2
601,14,118,2
601,14,118,2
586,14,118,2
592,14,118,2
594,14,118,2
585,14,118,2
586,14,118,2
586,14,118,2
1029,14,124,3
586,14,118,2
596,14,118,2
596,14,118,2
596,14,118,2
596,14,118,2
596,14,118,2
596,14,118,2
586,14,118,2
585,14,118,2
585,14,118,2
582,14,118,2
586,14,118,2
589,14,118,2
586,14,118,2
589,14,118,2
595,14,118,2
587,14,118,2
596,14,118,2
590,14,118,2
596,14,118,2
596,14,118,2
596,14,118,2
596,14,118,2
596,14,118,2
596,14,118,2
589,14,118,2
589,14,118,2
601,14,118,2
585,14,118,2
585,14,118,2
587,14,118,2
589,14,118,2
591,14,118,2
589,14,118,2
591,14,118,2
599,14,118,2
590,14,118,2
581,14,118,2
581,14,118,2
590,14,118,2
582,14,151,2
586,14,118,2
590,14,118,2
898,14,124,3
590,14,118,2
590,14,118,2
590,14,118,2
591,14,118,2
588,14,118,2
591,14,118,2
581,14,118,2
585,14,118,2
604,14,151,2
590,14,118,2
585,14,118,2
595,14,118,2
585,14,118,2
585,14,118,2
583,14,118,2
587,14,118,2
598,14,118,2
601,14,118,2
594,14,118,2
586,14,118,2
595,14,118,2
588,14,118,2
588,14,118,2
582,14,118,2
585,14,118,2
585,14,118,2
585,14,118,2
595,14,118,2
595,14,118,2
585,14,118,2
595,14,118,2
595,14,118,2
595,14,118,2
595,14,118,2
594,14,118,2
585,14,118,2
584,14,118,2
591,14,118,2
588,14,118,2
596,14,118,2
596,14,118,2
585,14,118,2
584,14,118,2
591,14,118,2
599,14,118,2
599,14,118,2
595,14,118,2
595,14,118,2
586,14,118,2
587,14,118,2
583,14,118,2
593,14,118,2
590,14,118,2
597,14,118,2
597,14,118,2
597,14,118,2
597,14,118,2
597,14,118,2
597,14,118,2
584,14,118,2
584,14,118,2
584,14,118,2
590,14,118,2
591,14,118,2
591,14,118,2
591,14,118,2
591,14,118,2
584,14,118,2
585,14,118,2
589,14,118,2
593,14,118,2
593,14,118,2
593,14,118,2
593,14,118,2
593,14,118,2
593,14,118,2
588,14,118,2
588,14,118,2
588,14,118,2
588,14,118,2
588,14,118,2
588,14,118,2
588,14,118,2
588,14,118,2
588,14,118,2
588,14,118,2
588,14,118,2
588,14,118,2
588,14,118,2
588,14,118,2
618,14,118,2
618,14,118,2
618,14,118,2
618,14,118,2
618,14,118,2
618,14,118,2
581,14,118,2
586,14,118,2
584,14,118,2
586,14,118,2
586,14,118,2
595,14,118,2
588,14,118,2
586,14,118,2
584,14,118,2
599,14,118,2
590,14,118,2
588,14,118,2
588,14,118,2
588,14,118,2
589,14,118,2
590,14,118,2
587,14,118,2
587,14,118,2
583,14,118,2
587,14,118,2
588,14,118,2
588,14,118,2
582,14,118,2
582,14,118,2
595,14,118,2
595,14,118,2
601,14,118,2
591,14,118,2
591,14,118,2
587,14,118,2
587,14,118,2
587,14,118,2
587,14,118,2
587,14,118,2
587,14,118,2
592,14,118,2
588,14,118,2
582,14,118,2
601,14,118,2
595,14,118,2
591,14,118,2
591,14,118,2
587,14,118,2
587,14,118,2
587,14,118,2
587,14,118,2
587,14,118,2
587,14,118,2
595,14,118,2
583,14,118,2
587,14,118,2
589,14,118,2
593,14,118,2
589,14,118,2
590,14,118,2
590,14,118,2
951,14,124,3
580,14,118,2
580,14,118,2
584,14,118,2
586,14,118,2
586,14,118,2
586,14,118,2
588,14,118,2
586,14,118,2
586,14,118,2
586,14,118,2
590,14,118,2
590,14,118,2
591,14,118,2
588,14,118,2
596,14,118,2
591,14,118,2
591,14,118,2
586,14,118,2
586,14,118,2
595,14,118,2
595,14,118,2
586,14,118,2
593,14,118,2
593,14,118,2
593,14,118,2
593,14,118,2
598,14,118,2
598,14,118,2
598,14,118,2
598,14,118,2
598,14,118,2
598,14,118,2
595,14,118,2
602,14,118,2
594,14,118,2
598,14,118,2
588,14,118,2
598,14,118,2
595,14,118,2
598,14,118,2
595,14,118,2
599,14,118,2
584,14,118,2
584,14,118,2
584,14,118,2
584,14,118,2
584,14,118,2
584,14,118,2
584,14,118,2
584,14,118,2
584,14,118,2
599,14,118,2
584,14,118,2
584,14,118,2
584,14,118,2
584,14,118,2
584,14,118,2
584,14,118,2
584,14,118,2
584,14,118,2
584,14,118,2
591,14,118,2
591,14,118,2
584,14,118,2
588,14,118,2
591,14,118,2
591,14,118,2
587,14,118,2
591,14,118,2
587,14,118,2
1223,14,124,3
595,14,118,2
588,14,118,2
588,14,118,2
1223,14,124,3
588,14,118,2
592,14,118,2
592,14,118,2
592,14,118,2
592,14,118,2
595,14,118,2
599,14,118,2
583,14,118,2
591,14,118,2
591,14,118,2
591,14,118,2
594,14,118,2
585,14,118,2
584,14,118,2
584,14,118,2
584,14,118,2
584,14,118,2
580,14,118,2
584,14,118,2
588,14,118,2
586,14,118,2
586,14,118,2
586,14,118,2
586,14,118,2
587,14,118,2
591,14,118,2
591,14,118,2
591,14,118,2
588,14,118,2
588,14,118,2
588,14,118,2
588,14,118,2
588,14,118,2
595,14,118,2
595,14,118,2
595,14,118,2
595,14,118,2
591,14,118,2
596,14,118,2
578,14,118,2
578,14,118,2
591,14,118,2
591,14,118,2
595,14,118,2
1133,14,118,2
578,14,118,2
578,14,118,2
1133,14,118,2
595,14,118,2
578,14,118,2
578,14,118,2
578,14,118,2
578,14,118,2
588,14,118,2
588,14,118,2
599,14,118,2
578,14,118,2
578,14,118,2
578,14,118,2
582,14,118,2
583,14,118,2
584,14,118,2
584,14,118,2
577,14,118,2
581,14,118,2
581,14,118,2
588,14,118,2
588,14,118,2
588,14,118,2
588,14,118,2
588,14,118,2
584,14,118,2
586,14,118,2
590,14,118,2
597,14,118,2
593,14,118,2
593,14,118,2
592,14,118,2
593,14,118,2
594,14,118,2
594,14,118,2
593,14,118,2
593,14,118,2
592,14,118,2
592,14,118,2
594,14,118,2
594,14,118,2
594,14,118,2
595,14,118,2
592,14,118,2
592,14,118,2
592,14,118,2
592,14,118,2
592,14,118,2
592,14,118,2
595,14,118,2
595,14,118,2
595,14,118,2
598,14,118,2
598,14,118,2
598,14,118,2
598,14,118,2
595,14,118,2
592,14,118,2
591,14,118,2
578,14,118,2
578,14,118,2
589,14,118,2
589,14,118,2
589,14,118,2
591,14,118,2
588,14,118,2
591,14,118,2
581,14,118,2
585,14,118,2
585,14,118,2
591,14,118,2
585,14,118,2
585,14,118,2
582,14,118,2
583,14,118,2
592,14,118,2
593,14,118,2
595,14,118,2
593,14,118,2
593,14,118,2
593,14,118,2
593,14,118,2
593,14,118,2
599,14,118,2
599,14,118,2
584,14,118,2
594,14,118,2
599,14,118,2
584,14,118,2
599,14,118,2
584,14,118,2
584,14,118,2
600,14,118,2
600,14,118,2
587,14,118,2
578,14,118,2
590,14,118,2
601,14,118,2
590,14,118,2
601,14,118,2
590,14,118,2
585,14,118,2
580,14,118,2
611,14,118,2
583,14,118,2
587,14,118,2
591,14,118,2
583,14,118,2
591,14,118,2
599,14,118,2
591,14,118,2
591,14,118,2
592,14,118,2
586,14,118,2
588,14,118,2
1029,14,124,3
588,14,118,2
588,14,118,2
595,14,118,2
595,14,118,2
595,14,118,2
595,14,118,2
595,14,118,2
580,14,118,2
586,14,118,2
586,14,118,2
1029,14,124,3
583,14,118,2
587,14,118,2
590,14,118,2
586,14,118,2
586,14,118,2
584,14,118,2
590,14,118,2
590,14,118,2
590,14,118,2
595,14,118,2
595,14,118,2
595,14,118,2
595,14,118,2
595,14,118,2
587,14,151,2
580,14,118,2
584,14,118,2
586,14,118,2
586,14,118,2
586,14,118,2
588,14,118,2
586,14,118,2
581,14,118,2
581,14,118,2
578,14,118,2
587,14,118,2
583,14,118,2
587,14,118,2
589,14,118,2
589,14,118,2
589,14,118,2
589,14,118,2
589,14,118,2
589,14,118,2
590,14,118,2
590,14,118,2
585,14,118,2
590,14,118,2
590,14,118,2
590,14,118,2
590,14,118,2
586,14,118,2
584,14,118,2
590,14,118,2
579,14,118,2
585,14,118,2
605,14,118,2
587,14,118,2
587,14,118,2
587,14,118,2
587,14,118,2
587,14,118,2
587,14,118,2
587,14,118,2
587,14,118,2
587,14,118,2
587,14,118,2
587,14,118,2
587,14,118,2
583,14,118,2
587,14,118,2
586,14,118,2
586,14,118,2
586,14,118,2
588,14,118,2
586,14,118,2
583,14,118,2
587,14,118,2
586,14,118,2
586,14,118,2
586,14,118,2
586,14,118,2
587,14,118,2
587,14,118,2
587,14,118,2
587,14,118,2
587,14,118,2
587,14,118,2
593,14,118,2
593,14,118,2
591,14,118,2
593,14,118,2
593,14,118,2
593,14,118,2
593,14,118,2
593,14,118,2
593,14,118,2
591,14,118,2
591,14,118,2
587,14,118,2
587,14,118,2
587,14,118,2
586,14,118,2
587,14,118,2
587,14,118,2
587,14,118,2
586,14,118,2
586,14,118,2
591,14,118,2
591,14,118,2
593,14,118,2
591,14,118,2
593,14,118,2
593,14,118,2
593,14,118,2
593,14,118,2
593,14,118,2
585,14,118,2
584,14,118,2
584,14,118,2
588,14,118,2
589,14,118,2
589,14,118,2
577,14,118,2
577,14,118,2
577,14,118,2
577,14,118,2
577,14,118,2
577,14,118,2
577,14,118,2
577,14,118,2
594,14,118,2
587,14,118,2
587,14,118,2
594,14,118,2
587,14,118,2
580,14,118,2
580,14,118,2
584,14,118,2
586,14,118,2
586,14,118,2
586,14,118,2
588,14,118,2
586,14,118,2
584,14,118,2
588,14,118,2
617,14,118,2
617,14,118,2
617,14,118,2
617,14,118,2
592,14,118,2
592,14,118,2
591,14,118,2
591,14,118,2
591,14,118,2
591,14,118,2
591,14,118,2
591,14,118,2
579,14,118,2
583,14,118,2
582,14,118,2
595,14,118,2
588,14,118,2
595,14,118,2
595,14,118,2
595,14,118,2
595,14,118,2
595,14,118,2
595,14,118,2
595,14,118,2
588,14,118,2
595,14,118,2
588,14,118,2
588,14,118,2
588,14,118,2
595,14,118,2
599,14,118,2
581,14,118,2
581,14,118,2
586,14,118,2
584,14,118,2
591,14,118,2
591,14,118,2
591,14,118,2
591,14,118,2
591,14,118,2
591,14,118,2
594,14,118,2
584,14,118,2
588,14,118,2
591,14,84,2
591,14,84,2
582,14,118,2
582,14,118,2
586,14,118,2
584,14,118,2
583,14,118,2
583,14,118,2
584,14,118,2
584,14,118,2
587,14,118,2
587,14,118,2
587,14,118,2
587,14,118,2
585,14,118,2
588,14,118,2
585,14,118,2
585,14,118,2
585,14,118,2
584,14,118,2
583,14,118,2
585,14,118,2
583,14,118,2
583,14,118,2
583,14,118,2
583,14,118,2
586,14,118,2
584,14,118,2
583,14,118,2
606,14,118,2
582,14,118,2
588,14,118,2
588,14,118,2
588,14,118,2
590,14,118,2
587,14,151,2
587,14,151,2
587,14,151,2
587,14,151,2
587,14,151,2
587,14,151,2
595,14,151,2
595,14,151,2
595,14,151,2
595,14,151,2
595,14,151,2
595,14,151,2
595,14,151,2
595,14,151,2
595,14,151,2
595,14,151,2
595,14,151,2
595,14,151,2
595,14,151,2
595,14,151,2
595,14,151,2
595,14,151,2
595,14,151,2
595,14,151,2
595,14,151,2
595,14,151,2
595,14,151,2
595,14,151,2
595,14,151,2
595,14,151,2
585,14,118,2
591,14,118,2
591,14,118,2
589,14,118,2
590,14,118,2
590,14,118,2
596,14,118,2
585,14,118,2
585,14,118,2
580,14,118,2
584,14,118,2
600,14,118,2
600,14,118,2
585,14,118,2
586,14,118,2
586,14,118,2
591,14,118,2
591,14,118,2
591,14,118,2
591,14,118,2
595,14,118,2
587,14,118,2
594,14,118,2
591,14,118,2
586,14,118,2
599,14,118,2
584,14,118,2
594,14,118,2
599,14,118,2
599,14,118,2
591,14,118,2
599,14,118,2
591,14,118,2
591,14,118,2
591,14,118,2
591,14,118,2
584,14,118,2
588,14,118,2
591,14,118,2
591,14,118,2
591,14,118,2
591,14,118,2
591,14,118,2
591,14,118,2
591,14,118,2
579,14,118,2
579,14,118,2
580,14,118,2
583,14,118,2
588,14,118,2
595,14,118,2
588,14,118,2
595,14,118,2
600,14,118,2
577,14,118,2
587,14,118,2
590,14,118,2
590,14,118,2
590,14,118,2
590,14,118,2
590,14,118,2
950,14,124,3
589,14,118,2
589,14,118,2
589,14,118,2
603,14,118,2
603,14,118,2
603,14,118,2
603,14,118,2
603,14,118,2
603,14,118,2
603,14,118,2
603,14,118,2
603,14,118,2
603,14,118,2
603,14,118,2
603,14,118,2
578,14,118,2
582,14,118,2
582,14,118,2
582,14,118,2
582,14,118,2
582,14,118,2
582,14,118,2
587,14,118,2
587,14,118,2
593,14,118,2
593,14,118,2
584,14,118,2
584,14,118,2
588,14,84,2
588,14,84,2
595,14,118,2
583,14,118,2
583,14,118,2
583,14,118,2
587,14,118,2
596,14,118,2
591,14,118,2
590,14,118,2
591,14,118,2
593,14,118,2
586,14,118,2
1081,15,124,3
600,14,118,2
596,14,118,2
596,14,118,2
596,14,118,2
596,14,118,2
1081,15,124,3
582,14,118,2
582,14,118,2
586,14,118,2
586,14,118,2
586,14,118,2
586,14,118,2
586,14,118,2
586,14,118,2
586,14,118,2
586,14,118,2
585,14,118,2
585,14,118,2
587,14,118,2
586,14,118,2
586,14,118,2
586,14,118,2
586,14,118,2
586,14,118,2
587,14,118,2
587,14,118,2
587,14,118,2
595,14,118,2
595,14,118,2
586,14,118,2
586,14,118,2
590,14,118,2
591,14,118,2
591,14,118,2
595,14,118,2
588,14,118,2
593,14,118,2
593,14,118,2
593,14,118,2
584,14,118,2
593,14,118,2
593,14,118,2
593,14,118,2
599,14,118,2
595,14,118,2
584,14,118,2
584,14,118,2
1219,14,124,3
1219,14,124,3
584,14,118,2
1219,14,124,3
593,14,118,2
593,14,118,2
593,14,118,2
593,14,118,2
593,14,118,2
593,14,118,2
583,14,118,2
587,14,118,2
595,14,118,2
592,14,118,2
585,14,118,2
585,14,118,2
596,14,118,2
595,14,118,2
592,14,118,2
596,14,118,2
585,14,118,2
585,14,118,2
582,14,118,2
591,14,118,2
584,14,118,2
582,14,118,2
591,14,118,2
584,14,118,2
593,14,118,2
595,14,118,2
590,14,118,2
600,14,118,2
579,14,118,2
587,14,118,2
589,14,118,2
586,14,118,2
586,14,118,2
586,14,118,2
586,14,118,2
586,14,118,2
586,14,118,2
585,14,118,2
577,14,118,2
584,14,118,2
584,14,118,2
584,14,118,2
584,14,118,2
584,14,118,2
584,14,118,2
584,14,118,2
584,14,118,2
584,14,118,2
584,14,118,2
584,14,118,2
584,14,118,2
592,14,118,2
591,14,118,2
591,14,118,2
591,14,118,2
595,14,118,2
583,14,118,2
583,14,118,2
582,14,118,2
586,14,118,2
595,14,118,2
595,14,118,2
595,14,118,2
595,14,118,2
580,14,118,2
587,14,118,2
587,14,118,2
591,14,118,2
591,14,118,2
590,14,118,2
588,14,118,2
580,14,118,2
587,14,118,2
587,14,118,2
590,14,118,2
591,14,118,2
591,14,118,2
591,14,118,2
593,14,118,2
579,14,118,2
583,14,118,2
1074,14,124,3
586,14,118,2
586,14,118,2
586,14,118,2
586,14,118,2
586,14,118,2
586,14,118,2
586,14,118,2
579,14,118,2
583,14,118,2
585,14,118,2
593,14,118,2
593,14,118,2
585,14,118,2
583,14,118,2
583,14,118,2
583,14,118,2
596,14,118,2
586,14,118,2
586,14,118,2
586,14,118,2
586,14,118,2
586,14,118,2
586,14,118,2
583,14,118,2
585,14,118,2
588,14,118,2
588,14,118,2
602,14,118,2
602,14,118,2
595,14,118,2
599,14,118,2
599,14,118,2
599,14,118,2
599,14,118,2
599,14,118,2
599,14,118,2
588,14,151,2
588,14,151,2
588,14,118,2
604,14,151,2
604,14,151,2
604,14,151,2
604,14,151,2
604,14,151,2
604,14,151,2
581,14,118,2
582,14,118,2
595,14,118,2
585,14,118,2
585,14,118,2
587,14,118,2
595,14,118,2
577,14,118,2
585,14,118,2
1204,14,124,3
585,14,118,2
1204,14,124,3
594,14,118,2
585,14,118,2
583,14,118,2
583,14,118,2
583,14,118,2
583,14,118,2
599,14,118,2
590,14,118,2
594,14,118,2
595,14,118,2
595,14,118,2
587,14,118,2
591,14,118,2
595,14,118,2
595,14,118,2
587,14,118,2
588,14,118,2
588,14,118,2
588,14,118,2
587,14,118,2
588,14,118,2
588,14,118,2
588,14,118,2
601,14,118,2
592,14,118,2
594,14,118,2
594,14,118,2
594,14,118,2
601,14,118,2
594,14,118,2
594,14,118,2
594,14,118,2
592,14,118,2
602,14,118,2
602,14,118,2
595,14,118,2
599,14,118,2
595,14,118,2
599,14,118,2
584,14,118,2
603,14,118,2
592,14,118,2
592,14,118,2
594,14,118,2
601,14,118,2
600,14,118,2
593,14,118,2
606,14,118,2
601,14,118,2
597,14,118,2
594,14,118,2
594,14,118,2
594,14,118,2
594,14,118,2
587,14,118,2
586,14,118,2
586,14,118,2
590,14,118,2
590,14,118,2
585,14,118,2
585,14,118,2
585,14,118,2
585,14,118,2
585,14,118,2
585,14,118,2
590,14,118,2
590,14,118,2
590,14,118,2
601,14,118,2
601,14,118,2
601,14,118,2
586,14,118,2
585,14,118,2
585,14,118,2
585,14,118,2
585,14,118,2
585,14,118,2
585,14,118,2
601,14,118,2
586,14,118,2
595,14,118,2
1209,14,124,3
582,14,118,2
586,14,118,2
586,14,118,2
587,14,118,2
587,14,118,2
587,14,118,2
587,14,118,2
588,14,118,2
587,14,118,2
587,14,118,2
587,14,118,2
587,14,118,2
587,14,118,2
587,14,118,2
586,14,118,2
589,14,118,2
586,14,118,2
589,14,118,2
589,14,118,2
589,14,118,2
589,14,118,2
584,14,118,2
584,14,118,2
584,14,118,2
584,14,118,2
594,14,118,2
594,14,118,2
580,14,118,2
595,14,118,2
594,14,118,2
584,14,118,2
584,14,118,2
594,14,118,2
584,14,118,2
595,14,118,2
601,14,118,2
585,14,118,2
591,14,118,2
583,14,118,2
598,14,118,2
586,14,118,2
583,14,118,2
580,14,118,2
584,14,118,2
588,14,118,2
586,14,118,2
595,14,118,2
588,14,118,2
600,14,118,2
600,14,118,2
588,14,118,2
588,14,118,2
589,14,118,2
599,14,118,2
596,14,118,2
591,14,118,2
596,14,118,2
596,14,118,2
596,14,118,2
596,14,118,2
588,14,118,2
588,14,118,2
588,14,118,2
588,14,118,2
588,14,118,2
588,14,118,2
595,14,118,2
595,14,118,2
595,14,118,2
595,14,118,2
581,14,118,2
599,14,118,2
599,14,118,2
583,14,118,2
583,14,118,2
583,14,118,2
583,14,118,2
583,14,118,2
583,14,118,2
583,14,118,2
583,14,118,2
583,14,118,2
583,14,118,2
584,14,118,2
584,14,118,2
583,14,118,2
587,14,118,2
586,14,118,2
586,14,118,2
586,14,118,2
588,14,118,2
586,14,118,2
603,14,151,2
591,14,118,2
590,14,118,2
591,14,118,2
588,14,118,2
586,14,118,2
586,14,118,2
582,14,84,2
588,14,118,2
588,14,118,2
588,14,118,2
588,14,118,2
588,14,118,2
595,14,118,2
595,14,118,2
591,14,118,2
594,14,118,2
588,14,118,2
594,14,118,2
587,14,118,2
594,14,118,2
587,14,118,2
594,14,118,2
590,14,118,2
582,14,118,2
582,14,118,2
586,14,118,2
595,14,118,2
581,14,118,2
590,14,118,2
590,14,118,2
597,14,118,2
589,14,151,2
589,14,151,2
599,14,118,2
599,14,118,2
600,14,151,2
581,14,118,2
588,14,118,2
583,14,118,2
583,14,118,2
583,14,118,2
583,14,118,2
583,14,118,2
583,14,118,2
587,14,118,2
590,14,118,2
587,14,118,2
590,14,118,2
588,14,118,2
588,14,118,2
591,14,118,2
591,14,118,2
583,14,118,2
583,14,118,2
583,14,118,2
586,14,118,2
586,14,118,2
587,14,118,2
587,14,118,2
588,14,118,2
590,14,118,2
600,14,118,2
600,14,118,2
588,14,118,2
588,14,118,2
587,14,118,2
586,14,118,2
586,14,118,2
586,14,118,2
585,14,118,2
586,14,118,2
595,14,118,2
598,14,118,2
598,14,118,2
598,14,118,2
584,14,118,2
598,14,118,2
598,14,118,2
590,14,118,2
585,14,118,2
596,14,118,2
596,14,118,2
588,14,118,2
599,14,118,2
594,14,118,2
586,14,118,2
584,14,118,2
587,14,118,2
590,14,118,2
590,14,118,2
590,14,118,2
590,14,118,2
590,14,118,2
590,14,118,2
584,14,118,2
584,14,118,2
603,14,118,2
584,14,118,2
584,14,118,2
588,14,118,2
588,14,118,2
588,14,118,2
590,14,118,2
596,14,118,2
585,14,118,2
583,14,118,2
589,14,118,2
600,14,118,2
600,14,118,2
600,14,118,2
600,14,118,2
600,14,118,2
600,14,118,2
600,14,118,2
600,14,118,2
600,14,118,2
600,14,118,2
600,14,118,2
590,14,118,2
586,14,118,2
589,14,118,2
595,14,118,2
586,14,118,2
591,14,118,2
591,14,118,2
591,14,118,2
591,14,118,2
591,14,118,2
591,14,118,2
589,14,118,2
586,14,118,2
586,14,118,2
586,14,118,2
586,14,118,2
589,14,118,2
586,14,118,2
586,14,118,2
579,14,118,2
588,14,118,2
586,14,118,2
589,14,118,2
594,14,118,2
600,14,118,2
595,14,118,2
600,14,118,2
591,14,118,2
580,14,118,2
580,14,118,2
584,14,118,2
584,14,118,2
588,14,118,2
591,14,118,2
591,14,118,2
591,14,118,2
591,14,118,2
591,14,118,2
585,14,151,2
591,14,118,2
591,14,118,2
591,14,118,2
590,14,118,2
588,14,118,2
578,14,118,2
578,14,118,2
582,14,118,2
582,14,118,2
587,14,118,2
587,14,118,2
587,14,118,2
587,14,118,2
587,14,118,2
587,14,118,2
587,14,118,2
587,14,118,2
587,14,118,2
587,14,118,2
587,14,118,2
591,14,118,2
591,14,118,2
587,14,118,2
587,14,118,2
587,14,118,2
587,14,118,2
587,14,118,2
587,14,118,2
587,14,118,2
585,14,118,2
591,14,118,2
590,14,118,2
591,14,118,2
585,14,118,2
585,14,118,2
582,14,118,2
595,14,118,2
590,14,118,2
586,14,118,2
588,14,118,2
588,14,118,2
588,14,118,2
588,14,118,2
591,14,118,2
591,14,118,2
586,14,118,2
588,14,118,2
586,14,118,2
582,14,118,2
584,14,118,2
588,14,118,2
588,14,118,2
595,14,118,2
591,14,118,2
591,14,118,2
591,14,118,2
591,14,118,2
591,14,118,2
591,14,118,2
593,14,118,2
593,14,118,2
593,14,118,2
593,14,118,2
593,14,118,2
593,14,118,2
595,14,118,2
591,14,118,2
591,14,118,2
591,14,118,2
594,14,118,2
594,14,118,2
594,14,118,2
594,14,118,2
585,14,118,2
595,14,118,2
595,14,118,2
585,14,118,2
599,14,118,2
597,14,118,2
597,14,118,2
587,14,118,2
584,14,118,2
588,14,118,2
605,14,118,2
594,14,118,2
592,14,118,2
592,14,118,2
592,14,118,2
592,14,118,2
592,14,118,2
592,14,118,2
592,14,118,2
592,14,118,2
592,14,118,2
592,14,118,2
588,14,118,2
588,14,118,2
594,14,118,2
586,14,118,2
587,14,118,2
595,14,118,2
594,14,118,2
590,14,118,2
600,14,118,2
598,14,118,2
587,14,118,2
587,14,118,2
592,14,118,2
592,14,118,2
599,14,118,2
594,14,118,2
588,14,118,2
584,14,118,2
599,14,118,2
588,14,118,2
589,14,118,2
585,14,118,2
587,14,118,2
1217,14,124,3
592,14,118,2
588,14,118,2
598,14,118,2
594,14,118,2
591,14,118,2
598,14,118,2
585,14,118,2
591,14,118,2
583,14,118,2
598,14,118,2
1217,14,124,3
592,14,118,2
592,14,118,2
592,14,118,2
592,14,118,2
596,14,118,2
601,14,118,2
581,14,118,2
592,14,118,2
590,14,118,2
604,14,118,2
593,14,118,2
593,14,118,2
598,14,118,2
590,14,118,2
588,14,118,2
588,14,118,2
588,14,118,2
588,14,118,2
588,14,118,2
588,14,118,2
588,14,118,2
588,14,118,2
588,14,118,2
588,14,118,2
604,14,118,2
604,14,118,2
604,14,118,2
604,14,118,2
604,14,118,2
600,14,118,2
600,14,118,2
591,14,118,2
587,14,118,2
590,14,118,2
961,15,124,3
583,14,118,2
590,14,118,2
590,14,118,2
590,14,118,2
590,14,118,2
585,14,118,2
589,14,118,2
591,14,118,2
595,14,118,2
588,14,118,2
588,14,118,2
588,14,118,2
595,14,118,2
595,14,118,2
589,14,118,2
584,14,118,2
588,14,118,2
586,14,118,2
586,14,118,2
586,14,118,2
588,14,118,2
586,14,118,2
586,14,118,2
580,14,118,2
584,14,118,2
591,14,118,2
591,14,118,2
591,14,118,2
591,14,118,2
591,14,118,2
588,14,118,2
595,14,118,2
590,14,118,2
590,14,118,2
587,14,118,2
588,14,118,2
587,14,118,2
590,14,118,2
588,14,118,2
588,14,118,2
593,14,118,2
594,14,118,2
595,14,118,2
584,14,118,2
586,14,118,2
586,14,118,2
584,14,118,2
585,14,118,2
585,14,118,2
599,14,118,2
584,14,118,2
594,14,118,2
597,14,118,2
597,14,118,2
585,14,118,2
598,14,118,2
588,14,118,2
588,14,118,2
586,14,118,2
593,14,118,2
586,14,118,2
593,14,118,2
593,14,118,2
590,14,118,2
590,14,118,2
582,14,118,2
587,14,118,2
600,14,118,2
591,14,118,2
591,14,118,2
591,14,118,2
591,14,118,2
591,14,118,2
595,14,118,2
595,14,118,2
591,14,118,2
580,14,118,2
580,14,118,2
586,14,118,2
579,14,118,2
589,14,118,2
586,14,118,2
579,14,118,2
589,14,118,2
605,14,118,2
605,14,118,2
605,14,118,2
605,14,118,2
605,14,118,2
605,14,118,2
605,14,118,2
605,14,118,2
605,14,118,2
605,14,118,2
581,14,118,2
592,14,118,2
592,14,118,2
596,14,118,2
585,14,118,2
591,14,118,2
595,14,118,2
596,14,118,2
594,14,118,2
590,14,118,2
596,14,118,2
596,14,118,2
596,14,118,2
596,14,118,2
595,14,118,2
589,14,118,2
596,14,118,2
596,14,118,2
601,14,118,2
596,14,118,2
596,14,118,2
596,14,118,2
596,14,118,2
604,14,118,2
587,14,118,2
590,14,118,2
588,14,118,2
590,14,118,2
590,14,118,2
590,14,118,2
588,14,118,2
588,14,118,2
588,14,118,2
588,14,118,2
604,14,118,2
587,14,118,2
580,14,118,2
580,14,118,2
587,14,118,2
591,14,118,2
591,14,118,2
595,14,118,2
587,14,118,2
587,14,118,2
591,14,118,2
1222,14,124,3
1222,14,124,3
587,14,118,2
587,14,118,2
587,14,118,2
588,14,118,2
588,14,118,2
588,14,118,2
588,14,118,2
588,14,118,2
1210,14,124,3
588,14,118,2
596,14,118,2
596,14,118,2
1222,14,124,3
1222,14,124,3
580,14,118,2
584,14,118,2
1091,14,124,3
584,14,118,2
1091,14,124,3
584,14,118,2
584,14,118,2
580,14,118,2
591,14,118,2
591,14,118,2
591,14,118,2
586,14,118,2
580,14,118,2
580,14,118,2
591,14,118,2
591,14,118,2
591,14,118,2
585,14,118,2
584,14,118,2
597,14,118,2
586,14,118,2
591,14,118,2
590,14,118,2
596,14,118,2
590,14,118,2
584,14,118,2
588,14,118,2
599,14,118,2
588,14,118,2
599,14,118,2
599,14,118,2
595,14,118,2
591,14,118,2
590,14,118,2
582,14,118,2
586,14,118,2
1077,14,124,3
591,14,118,2
591,14,118,2
591,14,118,2
591,14,118,2
591,14,118,2
599,14,118,2
599,14,118,2
581,14,118,2
587,14,118,2
592,14,118,2
592,14,118,2
595,14,118,2
595,14,118,2
595,14,118,2
595,14,118,2
595,14,118,2
595,14,118,2
595,14,118,2
582,14,118,2
582,14,118,2
586,14,118,2
595,14,118,2
599,14,118,2
594,14,118,2
584,14,118,2
580,14,118,2
580,14,118,2
585,14,84,2
585,14,84,2
589,14,84,2
599,14,118,2
599,14,118,2
599,14,118,2
599,14,118,2
599,14,118,2
599,14,118,2
585,14,118,2
580,14,118,2
580,14,118,2
584,14,118,2
586,14,118,2
586,14,118,2
586,14,118,2
588,14,118,2
586,14,118,2
579,14,118,2
583,14,118,2
583,14,118,2
588,14,118,2
586,14,118,2
586,14,118,2
591,14,118,2
591,14,118,2
591,14,118,2
590,14,118,2
601,14,118,2
601,14,118,2
601,14,118,2
601,14,118,2
601,14,118,2
588,14,118,2
588,14,118,2
588,14,118,2
1236,14,124,3
1236,14,124,3
601,14,118,2
601,14,118,2
601,14,118,2
601,14,118,2
601,14,118,2
601,14,118,2
601,14,118,2
601,14,118,2
602,14,151,2
602,14,151,2
595,14,118,2
578,14,118,2
582,14,118,2
595,14,118,2
590,14,118,2
589,14,118,2
590,14,118,2
595,14,118,2
595,14,118,2
599,14,118,2
594,14,118,2
599,14,118,2
594,14,118,2
584,14,118,2
599,14,118,2
582,14,118,2
582,14,118,2
582,14,118,2
583,14,118,2
583,14,118,2
587,14,118,2
599,14,118,2
599,14,118,2
592,14,118,2
592,14,118,2
592,14,118,2
592,14,118,2
592,14,118,2
592,14,118,2
595,14,118,2
590,14,118,2
595,14,118,2
592,14,118,2
592,14,118,2
592,14,118,2
592,14,118,2
592,14,118,2
592,14,118,2
599,14,118,2
594,14,118,2
584,14,118,2
590,14,118,2
589,14,118,2
589,14,118,2
588,14,118,2
591,14,118,2
591,14,118,2
591,14,118,2
591,14,118,2
590,14,118,2
586,14,118,2
584,14,118,2
584,14,118,2
580,14,118,2
580,14,118,2
595,14,118,2
580,14,118,2
595,14,118,2
594,14,118,2
594,14,118,2
591,14,118,2
591,14,118,2
591,14,118,2
591,14,118,2
587,14,118,2
578,14,118,2
578,14,118,2
578,14,118,2
587,14,118,2
582,14,118,2
586,14,118,2
586,14,118,2
608,14,151,2
608,14,151,2
608,14,151,2
608,14,151,2
608,14,151,2
608,14,151,2
594,14,151,2
608,14,151,2
608,14,151,2
608,14,151,2
595,14,118,2
608,14,151,2
608,14,151,2
608,14,151,2
595,14,118,2
594,14,151,2
595,14,118,2
589,14,118,2
579,14,118,2
579,14,118,2
583,14,118,2
583,14,118,2
585,14,118,2
585,14,118,2
584,14,151,2
585,14,118,2
587,14,118,2
583,14,118,2
584,14,151,2
585,14,118,2
585,14,118,2
585,14,118,2
587,14,118,2
584,14,151,2
584,14,151,2
584,14,151,2
584,14,151,2
587,14,118,2
587,14,118,2
587,14,118,2
585,14,118,2
584,14,151,2
584,14,151,2
584,14,151,2
585,14,118,2
585,14,118,2
585,14,118,2
585,14,118,2
584,14,151,2
584,14,151,2
585,14,118,2
587,14,118,2
584,14,151,2
583,14,118,2
587,14,118,2
587,14,118,2
587,14,118,2
591,14,118,2
591,14,118,2
591,14,118,2
591,14,118,2
591,14,118,2
591,14,118,2
591,14,118,2
591,14,118,2
589,14,151,2
589,14,151,2
589,14,151,2
589,14,151,2
589,14,151,2
589,14,151,2
589,14,151,2
589,14,151,2
1199,14,124,3
1199,14,124,3
583,14,118,2
596,14,118,2
596,14,118,2
596,14,118,2
596,14,118,2
592,14,118,2
586,14,118,2
591,14,118,2
588,14,118,2
586,14,118,2
595,14,118,2
586,14,118,2
586,14,118,2
586,14,118,2
586,14,118,2
595,14,118,2
586,14,118,2
602,14,118,2
599,14,118,2
580,14,118,2
584,14,118,2
584,14,118,2
588,14,118,2
588,14,118,2
588,14,118,2
591,14,118,2
584,14,118,2
595,14,118,2
595,14,118,2
579,14,118,2
595,14,118,2
595,14,118,2
595,14,118,2
595,14,118,2
596,14,118,2
596,14,118,2
596,14,118,2
596,14,118,2
596,14,118,2
596,14,118,2
596,14,118,2
596,14,118,2
596,14,118,2
596,14,118,2
596,14,118,2
596,14,118,2
595,14,118,2
595,14,118,2
585,14,118,2
585,14,118,2
598,14,118,2
598,14,118,2
581,14,118,2
592,14,118,2
594,14,118,2
583,14,118,2
584,14,118,2
584,14,118,2
598,14,118,2
592,14,118,2
581,14,118,2
594,14,118,2
583,14,118,2
584,14,118,2
584,14,118,2
578,14,118,2
578,14,118,2
601,14,118,2
590,14,118,2
583,14,118,2
590,14,118,2
590,14,118,2
591,14,118,2
595,14,118,2
585,14,118,2
620,14,118,2
604,14,118,2
598,14,118,2
587,14,118,2
588,14,118,2
598,14,118,2
585,14,118,2
605,14,118,2
587,14,118,2
590,14,118,2
582,14,118,2
582,14,118,2
591,14,118,2
588,14,118,2
604,14,118,2
599,14,118,2
584,14,118,2
594,14,118,2
586,14,118,2
587,14,118,2
594,14,118,2
587,14,118,2
591,14,118,2
602,14,151,2
579,14,118,2
586,14,118,2
586,14,118,2
583,14,118,2
587,14,118,2
589,14,118,2
589,14,118,2
589,14,118,2
589,14,118,2
589,14,118,2
588,14,118,2
582,14,118,2
582,14,118,2
584,14,118,2
588,14,118,2
586,14,118,2
586,14,118,2
586,14,118,2
588,14,118,2
586,14,118,2
582,14,118,2
582,14,118,2
587,14,118,2
591,14,118,2
589,14,118,2
595,14,118,2
595,14,118,2
588,14,118,2
601,14,118,2
601,14,118,2
589,14,118,2
592,14,118,2
597,14,118,2
601,14,118,2
593,14,118,2
593,14,118,2
593,14,118,2
593,14,118,2
593,14,118,2
593,14,118,2
588,14,118,2
594,14,118,2
595,14,118,2
599,14,118,2
586,14,118,2
588,14,118,2
594,14,118,2
585,14,118,2
585,14,118,2
585,14,118,2
585,14,118,2
584,14,118,2
584,14,118,2
596,14,118,2
581,14,118,2
588,14,118,2
589,14,118,2
580,14,118,2
600,14,118,2
600,14,118,2
580,14,118,2
584,14,118,2
1079,15,124,3
585,14,118,2
585,14,118,2
588,14,118,2
602,14,118,2
589,14,118,2
589,14,118,2
589,14,118,2
588,14,118,2
584,14,118,2
584,14,118,2
595,14,118,2
595,14,118,2
597,14,118,2
593,14,118,2
597,14,118,2
584,14,118,2
588,14,118,2
588,14,118,2
586,14,118,2
586,14,118,2
586,14,118,2
586,14,118,2
584,14,118,2
588,14,118,2
588,14,118,2
586,14,118,2
586,14,118,2
586,14,118,2
586,14,118,2
592,14,118,2
591,14,118,2
591,14,118,2
591,14,118,2
591,14,118,2
591,14,118,2
591,14,118,2
589,14,118,2
590,14,118,2
588,14,118,2
588,14,118,2
591,14,118,2
591,14,118,2
591,14,118,2
591,14,118,2
591,14,118,2
600,14,118,2
595,14,118,2
588,14,118,2
588,14,118,2
587,14,118,2
600,14,118,2
595,14,118,2
595,14,118,2
598,14,118,2
591,14,118,2
591,14,118,2
591,14,118,2
591,14,118,2
591,14,118,2
591,14,118,2
591,14,118,2
591,14,118,2
591,14,118,2
590,14,118,2
591,14,118,2
591,14,118,2
591,14,118,2
592,14,118,2
592,14,118,2
592,14,118,2
592,14,118,2
592,14,118,2
592,14,118,2
592,14,118,2
592,14,118,2
592,14,118,2
592,14,118,2
603,14,118,2
585,14,118,2
581,14,118,2
581,14,151,2
595,14,118,2
595,14,118,2
585,14,151,2
594,14,118,2
599,14,118,2
599,14,118,2
580,14,118,2
584,14,118,2
583,14,118,2
593,14,118,2
590,14,118,2
590,14,118,2
590,14,118,2
590,14,118,2
590,14,118,2
594,14,118,2
594,14,118,2
594,14,118,2
594,14,118,2
594,14,118,2
594,14,118,2
594,14,118,2
594,14,118,2
594,14,118,2
586,14,118,2
586,14,118,2
588,14,118,2
588,14,118,2
1154,14,124,3
1154,14,124,3
592,14,118,2
592,14,118,2
595,14,118,2
595,14,118,2
583,14,118,2
584,14,118,2
584,14,118,2
584,14,118,2
584,14,118,2
584,14,118,2
584,14,118,2
584,14,118,2
584,14,118,2
584,14,118,2
592,14,118,2
592,14,118,2
595,14,118,2
588,14,118,2
591,14,118,2
591,14,118,2
591,14,118,2
586,14,118,2
596,14,118,2
596,14,118,2
581,14,118,2
588,14,118,2
588,14,118,2
587,14,118,2
595,14,118,2
602,14,118,2
602,14,118,2
602,14,118,2
602,14,118,2
602,14,118,2
602,14,118,2
585,14,118,2
585,14,118,2
600,14,118,2
586,14,118,2
595,14,118,2
595,14,118,2
595,14,118,2
595,14,118,2
595,14,118,2
595,14,118,2
585,14,118,2
599,14,118,2
599,14,118,2
589,14,118,2
589,14,118,2
589,14,118,2
589,14,118,2
589,14,118,2
589,14,118,2
589,14,118,2
589,14,118,2
589,14,118,2
589,14,118,2
589,14,118,2
589,14,118,2
585,14,118,2
585,14,118,2
585,14,118,2
586,14,118,2
586,14,118,2
586,14,118,2
586,14,118,2
588,14,118,2
586,14,118,2
588,14,118,2
586,14,118,2
586,14,118,2
597,14,118,2
597,14,118,2
581,14,118,2
585,14,118,2
585,14,118,2
588,14,118,2
588,14,118,2
591,14,118,2
588,14,118,2
585,14,118,2
588,14,118,2
601,14,118,2
591,14,118,2
588,14,118,2
585,14,118,2
595,14,118,2
581,14,118,2
585,14,118,2
595,14,118,2
588,14,118,2
595,14,118,2
588,14,118,2
595,14,118,2
595,14,118,2
590,14,118,2
594,14,118,2
591,14,118,2
591,14,118,2
591,14,118,2
591,14,118,2
591,14,118,2
591,14,118,2
591,14,118,2
583,14,118,2
589,14,118,2
589,14,118,2
604,14,118,2
600,14,118,2
582,14,118,2
582,14,118,2
592,14,118,2
581,14,118,2
598,14,118,2
598,14,118,2
598,14,118,2
581,14,118,2
582,14,118,2
592,14,118,2
595,14,118,2
583,14,118,2
604,14,118,2
604,14,118,2
594,14,118,2
584,14,118,2
585,14,118,2
583,14,118,2
584,14,118,2
582,14,118,2
586,14,118,2
591,14,118,2
591,14,118,2
585,14,118,2
590,14,118,2
588,14,118,2
595,14,118,2
585,14,118,2
594,14,118,2
594,14,118,2
594,14,118,2
594,14,118,2
594,14,118,2
594,14,118,2
606,14,118,2
588,14,118,2
588,14,118,2
595,14,118,2
589,14,118,2
597,14,118,2
594,14,118,2
594,14,118,2
595,14,118,2
595,14,118,2
595,14,118,2
601,14,118,2
579,14,151,2
583,14,118,2
586,14,118,2
583,14,118,2
595,14,118,2
582,14,118,2
584,14,118,2
594,14,118,2
591,14,118,2
591,14,118,2
580,14,118,2
584,14,118,2
586,14,118,2
586,14,118,2
586,14,118,2
594,14,118,2
594,14,118,2
594,14,118,2
591,14,118,2
580,14,118,2
591,14,118,2
580,14,118,2
591,14,118,2
591,14,118,2
583,14,118,2
591,14,118,2
595,14,118,2
590,14,118,2
586,14,118,2
586,14,118,2
594,14,118,2
591,14,118,2
591,14,118,2
591,14,118,2
594,14,118,2
591,14,118,2
580,14,118,2
591,14,118,2
583,14,118,2
580,14,118,2
595,14,118,2
590,14,118,2
591,14,118,2
584,14,118,2
584,14,118,2
584,14,118,2
599,14,118,2
594,14,118,2
595,14,118,2
584,14,118,2
599,14,118,2
594,14,118,2
586,14,118,2
592,14,118,2
613,14,118,2
613,14,118,2
613,14,118,2
613,14,118,2
613,14,118,2
613,14,118,2
595,14,118,2
595,14,118,2
595,14,118,2
594,14,118,2
591,14,118,2
584,14,118,2
585,14,118,2
583,14,118,2
583,14,118,2
591,14,118,2
591,14,118,2
591,14,118,2
591,14,118,2
591,14,118,2
591,14,118,2
595,14,118,2
595,14,118,2
587,14,118,2
591,14,118,2
585,14,118,2
590,14,118,2
590,14,118,2
600,14,118,2
600,14,118,2
585,14,118,2
1082,14,124,3
586,14,118,2
586,14,118,2
586,14,118,2
586,14,118,2
588,14,118,2
588,14,118,2
591,14,118,2
591,14,118,2
592,14,118,2
581,14,118,2
586,14,118,2
586,14,118,2
590,14,118,2
590,14,118,2
596,14,118,2
596,14,118,2
596,14,118,2
591,14,118,2
595,14,118,2
590,14,118,2
588,14,118,2
588,14,118,2
585,14,118,2
588,14,118,2
595,14,118,2
598,14,118,2
581,14,118,2
611,14,118,2
589,14,118,2
595,14,118,2
595,14,118,2
588,14,118,2
601,14,118,2
601,14,118,2
592,14,118,2
588,14,118,2
588,14,118,2
595,14,118,2
600,14,118,2
599,14,118,2
586,14,118,2
588,14,118,2
594,14,118,2
594,14,118,2
585,14,118,2
584,14,118,2
585,14,118,2
584,14,118,2
585,14,118,2
585,14,118,2
596,14,118,2
581,14,118,2
589,14,118,2
588,14,118,2
600,14,118,2
577,14,118,2
585,14,118,2
584,14,118,2
584,14,118,2
584,14,118,2
584,14,118,2
584,14,118,2
592,14,118,2
594,14,118,2
591,14,118,2
591,14,118,2
591,14,118,2
591,14,118,2
591,14,118,2
591,14,118,2
595,14,118,2
583,14,118,2
587,14,118,2
588,14,118,2
588,14,118,2
588,14,118,2
588,14,118,2
588,14,118,2
626,14,118,2
595,14,118,2
591,14,118,2
591,14,118,2
591,14,118,2
595,14,118,2
592,14,118,2
581,14,118,2
592,14,118,2
591,14,118,2
591,14,118,2
593,14,118,2
593,14,118,2
593,14,118,2
593,14,118,2
593,14,118,2
593,14,118,2
595,14,118,2
595,14,118,2
593,14,118,2
593,14,118,2
593,14,118,2
593,14,118,2
593,14,118,2
593,14,118,2
595,14,118,2
595,14,118,2
590,14,118,2
590,14,118,2
617,14,118,2
617,14,118,2
588,14,118,2
588,14,118,2
588,14,118,2
588,14,118,2
588,14,118,2
596,14,118,2
585,14,118,2
585,14,118,2
583,14,118,2
584,14,118,2
584,14,118,2
584,14,118,2
584,14,118,2
584,14,118,2
584,14,118,2
595,14,118,2
586,14,118,2
586,14,118,2
595,14,118,2
595,14,118,2
583,14,118,2
590,14,118,2
577,14,118,2
581,14,118,2
579,14,118,2
579,14,118,2
579,14,118,2
579,14,118,2
579,14,118,2
579,14,118,2
579,14,118,2
579,14,118,2
579,14,118,2
579,14,118,2
585,14,118,2
580,14,118,2
580,14,118,2
580,14,118,2
580,14,118,2
1136,14,124,3
581,14,118,2
590,14,151,2
1136,14,124,3
595,14,118,2
585,14,118,2
585,14,118,2
583,14,118,2
585,14,118,2
580,14,118,2
580,14,118,2
580,14,118,2
594,14,118,2
1136,14,124,3
583,14,118,2
594,14,118,2
756,14,118,2
756,14,118,2
594,14,118,2
584,14,118,2
584,14,118,2
586,14,118,2
587,14,118,2
593,14,118,2
591,14,118,2
594,14,118,2
583,14,118,2
583,14,118,2
583,14,118,2
583,14,118,2
583,14,118,2
583,14,118,2
583,14,118,2
590,14,151,2
598,14,118,2
598,14,118,2
598,14,118,2
608,14,118,2
608,14,118,2
608,14,118,2
608,14,118,2
608,14,118,2
594,14,118,2
581,14,118,2
584,14,118,2
584,14,118,2
579,14,118,2
583,14,118,2
583,14,118,2
583,14,118,2
1202,14,124,3
1202,14,124,3
591,14,118,2
588,14,118,2
583,14,118,2
588,14,118,2
590,14,118,2
590,14,118,2
590,14,118,2
590,14,118,2
590,14,118,2
586,14,118,2
590,14,118,2
590,14,118,2
614,14,118,2
596,14,118,2
596,14,118,2
588,14,118,2
588,14,118,2
588,14,118,2
588,14,118,2
581,14,151,2
602,14,118,2
585,14,118,2
585,14,118,2
582,14,118,2
584,14,118,2
584,14,118,2
584,14,118,2
584,14,118,2
595,14,118,2
587,14,118,2
595,14,118,2
594,14,118,2
586,14,118,2
586,14,118,2
586,14,118,2
586,14,118,2
592,14,118,2
595,14,118,2
591,14,118,2
600,14,118,2
600,14,118,2
599,14,118,2
579,14,118,2
584,14,118,2
589,14,118,2
586,14,118,2
586,14,118,2
586,14,118,2
586,14,118,2
586,14,118,2
586,14,118,2
593,14,118,2
593,14,118,2
581,14,118,2
586,14,118,2
590,14,118,2
595,14,118,2
586,14,118,2
590,14,118,2
595,14,118,2
584,14,118,2
1081,14,124,3
580,14,118,2
584,14,118,2
588,14,118,2
593,14,118,2
597,14,118,2
593,14,118,2
593,14,118,2
597,14,118,2
594,14,118,2
594,14,118,2
593,14,118,2
593,14,118,2
593,14,118,2
593,14,118,2
594,14,118,2
594,14,118,2
591,14,118,2
595,14,118,2
595,14,118,2
590,14,118,2
586,14,118,2
591,14,118,2
588,14,118,2
588,14,118,2
586,14,118,2
586,14,118,2
588,14,118,2
590,14,118,2
587,14,118,2
586,14,118,2
586,14,118,2
586,14,118,2
599,14,118,2
586,14,118,2
586,14,118,2
586,14,118,2
586,14,118,2
586,14,118,2
599,14,118,2
586,14,118,2
586,14,118,2
586,14,118,2
586,14,118,2
586,14,118,2
588,14,118,2
588,14,118,2
582,14,84,2
586,14,84,2
1141,14,84,2
586,14,84,2
1141,14,84,2
586,14,84,2
586,14,84,2
590,14,118,2
585,14,118,2
590,14,118,2
592,14,118,2
577,14,118,2
583,14,118,2
586,14,118,2
590,14,118,2
590,14,118,2
590,14,118,2
590,14,118,2
590,14,118,2
586,14,118,2
586,14,118,2
590,14,118,2
590,14,118,2
584,14,118,2
584,14,118,2
584,14,118,2
584,14,118,2
584,14,118,2
586,14,118,2
586,14,118,2
586,14,118,2
586,14,118,2
590,14,118,2
1157,14,84,2
586,14,84,2
1141,14,84,2
582,14,118,2
586,14,84,2
586,14,84,2
586,14,84,2
588,14,118,2
588,14,118,2
588,14,118,2
588,14,118,2
1141,14,84,2
591,14,118,2
591,14,118,2
588,14,118,2
595,14,118,2
595,14,118,2
590,14,118,2
590,14,118,2
581,14,118,2
581,14,118,2
588,14,118,2
588,14,118,2
1141,14,84,2
586,14,84,2
586,14,84,2
586,14,84,2
586,14,84,2
586,14,84,2
586,14,84,2
586,14,84,2
586,14,84,2
586,14,84,2
586,14,84,2
586,14,84,2
595,14,118,2
595,14,118,2
595,14,118,2
595,14,118,2
589,14,118,2
594,14,118,2
589,14,118,2
590,14,118,2
581,14,118,2
581,14,118,2
589,14,118,2
589,14,118,2
589,14,118,2
589,14,118,2
589,14,118,2
589,14,118,2
588,14,118,2
595,14,118,2
588,14,118,2
595,14,118,2
588,14,118,2
588,14,118,2
594,14,118,2
590,14,118,2
591,14,118,2
591,14,118,2
591,14,118,2
588,14,118,2
588,14,118,2
588,14,118,2
580,14,118,2
579,14,118,2
595,14,118,2
591,14,118,2
591,14,118,2
585,14,118,2
598,14,118,2
598,14,118,2
585,14,118,2
598,14,118,2
588,14,118,2
588,14,118,2
588,14,118,2
591,14,118,2
582,14,118,2
599,14,118,2
591,14,118,2
591,14,118,2
582,14,118,2
599,14,118,2
591,14,118,2
585,14,118,2
584,14,118,2
589,14,118,2
589,14,118,2
589,14,118,2
585,14,118,2
589,14,118,2
587,14,118,2
590,14,118,2
588,14,118,2
593,14,118,2
600,14,118,2
585,14,118,2
581,14,118,2
581,14,118,2
581,14,118,2
580,14,118,2
584,14,118,2
590,14,118,2
590,14,118,2
590,14,118,2
590,14,118,2
590,14,118,2
590,14,118,2
595,14,118,2
585,14,118,2
590,14,118,2
590,14,118,2
589,14,118,2
590,14,118,2
587,14,118,2
585,14,118,2
576,14,118,2
576,14,118,2
587,14,118,2
590,14,118,2
590,14,118,2
583,14,118,2
590,14,118,2
581,14,118,2
585,14,118,2
588,14,151,2
588,14,151,2
588,14,151,2
588,14,151,2
588,14,151,2
584,14,151,2
589,14,118,2
594,14,118,2
587,14,118,2
585,14,118,2
589,14,118,2
601,14,118,2
601,14,118,2
601,14,118,2
601,14,118,2
587,14,118,2
587,14,118,2
587,14,118,2
587,14,118,2
587,14,118,2
587,14,118,2
589,14,118,2
587,14,118,2
587,14,118,2
587,14,118,2
587,14,118,2
587,14,118,2
587,14,118,2
594,14,118,2
582,14,118,2
586,14,118,2
589,14,118,2
589,14,118,2
589,14,118,2
589,14,118,2
589,14,118,2
589,14,118,2
589,14,118,2
588,14,118,2
595,14,118,2
579,14,118,2
579,14,118,2
579,14,118,2
579,14,118,2
579,14,118,2
579,14,118,2
600,14,118,2
592,14,118,2
586,14,118,2
594,14,118,2
595,14,118,2
595,14,118,2
588,14,118,2
588,14,118,2
595,14,118,2
595,14,118,2
588,14,118,2
594,14,118,2
588,14,118,2
587,14,118,2
587,14,118,2
592,14,118,2
592,14,118,2
594,14,118,2
594,14,118,2
586,14,118,2
598,14,118,2
599,14,118,2
587,14,118,2
581,14,118,2
581,14,118,2
587,14,118,2
1207,14,124,3
594,14,118,2
581,14,118,2
581,14,118,2
591,14,118,2
591,14,118,2
588,14,118,2
612,14,118,2
589,14,118,2
577,14,118,2
581,14,118,2
582,14,118,2
588,14,118,2
588,14,118,2
589,14,118,2
589,14,118,2
589,14,118,2
589,14,118,2
584,14,118,2
589,14,118,2
589,14,118,2
589,14,118,2
589,14,118,2
587,14,118,2
587,14,118,2
589,14,118,2
589,14,118,2
586,14,118,2
581,14,118,2
581,14,118,2
587,14,118,2
583,14,118,2
595,14,118,2
595,14,118,2
581,14,118,2
581,14,118,2
610,14,118,2
600,14,118,2
586,14,118,2
581,14,118,2
585,14,118,2
588,14,118,2
588,14,118,2
588,14,118,2
588,14,118,2
588,14,118,2
588,14,118,2
590,14,118,2
590,14,118,2
590,14,118,2
590,14,118,2
591,14,118,2
596,14,118,2
591,14,118,2
596,14,118,2
594,14,118,2
601,14,118,2
585,14,118,2
585,14,118,2
584,14,118,2
585,14,118,2
585,14,118,2
582,14,118,2
582,14,118,2
581,14,118,2
585,14,118,2
1080,15,124,3
580,14,118,2
580,14,118,2
580,14,118,2
593,14,118,2
591,14,118,2
591,14,118,2
588,14,118,2
586,14,118,2
586,14,118,2
590,14,118,2
586,14,118,2
583,14,118,2
587,14,118,2
593,14,118,2
591,14,118,2
591,14,118,2
591,14,118,2
586,14,118,2
587,14,118,2
595,14,118,2
586,14,118,2
587,14,118,2
587,14,118,2
600,14,118,2
588,14,118,2
588,14,118,2
587,14,118,2
587,14,118,2
595,14,118,2
595,14,118,2
595,14,118,2
595,14,118,2
595,14,118,2
595,14,118,2
595,14,118,2
585,14,118,2
589,14,118,2
595,14,118,2
595,14,118,2
589,14,118,2
599,14,118,2
599,14,118,2
578,14,151,2
582,14,151,2
588,14,118,2
588,14,118,2
595,14,118,2
#close	2025-02-23-08-56-35
